         0              0
         1              0
         2              0
         3              0
         4              0
         5              0
         6              0
         7              0
         8              0
         9              0
        10              0
        11              0
        12              0
        13              0
        14              0
        15              0
        16              0
        17              0
        18              0
        19              0
        20              0
        21              0
        22              0
        23             37
        24             59
        25             62
        26             44
        27             44
        28             46
        29             49
        30             47
        31             55
        32             52
        33             37
        34             52
        35             49
        36             64
        37             60
        38             40
        39             37
        40             58
        41             53
        42             47
        43             66
        44             63
        45             56
        46             42
        47             65
        48             73
        49             64
        50             90
        51             93
        52            104
        53            112
        54            150
        55            179
        56            164
        57            193
        58            231
        59            214
        60            215
        61            166
        62            175
        63            157
        64            124
        65            131
        66            117
        67            108
        68            109
        69             87
        70             87
        71             85
        72             81
        73             60
        74             97
        75             82
        76             70
        77             72
        78             83
        79             68
        80             74
        81             88
        82             88
        83             94
        84            118
        85             95
        86             98
        87             88
        88            109
        89            115
        90             97
        91            102
        92            117
        93            105
        94            105
        95            119
        96            130
        97            126
        98            115
        99            134
       100            120
       101            127
       102            144
       103            137
       104            122
       105            139
       106            166
       107            162
       108            157
       109            167
       110            150
       111            150
       112            171
       113            159
       114            169
       115            148
       116            160
       117            171
       118            184
       119            177
       120            181
       121            162
       122            197
       123            197
       124            183
       125            193
       126            226
       127            206
       128            189
       129            205
       130            194
       131            218
       132            206
       133            203
       134            212
       135            201
       136            228
       137            196
       138            195
       139            232
       140            223
       141            199
       142            225
       143            209
       144            222
       145            244
       146            217
       147            224
       148            202
       149            241
       150            210
       151            225
       152            210
       153            210
       154            225
       155            212
       156            217
       157            201
       158            184
       159            207
       160            217
       161            231
       162            232
       163            187
       164            222
       165            214
       166            208
       167            208
       168            236
       169            199
       170            196
       171            178
       172            218
       173            237
       174            198
       175            215
       176            207
       177            200
       178            213
       179            199
       180            228
       181            194
       182            194
       183            206
       184            199
       185            206
       186            189
       187            186
       188            185
       189            222
       190            186
       191            204
       192            178
       193            202
       194            216
       195            174
       196            193
       197            178
       198            165
       199            176
       200            220
       201            192
       202            196
       203            199
       204            204
       205            179
       206            179
       207            192
       208            192
       209            169
       210            187
       211            180
       212            163
       213            176
       214            183
       215            195
       216            217
       217            184
       218            186
       219            184
       220            170
       221            170
       222            169
       223            159
       224            163
       225            175
       226            169
       227            154
       228            167
       229            167
       230            176
       231            164
       232            166
       233            164
       234            182
       235            161
       236            158
       237            168
       238            152
       239            166
       240            165
       241            176
       242            175
       243            186
       244            152
       245            181
       246            182
       247            157
       248            148
       249            161
       250            159
       251            164
       252            152
       253            170
       254            142
       255            152
       256            139
       257            149
       258            141
       259            154
       260            126
       261            147
       262            166
       263            142
       264            169
       265            158
       266            143
       267            159
       268            139
       269            160
       270            130
       271            134
       272            154
       273            145
       274            160
       275            146
       276            155
       277            144
       278            147
       279            158
       280            131
       281            173
       282            150
       283            165
       284            135
       285            149
       286            161
       287            144
       288            172
       289            150
       290            152
       291            145
       292            154
       293            134
       294            163
       295            143
       296            154
       297            159
       298            170
       299            128
       300            147
       301            124
       302            151
       303            137
       304            142
       305            137
       306            165
       307            146
       308            144
       309            158
       310            147
       311            132
       312            134
       313            143
       314            137
       315            131
       316            119
       317            146
       318            143
       319            117
       320            136
       321            119
       322            160
       323            118
       324            122
       325            134
       326            102
       327            125
       328            127
       329            104
       330            102
       331            103
       332            112
       333            128
       334            103
       335            110
       336            119
       337             93
       338            102
       339             97
       340             83
       341             94
       342            109
       343             95
       344            118
       345             88
       346             89
       347            108
       348             98
       349             88
       350             81
       351             92
       352             91
       353             85
       354             97
       355             97
       356            103
       357             84
       358             87
       359             81
       360             99
       361             98
       362             96
       363             96
       364            113
       365             97
       366             97
       367            107
       368             76
       369             81
       370             94
       371            102
       372             96
       373            113
       374             83
       375             85
       376             97
       377             87
       378             99
       379             74
       380             82
       381             79
       382            100
       383             71
       384             85
       385             78
       386             86
       387             87
       388             72
       389             91
       390             62
       391             71
       392             85
       393             70
       394             79
       395             81
       396             80
       397             80
       398             63
       399             93
       400             81
       401             64
       402             64
       403             70
       404             70
       405             70
       406             67
       407             69
       408             64
       409             70
       410             81
       411             62
       412             80
       413             80
       414             67
       415             65
       416             78
       417             72
       418             70
       419             58
       420             57
       421             77
       422             64
       423             72
       424             64
       425             56
       426             57
       427             65
       428             66
       429             53
       430             66
       431             59
       432             63
       433             65
       434             61
       435             72
       436             61
       437             76
       438             49
       439             56
       440             47
       441             61
       442             52
       443             55
       444             57
       445             66
       446             78
       447             78
       448             66
       449             58
       450             59
       451             64
       452             68
       453             54
       454             73
       455             64
       456             65
       457             62
       458             60
       459             69
       460             48
       461             63
       462             62
       463             56
       464             51
       465             69
       466             59
       467             57
       468             59
       469             57
       470             65
       471             56
       472             54
       473             67
       474             70
       475             62
       476             65
       477             60
       478             48
       479             48
       480             57
       481             51
       482             47
       483             59
       484             57
       485             54
       486             50
       487             51
       488             47
       489             49
       490             53
       491             56
       492             55
       493             54
       494             56
       495             63
       496             47
       497             53
       498             58
       499             57
       500             53
       501             65
       502             66
       503             54
       504             49
       505             49
       506             51
       507             55
       508             47
       509             39
       510             56
       511             53
       512             58
       513             55
       514             52
       515             50
       516             43
       517             39
       518             59
       519             47
       520             54
       521             48
       522             51
       523             48
       524             34
       525             66
       526             47
       527             37
       528             53
       529             63
       530             42
       531             49
       532             60
       533             62
       534             42
       535             36
       536             66
       537             49
       538             51
       539             43
       540             51
       541             60
       542             53
       543             49
       544             53
       545             56
       546             43
       547             58
       548             40
       549             47
       550             51
       551             68
       552             42
       553             51
       554             38
       555             54
       556             56
       557             51
       558             57
       559             51
       560             42
       561             56
       562             48
       563             55
       564             41
       565             45
       566             47
       567             49
       568             43
       569             45
       570             41
       571             44
       572             33
       573             32
       574             53
       575             38
       576             46
       577             34
       578             45
       579             55
       580             47
       581             53
       582             43
       583             45
       584             51
       585             34
       586             46
       587             31
       588             49
       589             46
       590             40
       591             42
       592             52
       593             36
       594             44
       595             42
       596             45
       597             48
       598             37
       599             48
       600             48
       601             41
       602             44
       603             42
       604             43
       605             38
       606             39
       607             43
       608             37
       609             51
       610             52
       611             50
       612             52
       613             47
       614             45
       615             40
       616             38
       617             48
       618             41
       619             40
       620             46
       621             44
       622             31
       623             37
       624             43
       625             49
       626             51
       627             37
       628             51
       629             29
       630             39
       631             44
       632             43
       633             56
       634             38
       635             53
       636             40
       637             33
       638             39
       639             44
       640             41
       641             43
       642             52
       643             39
       644             39
       645             53
       646             45
       647             64
       648             45
       649             41
       650             45
       651             49
       652             47
       653             55
       654             47
       655             52
       656             37
       657             48
       658             46
       659             37
       660             47
       661             48
       662             45
       663             39
       664             35
       665             49
       666             34
       667             40
       668             43
       669             47
       670             67
       671             35
       672             45
       673             37
       674             45
       675             48
       676             43
       677             46
       678             43
       679             35
       680             31
       681             38
       682             33
       683             28
       684             40
       685             44
       686             40
       687             27
       688             36
       689             42
       690             39
       691             40
       692             46
       693             35
       694             35
       695             37
       696             28
       697             38
       698             38
       699             30
       700             48
       701             40
       702             35
       703             30
       704             36
       705             46
       706             34
       707             35
       708             34
       709             29
       710             36
       711             38
       712             32
       713             37
       714             27
       715             34
       716             37
       717             28
       718             31
       719             26
       720             25
       721             26
       722             28
       723             22
       724             26
       725             30
       726             25
       727             28
       728             29
       729             26
       730             20
       731             23
       732             21
       733             34
       734             22
       735             24
       736             32
       737             21
       738             25
       739             22
       740             13
       741             24
       742             26
       743             21
       744             12
       745             20
       746             18
       747             31
       748             20
       749             17
       750             20
       751             20
       752             22
       753             13
       754             13
       755             12
       756             29
       757             20
       758             21
       759             20
       760             20
       761             15
       762             12
       763             18
       764             19
       765             22
       766             23
       767             21
       768             15
       769             14
       770             17
       771             21
       772             14
       773             18
       774             15
       775             14
       776             13
       777             26
       778             23
       779             17
       780             15
       781             15
       782             12
       783             16
       784             21
       785             15
       786             15
       787             10
       788             12
       789             12
       790             24
       791             12
       792             17
       793              7
       794             12
       795             18
       796             14
       797             17
       798             11
       799             13
       800             15
       801             11
       802             13
       803              9
       804              8
       805             18
       806             12
       807             16
       808             14
       809             15
       810             14
       811             11
       812              9
       813             11
       814             12
       815             16
       816             14
       817             17
       818             11
       819             11
       820             14
       821             14
       822             11
       823             11
       824             20
       825             12
       826              8
       827             14
       828             15
       829             17
       830             11
       831             10
       832             11
       833             16
       834             10
       835             11
       836             15
       837              7
       838             16
       839             14
       840             11
       841             10
       842             11
       843             11
       844             11
       845             17
       846             12
       847             12
       848             10
       849             20
       850              8
       851             13
       852             13
       853             11
       854             11
       855             11
       856             15
       857             16
       858             15
       859             16
       860             15
       861              7
       862             14
       863             12
       864              7
       865              9
       866              9
       867             11
       868             12
       869             15
       870             14
       871             10
       872             15
       873             15
       874             16
       875             12
       876             22
       877             13
       878             17
       879             18
       880              8
       881             15
       882             15
       883             11
       884             15
       885             18
       886             15
       887              7
       888             19
       889             20
       890              7
       891              9
       892             12
       893             10
       894             14
       895             12
       896              9
       897             12
       898             15
       899             21
       900             10
       901             25
       902             13
       903             12
       904             21
       905             12
       906             23
       907             16
       908             17
       909             12
       910             16
       911             19
       912             27
       913             15
       914             13
       915             27
       916             16
       917             23
       918             16
       919             25
       920             23
       921             23
       922             15
       923             18
       924             21
       925             24
       926             35
       927             30
       928             33
       929             32
       930             40
       931             28
       932             35
       933             33
       934             42
       935             48
       936             44
       937             39
       938             52
       939             44
       940             52
       941             46
       942             47
       943             56
       944             59
       945             58
       946             63
       947             63
       948             81
       949             70
       950             61
       951             85
       952             81
       953            100
       954            105
       955            103
       956             93
       957            108
       958            106
       959            104
       960            141
       961            117
       962            126
       963            127
       964            131
       965            133
       966            147
       967            156
       968            136
       969            157
       970            151
       971            179
       972            186
       973            192
       974            174
       975            186
       976            229
       977            203
       978            218
       979            214
       980            229
       981            219
       982            239
       983            223
       984            185
       985            238
       986            235
       987            244
       988            267
       989            224
       990            222
       991            268
       992            264
       993            225
       994            238
       995            256
       996            243
       997            260
       998            221
       999            242
      1000            244
      1001            250
      1002            224
      1003            246
      1004            231
      1005            250
      1006            228
      1007            231
      1008            239
      1009            224
      1010            249
      1011            206
      1012            188
      1013            213
      1014            193
      1015            196
      1016            183
      1017            186
      1018            184
      1019            173
      1020            147
      1021            159
      1022            128
      1023            132
      1024            151
      1025            162
      1026            141
      1027            137
      1028            124
      1029            116
      1030            110
      1031            117
      1032            111
      1033            105
      1034            103
      1035            101
      1036             76
      1037             80
      1038             79
      1039             75
      1040             73
      1041             75
      1042             68
      1043             67
      1044             50
      1045             64
      1046             63
      1047             49
      1048             42
      1049             38
      1050             36
      1051             35
      1052             37
      1053             38
      1054             23
      1055             28
      1056             26
      1057             22
      1058             24
      1059             18
      1060             19
      1061             22
      1062             18
      1063             17
      1064             21
      1065             16
      1066             19
      1067             11
      1068             14
      1069             10
      1070              5
      1071             10
      1072             15
      1073             10
      1074             12
      1075             13
      1076             10
      1077              5
      1078              6
      1079              6
      1080              8
      1081              7
      1082              3
      1083              6
      1084              5
      1085              8
      1086              3
      1087              3
      1088             10
      1089              8
      1090             11
      1091              7
      1092              6
      1093              0
      1094              5
      1095              3
      1096              3
      1097              5
      1098              1
      1099              6
      1100              8
      1101              0
      1102              4
      1103              4
      1104              3
      1105              2
      1106             11
      1107              4
      1108              3
      1109              5
      1110              3
      1111              5
      1112              2
      1113              3
      1114              6
      1115              6
      1116              4
      1117              6
      1118             10
      1119              3
      1120              5
      1121              3
      1122              6
      1123              2
      1124              3
      1125              4
      1126              4
      1127              2
      1128              8
      1129              3
      1130              2
      1131              1
      1132              3
      1133              8
      1134              3
      1135              6
      1136              1
      1137              7
      1138              3
      1139              2
      1140              1
      1141              2
      1142              3
      1143              2
      1144              3
      1145              2
      1146              4
      1147              3
      1148              4
      1149              2
      1150              4
      1151              4
      1152              5
      1153              5
      1154              3
      1155              2
      1156              4
      1157              1
      1158              4
      1159              6
      1160              4
      1161              3
      1162              5
      1163              3
      1164              3
      1165              1
      1166              2
      1167              7
      1168              6
      1169              0
      1170              8
      1171              6
      1172              1
      1173              4
      1174              4
      1175              6
      1176              4
      1177              4
      1178              3
      1179              7
      1180              5
      1181              1
      1182              4
      1183              0
      1184              1
      1185              4
      1186              1
      1187              0
      1188              7
      1189              4
      1190              3
      1191              5
      1192              3
      1193              1
      1194              4
      1195              9
      1196              5
      1197              5
      1198              7
      1199              6
      1200              4
      1201              4
      1202              7
      1203              4
      1204              3
      1205              2
      1206              5
      1207              6
      1208              2
      1209              3
      1210              7
      1211              0
      1212              1
      1213              4
      1214              0
      1215              8
      1216              3
      1217              3
      1218              4
      1219              6
      1220              2
      1221              0
      1222              3
      1223              7
      1224              2
      1225              5
      1226              3
      1227              4
      1228              1
      1229              3
      1230              8
      1231              6
      1232              5
      1233              5
      1234              0
      1235              4
      1236              5
      1237              1
      1238              2
      1239              0
      1240              3
      1241              4
      1242              3
      1243              1
      1244              5
      1245              4
      1246              4
      1247              0
      1248              3
      1249              2
      1250              2
      1251              3
      1252              4
      1253              4
      1254              1
      1255              1
      1256              7
      1257              6
      1258              1
      1259              3
      1260              5
      1261              3
      1262              2
      1263              6
      1264              5
      1265              2
      1266              5
      1267              2
      1268              3
      1269              4
      1270              2
      1271              6
      1272              5
      1273              2
      1274              2
      1275              3
      1276              1
      1277              2
      1278              4
      1279              5
      1280              2
      1281              4
      1282              1
      1283              0
      1284              2
      1285              4
      1286              4
      1287              2
      1288              3
      1289              2
      1290              2
      1291              6
      1292              2
      1293              7
      1294              2
      1295              6
      1296              2
      1297              2
      1298              2
      1299              6
      1300              5
      1301              4
      1302              2
      1303              5
      1304              3
      1305              5
      1306              1
      1307              2
      1308              6
      1309              3
      1310              2
      1311              1
      1312              3
      1313              3
      1314              4
      1315              3
      1316              5
      1317              4
      1318              4
      1319              0
      1320              3
      1321              2
      1322              5
      1323              3
      1324              3
      1325              3
      1326              0
      1327              6
      1328              1
      1329              3
      1330              5
      1331              2
      1332              6
      1333              2
      1334              3
      1335              5
      1336              4
      1337              4
      1338             10
      1339              6
      1340              2
      1341              0
      1342              5
      1343              4
      1344              2
      1345              8
      1346              3
      1347              4
      1348              4
      1349              2
      1350              9
      1351              4
      1352              4
      1353              3
      1354              5
      1355              4
      1356              4
      1357              8
      1358              9
      1359              3
      1360              3
      1361              2
      1362              4
      1363              4
      1364              3
      1365              3
      1366              7
      1367              1
      1368              6
      1369              5
      1370              3
      1371              3
      1372              3
      1373              5
      1374              5
      1375              4
      1376              5
      1377              3
      1378              1
      1379              5
      1380              3
      1381              4
      1382              3
      1383              1
      1384              3
      1385              4
      1386              4
      1387              5
      1388              1
      1389              5
      1390              2
      1391              5
      1392              4
      1393              2
      1394              4
      1395              2
      1396              2
      1397              0
      1398              4
      1399              3
      1400              3
      1401              1
      1402              5
      1403              2
      1404              3
      1405              5
      1406              1
      1407              8
      1408              3
      1409              4
      1410              1
      1411              1
      1412              3
      1413              2
      1414              3
      1415              1
      1416              3
      1417              3
      1418              4
      1419              2
      1420              3
      1421              4
      1422              4
      1423              4
      1424              2
      1425              3
      1426              5
      1427              3
      1428              6
      1429              1
      1430              3
      1431              5
      1432              2
      1433              1
      1434              5
      1435              2
      1436              3
      1437              3
      1438              3
      1439              1
      1440              2
      1441              2
      1442              3
      1443              1
      1444              4
      1445              5
      1446              3
      1447              3
      1448              4
      1449              3
      1450              6
      1451              1
      1452              3
      1453              4
      1454              1
      1455              4
      1456              8
      1457              4
      1458              2
      1459              3
      1460              1
      1461              3
      1462              4
      1463              1
      1464              3
      1465              4
      1466              5
      1467              3
      1468              5
      1469              1
      1470              2
      1471              4
      1472              3
      1473              3
      1474              2
      1475              2
      1476              4
      1477              4
      1478              1
      1479              5
      1480              4
      1481              4
      1482              4
      1483              1
      1484              2
      1485              2
      1486              2
      1487              4
      1488              5
      1489              1
      1490              1
      1491              1
      1492              3
      1493              2
      1494              2
      1495              0
      1496              3
      1497              2
      1498              4
      1499              4
      1500              4
      1501              3
      1502              2
      1503              1
      1504              3
      1505              2
      1506              1
      1507              3
      1508              5
      1509              1
      1510              1
      1511              1
      1512              1
      1513              5
      1514              2
      1515              1
      1516              5
      1517              1
      1518              6
      1519              2
      1520              2
      1521              3
      1522              0
      1523             10
      1524              1
      1525              2
      1526              0
      1527              3
      1528              2
      1529              3
      1530              2
      1531              4
      1532              1
      1533              1
      1534              4
      1535              3
      1536              4
      1537              2
      1538              2
      1539              5
      1540              0
      1541              3
      1542              1
      1543              0
      1544              0
      1545              2
      1546              1
      1547              4
      1548              2
      1549              1
      1550              6
      1551              3
      1552              1
      1553              5
      1554              1
      1555              4
      1556              0
      1557              4
      1558              4
      1559              4
      1560              2
      1561              2
      1562              3
      1563              1
      1564              2
      1565              1
      1566              4
      1567              2
      1568              4
      1569              2
      1570              1
      1571              3
      1572              2
      1573              2
      1574              2
      1575              1
      1576              1
      1577              1
      1578              1
      1579              2
      1580              2
      1581              1
      1582              2
      1583              2
      1584              2
      1585              5
      1586              1
      1587              3
      1588              2
      1589              3
      1590              2
      1591              2
      1592              1
      1593              2
      1594              2
      1595              3
      1596              4
      1597              2
      1598              4
      1599              6
      1600              2
      1601              2
      1602              1
      1603              1
      1604              3
      1605              1
      1606              6
      1607              3
      1608              3
      1609              1
      1610              2
      1611              3
      1612              1
      1613              7
      1614              5
      1615              3
      1616              8
      1617              2
      1618              1
      1619              3
      1620              3
      1621              2
      1622              5
      1623              5
      1624              0
      1625              2
      1626              6
      1627              4
      1628              3
      1629              2
      1630              4
      1631              3
      1632              7
      1633              2
      1634              1
      1635              2
      1636              3
      1637              1
      1638              2
      1639              3
      1640              3
      1641              1
      1642              4
      1643              0
      1644              2
      1645              1
      1646              1
      1647              3
      1648              0
      1649              1
      1650              5
      1651              1
      1652              1
      1653              0
      1654              5
      1655              2
      1656              4
      1657              4
      1658              0
      1659              1
      1660              4
      1661              4
      1662              2
      1663              2
      1664              5
      1665              4
      1666              1
      1667              0
      1668              1
      1669              4
      1670              6
      1671              2
      1672              4
      1673              0
      1674              2
      1675              5
      1676              5
      1677              4
      1678              6
      1679              1
      1680              3
      1681              1
      1682              1
      1683              5
      1684              1
      1685              1
      1686              2
      1687              3
      1688              4
      1689              1
      1690              2
      1691              1
      1692              4
      1693              3
      1694              4
      1695              3
      1696              2
      1697              4
      1698              6
      1699              3
      1700              1
      1701              1
      1702              2
      1703              0
      1704              0
      1705              1
      1706              2
      1707              1
      1708              7
      1709              2
      1710              5
      1711              3
      1712              4
      1713              1
      1714              5
      1715              3
      1716              3
      1717              1
      1718              2
      1719              1
      1720              4
      1721              2
      1722              1
      1723              1
      1724              2
      1725              0
      1726              2
      1727              4
      1728              7
      1729              1
      1730              3
      1731              3
      1732              4
      1733              3
      1734              1
      1735              2
      1736              2
      1737              4
      1738              0
      1739              4
      1740              2
      1741              2
      1742              6
      1743              2
      1744              3
      1745              2
      1746              2
      1747              1
      1748              2
      1749              2
      1750              2
      1751              2
      1752              4
      1753              0
      1754              3
      1755              3
      1756              0
      1757              2
      1758              1
      1759              1
      1760              1
      1761              1
      1762              3
      1763              1
      1764              2
      1765              1
      1766              2
      1767              3
      1768              2
      1769              0
      1770              1
      1771              0
      1772              1
      1773              1
      1774              2
      1775              4
      1776              2
      1777              3
      1778              1
      1779              0
      1780              2
      1781              0
      1782              2
      1783              0
      1784              2
      1785              2
      1786              1
      1787              2
      1788              2
      1789              3
      1790              1
      1791              2
      1792              4
      1793              3
      1794              2
      1795              1
      1796              1
      1797              2
      1798              3
      1799              1
      1800              2
      1801              1
      1802              1
      1803              2
      1804              4
      1805              2
      1806              1
      1807              3
      1808              2
      1809              1
      1810              0
      1811              1
      1812              0
      1813              4
      1814              1
      1815              4
      1816              3
      1817              1
      1818              2
      1819              3
      1820              5
      1821              3
      1822              2
      1823              4
      1824              4
      1825              1
      1826              2
      1827              2
      1828              1
      1829              0
      1830              2
      1831              1
      1832              2
      1833              2
      1834              1
      1835              1
      1836              0
      1837              2
      1838              4
      1839              1
      1840              0
      1841              1
      1842              2
      1843              1
      1844              1
      1845              2
      1846              1
      1847              1
      1848              0
      1849              1
      1850              0
      1851              1
      1852              2
      1853              0
      1854              2
      1855              4
      1856              2
      1857              2
      1858              0
      1859              1
      1860              0
      1861              2
      1862              2
      1863              1
      1864              1
      1865              1
      1866              4
      1867              0
      1868              0
      1869              2
      1870              2
      1871              2
      1872              1
      1873              0
      1874              0
      1875              0
      1876              0
      1877              1
      1878              3
      1879              0
      1880              1
      1881              0
      1882              0
      1883              2
      1884              2
      1885              0
      1886              0
      1887              2
      1888              1
      1889              0
      1890              2
      1891              1
      1892              2
      1893              2
      1894              2
      1895              2
      1896              1
      1897              1
      1898              0
      1899              0
      1900              1
      1901              2
      1902              0
      1903              1
      1904              0
      1905              4
      1906              1
      1907              0
      1908              1
      1909              0
      1910              0
      1911              3
      1912              0
      1913              0
      1914              0
      1915              0
      1916              1
      1917              2
      1918              2
      1919              0
      1920              2
      1921              1
      1922              1
      1923              0
      1924              2
      1925              0
      1926              3
      1927              0
      1928              3
      1929              1
      1930              0
      1931              0
      1932              0
      1933              1
      1934              0
      1935              1
      1936              3
      1937              0
      1938              0
      1939              0
      1940              0
      1941              1
      1942              1
      1943              1
      1944              0
      1945              0
      1946              0
      1947              2
      1948              0
      1949              1
      1950              0
      1951              0
      1952              3
      1953              2
      1954              1
      1955              1
      1956              0
      1957              1
      1958              2
      1959              1
      1960              0
      1961              1
      1962              1
      1963              0
      1964              0
      1965              0
      1966              0
      1967              1
      1968              0
      1969              1
      1970              0
      1971              1
      1972              1
      1973              2
      1974              2
      1975              1
      1976              2
      1977              2
      1978              1
      1979              2
      1980              0
      1981              0
      1982              2
      1983              2
      1984              0
      1985              3
      1986              1
      1987              0
      1988              2
      1989              1
      1990              0
      1991              3
      1992              2
      1993              0
      1994              1
      1995              1
      1996              1
      1997              1
      1998              0
      1999              1
      2000              0
      2001              2
      2002              1
      2003              0
      2004              2
      2005              2
      2006              0
      2007              3
      2008              2
      2009              1
      2010              0
      2011              2
      2012              0
      2013              2
      2014              0
      2015              0
      2016              2
      2017              0
      2018              3
      2019              2
      2020              0
      2021              0
      2022              0
      2023              0
      2024              0
      2025              0
      2026              0
      2027              0
      2028              0
      2029              0
      2030              0
      2031              0
      2032              0
      2033              0
      2034              0
      2035              0
      2036              0
      2037              0
      2038              0
      2039              0
      2040              0
      2041              0
      2042              0
      2043              0
      2044              0
      2045              0
      2046              0
      2047              0
