         0              0
         1              0
         2              0
         3              0
         4              0
         5              0
         6              0
         7              0
         8              0
         9              0
        10              0
        11              0
        12              0
        13              0
        14              0
        15              0
        16              0
        17              0
        18              0
        19              0
        20              0
        21              0
        22              0
        23             30
        24             38
        25             43
        26             44
        27             41
        28             36
        29             34
        30             34
        31             37
        32             57
        33             45
        34             54
        35             44
        36             43
        37             45
        38             45
        39             47
        40             47
        41             48
        42             48
        43             44
        44             59
        45             52
        46             55
        47             65
        48             63
        49             59
        50             55
        51             82
        52             68
        53             65
        54             64
        55             67
        56             56
        57             70
        58             93
        59             67
        60             76
        61             75
        62             67
        63             79
        64             66
        65             70
        66             70
        67             66
        68             95
        69             65
        70             65
        71             70
        72             58
        73             59
        74             75
        75             92
        76             62
        77             83
        78             65
        79             79
        80             84
        81             82
        82             75
        83             80
        84             89
        85             96
        86             79
        87             95
        88            107
        89             97
        90             99
        91            101
        92             82
        93            106
        94            101
        95            100
        96            117
        97            113
        98            115
        99            128
       100            116
       101            128
       102            141
       103            149
       104            150
       105            144
       106            130
       107            144
       108            127
       109            153
       110            177
       111            153
       112            158
       113            158
       114            164
       115            154
       116            172
       117            171
       118            196
       119            179
       120            199
       121            187
       122            186
       123            179
       124            174
       125            219
       126            162
       127            197
       128            202
       129            205
       130            183
       131            193
       132            203
       133            204
       134            215
       135            215
       136            211
       137            215
       138            208
       139            237
       140            188
       141            205
       142            232
       143            199
       144            214
       145            224
       146            200
       147            194
       148            224
       149            205
       150            213
       151            204
       152            202
       153            214
       154            216
       155            218
       156            210
       157            198
       158            212
       159            238
       160            204
       161            193
       162            209
       163            196
       164            222
       165            189
       166            246
       167            179
       168            177
       169            193
       170            220
       171            195
       172            193
       173            190
       174            203
       175            202
       176            193
       177            214
       178            196
       179            186
       180            173
       181            191
       182            160
       183            206
       184            179
       185            193
       186            173
       187            191
       188            194
       189            171
       190            186
       191            178
       192            197
       193            181
       194            202
       195            190
       196            172
       197            192
       198            215
       199            192
       200            187
       201            156
       202            192
       203            178
       204            192
       205            185
       206            152
       207            181
       208            154
       209            177
       210            190
       211            202
       212            160
       213            160
       214            183
       215            190
       216            166
       217            170
       218            155
       219            159
       220            172
       221            149
       222            155
       223            171
       224            176
       225            156
       226            148
       227            161
       228            146
       229            162
       230            163
       231            172
       232            141
       233            175
       234            141
       235            192
       236            151
       237            155
       238            160
       239            149
       240            147
       241            152
       242            140
       243            164
       244            182
       245            140
       246            163
       247            163
       248            152
       249            166
       250            141
       251            134
       252            156
       253            152
       254            170
       255            143
       256            141
       257            142
       258            139
       259            141
       260            119
       261            126
       262            174
       263            133
       264            146
       265            140
       266            162
       267            135
       268            157
       269            135
       270            125
       271            135
       272            127
       273            139
       274            135
       275            115
       276            133
       277            148
       278            160
       279            151
       280            136
       281            151
       282            141
       283            152
       284            142
       285            166
       286            146
       287            144
       288            155
       289            162
       290            171
       291            124
       292            134
       293            134
       294            153
       295            161
       296            132
       297            144
       298            155
       299            145
       300            159
       301            147
       302            146
       303            147
       304            145
       305            146
       306            146
       307            136
       308            135
       309            152
       310            131
       311            132
       312            133
       313            117
       314            137
       315            129
       316            106
       317            127
       318            124
       319            106
       320            136
       321            118
       322            109
       323            107
       324            110
       325            110
       326             98
       327            119
       328            118
       329             99
       330            113
       331            103
       332            123
       333            105
       334            113
       335            100
       336             89
       337             98
       338             93
       339            103
       340             97
       341            105
       342            109
       343            121
       344             91
       345            104
       346            127
       347             87
       348             99
       349            106
       350             96
       351             83
       352             84
       353            102
       354            109
       355             78
       356             93
       357             85
       358             86
       359             78
       360             85
       361             77
       362             94
       363             88
       364             94
       365             82
       366             85
       367             79
       368             77
       369             78
       370             65
       371             91
       372             83
       373             72
       374             83
       375             80
       376             65
       377             87
       378             79
       379             67
       380             77
       381             81
       382             76
       383             64
       384             81
       385             71
       386             80
       387             90
       388             68
       389             79
       390             75
       391             67
       392             63
       393             73
       394             70
       395             79
       396             65
       397             76
       398             81
       399             64
       400             66
       401             68
       402             65
       403             63
       404             81
       405             53
       406             55
       407             58
       408             74
       409             60
       410             60
       411             64
       412             61
       413             50
       414             66
       415             61
       416             59
       417             70
       418             73
       419             60
       420             63
       421             62
       422             83
       423             70
       424             63
       425             61
       426             59
       427             62
       428             57
       429             61
       430             71
       431             63
       432             64
       433             53
       434             64
       435             57
       436             61
       437             65
       438             47
       439             52
       440             59
       441             64
       442             57
       443             57
       444             64
       445             57
       446             61
       447             57
       448             56
       449             60
       450             52
       451             72
       452             70
       453             56
       454             50
       455             61
       456             60
       457             67
       458             56
       459             43
       460             51
       461             62
       462             43
       463             61
       464             69
       465             55
       466             56
       467             44
       468             50
       469             50
       470             62
       471             61
       472             59
       473             59
       474             45
       475             51
       476             55
       477             35
       478             59
       479             66
       480             52
       481             44
       482             40
       483             48
       484             55
       485             52
       486             61
       487             42
       488             56
       489             54
       490             47
       491             50
       492             43
       493             44
       494             47
       495             50
       496             48
       497             54
       498             51
       499             51
       500             48
       501             52
       502             38
       503             52
       504             43
       505             48
       506             57
       507             47
       508             43
       509             42
       510             43
       511             54
       512             36
       513             42
       514             59
       515             34
       516             45
       517             52
       518             27
       519             44
       520             53
       521             51
       522             48
       523             40
       524             54
       525             49
       526             51
       527             50
       528             54
       529             48
       530             45
       531             50
       532             40
       533             48
       534             41
       535             46
       536             51
       537             55
       538             51
       539             46
       540             42
       541             53
       542             43
       543             47
       544             42
       545             58
       546             52
       547             43
       548             46
       549             32
       550             43
       551             57
       552             36
       553             44
       554             43
       555             41
       556             44
       557             55
       558             51
       559             48
       560             37
       561             47
       562             48
       563             34
       564             44
       565             38
       566             64
       567             46
       568             38
       569             36
       570             36
       571             34
       572             42
       573             40
       574             30
       575             49
       576             49
       577             41
       578             37
       579             39
       580             53
       581             39
       582             43
       583             44
       584             34
       585             31
       586             39
       587             40
       588             32
       589             37
       590             53
       591             40
       592             36
       593             43
       594             50
       595             30
       596             42
       597             39
       598             47
       599             38
       600             36
       601             38
       602             39
       603             39
       604             37
       605             42
       606             57
       607             44
       608             51
       609             37
       610             30
       611             39
       612             47
       613             34
       614             39
       615             40
       616             32
       617             41
       618             33
       619             43
       620             38
       621             41
       622             38
       623             38
       624             42
       625             43
       626             42
       627             34
       628             55
       629             36
       630             35
       631             42
       632             42
       633             34
       634             37
       635             33
       636             39
       637             43
       638             32
       639             35
       640             34
       641             53
       642             42
       643             47
       644             43
       645             40
       646             40
       647             35
       648             25
       649             33
       650             40
       651             40
       652             34
       653             43
       654             48
       655             37
       656             30
       657             30
       658             39
       659             42
       660             38
       661             39
       662             36
       663             39
       664             24
       665             45
       666             31
       667             30
       668             34
       669             43
       670             42
       671             43
       672             38
       673             33
       674             35
       675             39
       676             36
       677             38
       678             42
       679             46
       680             33
       681             39
       682             35
       683             30
       684             55
       685             27
       686             40
       687             43
       688             29
       689             34
       690             31
       691             32
       692             37
       693             30
       694             42
       695             44
       696             29
       697             15
       698             23
       699             26
       700             32
       701             29
       702             21
       703             33
       704             21
       705             28
       706             31
       707             30
       708             26
       709             31
       710             23
       711             28
       712             17
       713             26
       714             27
       715             20
       716             29
       717             25
       718             23
       719             24
       720             24
       721             25
       722             26
       723             18
       724             29
       725             28
       726             20
       727             27
       728             22
       729             21
       730             27
       731             21
       732             14
       733             29
       734             22
       735             14
       736             23
       737             18
       738             13
       739             19
       740             17
       741             24
       742             20
       743             15
       744             26
       745             26
       746             22
       747             20
       748             18
       749             27
       750             25
       751             18
       752             16
       753             18
       754             13
       755             15
       756             14
       757             15
       758             20
       759             14
       760             23
       761             15
       762             13
       763             18
       764             16
       765             16
       766             17
       767             15
       768             18
       769             16
       770             17
       771             10
       772             17
       773             17
       774             14
       775             12
       776             16
       777             19
       778             19
       779             17
       780             10
       781             20
       782             16
       783             19
       784             15
       785             10
       786             14
       787             22
       788             14
       789             13
       790             11
       791             14
       792             14
       793             11
       794             18
       795             20
       796             17
       797              8
       798             16
       799             15
       800             16
       801             15
       802             15
       803             11
       804             14
       805             12
       806             18
       807             15
       808             11
       809             12
       810             14
       811             15
       812             16
       813             10
       814              6
       815             12
       816             17
       817             18
       818             15
       819             10
       820             21
       821              6
       822             10
       823             14
       824             23
       825             10
       826             25
       827             10
       828             10
       829              8
       830             10
       831              9
       832             13
       833             14
       834              9
       835              8
       836              6
       837             12
       838             11
       839             14
       840             24
       841             12
       842              7
       843             18
       844             12
       845             21
       846              8
       847             10
       848              9
       849             23
       850             13
       851             11
       852             15
       853              6
       854             18
       855             17
       856             13
       857             16
       858             10
       859             10
       860             21
       861             14
       862             10
       863              9
       864             11
       865              7
       866              8
       867             12
       868             15
       869             23
       870             10
       871              9
       872             14
       873             12
       874             16
       875             16
       876             17
       877             14
       878              7
       879             13
       880             23
       881             16
       882             19
       883             13
       884              9
       885             15
       886             10
       887             11
       888             18
       889             15
       890             13
       891             15
       892             19
       893             15
       894             19
       895             11
       896              8
       897             18
       898             20
       899             14
       900             12
       901             13
       902             15
       903             18
       904             16
       905             18
       906             10
       907             20
       908             10
       909             17
       910             14
       911             13
       912             19
       913             19
       914             14
       915             17
       916             19
       917             21
       918             25
       919             15
       920             21
       921             19
       922             24
       923             21
       924             23
       925             17
       926             22
       927             18
       928             26
       929             31
       930             29
       931             36
       932             35
       933             29
       934             29
       935             32
       936             35
       937             34
       938             30
       939             36
       940             43
       941             45
       942             50
       943             51
       944             52
       945             65
       946             53
       947             72
       948             67
       949             50
       950             57
       951             72
       952             63
       953             73
       954             76
       955             90
       956             82
       957             96
       958             91
       959             97
       960            127
       961             92
       962             79
       963            118
       964            114
       965            131
       966            118
       967            113
       968            147
       969            138
       970            140
       971            157
       972            141
       973            155
       974            165
       975            165
       976            201
       977            178
       978            173
       979            170
       980            194
       981            206
       982            187
       983            193
       984            193
       985            178
       986            187
       987            211
       988            229
       989            197
       990            188
       991            184
       992            198
       993            190
       994            202
       995            192
       996            210
       997            223
       998            219
       999            198
      1000            185
      1001            183
      1002            199
      1003            183
      1004            192
      1005            193
      1006            178
      1007            196
      1008            187
      1009            183
      1010            185
      1011            153
      1012            159
      1013            162
      1014            182
      1015            158
      1016            165
      1017            165
      1018            158
      1019            159
      1020            126
      1021            127
      1022            103
      1023            120
      1024            123
      1025            100
      1026            117
      1027            128
      1028            112
      1029            101
      1030             94
      1031             97
      1032             78
      1033             76
      1034             79
      1035             82
      1036             74
      1037             59
      1038             65
      1039             74
      1040             64
      1041             62
      1042             68
      1043             34
      1044             56
      1045             51
      1046             38
      1047             29
      1048             44
      1049             31
      1050             36
      1051             31
      1052             24
      1053             22
      1054             31
      1055             18
      1056             21
      1057             24
      1058             19
      1059             21
      1060             19
      1061             12
      1062             19
      1063              8
      1064             12
      1065             11
      1066             16
      1067             10
      1068              4
      1069              8
      1070             12
      1071              6
      1072             10
      1073              9
      1074              4
      1075              3
      1076              8
      1077              6
      1078              7
      1079              6
      1080             11
      1081              6
      1082              7
      1083              4
      1084              3
      1085              7
      1086              3
      1087              8
      1088              5
      1089              6
      1090              5
      1091              4
      1092              8
      1093              5
      1094              3
      1095              2
      1096              6
      1097              3
      1098              4
      1099              7
      1100              5
      1101              6
      1102              6
      1103              6
      1104              4
      1105              4
      1106              3
      1107              5
      1108              3
      1109              4
      1110              5
      1111              2
      1112              4
      1113              3
      1114              2
      1115              4
      1116              2
      1117              6
      1118              2
      1119              0
      1120              3
      1121              2
      1122              3
      1123              4
      1124              3
      1125              2
      1126              4
      1127              3
      1128              2
      1129              3
      1130              2
      1131              2
      1132              4
      1133              2
      1134              4
      1135              4
      1136              2
      1137              1
      1138              3
      1139              8
      1140              4
      1141              4
      1142              4
      1143              4
      1144              4
      1145              4
      1146              2
      1147              7
      1148              6
      1149              6
      1150              2
      1151              2
      1152              3
      1153              2
      1154              7
      1155              3
      1156              5
      1157              4
      1158              4
      1159              4
      1160              4
      1161              5
      1162              1
      1163              3
      1164              3
      1165              3
      1166              1
      1167              2
      1168              9
      1169              2
      1170              2
      1171              3
      1172              1
      1173              2
      1174              5
      1175              5
      1176              2
      1177              6
      1178              5
      1179              5
      1180              5
      1181              7
      1182              6
      1183              2
      1184              2
      1185              1
      1186              5
      1187              0
      1188              3
      1189              4
      1190              5
      1191              6
      1192              4
      1193              4
      1194              2
      1195              5
      1196              4
      1197              3
      1198              1
      1199              5
      1200              1
      1201              5
      1202              1
      1203              5
      1204              6
      1205              2
      1206              5
      1207              1
      1208              2
      1209              6
      1210              8
      1211              3
      1212              3
      1213              3
      1214              3
      1215              7
      1216              5
      1217              9
      1218              5
      1219              4
      1220              1
      1221              1
      1222              2
      1223              6
      1224              2
      1225              6
      1226              3
      1227              4
      1228              3
      1229              4
      1230              6
      1231              5
      1232              5
      1233              1
      1234              2
      1235              3
      1236              3
      1237              3
      1238              8
      1239              7
      1240              5
      1241              8
      1242              4
      1243              3
      1244              1
      1245              3
      1246              0
      1247              2
      1248              5
      1249              3
      1250              2
      1251              6
      1252              4
      1253              4
      1254              2
      1255              3
      1256              3
      1257              3
      1258              4
      1259              6
      1260              4
      1261              4
      1262              3
      1263              4
      1264             10
      1265              4
      1266              4
      1267              3
      1268              3
      1269              5
      1270              5
      1271              7
      1272              5
      1273              1
      1274              7
      1275              4
      1276              4
      1277              5
      1278              2
      1279              4
      1280              3
      1281              2
      1282              4
      1283              3
      1284              4
      1285              1
      1286              4
      1287              5
      1288              2
      1289              2
      1290              4
      1291             10
      1292              2
      1293              2
      1294              7
      1295              4
      1296              3
      1297              3
      1298              7
      1299              3
      1300              6
      1301              8
      1302              3
      1303              5
      1304              5
      1305              2
      1306              2
      1307              3
      1308              3
      1309              3
      1310              5
      1311              2
      1312              3
      1313              2
      1314              4
      1315              1
      1316              0
      1317              4
      1318              5
      1319              1
      1320              1
      1321              4
      1322              4
      1323              3
      1324              1
      1325              3
      1326              3
      1327              4
      1328              0
      1329              4
      1330              6
      1331              7
      1332              5
      1333              4
      1334              5
      1335              6
      1336              2
      1337              2
      1338              3
      1339              3
      1340              1
      1341              5
      1342              2
      1343              2
      1344              4
      1345              2
      1346              1
      1347              2
      1348              3
      1349              4
      1350              2
      1351              2
      1352              2
      1353              5
      1354              3
      1355              1
      1356              3
      1357              1
      1358              7
      1359              8
      1360              2
      1361              4
      1362              1
      1363              4
      1364              3
      1365              3
      1366              4
      1367              6
      1368              1
      1369              5
      1370              2
      1371              6
      1372              8
      1373              3
      1374              4
      1375              2
      1376              3
      1377              4
      1378              4
      1379              4
      1380              4
      1381              1
      1382              4
      1383              5
      1384              2
      1385              2
      1386              3
      1387              4
      1388              4
      1389              2
      1390              4
      1391              3
      1392              7
      1393              6
      1394              4
      1395              2
      1396              7
      1397              2
      1398              2
      1399              5
      1400              4
      1401              6
      1402              5
      1403              5
      1404              3
      1405              1
      1406              2
      1407              2
      1408              3
      1409              3
      1410              3
      1411              3
      1412              1
      1413              3
      1414              4
      1415              6
      1416              1
      1417              5
      1418              1
      1419              3
      1420              3
      1421              1
      1422              2
      1423              8
      1424              1
      1425              4
      1426              2
      1427              2
      1428              2
      1429              1
      1430              1
      1431              3
      1432              4
      1433              4
      1434              1
      1435              1
      1436              4
      1437              5
      1438              3
      1439              0
      1440              1
      1441              2
      1442              4
      1443              3
      1444              6
      1445              4
      1446              3
      1447              5
      1448              4
      1449              2
      1450              4
      1451              5
      1452              3
      1453              2
      1454              5
      1455              1
      1456              3
      1457              5
      1458              5
      1459              3
      1460              3
      1461              0
      1462              2
      1463              1
      1464              2
      1465              2
      1466              2
      1467              4
      1468              1
      1469              2
      1470              5
      1471              4
      1472              3
      1473              1
      1474              3
      1475              2
      1476              4
      1477              2
      1478              1
      1479              1
      1480              2
      1481              4
      1482              4
      1483              4
      1484              2
      1485              1
      1486              2
      1487              2
      1488              3
      1489              7
      1490              4
      1491              6
      1492              3
      1493              3
      1494              5
      1495              0
      1496              4
      1497              2
      1498              1
      1499              2
      1500              5
      1501              3
      1502              2
      1503              2
      1504              3
      1505              1
      1506              3
      1507              2
      1508              1
      1509              1
      1510              1
      1511              6
      1512              3
      1513              4
      1514              3
      1515              0
      1516              0
      1517              3
      1518              4
      1519              3
      1520              4
      1521              3
      1522              4
      1523              2
      1524              3
      1525              1
      1526              1
      1527              3
      1528              3
      1529              4
      1530              2
      1531              3
      1532              3
      1533              0
      1534              2
      1535              1
      1536              0
      1537              0
      1538              2
      1539              4
      1540              1
      1541              3
      1542              3
      1543              3
      1544              1
      1545              3
      1546              4
      1547              2
      1548              4
      1549              2
      1550              3
      1551              2
      1552              2
      1553              1
      1554              4
      1555              2
      1556              2
      1557              1
      1558              4
      1559              3
      1560              2
      1561              2
      1562              3
      1563              3
      1564              3
      1565              5
      1566              5
      1567              0
      1568              2
      1569              1
      1570              1
      1571              0
      1572              1
      1573              0
      1574              2
      1575              1
      1576              4
      1577              7
      1578              4
      1579              2
      1580              1
      1581              1
      1582              3
      1583              1
      1584              2
      1585              0
      1586              3
      1587              2
      1588              2
      1589              6
      1590              1
      1591              0
      1592              5
      1593              1
      1594              0
      1595              3
      1596              3
      1597              4
      1598              3
      1599              4
      1600              3
      1601              4
      1602              3
      1603              4
      1604              1
      1605              2
      1606              4
      1607              3
      1608              5
      1609              4
      1610              0
      1611              1
      1612              3
      1613              5
      1614              4
      1615              1
      1616              4
      1617              3
      1618              2
      1619              2
      1620              0
      1621              3
      1622              4
      1623              3
      1624              1
      1625              5
      1626              5
      1627              0
      1628              4
      1629              6
      1630              0
      1631              2
      1632              1
      1633              3
      1634              2
      1635              3
      1636              1
      1637              4
      1638              2
      1639              2
      1640              0
      1641              1
      1642              0
      1643              5
      1644              2
      1645              0
      1646              6
      1647              3
      1648              1
      1649              3
      1650              5
      1651              1
      1652              6
      1653              3
      1654              2
      1655              1
      1656              3
      1657              0
      1658              0
      1659              5
      1660              2
      1661              3
      1662              4
      1663              2
      1664              2
      1665              6
      1666              2
      1667              6
      1668              3
      1669              1
      1670              7
      1671              4
      1672              4
      1673              1
      1674              2
      1675              2
      1676              0
      1677              3
      1678              3
      1679              9
      1680              4
      1681              4
      1682              4
      1683              5
      1684              2
      1685              6
      1686              4
      1687              2
      1688              4
      1689              0
      1690              0
      1691              5
      1692              4
      1693              3
      1694              2
      1695              1
      1696              2
      1697              1
      1698              4
      1699              3
      1700              2
      1701              2
      1702              5
      1703              2
      1704              3
      1705              4
      1706              2
      1707              1
      1708              1
      1709              1
      1710              1
      1711              3
      1712              1
      1713              2
      1714              1
      1715              1
      1716              1
      1717              4
      1718              1
      1719              2
      1720              3
      1721              1
      1722              0
      1723              3
      1724              3
      1725              2
      1726              3
      1727              2
      1728              5
      1729              2
      1730              3
      1731              0
      1732              2
      1733              0
      1734              2
      1735              0
      1736              1
      1737              1
      1738              2
      1739              5
      1740              3
      1741              0
      1742              1
      1743              3
      1744              2
      1745              4
      1746              0
      1747              1
      1748              5
      1749              0
      1750              1
      1751              1
      1752              2
      1753              4
      1754              1
      1755              3
      1756              2
      1757              1
      1758              1
      1759              1
      1760              0
      1761              0
      1762              1
      1763              3
      1764              3
      1765              3
      1766              2
      1767              3
      1768              3
      1769              2
      1770              2
      1771              1
      1772              1
      1773              0
      1774              2
      1775              2
      1776              2
      1777              2
      1778              3
      1779              2
      1780              2
      1781              1
      1782              2
      1783              2
      1784              1
      1785              1
      1786              2
      1787              2
      1788              2
      1789              1
      1790              0
      1791              2
      1792              1
      1793              0
      1794              3
      1795              4
      1796              2
      1797              4
      1798              0
      1799              2
      1800              2
      1801              2
      1802              3
      1803              4
      1804              0
      1805              4
      1806              0
      1807              2
      1808              0
      1809              0
      1810              0
      1811              0
      1812              2
      1813              2
      1814              3
      1815              3
      1816              0
      1817              3
      1818              1
      1819              1
      1820              0
      1821              0
      1822              0
      1823              3
      1824              0
      1825              0
      1826              0
      1827              1
      1828              2
      1829              2
      1830              1
      1831              2
      1832              0
      1833              1
      1834              1
      1835              2
      1836              3
      1837              1
      1838              1
      1839              1
      1840              1
      1841              1
      1842              1
      1843              1
      1844              2
      1845              2
      1846              0
      1847              0
      1848              1
      1849              1
      1850              2
      1851              1
      1852              1
      1853              0
      1854              0
      1855              3
      1856              0
      1857              2
      1858              2
      1859              3
      1860              1
      1861              3
      1862              0
      1863              0
      1864              2
      1865              0
      1866              0
      1867              2
      1868              0
      1869              2
      1870              0
      1871              1
      1872              1
      1873              0
      1874              1
      1875              2
      1876              1
      1877              1
      1878              0
      1879              1
      1880              0
      1881              1
      1882              1
      1883              1
      1884              1
      1885              0
      1886              0
      1887              1
      1888              2
      1889              2
      1890              1
      1891              1
      1892              1
      1893              1
      1894              0
      1895              2
      1896              0
      1897              0
      1898              3
      1899              3
      1900              1
      1901              1
      1902              0
      1903              3
      1904              3
      1905              1
      1906              0
      1907              1
      1908              1
      1909              0
      1910              2
      1911              0
      1912              0
      1913              2
      1914              3
      1915              0
      1916              3
      1917              3
      1918              0
      1919              1
      1920              4
      1921              1
      1922              1
      1923              0
      1924              0
      1925              1
      1926              3
      1927              0
      1928              1
      1929              1
      1930              0
      1931              0
      1932              0
      1933              1
      1934              0
      1935              0
      1936              2
      1937              0
      1938              1
      1939              2
      1940              2
      1941              4
      1942              1
      1943              3
      1944              0
      1945              0
      1946              1
      1947              0
      1948              2
      1949              1
      1950              2
      1951              2
      1952              0
      1953              2
      1954              1
      1955              1
      1956              0
      1957              1
      1958              1
      1959              0
      1960              0
      1961              2
      1962              3
      1963              2
      1964              1
      1965              3
      1966              1
      1967              0
      1968              1
      1969              1
      1970              0
      1971              1
      1972              0
      1973              0
      1974              1
      1975              0
      1976              0
      1977              1
      1978              1
      1979              0
      1980              1
      1981              3
      1982              2
      1983              2
      1984              2
      1985              1
      1986              0
      1987              2
      1988              1
      1989              3
      1990              0
      1991              1
      1992              0
      1993              2
      1994              1
      1995              0
      1996              1
      1997              3
      1998              0
      1999              2
      2000              0
      2001              0
      2002              2
      2003              0
      2004              0
      2005              1
      2006              0
      2007              0
      2008              0
      2009              2
      2010              0
      2011              1
      2012              1
      2013              0
      2014              1
      2015              0
      2016              0
      2017              1
      2018              1
      2019              0
      2020              0
      2021              0
      2022              0
      2023              0
      2024              0
      2025              0
      2026              0
      2027              0
      2028              0
      2029              0
      2030              0
      2031              0
      2032              0
      2033              0
      2034              0
      2035              0
      2036              0
      2037              0
      2038              0
      2039              0
      2040              0
      2041              0
      2042              0
      2043              0
      2044              0
      2045              0
      2046              0
      2047              0
