         0              0
         1              0
         2              0
         3              0
         4              0
         5              0
         6              0
         7              0
         8              0
         9              0
        10              0
        11              0
        12              0
        13              0
        14              0
        15              0
        16              0
        17              0
        18              0
        19              0
        20              0
        21              0
        22              0
        23             34
        24             41
        25             47
        26             34
        27             57
        28             38
        29             38
        30             37
        31             44
        32             43
        33             31
        34             46
        35             58
        36             55
        37             29
        38             35
        39             57
        40             49
        41             51
        42             43
        43             42
        44             55
        45             48
        46             54
        47             53
        48             43
        49             60
        50             53
        51             62
        52             63
        53             67
        54             59
        55             51
        56             70
        57             59
        58             63
        59             66
        60             59
        61             64
        62             50
        63             75
        64             77
        65             63
        66             62
        67             56
        68             64
        69             58
        70             68
        71             60
        72             71
        73             63
        74             61
        75             63
        76             57
        77             76
        78             79
        79             80
        80             97
        81             76
        82             84
        83             83
        84             75
        85             81
        86             84
        87             76
        88             93
        89             97
        90             95
        91             87
        92             97
        93             90
        94             95
        95            107
        96            120
        97            116
        98            117
        99             97
       100            124
       101            131
       102            131
       103            136
       104            164
       105            131
       106            133
       107            146
       108            154
       109            151
       110            161
       111            162
       112            149
       113            142
       114            183
       115            168
       116            155
       117            167
       118            164
       119            184
       120            175
       121            188
       122            191
       123            188
       124            170
       125            182
       126            199
       127            198
       128            200
       129            176
       130            193
       131            200
       132            195
       133            209
       134            195
       135            211
       136            226
       137            198
       138            198
       139            168
       140            228
       141            225
       142            217
       143            210
       144            215
       145            202
       146            183
       147            208
       148            214
       149            204
       150            216
       151            207
       152            222
       153            201
       154            184
       155            195
       156            198
       157            181
       158            196
       159            202
       160            205
       161            204
       162            205
       163            212
       164            215
       165            207
       166            167
       167            207
       168            188
       169            203
       170            185
       171            221
       172            215
       173            200
       174            182
       175            197
       176            220
       177            216
       178            201
       179            190
       180            192
       181            207
       182            192
       183            193
       184            183
       185            208
       186            207
       187            199
       188            163
       189            194
       190            175
       191            210
       192            184
       193            185
       194            198
       195            194
       196            188
       197            176
       198            215
       199            167
       200            207
       201            164
       202            202
       203            197
       204            188
       205            193
       206            184
       207            198
       208            146
       209            171
       210            195
       211            182
       212            173
       213            179
       214            162
       215            178
       216            163
       217            168
       218            164
       219            177
       220            163
       221            158
       222            151
       223            154
       224            177
       225            160
       226            154
       227            182
       228            163
       229            165
       230            169
       231            169
       232            151
       233            162
       234            149
       235            127
       236            145
       237            158
       238            138
       239            160
       240            152
       241            131
       242            151
       243            139
       244            127
       245            154
       246            129
       247            153
       248            132
       249            129
       250            132
       251            152
       252            135
       253            135
       254            130
       255            139
       256            162
       257            156
       258            135
       259            144
       260            131
       261            136
       262            137
       263            141
       264            154
       265            144
       266            135
       267            145
       268            135
       269            157
       270            126
       271            127
       272            127
       273            152
       274            130
       275            119
       276            140
       277            126
       278            130
       279            107
       280            129
       281            138
       282            111
       283            134
       284            155
       285            126
       286            145
       287            141
       288            137
       289            135
       290            128
       291            129
       292            138
       293            144
       294            130
       295            141
       296            125
       297            139
       298            178
       299            130
       300            146
       301            123
       302            138
       303            136
       304            148
       305            130
       306            121
       307            151
       308            126
       309            147
       310            131
       311            132
       312            131
       313            139
       314            116
       315            130
       316            122
       317            104
       318            122
       319            132
       320            133
       321            125
       322            128
       323            120
       324            109
       325            118
       326            103
       327             86
       328            116
       329            105
       330            101
       331             93
       332             99
       333            103
       334            113
       335            103
       336             97
       337             98
       338            109
       339            111
       340             97
       341             92
       342             90
       343             94
       344             83
       345             83
       346             89
       347             93
       348             85
       349             78
       350            100
       351            103
       352            104
       353             83
       354             93
       355             77
       356             68
       357             81
       358             79
       359             83
       360             75
       361             88
       362             86
       363             92
       364             70
       365             82
       366             78
       367             81
       368             89
       369             72
       370             85
       371             67
       372             84
       373             65
       374             70
       375             86
       376             82
       377             88
       378             74
       379             85
       380             74
       381             67
       382             62
       383             67
       384             68
       385             79
       386             60
       387             69
       388             78
       389             82
       390             77
       391             82
       392             64
       393             64
       394             63
       395             67
       396             48
       397             58
       398             72
       399             49
       400             61
       401             56
       402             76
       403             60
       404             70
       405             43
       406             58
       407             60
       408             55
       409             62
       410             64
       411             56
       412             59
       413             55
       414             56
       415             66
       416             61
       417             39
       418             51
       419             52
       420             65
       421             63
       422             51
       423             42
       424             52
       425             50
       426             48
       427             49
       428             56
       429             67
       430             59
       431             63
       432             48
       433             59
       434             51
       435             44
       436             52
       437             51
       438             68
       439             63
       440             71
       441             63
       442             49
       443             58
       444             56
       445             47
       446             51
       447             69
       448             52
       449             58
       450             48
       451             50
       452             72
       453             52
       454             48
       455             65
       456             61
       457             54
       458             43
       459             37
       460             49
       461             44
       462             59
       463             61
       464             39
       465             50
       466             61
       467             51
       468             50
       469             42
       470             57
       471             61
       472             41
       473             65
       474             49
       475             48
       476             46
       477             40
       478             39
       479             47
       480             46
       481             47
       482             53
       483             40
       484             52
       485             49
       486             42
       487             43
       488             44
       489             51
       490             50
       491             50
       492             44
       493             42
       494             43
       495             49
       496             50
       497             49
       498             46
       499             37
       500             34
       501             35
       502             35
       503             45
       504             47
       505             39
       506             32
       507             38
       508             36
       509             49
       510             50
       511             37
       512             43
       513             46
       514             31
       515             39
       516             44
       517             50
       518             49
       519             39
       520             32
       521             48
       522             50
       523             46
       524             33
       525             36
       526             35
       527             37
       528             48
       529             42
       530             41
       531             37
       532             42
       533             40
       534             50
       535             44
       536             47
       537             45
       538             46
       539             44
       540             40
       541             56
       542             41
       543             40
       544             36
       545             34
       546             44
       547             40
       548             44
       549             38
       550             43
       551             39
       552             51
       553             41
       554             38
       555             39
       556             30
       557             40
       558             27
       559             36
       560             39
       561             33
       562             37
       563             54
       564             36
       565             33
       566             33
       567             41
       568             26
       569             36
       570             41
       571             32
       572             35
       573             50
       574             34
       575             45
       576             36
       577             31
       578             37
       579             33
       580             29
       581             29
       582             32
       583             30
       584             24
       585             33
       586             28
       587             35
       588             40
       589             31
       590             40
       591             39
       592             27
       593             36
       594             27
       595             24
       596             40
       597             38
       598             38
       599             36
       600             36
       601             42
       602             29
       603             43
       604             37
       605             31
       606             40
       607             26
       608             25
       609             26
       610             45
       611             35
       612             32
       613             30
       614             27
       615             38
       616             47
       617             42
       618             33
       619             40
       620             35
       621             49
       622             31
       623             31
       624             37
       625             30
       626             42
       627             36
       628             46
       629             41
       630             30
       631             26
       632             30
       633             35
       634             43
       635             35
       636             27
       637             30
       638             29
       639             31
       640             30
       641             41
       642             31
       643             27
       644             33
       645             41
       646             39
       647             33
       648             33
       649             33
       650             37
       651             41
       652             24
       653             45
       654             28
       655             36
       656             27
       657             37
       658             31
       659             41
       660             29
       661             42
       662             31
       663             23
       664             35
       665             35
       666             40
       667             31
       668             32
       669             30
       670             32
       671             32
       672             37
       673             40
       674             39
       675             18
       676             30
       677             31
       678             29
       679             28
       680             31
       681             36
       682             29
       683             30
       684             38
       685             34
       686             35
       687             22
       688             35
       689             22
       690             25
       691             22
       692             33
       693             34
       694             26
       695             29
       696             28
       697             23
       698             19
       699             21
       700             36
       701             25
       702             35
       703             24
       704             23
       705             20
       706             26
       707             26
       708             28
       709             20
       710             21
       711             27
       712             25
       713             19
       714             17
       715             17
       716             20
       717             25
       718             28
       719             33
       720             17
       721             23
       722             22
       723             20
       724             19
       725             21
       726             18
       727             23
       728             17
       729             17
       730             19
       731             16
       732             21
       733             24
       734             25
       735             27
       736             16
       737             29
       738             15
       739             17
       740             13
       741             13
       742             21
       743             12
       744             20
       745             16
       746             20
       747             12
       748             20
       749             20
       750             15
       751             16
       752             14
       753             16
       754             11
       755             11
       756             13
       757             17
       758             14
       759              6
       760             22
       761             17
       762             13
       763             19
       764             10
       765             14
       766             10
       767             16
       768             17
       769             17
       770              9
       771             11
       772             16
       773             14
       774             12
       775             16
       776             10
       777             10
       778             10
       779             15
       780             12
       781             16
       782              5
       783             13
       784             14
       785             12
       786             11
       787             14
       788              9
       789             10
       790             13
       791             16
       792             15
       793             14
       794              8
       795             18
       796             13
       797             16
       798             11
       799             14
       800             16
       801             11
       802             23
       803             11
       804              6
       805             14
       806             18
       807              6
       808             18
       809             12
       810              9
       811             12
       812             12
       813             12
       814             13
       815             13
       816              8
       817             15
       818             12
       819             20
       820             15
       821              9
       822              9
       823              6
       824             14
       825              9
       826             11
       827              9
       828              9
       829             10
       830              6
       831             10
       832             11
       833              7
       834             12
       835             17
       836              9
       837             14
       838             16
       839             10
       840              9
       841             13
       842              7
       843             14
       844             12
       845              9
       846              9
       847              6
       848             15
       849             16
       850             16
       851             13
       852             10
       853              9
       854             14
       855             11
       856             15
       857             15
       858             13
       859              9
       860              8
       861             14
       862             12
       863              6
       864             17
       865              6
       866             25
       867              8
       868             10
       869             10
       870             12
       871              9
       872             12
       873             12
       874              7
       875             15
       876             15
       877             14
       878             13
       879             12
       880             12
       881             10
       882             14
       883             10
       884             11
       885              9
       886             17
       887             10
       888              9
       889             15
       890             11
       891              9
       892             19
       893             12
       894             15
       895             12
       896             19
       897             17
       898              6
       899             14
       900             21
       901             14
       902              7
       903             15
       904             16
       905             17
       906             10
       907             15
       908             13
       909             19
       910             14
       911             13
       912             17
       913             23
       914             14
       915             14
       916             24
       917             16
       918             21
       919             19
       920             17
       921             20
       922             17
       923             21
       924             16
       925             13
       926             25
       927             22
       928             18
       929             24
       930             27
       931             38
       932             34
       933             22
       934             28
       935             26
       936             43
       937             29
       938             29
       939             35
       940             31
       941             36
       942             42
       943             48
       944             40
       945             52
       946             33
       947             43
       948             53
       949             54
       950             61
       951             46
       952             72
       953             44
       954             69
       955             70
       956             90
       957             57
       958             76
       959             79
       960             97
       961             93
       962             85
       963             92
       964             99
       965            120
       966             99
       967             95
       968            129
       969            120
       970             96
       971            133
       972            130
       973            121
       974            112
       975            118
       976            146
       977            150
       978            139
       979            157
       980            161
       981            139
       982            136
       983            151
       984            159
       985            171
       986            158
       987            167
       988            140
       989            169
       990            166
       991            165
       992            153
       993            178
       994            185
       995            162
       996            189
       997            152
       998            141
       999            175
      1000            167
      1001            147
      1002            153
      1003            155
      1004            186
      1005            153
      1006            157
      1007            153
      1008            139
      1009            148
      1010            138
      1011            133
      1012            136
      1013            131
      1014            119
      1015            112
      1016            119
      1017            117
      1018            108
      1019            123
      1020            119
      1021            108
      1022            101
      1023            106
      1024            106
      1025             90
      1026             96
      1027             92
      1028             88
      1029             79
      1030             80
      1031             63
      1032             71
      1033             48
      1034             62
      1035             60
      1036             64
      1037             62
      1038             47
      1039             37
      1040             47
      1041             48
      1042             45
      1043             57
      1044             45
      1045             39
      1046             34
      1047             37
      1048             27
      1049             31
      1050             32
      1051             15
      1052             28
      1053             16
      1054             18
      1055             13
      1056             19
      1057             25
      1058             12
      1059              9
      1060             20
      1061              8
      1062             15
      1063             12
      1064             15
      1065             11
      1066             10
      1067              8
      1068             10
      1069              8
      1070              7
      1071             12
      1072              8
      1073              6
      1074              4
      1075              5
      1076              5
      1077              8
      1078              7
      1079              7
      1080              8
      1081              2
      1082              7
      1083              6
      1084              3
      1085              2
      1086              5
      1087              6
      1088              3
      1089              9
      1090              5
      1091              1
      1092             10
      1093              6
      1094              4
      1095              5
      1096              5
      1097              9
      1098              4
      1099              5
      1100             10
      1101              7
      1102              2
      1103              8
      1104              2
      1105              3
      1106              2
      1107              5
      1108              8
      1109              1
      1110              3
      1111              4
      1112              7
      1113              5
      1114              8
      1115              1
      1116              3
      1117              1
      1118              3
      1119              6
      1120              4
      1121              5
      1122              6
      1123              3
      1124              4
      1125              7
      1126              4
      1127              4
      1128              5
      1129              4
      1130              4
      1131              7
      1132              2
      1133              1
      1134              0
      1135              8
      1136              6
      1137              4
      1138              5
      1139              4
      1140              6
      1141              4
      1142              4
      1143              5
      1144              3
      1145              6
      1146              6
      1147              7
      1148              5
      1149              4
      1150              6
      1151              5
      1152              3
      1153              8
      1154              3
      1155              1
      1156              1
      1157              6
      1158              5
      1159              4
      1160              3
      1161              6
      1162              5
      1163              2
      1164              2
      1165              4
      1166              2
      1167              2
      1168              3
      1169              4
      1170              2
      1171              3
      1172              2
      1173              2
      1174              6
      1175              6
      1176              1
      1177              9
      1178              6
      1179              7
      1180              5
      1181              2
      1182              4
      1183              2
      1184              5
      1185              4
      1186              3
      1187              4
      1188              3
      1189              5
      1190              4
      1191              7
      1192              6
      1193              4
      1194              2
      1195              5
      1196              3
      1197              2
      1198              3
      1199              3
      1200              3
      1201              4
      1202              3
      1203              9
      1204              4
      1205              5
      1206              3
      1207              1
      1208              4
      1209              3
      1210              3
      1211              1
      1212              1
      1213              4
      1214              2
      1215              6
      1216              3
      1217              2
      1218              2
      1219              2
      1220              1
      1221              5
      1222              4
      1223              3
      1224              2
      1225              3
      1226              3
      1227              4
      1228              4
      1229              5
      1230              5
      1231              4
      1232              3
      1233              2
      1234              1
      1235              4
      1236              6
      1237              2
      1238              3
      1239              2
      1240              4
      1241              3
      1242              4
      1243              6
      1244              2
      1245              4
      1246              3
      1247              1
      1248              3
      1249              2
      1250              2
      1251              5
      1252              4
      1253              7
      1254              2
      1255              1
      1256              2
      1257              5
      1258              3
      1259              2
      1260              5
      1261              4
      1262              4
      1263              2
      1264              2
      1265              2
      1266              2
      1267              4
      1268              4
      1269              4
      1270              2
      1271              4
      1272              8
      1273              0
      1274              1
      1275              3
      1276              1
      1277              6
      1278              5
      1279              0
      1280              5
      1281              5
      1282              2
      1283              3
      1284              7
      1285              3
      1286              3
      1287              7
      1288              7
      1289              1
      1290              2
      1291              1
      1292              3
      1293              1
      1294              5
      1295              2
      1296              7
      1297              2
      1298              4
      1299              4
      1300              2
      1301              4
      1302              4
      1303              3
      1304              6
      1305              1
      1306              1
      1307              1
      1308              6
      1309              2
      1310              7
      1311             10
      1312              2
      1313              3
      1314              0
      1315              6
      1316              3
      1317              2
      1318              3
      1319              1
      1320              6
      1321              7
      1322              2
      1323              5
      1324              3
      1325              6
      1326              2
      1327              2
      1328              2
      1329              2
      1330              3
      1331              2
      1332              3
      1333              1
      1334              3
      1335              4
      1336              2
      1337              6
      1338              2
      1339              3
      1340              2
      1341              3
      1342              6
      1343              4
      1344              1
      1345              4
      1346              3
      1347              3
      1348              7
      1349              5
      1350              1
      1351              8
      1352              8
      1353              6
      1354              4
      1355              3
      1356              6
      1357              3
      1358              3
      1359              5
      1360              6
      1361              5
      1362              8
      1363              4
      1364              4
      1365              2
      1366              1
      1367              7
      1368              3
      1369              2
      1370              4
      1371              3
      1372              1
      1373              3
      1374              2
      1375              5
      1376              5
      1377              3
      1378              2
      1379              2
      1380              2
      1381              4
      1382              2
      1383              0
      1384              4
      1385              3
      1386              7
      1387              5
      1388              4
      1389              1
      1390              3
      1391              4
      1392              4
      1393              6
      1394              3
      1395              3
      1396              0
      1397              7
      1398              6
      1399              2
      1400              3
      1401              3
      1402              3
      1403              4
      1404              4
      1405              3
      1406              1
      1407              6
      1408              3
      1409              3
      1410              4
      1411              4
      1412              4
      1413              4
      1414              2
      1415              2
      1416              6
      1417              2
      1418              3
      1419              1
      1420              7
      1421              5
      1422              5
      1423              7
      1424              5
      1425              7
      1426              2
      1427              4
      1428              6
      1429              1
      1430              0
      1431              2
      1432              3
      1433              2
      1434              5
      1435              1
      1436              3
      1437              4
      1438              2
      1439              2
      1440              3
      1441              1
      1442              2
      1443              4
      1444              3
      1445              5
      1446              5
      1447              2
      1448              4
      1449              6
      1450              4
      1451              1
      1452              5
      1453              1
      1454              4
      1455              2
      1456              3
      1457              0
      1458              3
      1459              2
      1460              1
      1461              1
      1462              9
      1463              3
      1464              4
      1465              1
      1466              6
      1467              2
      1468              4
      1469              4
      1470              1
      1471              5
      1472              3
      1473              2
      1474              6
      1475              2
      1476              3
      1477              2
      1478              6
      1479              4
      1480              2
      1481              5
      1482              2
      1483              3
      1484              6
      1485              1
      1486              5
      1487              2
      1488              0
      1489              3
      1490              2
      1491              5
      1492              1
      1493              5
      1494              1
      1495              0
      1496              3
      1497              1
      1498              1
      1499              3
      1500              0
      1501              7
      1502              4
      1503              1
      1504              0
      1505              0
      1506              1
      1507              2
      1508              3
      1509              4
      1510              3
      1511              2
      1512              0
      1513              1
      1514              3
      1515              1
      1516              1
      1517              2
      1518              5
      1519              1
      1520              2
      1521              2
      1522              4
      1523              3
      1524              3
      1525              2
      1526              3
      1527              5
      1528              0
      1529              2
      1530              5
      1531              2
      1532              1
      1533              3
      1534              1
      1535              1
      1536              1
      1537              4
      1538              3
      1539              3
      1540              3
      1541              2
      1542              2
      1543              1
      1544              0
      1545              4
      1546              3
      1547              0
      1548              1
      1549              5
      1550              1
      1551              4
      1552              1
      1553              0
      1554              4
      1555              3
      1556              0
      1557              1
      1558              3
      1559              4
      1560              5
      1561              3
      1562              4
      1563              2
      1564              2
      1565              1
      1566              1
      1567              2
      1568              4
      1569              2
      1570              4
      1571              3
      1572              3
      1573              5
      1574              3
      1575              2
      1576              1
      1577              3
      1578              4
      1579              0
      1580              3
      1581              6
      1582              0
      1583              1
      1584              4
      1585              3
      1586              1
      1587              2
      1588              4
      1589              3
      1590              1
      1591              5
      1592              0
      1593              1
      1594              1
      1595              1
      1596              1
      1597              0
      1598              1
      1599              4
      1600              2
      1601              1
      1602              0
      1603              3
      1604              1
      1605              2
      1606              3
      1607              2
      1608              3
      1609              4
      1610              1
      1611              1
      1612              2
      1613              3
      1614              2
      1615              3
      1616              1
      1617              6
      1618              2
      1619              1
      1620              3
      1621              2
      1622              3
      1623              0
      1624              6
      1625              5
      1626              3
      1627              2
      1628              4
      1629              4
      1630              1
      1631              2
      1632              3
      1633              2
      1634              4
      1635              2
      1636              6
      1637              3
      1638              3
      1639              3
      1640              4
      1641              1
      1642              4
      1643              5
      1644              0
      1645              6
      1646              2
      1647              1
      1648              4
      1649              5
      1650              3
      1651              2
      1652              2
      1653              4
      1654              1
      1655              0
      1656              6
      1657              1
      1658              1
      1659              3
      1660              3
      1661              2
      1662              3
      1663              3
      1664              3
      1665              3
      1666              1
      1667              4
      1668              2
      1669              3
      1670              3
      1671              3
      1672              3
      1673              3
      1674              4
      1675              4
      1676              2
      1677              1
      1678              1
      1679              1
      1680              2
      1681              4
      1682              4
      1683              0
      1684              3
      1685              1
      1686              1
      1687              2
      1688              3
      1689              1
      1690              6
      1691              2
      1692              3
      1693              3
      1694              2
      1695              1
      1696              3
      1697              3
      1698              1
      1699              1
      1700              2
      1701              3
      1702              2
      1703              3
      1704              3
      1705              5
      1706              1
      1707              1
      1708              4
      1709              0
      1710              3
      1711              3
      1712              0
      1713              2
      1714              0
      1715              1
      1716              3
      1717              0
      1718              3
      1719              0
      1720              4
      1721              6
      1722              1
      1723              2
      1724              1
      1725              0
      1726              0
      1727              1
      1728              3
      1729              5
      1730              1
      1731              2
      1732              3
      1733              3
      1734              1
      1735              1
      1736              1
      1737              1
      1738              0
      1739              3
      1740              0
      1741              1
      1742              1
      1743              3
      1744              2
      1745              1
      1746              1
      1747              3
      1748              0
      1749              5
      1750              3
      1751              1
      1752              3
      1753              4
      1754              1
      1755              3
      1756              1
      1757              5
      1758              4
      1759              3
      1760              4
      1761              3
      1762              3
      1763              1
      1764              0
      1765              1
      1766              2
      1767              0
      1768              1
      1769              1
      1770              6
      1771              2
      1772              4
      1773              5
      1774              0
      1775              2
      1776              3
      1777              4
      1778              0
      1779              2
      1780              4
      1781              1
      1782              4
      1783              5
      1784              2
      1785              1
      1786              3
      1787              2
      1788              3
      1789              1
      1790              2
      1791              0
      1792              4
      1793              4
      1794              1
      1795              4
      1796              0
      1797              1
      1798              1
      1799              3
      1800              2
      1801              1
      1802              2
      1803              3
      1804              1
      1805              0
      1806              3
      1807              2
      1808              1
      1809              0
      1810              1
      1811              3
      1812              2
      1813              0
      1814              5
      1815              1
      1816              1
      1817              1
      1818              3
      1819              3
      1820              1
      1821              5
      1822              0
      1823              1
      1824              0
      1825              2
      1826              0
      1827              1
      1828              0
      1829              1
      1830              2
      1831              1
      1832              0
      1833              2
      1834              1
      1835              1
      1836              4
      1837              0
      1838              2
      1839              4
      1840              1
      1841              3
      1842              2
      1843              1
      1844              2
      1845              1
      1846              0
      1847              1
      1848              1
      1849              0
      1850              1
      1851              2
      1852              1
      1853              1
      1854              1
      1855              1
      1856              2
      1857              5
      1858              3
      1859              3
      1860              1
      1861              1
      1862              1
      1863              2
      1864              0
      1865              3
      1866              1
      1867              3
      1868              4
      1869              3
      1870              3
      1871              1
      1872              1
      1873              2
      1874              2
      1875              0
      1876              1
      1877              1
      1878              2
      1879              2
      1880              0
      1881              0
      1882              1
      1883              0
      1884              2
      1885              1
      1886              0
      1887              0
      1888              2
      1889              1
      1890              0
      1891              1
      1892              0
      1893              1
      1894              2
      1895              2
      1896              0
      1897              2
      1898              0
      1899              0
      1900              2
      1901              1
      1902              4
      1903              2
      1904              4
      1905              0
      1906              0
      1907              1
      1908              0
      1909              2
      1910              0
      1911              1
      1912              0
      1913              1
      1914              0
      1915              2
      1916              3
      1917              1
      1918              3
      1919              0
      1920              0
      1921              0
      1922              1
      1923              1
      1924              0
      1925              1
      1926              1
      1927              1
      1928              0
      1929              1
      1930              0
      1931              0
      1932              0
      1933              0
      1934              1
      1935              2
      1936              0
      1937              5
      1938              0
      1939              2
      1940              1
      1941              2
      1942              1
      1943              1
      1944              1
      1945              0
      1946              1
      1947              0
      1948              1
      1949              1
      1950              2
      1951              1
      1952              5
      1953              0
      1954              1
      1955              1
      1956              2
      1957              2
      1958              2
      1959              0
      1960              0
      1961              2
      1962              1
      1963              2
      1964              2
      1965              1
      1966              1
      1967              0
      1968              0
      1969              0
      1970              0
      1971              0
      1972              0
      1973              1
      1974              0
      1975              0
      1976              2
      1977              0
      1978              1
      1979              2
      1980              1
      1981              0
      1982              1
      1983              0
      1984              2
      1985              3
      1986              1
      1987              1
      1988              2
      1989              0
      1990              1
      1991              0
      1992              0
      1993              1
      1994              1
      1995              0
      1996              0
      1997              1
      1998              0
      1999              1
      2000              1
      2001              0
      2002              0
      2003              1
      2004              0
      2005              1
      2006              1
      2007              0
      2008              0
      2009              1
      2010              0
      2011              0
      2012              1
      2013              0
      2014              3
      2015              1
      2016              1
      2017              1
      2018              0
      2019              0
      2020              0
      2021              0
      2022              0
      2023              0
      2024              0
      2025              0
      2026              0
      2027              0
      2028              0
      2029              0
      2030              0
      2031              0
      2032              0
      2033              0
      2034              0
      2035              0
      2036              0
      2037              0
      2038              0
      2039              0
      2040              0
      2041              0
      2042              0
      2043              0
      2044              0
      2045              0
      2046              0
      2047              0
