         0              0
         1              0
         2              0
         3              0
         4              0
         5              0
         6              0
         7              0
         8              0
         9              0
        10              0
        11              0
        12              0
        13              0
        14              0
        15              0
        16              0
        17              0
        18              0
        19              0
        20              0
        21              0
        22              0
        23             16
        24             40
        25             39
        26             35
        27             45
        28             42
        29             41
        30             32
        31             40
        32             41
        33             49
        34             39
        35             42
        36             43
        37             43
        38             36
        39             50
        40             52
        41             53
        42             56
        43             57
        44             33
        45             50
        46             41
        47             47
        48             49
        49             33
        50             65
        51             57
        52             46
        53             38
        54             56
        55             58
        56             51
        57             44
        58             66
        59             76
        60             59
        61             59
        62             45
        63             60
        64             46
        65             66
        66             59
        67             55
        68             53
        69             40
        70             63
        71             51
        72             52
        73             58
        74             57
        75             64
        76             67
        77             77
        78             57
        79             67
        80             69
        81             53
        82             87
        83             70
        84             77
        85             70
        86             94
        87             79
        88             96
        89             85
        90             99
        91             93
        92            101
        93             83
        94             96
        95            104
        96            109
        97            103
        98            115
        99            111
       100            116
       101            136
       102            115
       103            116
       104            128
       105            123
       106            136
       107            138
       108            120
       109            151
       110            169
       111            176
       112            176
       113            141
       114            173
       115            137
       116            144
       117            169
       118            155
       119            166
       120            183
       121            170
       122            169
       123            175
       124            186
       125            211
       126            191
       127            201
       128            181
       129            229
       130            199
       131            204
       132            204
       133            195
       134            191
       135            206
       136            186
       137            213
       138            183
       139            203
       140            176
       141            214
       142            224
       143            204
       144            197
       145            199
       146            182
       147            213
       148            215
       149            195
       150            184
       151            220
       152            197
       153            192
       154            191
       155            203
       156            216
       157            195
       158            195
       159            200
       160            203
       161            177
       162            198
       163            189
       164            177
       165            216
       166            181
       167            163
       168            204
       169            194
       170            198
       171            198
       172            196
       173            202
       174            194
       175            191
       176            207
       177            199
       178            187
       179            194
       180            176
       181            165
       182            204
       183            206
       184            182
       185            194
       186            227
       187            189
       188            184
       189            185
       190            198
       191            194
       192            170
       193            176
       194            191
       195            189
       196            195
       197            205
       198            202
       199            167
       200            166
       201            183
       202            194
       203            189
       204            168
       205            180
       206            173
       207            167
       208            166
       209            188
       210            164
       211            187
       212            158
       213            163
       214            148
       215            168
       216            148
       217            152
       218            169
       219            148
       220            185
       221            157
       222            158
       223            147
       224            158
       225            154
       226            166
       227            157
       228            136
       229            157
       230            184
       231            155
       232            162
       233            159
       234            136
       235            141
       236            143
       237            165
       238            142
       239            152
       240            138
       241            157
       242            154
       243            188
       244            152
       245            152
       246            123
       247            145
       248            163
       249            141
       250            138
       251            147
       252            144
       253            123
       254            146
       255            148
       256            144
       257            148
       258            124
       259            125
       260            137
       261            132
       262            155
       263            132
       264            146
       265            143
       266            133
       267            137
       268            141
       269            120
       270            144
       271            129
       272            145
       273            124
       274            125
       275            129
       276            134
       277            131
       278            121
       279            140
       280            132
       281            128
       282            123
       283            134
       284            134
       285            124
       286            145
       287            159
       288            132
       289            156
       290            129
       291            135
       292            124
       293            132
       294            141
       295            131
       296            125
       297            152
       298            141
       299            140
       300            133
       301            117
       302            131
       303            157
       304            117
       305            132
       306            109
       307            124
       308            118
       309            115
       310            114
       311            115
       312            135
       313            123
       314            134
       315            110
       316             94
       317            105
       318            125
       319            120
       320            126
       321            107
       322             97
       323            123
       324            109
       325             97
       326            103
       327            103
       328            110
       329             94
       330            103
       331            105
       332             73
       333             74
       334             90
       335            103
       336             90
       337            104
       338             98
       339            102
       340             83
       341             96
       342            106
       343             85
       344             93
       345            107
       346             89
       347             88
       348             85
       349             89
       350             88
       351             88
       352            104
       353            100
       354             80
       355             73
       356            107
       357             83
       358             75
       359             78
       360             96
       361             93
       362             68
       363             94
       364             80
       365             84
       366             69
       367             87
       368             66
       369             84
       370             70
       371             67
       372             77
       373             82
       374             60
       375             65
       376             84
       377             88
       378             77
       379             88
       380             80
       381             66
       382             75
       383             86
       384             53
       385             71
       386             61
       387             77
       388             55
       389             69
       390             72
       391             56
       392             79
       393             60
       394             51
       395             59
       396             68
       397             51
       398             65
       399             51
       400             60
       401             60
       402             62
       403             59
       404             57
       405             54
       406             63
       407             56
       408             56
       409             64
       410             64
       411             61
       412             45
       413             59
       414             49
       415             63
       416             54
       417             47
       418             54
       419             49
       420             50
       421             53
       422             60
       423             68
       424             69
       425             54
       426             45
       427             55
       428             64
       429             48
       430             50
       431             54
       432             57
       433             52
       434             50
       435             61
       436             57
       437             53
       438             50
       439             43
       440             64
       441             51
       442             39
       443             45
       444             52
       445             41
       446             55
       447             55
       448             56
       449             38
       450             58
       451             47
       452             46
       453             54
       454             56
       455             59
       456             53
       457             48
       458             52
       459             39
       460             54
       461             42
       462             46
       463             57
       464             58
       465             62
       466             47
       467             45
       468             59
       469             51
       470             46
       471             44
       472             41
       473             48
       474             45
       475             46
       476             55
       477             36
       478             55
       479             34
       480             53
       481             48
       482             52
       483             39
       484             41
       485             50
       486             39
       487             46
       488             35
       489             38
       490             40
       491             44
       492             42
       493             36
       494             39
       495             41
       496             43
       497             37
       498             46
       499             45
       500             38
       501             53
       502             42
       503             38
       504             39
       505             39
       506             36
       507             43
       508             46
       509             35
       510             38
       511             49
       512             33
       513             38
       514             44
       515             40
       516             39
       517             36
       518             36
       519             39
       520             33
       521             31
       522             43
       523             39
       524             49
       525             45
       526             32
       527             39
       528             32
       529             53
       530             38
       531             39
       532             39
       533             32
       534             39
       535             42
       536             37
       537             44
       538             34
       539             25
       540             32
       541             44
       542             35
       543             44
       544             30
       545             26
       546             39
       547             46
       548             24
       549             32
       550             43
       551             33
       552             45
       553             40
       554             31
       555             37
       556             27
       557             36
       558             36
       559             35
       560             30
       561             28
       562             31
       563             39
       564             28
       565             28
       566             36
       567             41
       568             31
       569             31
       570             30
       571             30
       572             33
       573             29
       574             34
       575             39
       576             31
       577             33
       578             29
       579             39
       580             28
       581             35
       582             29
       583             26
       584             27
       585             30
       586             30
       587             26
       588             28
       589             31
       590             31
       591             34
       592             32
       593             30
       594             31
       595             23
       596             34
       597             32
       598             32
       599             35
       600             19
       601             31
       602             25
       603             44
       604             33
       605             22
       606             27
       607             31
       608             28
       609             26
       610             34
       611             28
       612             29
       613             20
       614             24
       615             31
       616             36
       617             32
       618             30
       619             32
       620             33
       621             27
       622             21
       623             29
       624             22
       625             41
       626             20
       627             38
       628             38
       629             35
       630             40
       631             31
       632             33
       633             27
       634             29
       635             25
       636             24
       637             22
       638             33
       639             38
       640             26
       641             28
       642             28
       643             23
       644             28
       645             41
       646             24
       647             22
       648             25
       649             25
       650             34
       651             35
       652             27
       653             27
       654             41
       655             34
       656             25
       657             33
       658             31
       659             34
       660             33
       661             34
       662             31
       663             27
       664             29
       665             27
       666             23
       667             35
       668             27
       669             28
       670             27
       671             27
       672             25
       673             22
       674             28
       675             28
       676             36
       677             17
       678             33
       679             27
       680             24
       681             26
       682             32
       683             26
       684             33
       685             30
       686             27
       687             25
       688             23
       689             27
       690             26
       691             34
       692             19
       693             19
       694             31
       695             22
       696             21
       697             24
       698             18
       699             25
       700             26
       701             19
       702             21
       703             19
       704             27
       705             28
       706             20
       707             23
       708             26
       709             21
       710             20
       711             17
       712             20
       713             27
       714             20
       715             22
       716             15
       717             20
       718             21
       719             17
       720             16
       721             20
       722             24
       723             18
       724             16
       725             22
       726             15
       727             21
       728             20
       729             12
       730             18
       731             16
       732              6
       733             17
       734             18
       735             12
       736             22
       737             22
       738             15
       739             14
       740             23
       741             20
       742             13
       743             11
       744             20
       745             19
       746              8
       747             12
       748             10
       749             12
       750             24
       751             20
       752             14
       753             13
       754             18
       755              6
       756             14
       757             20
       758             14
       759             14
       760             10
       761             13
       762             16
       763             17
       764              3
       765             11
       766             14
       767             21
       768             15
       769             19
       770             13
       771             18
       772             17
       773             17
       774             10
       775             14
       776             17
       777              4
       778              8
       779             12
       780             11
       781             14
       782             18
       783             14
       784             16
       785             15
       786             15
       787             18
       788              9
       789             14
       790              6
       791              9
       792             13
       793             10
       794              7
       795             10
       796             16
       797             16
       798             11
       799             16
       800             14
       801              9
       802              8
       803             14
       804             12
       805              6
       806             11
       807             13
       808             10
       809             12
       810             15
       811             15
       812              8
       813             11
       814             16
       815              8
       816             12
       817              9
       818              7
       819              9
       820              7
       821              7
       822             10
       823             11
       824              6
       825              7
       826              9
       827              9
       828             11
       829              8
       830             10
       831             10
       832             13
       833             13
       834             14
       835              8
       836              9
       837             16
       838             14
       839             14
       840             18
       841              7
       842             11
       843              9
       844             13
       845             12
       846              9
       847             11
       848              8
       849              5
       850             10
       851              6
       852              9
       853             16
       854              5
       855             14
       856             14
       857              9
       858             15
       859              7
       860              9
       861              8
       862             18
       863              6
       864             12
       865              8
       866             10
       867              8
       868             13
       869              9
       870             13
       871             11
       872             20
       873              8
       874             14
       875             16
       876             12
       877             10
       878             14
       879             13
       880              9
       881              8
       882             11
       883             10
       884             20
       885             16
       886             14
       887              9
       888             11
       889             13
       890             12
       891             14
       892              4
       893             13
       894             12
       895              7
       896             10
       897             14
       898             13
       899             14
       900             10
       901             16
       902             11
       903             12
       904             14
       905              8
       906             12
       907             17
       908             15
       909             13
       910             17
       911             16
       912             18
       913             13
       914             18
       915             18
       916             20
       917             14
       918             16
       919             17
       920             11
       921             14
       922             19
       923             17
       924             17
       925             21
       926             23
       927             20
       928             16
       929             24
       930             18
       931             25
       932             30
       933             30
       934             31
       935             21
       936             23
       937             30
       938             26
       939             29
       940             28
       941             31
       942             40
       943             40
       944             34
       945             35
       946             39
       947             46
       948             48
       949             37
       950             38
       951             53
       952             52
       953             56
       954             62
       955             55
       956             62
       957             60
       958             78
       959             62
       960             69
       961             77
       962             69
       963             95
       964             86
       965             96
       966             84
       967             84
       968            101
       969            111
       970            112
       971             83
       972             89
       973            111
       974            101
       975            106
       976            114
       977            109
       978            118
       979            118
       980            122
       981            132
       982            123
       983            134
       984            141
       985            125
       986            141
       987            121
       988            127
       989            140
       990            141
       991            134
       992            143
       993            147
       994            138
       995            116
       996            151
       997            141
       998            153
       999            121
      1000            132
      1001            145
      1002            133
      1003            139
      1004            136
      1005            134
      1006            115
      1007            119
      1008            133
      1009            142
      1010            126
      1011            126
      1012            111
      1013             87
      1014             84
      1015            107
      1016            102
      1017             97
      1018            100
      1019            105
      1020             90
      1021            101
      1022             80
      1023             97
      1024             74
      1025             78
      1026             82
      1027             70
      1028             64
      1029             71
      1030             59
      1031             53
      1032             54
      1033             49
      1034             56
      1035             51
      1036             66
      1037             40
      1038             36
      1039             61
      1040             40
      1041             54
      1042             44
      1043             39
      1044             33
      1045             27
      1046             25
      1047             27
      1048             28
      1049             33
      1050             15
      1051             23
      1052             30
      1053             15
      1054             26
      1055             16
      1056             17
      1057              7
      1058              9
      1059             10
      1060              8
      1061             11
      1062              9
      1063             11
      1064             11
      1065             13
      1066             13
      1067             10
      1068              9
      1069              6
      1070              9
      1071              6
      1072              8
      1073              9
      1074              4
      1075              8
      1076             10
      1077              8
      1078              4
      1079              9
      1080             11
      1081              6
      1082              7
      1083              2
      1084              1
      1085              4
      1086              3
      1087              4
      1088              3
      1089              6
      1090              6
      1091              2
      1092              3
      1093              3
      1094              6
      1095              3
      1096              3
      1097             11
      1098              5
      1099              6
      1100              6
      1101              4
      1102              3
      1103              4
      1104              8
      1105              3
      1106              2
      1107              4
      1108              5
      1109              7
      1110              4
      1111              4
      1112              5
      1113             12
      1114              7
      1115              1
      1116              2
      1117              2
      1118              3
      1119              5
      1120              7
      1121              4
      1122              2
      1123              5
      1124              7
      1125              4
      1126              3
      1127              7
      1128              6
      1129              1
      1130              2
      1131              4
      1132              5
      1133              3
      1134              1
      1135              0
      1136             10
      1137              7
      1138              5
      1139              6
      1140              3
      1141              8
      1142              2
      1143              1
      1144              5
      1145              9
      1146              4
      1147              2
      1148              4
      1149              3
      1150              6
      1151              3
      1152              2
      1153              2
      1154              6
      1155              5
      1156              6
      1157              1
      1158              5
      1159              5
      1160              5
      1161              5
      1162              2
      1163              5
      1164              5
      1165              5
      1166              4
      1167              3
      1168              4
      1169              3
      1170              3
      1171              5
      1172             10
      1173              3
      1174              5
      1175              4
      1176              6
      1177              2
      1178              1
      1179              5
      1180              5
      1181              5
      1182              3
      1183              2
      1184              6
      1185              5
      1186              4
      1187              3
      1188              5
      1189              5
      1190              3
      1191              3
      1192              2
      1193              5
      1194              3
      1195              1
      1196              4
      1197              5
      1198              5
      1199              2
      1200              1
      1201              1
      1202              3
      1203              1
      1204              0
      1205              5
      1206              5
      1207              2
      1208              9
      1209              2
      1210              4
      1211              3
      1212              6
      1213              3
      1214              6
      1215              3
      1216              7
      1217              3
      1218              0
      1219              3
      1220              2
      1221              7
      1222              1
      1223              4
      1224              2
      1225              2
      1226              4
      1227              2
      1228              1
      1229              4
      1230              6
      1231              2
      1232              3
      1233              3
      1234              5
      1235              1
      1236              1
      1237              4
      1238              2
      1239              3
      1240              5
      1241              5
      1242              2
      1243              2
      1244              1
      1245              2
      1246              5
      1247              5
      1248              0
      1249              1
      1250              3
      1251              3
      1252              4
      1253              2
      1254              4
      1255              4
      1256              5
      1257              2
      1258              2
      1259              0
      1260              1
      1261              7
      1262              4
      1263              6
      1264              5
      1265              3
      1266              4
      1267              3
      1268              1
      1269              8
      1270              4
      1271              2
      1272              0
      1273              0
      1274              3
      1275              2
      1276              1
      1277              3
      1278              4
      1279              2
      1280              0
      1281              3
      1282              3
      1283              6
      1284              2
      1285              3
      1286              5
      1287              0
      1288              0
      1289              1
      1290              2
      1291              1
      1292              4
      1293              7
      1294              6
      1295              3
      1296              5
      1297              0
      1298              2
      1299              1
      1300              5
      1301              3
      1302              3
      1303              1
      1304              4
      1305              4
      1306              4
      1307              1
      1308              2
      1309              6
      1310              2
      1311              4
      1312              3
      1313              1
      1314              2
      1315              2
      1316              5
      1317              4
      1318              5
      1319              2
      1320              7
      1321              3
      1322              5
      1323              4
      1324              2
      1325              2
      1326              7
      1327              6
      1328              4
      1329              3
      1330              7
      1331              1
      1332              3
      1333              3
      1334              2
      1335              3
      1336              3
      1337              3
      1338              6
      1339              5
      1340              4
      1341              6
      1342              4
      1343              4
      1344              6
      1345              5
      1346              3
      1347              2
      1348              1
      1349              3
      1350              2
      1351              3
      1352              2
      1353              3
      1354              4
      1355              2
      1356              2
      1357              3
      1358              5
      1359              5
      1360              2
      1361              3
      1362              4
      1363              4
      1364              1
      1365              2
      1366              7
      1367              4
      1368              6
      1369              1
      1370              3
      1371              3
      1372              2
      1373              1
      1374              4
      1375              3
      1376              3
      1377              4
      1378              4
      1379              2
      1380              1
      1381              3
      1382              3
      1383              6
      1384              4
      1385              3
      1386              5
      1387              4
      1388              1
      1389              3
      1390              2
      1391              4
      1392              3
      1393              4
      1394              5
      1395              4
      1396              4
      1397              4
      1398              3
      1399              1
      1400              1
      1401              4
      1402              4
      1403              6
      1404              1
      1405              4
      1406              5
      1407              6
      1408              3
      1409              1
      1410              2
      1411              3
      1412              4
      1413              5
      1414              1
      1415              4
      1416              3
      1417              0
      1418              7
      1419              2
      1420              3
      1421              4
      1422              3
      1423              3
      1424              3
      1425              2
      1426              0
      1427              6
      1428              4
      1429              3
      1430              0
      1431              2
      1432              5
      1433              2
      1434              4
      1435              4
      1436              3
      1437              0
      1438              4
      1439              1
      1440              5
      1441              4
      1442              3
      1443              2
      1444              4
      1445              1
      1446              4
      1447              6
      1448              2
      1449              4
      1450              3
      1451              9
      1452              6
      1453              5
      1454              2
      1455              2
      1456              5
      1457              4
      1458              5
      1459              2
      1460              1
      1461              3
      1462              2
      1463              2
      1464              4
      1465              0
      1466              4
      1467              3
      1468              2
      1469              4
      1470              2
      1471              2
      1472              3
      1473              5
      1474              0
      1475              3
      1476              0
      1477              3
      1478              1
      1479              4
      1480              3
      1481              2
      1482              1
      1483              3
      1484              1
      1485              4
      1486              1
      1487              1
      1488              3
      1489              4
      1490              3
      1491              3
      1492              3
      1493              2
      1494              6
      1495              2
      1496              5
      1497              2
      1498              1
      1499              2
      1500              4
      1501              6
      1502              3
      1503              1
      1504              6
      1505              1
      1506              1
      1507              0
      1508              4
      1509              5
      1510              4
      1511              0
      1512              3
      1513              0
      1514              1
      1515              5
      1516              3
      1517              4
      1518              1
      1519              4
      1520              2
      1521              1
      1522              2
      1523              1
      1524              4
      1525              4
      1526              3
      1527              1
      1528              2
      1529              0
      1530              3
      1531              2
      1532              1
      1533              0
      1534              3
      1535              3
      1536              4
      1537              1
      1538              1
      1539              3
      1540              1
      1541              1
      1542              4
      1543              4
      1544              5
      1545              0
      1546              5
      1547              6
      1548              1
      1549              1
      1550              1
      1551              1
      1552              0
      1553              2
      1554              2
      1555              3
      1556              2
      1557              3
      1558              2
      1559              5
      1560              1
      1561              1
      1562              3
      1563              2
      1564              1
      1565              3
      1566              2
      1567              2
      1568              4
      1569              5
      1570              5
      1571              6
      1572              3
      1573              3
      1574              4
      1575              5
      1576              0
      1577              1
      1578              2
      1579              1
      1580              3
      1581              4
      1582              2
      1583              1
      1584              1
      1585              4
      1586              2
      1587              1
      1588              3
      1589              2
      1590              3
      1591              1
      1592              1
      1593              1
      1594              5
      1595              3
      1596              3
      1597              0
      1598              2
      1599              4
      1600              7
      1601              5
      1602              0
      1603              1
      1604              2
      1605              1
      1606              1
      1607              0
      1608              4
      1609              5
      1610              1
      1611              3
      1612              1
      1613              1
      1614              3
      1615              4
      1616              2
      1617              4
      1618              2
      1619              1
      1620              1
      1621              4
      1622              4
      1623              2
      1624              5
      1625              3
      1626              1
      1627              2
      1628              2
      1629              1
      1630              2
      1631              3
      1632              1
      1633              4
      1634              3
      1635              2
      1636              1
      1637              2
      1638              1
      1639              7
      1640              6
      1641              2
      1642              0
      1643              0
      1644              1
      1645              4
      1646              2
      1647              2
      1648              4
      1649              0
      1650              3
      1651              6
      1652              1
      1653              1
      1654              2
      1655              1
      1656              1
      1657              1
      1658              4
      1659              4
      1660              2
      1661              2
      1662              4
      1663              1
      1664              2
      1665              1
      1666              5
      1667              2
      1668              4
      1669              4
      1670              6
      1671              1
      1672              4
      1673              4
      1674              6
      1675              1
      1676              1
      1677              2
      1678              1
      1679              2
      1680              3
      1681              0
      1682              0
      1683              3
      1684              3
      1685              0
      1686              2
      1687              0
      1688              2
      1689              1
      1690              3
      1691              2
      1692              3
      1693              6
      1694              1
      1695              1
      1696              1
      1697              3
      1698              2
      1699              3
      1700              1
      1701              3
      1702              1
      1703              0
      1704              1
      1705              0
      1706              3
      1707              0
      1708              2
      1709              2
      1710              3
      1711              1
      1712              4
      1713              1
      1714              3
      1715              2
      1716              0
      1717              4
      1718              1
      1719              2
      1720              2
      1721              1
      1722              5
      1723              0
      1724              3
      1725              2
      1726              3
      1727              3
      1728              5
      1729              3
      1730              3
      1731              2
      1732              2
      1733              0
      1734              1
      1735              0
      1736              2
      1737              2
      1738              0
      1739              2
      1740              1
      1741              4
      1742              1
      1743              0
      1744              2
      1745              3
      1746              2
      1747              3
      1748              3
      1749              1
      1750              2
      1751              4
      1752              0
      1753              3
      1754              2
      1755              1
      1756              0
      1757              0
      1758              4
      1759              2
      1760              3
      1761              4
      1762              3
      1763              1
      1764              1
      1765              3
      1766              2
      1767              4
      1768              3
      1769              4
      1770              3
      1771              1
      1772              2
      1773              2
      1774              1
      1775              2
      1776              2
      1777              2
      1778              2
      1779              3
      1780              5
      1781              3
      1782              4
      1783              1
      1784              1
      1785              3
      1786              0
      1787              1
      1788              1
      1789              2
      1790              1
      1791              4
      1792              1
      1793              0
      1794              2
      1795              0
      1796              2
      1797              0
      1798              1
      1799              2
      1800              1
      1801              3
      1802              0
      1803              0
      1804              2
      1805              1
      1806              2
      1807              1
      1808              2
      1809              1
      1810              4
      1811              1
      1812              1
      1813              2
      1814              2
      1815              1
      1816              1
      1817              2
      1818              1
      1819              1
      1820              2
      1821              0
      1822              3
      1823              3
      1824              1
      1825              0
      1826              2
      1827              3
      1828              2
      1829              0
      1830              2
      1831              2
      1832              0
      1833              1
      1834              2
      1835              1
      1836              2
      1837              0
      1838              2
      1839              2
      1840              1
      1841              2
      1842              4
      1843              2
      1844              1
      1845              3
      1846              0
      1847              2
      1848              0
      1849              1
      1850              0
      1851              2
      1852              0
      1853              2
      1854              1
      1855              2
      1856              0
      1857              1
      1858              1
      1859              1
      1860              2
      1861              0
      1862              0
      1863              1
      1864              1
      1865              0
      1866              0
      1867              0
      1868              0
      1869              0
      1870              1
      1871              1
      1872              1
      1873              2
      1874              0
      1875              1
      1876              4
      1877              1
      1878              0
      1879              1
      1880              0
      1881              1
      1882              1
      1883              1
      1884              0
      1885              2
      1886              1
      1887              0
      1888              0
      1889              0
      1890              2
      1891              3
      1892              1
      1893              0
      1894              1
      1895              0
      1896              0
      1897              2
      1898              2
      1899              0
      1900              0
      1901              0
      1902              1
      1903              0
      1904              0
      1905              2
      1906              2
      1907              3
      1908              0
      1909              0
      1910              0
      1911              3
      1912              2
      1913              1
      1914              0
      1915              1
      1916              3
      1917              4
      1918              2
      1919              0
      1920              0
      1921              0
      1922              0
      1923              1
      1924              1
      1925              1
      1926              1
      1927              1
      1928              2
      1929              1
      1930              2
      1931              2
      1932              1
      1933              0
      1934              1
      1935              1
      1936              0
      1937              0
      1938              3
      1939              1
      1940              1
      1941              1
      1942              0
      1943              0
      1944              0
      1945              1
      1946              0
      1947              0
      1948              0
      1949              1
      1950              0
      1951              0
      1952              2
      1953              0
      1954              2
      1955              4
      1956              0
      1957              0
      1958              0
      1959              1
      1960              1
      1961              0
      1962              0
      1963              0
      1964              0
      1965              1
      1966              1
      1967              0
      1968              1
      1969              2
      1970              2
      1971              2
      1972              0
      1973              1
      1974              2
      1975              0
      1976              1
      1977              1
      1978              2
      1979              2
      1980              3
      1981              0
      1982              0
      1983              1
      1984              1
      1985              0
      1986              1
      1987              2
      1988              0
      1989              1
      1990              0
      1991              0
      1992              0
      1993              0
      1994              0
      1995              5
      1996              0
      1997              2
      1998              1
      1999              0
      2000              0
      2001              2
      2002              1
      2003              1
      2004              1
      2005              0
      2006              0
      2007              0
      2008              5
      2009              0
      2010              0
      2011              0
      2012              2
      2013              0
      2014              1
      2015              1
      2016              2
      2017              1
      2018              5
      2019              0
      2020              0
      2021              0
      2022              0
      2023              0
      2024              0
      2025              0
      2026              0
      2027              0
      2028              0
      2029              0
      2030              0
      2031              0
      2032              0
      2033              0
      2034              0
      2035              0
      2036              0
      2037              0
      2038              0
      2039              0
      2040              0
      2041              0
      2042              0
      2043              0
      2044              0
      2045              0
      2046              0
      2047              0
