         0              0
         1              0
         2              0
         3              0
         4              0
         5              0
         6              0
         7              0
         8              0
         9              0
        10              0
        11              0
        12              0
        13              0
        14              0
        15              0
        16              0
        17              0
        18              0
        19              0
        20              0
        21              0
        22              0
        23             27
        24             39
        25             33
        26             33
        27             40
        28             26
        29             26
        30             38
        31             46
        32             39
        33             34
        34             44
        35             46
        36             30
        37             38
        38             36
        39             42
        40             46
        41             42
        42             45
        43             49
        44             40
        45             53
        46             44
        47             48
        48             49
        49             38
        50             41
        51             56
        52             57
        53             51
        54             49
        55             75
        56             67
        57             60
        58             64
        59             64
        60             66
        61             66
        62             58
        63             62
        64             52
        65             54
        66             50
        67             52
        68             50
        69             51
        70             53
        71             51
        72             62
        73             64
        74             63
        75             69
        76             62
        77             52
        78             70
        79             66
        80             67
        81             71
        82             69
        83             62
        84             78
        85             80
        86             88
        87             76
        88             85
        89             88
        90             71
        91            107
        92             84
        93            107
        94            103
        95            106
        96            101
        97            109
        98            119
        99            109
       100            126
       101            135
       102            122
       103            127
       104            115
       105            121
       106            152
       107            126
       108            138
       109            140
       110            120
       111            125
       112            159
       113            151
       114            162
       115            151
       116            149
       117            171
       118            176
       119            179
       120            171
       121            173
       122            192
       123            176
       124            187
       125            179
       126            193
       127            219
       128            211
       129            189
       130            196
       131            183
       132            166
       133            206
       134            163
       135            208
       136            208
       137            195
       138            197
       139            191
       140            229
       141            208
       142            222
       143            192
       144            207
       145            194
       146            186
       147            199
       148            197
       149            205
       150            193
       151            188
       152            203
       153            199
       154            207
       155            182
       156            210
       157            196
       158            181
       159            214
       160            202
       161            177
       162            199
       163            188
       164            187
       165            208
       166            193
       167            184
       168            167
       169            197
       170            198
       171            183
       172            196
       173            191
       174            204
       175            202
       176            200
       177            167
       178            166
       179            200
       180            197
       181            173
       182            172
       183            173
       184            183
       185            175
       186            193
       187            179
       188            196
       189            175
       190            178
       191            184
       192            179
       193            177
       194            182
       195            194
       196            185
       197            142
       198            186
       199            183
       200            180
       201            170
       202            203
       203            178
       204            156
       205            156
       206            162
       207            165
       208            179
       209            154
       210            166
       211            177
       212            149
       213            182
       214            157
       215            163
       216            162
       217            156
       218            173
       219            161
       220            159
       221            151
       222            159
       223            160
       224            156
       225            158
       226            167
       227            140
       228            138
       229            151
       230            155
       231            145
       232            164
       233            146
       234            152
       235            153
       236            154
       237            179
       238            163
       239            136
       240            146
       241            137
       242            152
       243            139
       244            155
       245            135
       246            142
       247            123
       248            131
       249            129
       250            128
       251            115
       252            115
       253            152
       254            131
       255            129
       256            146
       257            133
       258            156
       259            126
       260            125
       261            149
       262            143
       263            111
       264            141
       265            150
       266            140
       267            142
       268            139
       269            124
       270            114
       271            160
       272            127
       273            136
       274            122
       275            129
       276            117
       277            118
       278            142
       279            149
       280            136
       281            161
       282            144
       283            134
       284            157
       285            128
       286            139
       287            138
       288            146
       289            143
       290            133
       291            131
       292            158
       293            138
       294            129
       295            131
       296            137
       297            117
       298            145
       299            141
       300            125
       301            147
       302            130
       303            136
       304            125
       305            135
       306            122
       307            118
       308            117
       309            128
       310            124
       311            138
       312            117
       313            131
       314            113
       315            121
       316            101
       317            117
       318            109
       319            115
       320            116
       321            108
       322            104
       323            109
       324            119
       325            104
       326             97
       327            105
       328            107
       329             84
       330             95
       331             94
       332            107
       333            104
       334            104
       335             91
       336             91
       337             84
       338             75
       339             84
       340             93
       341             99
       342             92
       343             90
       344             89
       345             76
       346             89
       347             86
       348             98
       349             72
       350             93
       351             70
       352             82
       353             78
       354             85
       355             84
       356             83
       357             85
       358             91
       359             73
       360             69
       361             85
       362             82
       363             82
       364             93
       365             67
       366             85
       367             69
       368             81
       369             81
       370             73
       371             74
       372             66
       373             78
       374             80
       375             69
       376             66
       377             72
       378             75
       379             77
       380             76
       381             69
       382             67
       383             69
       384             55
       385             73
       386             69
       387             66
       388             66
       389             62
       390             66
       391             60
       392             61
       393             60
       394             51
       395             66
       396             67
       397             58
       398             58
       399             70
       400             50
       401             49
       402             53
       403             45
       404             60
       405             50
       406             57
       407             47
       408             63
       409             59
       410             52
       411             49
       412             51
       413             48
       414             58
       415             59
       416             46
       417             57
       418             45
       419             42
       420             53
       421             55
       422             46
       423             46
       424             55
       425             39
       426             51
       427             55
       428             59
       429             62
       430             55
       431             44
       432             51
       433             53
       434             50
       435             38
       436             53
       437             50
       438             43
       439             45
       440             47
       441             59
       442             60
       443             51
       444             34
       445             53
       446             44
       447             40
       448             49
       449             43
       450             63
       451             51
       452             55
       453             48
       454             53
       455             51
       456             44
       457             47
       458             62
       459             52
       460             39
       461             37
       462             46
       463             38
       464             54
       465             43
       466             39
       467             45
       468             35
       469             32
       470             36
       471             32
       472             43
       473             55
       474             37
       475             38
       476             41
       477             41
       478             39
       479             36
       480             48
       481             42
       482             32
       483             40
       484             36
       485             40
       486             48
       487             24
       488             24
       489             29
       490             43
       491             40
       492             38
       493             31
       494             36
       495             36
       496             36
       497             32
       498             41
       499             31
       500             41
       501             41
       502             42
       503             44
       504             39
       505             45
       506             40
       507             26
       508             44
       509             34
       510             30
       511             35
       512             32
       513             34
       514             44
       515             41
       516             33
       517             39
       518             38
       519             34
       520             33
       521             35
       522             40
       523             32
       524             35
       525             48
       526             33
       527             42
       528             29
       529             38
       530             41
       531             41
       532             38
       533             33
       534             29
       535             36
       536             35
       537             34
       538             31
       539             29
       540             28
       541             27
       542             39
       543             39
       544             33
       545             41
       546             23
       547             39
       548             43
       549             38
       550             32
       551             43
       552             43
       553             41
       554             35
       555             34
       556             29
       557             37
       558             33
       559             28
       560             36
       561             33
       562             37
       563             32
       564             32
       565             25
       566             34
       567             34
       568             37
       569             22
       570             32
       571             36
       572             26
       573             24
       574             37
       575             25
       576             30
       577             32
       578             31
       579             28
       580             27
       581             27
       582             25
       583             27
       584             25
       585             31
       586             31
       587             31
       588             26
       589             26
       590             30
       591             30
       592             21
       593             34
       594             23
       595             21
       596             28
       597             29
       598             35
       599             20
       600             27
       601             31
       602             26
       603             25
       604             30
       605             30
       606             32
       607             20
       608             28
       609             27
       610             34
       611             40
       612             24
       613             19
       614             32
       615             34
       616             30
       617             33
       618             27
       619             24
       620             28
       621             21
       622             30
       623             23
       624             32
       625             26
       626             29
       627             32
       628             22
       629             31
       630             25
       631             27
       632             28
       633             25
       634             26
       635             20
       636             28
       637             19
       638             28
       639             28
       640             23
       641             24
       642             27
       643             21
       644             34
       645             23
       646             33
       647             27
       648             20
       649             22
       650             15
       651             26
       652             20
       653             19
       654             22
       655             23
       656             33
       657             27
       658             25
       659             32
       660             31
       661             20
       662             31
       663             23
       664             29
       665             28
       666             22
       667             23
       668             23
       669             33
       670             22
       671             24
       672             26
       673             20
       674             25
       675             28
       676             23
       677             23
       678             26
       679             18
       680             29
       681             26
       682             21
       683             29
       684             27
       685             24
       686             21
       687             21
       688             25
       689             34
       690             22
       691             17
       692             13
       693             28
       694             24
       695             18
       696             20
       697             27
       698             15
       699             20
       700             25
       701             23
       702             25
       703             19
       704             22
       705             18
       706             20
       707             30
       708             25
       709             17
       710             15
       711             22
       712             18
       713             17
       714             20
       715             23
       716             13
       717              9
       718             19
       719             12
       720             16
       721             10
       722             16
       723             27
       724             16
       725             14
       726             13
       727             13
       728             10
       729             11
       730             23
       731             16
       732             26
       733             12
       734             15
       735             15
       736             17
       737              9
       738             25
       739             14
       740             16
       741             17
       742             23
       743             12
       744             10
       745             15
       746             15
       747             23
       748             17
       749             10
       750             20
       751             13
       752             17
       753             13
       754              8
       755             20
       756             17
       757             16
       758             12
       759             11
       760             20
       761             13
       762              4
       763             14
       764             16
       765             17
       766             14
       767             21
       768             18
       769             10
       770              9
       771             19
       772             15
       773             14
       774             11
       775             15
       776              8
       777             17
       778             12
       779             10
       780             13
       781             13
       782              8
       783              8
       784              6
       785              7
       786             10
       787              8
       788             16
       789              8
       790             12
       791              8
       792             13
       793             16
       794             14
       795             10
       796             13
       797             12
       798             13
       799             16
       800             11
       801              8
       802              8
       803             14
       804             10
       805              8
       806             10
       807             11
       808             11
       809             13
       810             11
       811              4
       812             12
       813              7
       814             13
       815             11
       816             11
       817              8
       818             13
       819             13
       820             13
       821             13
       822              6
       823              8
       824              6
       825             10
       826             10
       827              6
       828             11
       829              6
       830             15
       831             10
       832             10
       833             12
       834             11
       835             12
       836              6
       837              7
       838              9
       839             11
       840             10
       841              9
       842             12
       843              8
       844             11
       845             16
       846              9
       847             13
       848             10
       849             11
       850             10
       851              7
       852             10
       853              9
       854             18
       855             14
       856              8
       857              9
       858             14
       859             11
       860             13
       861              8
       862              9
       863             12
       864             13
       865             14
       866              5
       867             10
       868             15
       869              7
       870             13
       871             20
       872             12
       873             10
       874             18
       875              7
       876             19
       877              7
       878             15
       879             15
       880             16
       881             11
       882             13
       883             15
       884             11
       885             12
       886             12
       887              9
       888             20
       889              8
       890              5
       891              7
       892             12
       893             10
       894             11
       895             10
       896             13
       897             13
       898             16
       899              9
       900              6
       901             12
       902             12
       903             11
       904             14
       905             19
       906             11
       907              9
       908              9
       909             13
       910             11
       911             18
       912             13
       913             17
       914             11
       915             11
       916             24
       917             18
       918             18
       919             18
       920              9
       921             12
       922             21
       923             20
       924             19
       925             22
       926             14
       927             17
       928             20
       929             23
       930             26
       931             27
       932             24
       933             14
       934             30
       935             34
       936             28
       937             19
       938             20
       939             27
       940             33
       941             32
       942             29
       943             37
       944             33
       945             36
       946             34
       947             34
       948             37
       949             53
       950             42
       951             38
       952             55
       953             53
       954             51
       955             53
       956             55
       957             50
       958             61
       959             62
       960             63
       961             60
       962             56
       963             68
       964             77
       965             72
       966             73
       967             71
       968             85
       969             73
       970             89
       971             74
       972             77
       973             96
       974             90
       975             87
       976             75
       977             76
       978            102
       979             86
       980            103
       981             99
       982            115
       983            120
       984            105
       985            122
       986            107
       987            132
       988            101
       989            111
       990            112
       991            113
       992            111
       993            112
       994             98
       995            126
       996            114
       997            108
       998            130
       999            101
      1000            120
      1001            116
      1002            105
      1003            116
      1004            121
      1005            117
      1006            116
      1007             90
      1008            100
      1009             99
      1010            100
      1011             91
      1012            103
      1013             97
      1014            102
      1015             85
      1016             97
      1017             93
      1018             75
      1019             82
      1020             62
      1021             78
      1022             66
      1023             75
      1024             61
      1025             59
      1026             44
      1027             52
      1028             55
      1029             49
      1030             64
      1031             52
      1032             49
      1033             42
      1034             31
      1035             53
      1036             48
      1037             35
      1038             34
      1039             40
      1040             37
      1041             34
      1042             28
      1043             31
      1044             27
      1045             19
      1046             32
      1047             24
      1048             24
      1049             23
      1050             18
      1051             17
      1052             15
      1053             17
      1054             16
      1055             13
      1056             12
      1057             11
      1058             13
      1059             12
      1060             12
      1061             12
      1062             11
      1063             14
      1064             11
      1065              3
      1066              9
      1067              9
      1068              6
      1069              5
      1070              8
      1071              4
      1072              8
      1073              3
      1074              4
      1075              3
      1076              8
      1077              6
      1078              2
      1079              9
      1080              6
      1081              4
      1082              4
      1083              3
      1084              4
      1085              8
      1086              4
      1087              5
      1088              5
      1089              3
      1090              9
      1091              5
      1092              7
      1093              2
      1094              9
      1095              4
      1096              3
      1097              5
      1098              1
      1099              5
      1100              4
      1101              6
      1102              4
      1103              4
      1104              4
      1105              1
      1106              3
      1107              3
      1108              4
      1109              5
      1110              6
      1111              5
      1112              3
      1113              5
      1114              5
      1115              4
      1116              3
      1117              2
      1118              8
      1119              3
      1120              7
      1121              6
      1122              7
      1123              2
      1124              4
      1125              2
      1126              2
      1127              4
      1128              4
      1129              4
      1130              8
      1131              3
      1132              4
      1133              5
      1134              6
      1135              7
      1136              3
      1137              5
      1138              3
      1139              6
      1140              1
      1141              3
      1142              6
      1143              5
      1144              5
      1145              0
      1146              4
      1147              5
      1148              3
      1149              1
      1150              3
      1151              5
      1152              2
      1153              2
      1154              6
      1155              7
      1156              6
      1157              3
      1158              4
      1159             11
      1160              5
      1161              2
      1162              8
      1163              2
      1164              1
      1165              1
      1166              3
      1167              5
      1168              4
      1169              5
      1170              2
      1171              1
      1172              5
      1173              4
      1174              2
      1175              3
      1176              3
      1177              5
      1178              4
      1179              9
      1180              4
      1181              2
      1182              4
      1183              3
      1184              9
      1185              7
      1186              0
      1187              4
      1188              3
      1189              3
      1190              5
      1191              3
      1192              3
      1193              2
      1194              5
      1195              2
      1196              2
      1197              2
      1198              6
      1199              0
      1200              3
      1201              2
      1202              3
      1203              0
      1204              1
      1205              4
      1206              6
      1207              2
      1208              6
      1209              3
      1210              5
      1211              4
      1212              5
      1213              2
      1214              3
      1215              5
      1216              4
      1217              4
      1218              6
      1219              4
      1220              6
      1221              2
      1222              2
      1223              5
      1224              4
      1225              2
      1226              3
      1227              0
      1228              4
      1229              3
      1230              2
      1231              2
      1232              5
      1233              1
      1234              4
      1235              3
      1236              2
      1237              4
      1238              2
      1239              1
      1240              4
      1241              3
      1242              1
      1243              5
      1244              2
      1245              4
      1246              1
      1247              4
      1248              4
      1249              4
      1250              1
      1251              4
      1252              4
      1253              1
      1254              7
      1255              2
      1256              4
      1257              2
      1258              0
      1259              4
      1260              3
      1261              4
      1262              3
      1263              6
      1264              4
      1265              4
      1266              3
      1267              1
      1268              6
      1269              5
      1270              3
      1271              3
      1272              4
      1273              4
      1274              5
      1275              5
      1276              1
      1277              2
      1278              3
      1279              4
      1280              3
      1281              2
      1282              1
      1283              3
      1284              0
      1285              5
      1286              6
      1287              3
      1288              3
      1289              3
      1290              5
      1291              5
      1292              3
      1293              4
      1294              4
      1295              7
      1296              2
      1297              3
      1298              2
      1299              4
      1300              5
      1301              4
      1302              5
      1303              6
      1304              3
      1305              5
      1306              1
      1307              4
      1308              5
      1309              4
      1310              5
      1311              5
      1312              1
      1313              4
      1314              3
      1315              5
      1316              2
      1317              4
      1318              3
      1319              0
      1320              1
      1321              4
      1322              4
      1323              2
      1324              3
      1325              7
      1326              3
      1327              6
      1328              2
      1329              4
      1330              7
      1331              3
      1332              1
      1333              4
      1334              3
      1335              5
      1336              2
      1337              4
      1338              4
      1339              4
      1340              3
      1341              2
      1342              3
      1343              2
      1344              2
      1345              2
      1346              6
      1347              6
      1348              6
      1349              7
      1350              1
      1351              5
      1352              4
      1353              2
      1354              5
      1355              8
      1356              4
      1357              5
      1358              3
      1359              5
      1360              4
      1361              4
      1362              6
      1363              4
      1364              5
      1365              0
      1366              3
      1367              1
      1368              3
      1369              1
      1370              5
      1371              4
      1372              8
      1373              4
      1374              0
      1375              5
      1376              4
      1377              4
      1378              6
      1379              1
      1380              3
      1381              3
      1382              2
      1383              4
      1384              8
      1385              3
      1386              3
      1387              2
      1388              1
      1389              5
      1390              5
      1391              1
      1392              4
      1393              5
      1394              4
      1395              0
      1396              3
      1397              1
      1398              0
      1399              2
      1400              3
      1401              3
      1402              4
      1403              1
      1404              3
      1405              2
      1406              0
      1407              0
      1408              5
      1409              3
      1410              3
      1411              2
      1412              1
      1413              4
      1414              3
      1415              2
      1416              4
      1417              7
      1418              3
      1419              3
      1420              1
      1421              3
      1422              2
      1423              1
      1424              6
      1425              8
      1426              3
      1427              6
      1428              1
      1429              6
      1430              4
      1431              4
      1432              1
      1433              5
      1434              0
      1435              2
      1436              4
      1437              4
      1438              6
      1439              4
      1440              0
      1441              3
      1442              4
      1443              3
      1444              6
      1445              4
      1446              5
      1447              6
      1448              1
      1449              4
      1450              4
      1451              2
      1452              4
      1453              1
      1454              1
      1455              4
      1456              2
      1457              1
      1458              1
      1459              8
      1460              1
      1461              7
      1462              4
      1463              3
      1464              2
      1465              1
      1466              2
      1467              0
      1468              2
      1469              0
      1470              4
      1471              5
      1472              0
      1473              2
      1474              3
      1475              2
      1476              3
      1477              1
      1478              3
      1479              3
      1480              2
      1481              0
      1482              3
      1483              1
      1484              5
      1485              1
      1486              5
      1487              3
      1488              1
      1489              2
      1490              4
      1491              2
      1492              3
      1493              5
      1494              2
      1495              0
      1496              3
      1497              5
      1498              2
      1499              4
      1500              0
      1501              4
      1502              2
      1503              1
      1504              0
      1505              4
      1506              1
      1507              3
      1508              1
      1509              3
      1510              1
      1511              3
      1512              2
      1513              4
      1514              2
      1515              1
      1516              0
      1517              2
      1518              3
      1519              4
      1520              0
      1521              2
      1522              2
      1523              0
      1524              3
      1525              0
      1526              3
      1527              1
      1528              2
      1529              0
      1530              1
      1531              3
      1532              4
      1533              1
      1534              3
      1535              2
      1536              2
      1537              3
      1538              3
      1539              1
      1540              0
      1541              0
      1542              3
      1543              0
      1544              2
      1545              1
      1546              1
      1547              4
      1548              2
      1549              7
      1550              0
      1551              1
      1552              1
      1553              1
      1554              3
      1555              3
      1556              3
      1557              2
      1558              5
      1559              3
      1560              2
      1561              3
      1562              2
      1563              2
      1564              5
      1565              1
      1566              2
      1567              2
      1568              1
      1569              3
      1570              2
      1571              1
      1572              1
      1573              1
      1574              3
      1575              3
      1576              2
      1577              2
      1578              2
      1579              2
      1580              2
      1581              1
      1582              1
      1583              3
      1584              3
      1585              1
      1586              5
      1587              1
      1588              3
      1589              1
      1590              1
      1591              1
      1592              6
      1593              4
      1594              2
      1595              2
      1596              2
      1597              3
      1598              4
      1599              2
      1600              1
      1601              3
      1602              2
      1603              7
      1604              3
      1605              2
      1606              2
      1607              1
      1608              3
      1609              3
      1610              4
      1611              3
      1612              2
      1613              4
      1614              5
      1615              1
      1616              3
      1617              3
      1618              3
      1619              3
      1620              2
      1621              3
      1622              3
      1623              3
      1624              5
      1625              1
      1626              4
      1627              3
      1628              1
      1629              0
      1630              2
      1631              1
      1632              5
      1633              4
      1634              4
      1635              2
      1636              6
      1637              3
      1638              5
      1639              1
      1640              5
      1641              4
      1642              1
      1643              1
      1644              0
      1645              4
      1646              1
      1647              0
      1648              2
      1649              3
      1650              2
      1651              6
      1652              2
      1653              1
      1654              3
      1655              5
      1656              4
      1657              4
      1658              3
      1659              1
      1660              2
      1661              2
      1662              2
      1663              2
      1664              3
      1665              1
      1666              5
      1667              4
      1668              1
      1669              2
      1670              4
      1671              2
      1672              1
      1673              4
      1674              2
      1675              1
      1676              2
      1677              4
      1678              0
      1679              5
      1680              3
      1681              2
      1682              3
      1683              5
      1684              5
      1685              4
      1686              4
      1687              6
      1688              1
      1689              2
      1690              2
      1691              2
      1692              1
      1693              2
      1694              1
      1695              2
      1696              3
      1697              1
      1698              4
      1699              5
      1700              2
      1701              2
      1702              3
      1703              1
      1704              1
      1705              3
      1706              2
      1707              3
      1708              4
      1709              2
      1710              3
      1711              2
      1712              5
      1713              3
      1714              3
      1715              1
      1716              1
      1717              3
      1718              3
      1719              0
      1720              5
      1721              2
      1722              2
      1723              2
      1724              9
      1725              1
      1726              0
      1727              3
      1728              2
      1729              2
      1730              2
      1731              1
      1732              1
      1733              0
      1734              1
      1735              2
      1736              2
      1737              7
      1738              1
      1739              1
      1740              2
      1741              3
      1742              4
      1743              3
      1744              3
      1745              1
      1746              2
      1747              2
      1748              2
      1749              4
      1750              1
      1751              2
      1752              1
      1753              1
      1754              4
      1755              1
      1756              1
      1757              0
      1758              3
      1759              0
      1760              2
      1761              0
      1762              1
      1763              1
      1764              1
      1765              4
      1766              1
      1767              1
      1768              1
      1769              1
      1770              3
      1771              2
      1772              1
      1773              2
      1774              0
      1775              0
      1776              1
      1777              1
      1778              2
      1779              1
      1780              2
      1781              1
      1782              1
      1783              0
      1784              1
      1785              2
      1786              2
      1787              0
      1788              2
      1789              2
      1790              3
      1791              1
      1792              0
      1793              3
      1794              1
      1795              2
      1796              1
      1797              1
      1798              1
      1799              4
      1800              1
      1801              2
      1802              1
      1803              4
      1804              0
      1805              1
      1806              3
      1807              0
      1808              1
      1809              2
      1810              1
      1811              0
      1812              1
      1813              1
      1814              1
      1815              1
      1816              0
      1817              1
      1818              2
      1819              2
      1820              1
      1821              1
      1822              1
      1823              2
      1824              1
      1825              6
      1826              1
      1827              0
      1828              4
      1829              0
      1830              2
      1831              3
      1832              2
      1833              0
      1834              3
      1835              1
      1836              0
      1837              1
      1838              4
      1839              1
      1840              1
      1841              1
      1842              1
      1843              3
      1844              0
      1845              0
      1846              0
      1847              1
      1848              0
      1849              2
      1850              2
      1851              0
      1852              1
      1853              0
      1854              2
      1855              3
      1856              3
      1857              2
      1858              0
      1859              0
      1860              0
      1861              1
      1862              2
      1863              1
      1864              2
      1865              3
      1866              2
      1867              0
      1868              0
      1869              2
      1870              3
      1871              1
      1872              0
      1873              3
      1874              4
      1875              2
      1876              0
      1877              1
      1878              3
      1879              1
      1880              0
      1881              0
      1882              2
      1883              0
      1884              0
      1885              1
      1886              1
      1887              0
      1888              5
      1889              3
      1890              2
      1891              1
      1892              0
      1893              1
      1894              0
      1895              4
      1896              1
      1897              3
      1898              0
      1899              2
      1900              1
      1901              0
      1902              1
      1903              0
      1904              0
      1905              1
      1906              1
      1907              1
      1908              2
      1909              2
      1910              2
      1911              0
      1912              0
      1913              0
      1914              0
      1915              2
      1916              0
      1917              1
      1918              2
      1919              1
      1920              1
      1921              1
      1922              1
      1923              0
      1924              4
      1925              1
      1926              1
      1927              2
      1928              1
      1929              4
      1930              1
      1931              1
      1932              2
      1933              0
      1934              0
      1935              2
      1936              0
      1937              2
      1938              1
      1939              1
      1940              1
      1941              1
      1942              1
      1943              2
      1944              1
      1945              1
      1946              1
      1947              1
      1948              1
      1949              1
      1950              2
      1951              1
      1952              2
      1953              2
      1954              0
      1955              1
      1956              0
      1957              1
      1958              0
      1959              1
      1960              0
      1961              0
      1962              0
      1963              0
      1964              1
      1965              1
      1966              0
      1967              2
      1968              0
      1969              1
      1970              1
      1971              1
      1972              0
      1973              0
      1974              1
      1975              0
      1976              1
      1977              3
      1978              1
      1979              0
      1980              0
      1981              0
      1982              1
      1983              0
      1984              1
      1985              1
      1986              0
      1987              2
      1988              3
      1989              1
      1990              1
      1991              0
      1992              0
      1993              0
      1994              4
      1995              1
      1996              2
      1997              2
      1998              0
      1999              0
      2000              1
      2001              2
      2002              0
      2003              2
      2004              0
      2005              2
      2006              1
      2007              0
      2008              1
      2009              1
      2010              0
      2011              2
      2012              1
      2013              0
      2014              2
      2015              2
      2016              2
      2017              2
      2018              0
      2019              0
      2020              0
      2021              0
      2022              0
      2023              0
      2024              0
      2025              0
      2026              0
      2027              0
      2028              0
      2029              0
      2030              0
      2031              0
      2032              0
      2033              0
      2034              0
      2035              0
      2036              0
      2037              0
      2038              0
      2039              0
      2040              0
      2041              0
      2042              0
      2043              0
      2044              0
      2045              0
      2046              0
      2047              0
