         0              0
         1              0
         2              0
         3              0
         4              0
         5              0
         6              0
         7              0
         8              0
         9              0
        10              0
        11              0
        12              0
        13              0
        14              0
        15              0
        16              0
        17              0
        18              0
        19              0
        20              0
        21              0
        22              0
        23             22
        24             33
        25             29
        26             33
        27             25
        28             33
        29             35
        30             33
        31             22
        32             44
        33             35
        34             39
        35             41
        36             38
        37             41
        38             39
        39             38
        40             36
        41             45
        42             41
        43             47
        44             32
        45             55
        46             44
        47             46
        48             52
        49             60
        50             43
        51             44
        52             51
        53             50
        54             63
        55             50
        56             41
        57             56
        58             52
        59             57
        60             75
        61             59
        62             52
        63             44
        64             45
        65             49
        66             47
        67             61
        68             61
        69             64
        70             57
        71             66
        72             51
        73             54
        74             56
        75             65
        76             50
        77             64
        78             51
        79             58
        80             65
        81             74
        82             61
        83             63
        84             62
        85             64
        86             90
        87             72
        88             93
        89             85
        90             82
        91             65
        92             94
        93             92
        94             91
        95             94
        96            100
        97             94
        98            100
        99            110
       100             96
       101             88
       102            111
       103            125
       104            131
       105            140
       106            133
       107            128
       108            133
       109            149
       110            167
       111            151
       112            150
       113            143
       114            173
       115            166
       116            157
       117            135
       118            170
       119            190
       120            182
       121            190
       122            189
       123            202
       124            201
       125            196
       126            182
       127            174
       128            214
       129            188
       130            185
       131            223
       132            167
       133            184
       134            214
       135            196
       136            178
       137            206
       138            191
       139            190
       140            234
       141            188
       142            206
       143            195
       144            201
       145            190
       146            226
       147            206
       148            192
       149            165
       150            201
       151            209
       152            201
       153            190
       154            184
       155            191
       156            203
       157            194
       158            188
       159            203
       160            198
       161            196
       162            204
       163            192
       164            180
       165            184
       166            160
       167            222
       168            195
       169            183
       170            194
       171            195
       172            219
       173            192
       174            177
       175            168
       176            193
       177            171
       178            188
       179            184
       180            209
       181            199
       182            188
       183            163
       184            171
       185            198
       186            189
       187            173
       188            189
       189            183
       190            200
       191            171
       192            172
       193            176
       194            184
       195            199
       196            171
       197            180
       198            182
       199            161
       200            159
       201            170
       202            159
       203            168
       204            183
       205            138
       206            162
       207            162
       208            171
       209            152
       210            182
       211            169
       212            174
       213            160
       214            162
       215            208
       216            166
       217            160
       218            150
       219            185
       220            180
       221            144
       222            142
       223            151
       224            152
       225            146
       226            160
       227            143
       228            148
       229            141
       230            173
       231            154
       232            145
       233            149
       234            132
       235            152
       236            129
       237            166
       238            159
       239            156
       240            150
       241            135
       242            136
       243            157
       244            141
       245            117
       246            134
       247            121
       248            141
       249            116
       250            142
       251            122
       252            143
       253            137
       254            134
       255            135
       256            131
       257            137
       258            126
       259            121
       260            123
       261            126
       262            142
       263            145
       264            118
       265            148
       266            130
       267            142
       268            132
       269            141
       270            122
       271            109
       272            126
       273            108
       274            130
       275            109
       276            122
       277            126
       278            113
       279            136
       280            129
       281            130
       282            112
       283            136
       284            116
       285            134
       286            128
       287            107
       288            154
       289            132
       290            145
       291            120
       292            114
       293            130
       294            133
       295            117
       296            153
       297            129
       298            117
       299            133
       300            114
       301            122
       302            112
       303            119
       304            139
       305            123
       306            109
       307            132
       308            126
       309            114
       310            114
       311            102
       312            103
       313            105
       314            113
       315            112
       316            107
       317            117
       318            101
       319            111
       320            106
       321             96
       322             93
       323             92
       324            115
       325             89
       326             95
       327            107
       328             99
       329            103
       330             92
       331             94
       332             91
       333            100
       334             90
       335            103
       336             96
       337             84
       338             95
       339             95
       340             98
       341             90
       342             95
       343             83
       344             74
       345             85
       346             82
       347             93
       348             91
       349             69
       350             90
       351             69
       352             77
       353             76
       354             72
       355             99
       356             84
       357             66
       358             71
       359             74
       360             80
       361             79
       362             54
       363             80
       364             84
       365             72
       366             58
       367             73
       368             65
       369             71
       370             71
       371             73
       372             72
       373             63
       374             84
       375             74
       376             75
       377             72
       378             73
       379             66
       380             83
       381             62
       382             74
       383             54
       384             61
       385             85
       386             57
       387             68
       388             69
       389             58
       390             67
       391             71
       392             69
       393             64
       394             64
       395             65
       396             55
       397             56
       398             46
       399             52
       400             55
       401             58
       402             56
       403             54
       404             59
       405             49
       406             46
       407             67
       408             58
       409             63
       410             50
       411             60
       412             61
       413             49
       414             63
       415             65
       416             52
       417             50
       418             55
       419             55
       420             52
       421             57
       422             39
       423             55
       424             47
       425             53
       426             35
       427             42
       428             36
       429             41
       430             48
       431             47
       432             46
       433             50
       434             49
       435             47
       436             45
       437             61
       438             43
       439             46
       440             50
       441             47
       442             45
       443             49
       444             47
       445             48
       446             56
       447             44
       448             37
       449             48
       450             46
       451             51
       452             52
       453             36
       454             58
       455             36
       456             48
       457             38
       458             39
       459             38
       460             45
       461             48
       462             43
       463             36
       464             43
       465             45
       466             39
       467             43
       468             51
       469             47
       470             38
       471             44
       472             37
       473             41
       474             35
       475             38
       476             30
       477             36
       478             30
       479             51
       480             38
       481             31
       482             43
       483             39
       484             31
       485             33
       486             48
       487             39
       488             35
       489             30
       490             30
       491             30
       492             31
       493             30
       494             33
       495             39
       496             37
       497             25
       498             29
       499             31
       500             34
       501             33
       502             19
       503             31
       504             37
       505             47
       506             44
       507             27
       508             35
       509             42
       510             38
       511             35
       512             33
       513             41
       514             28
       515             39
       516             39
       517             30
       518             28
       519             33
       520             38
       521             37
       522             30
       523             31
       524             26
       525             38
       526             35
       527             25
       528             22
       529             30
       530             32
       531             41
       532             28
       533             33
       534             26
       535             34
       536             30
       537             39
       538             38
       539             43
       540             41
       541             31
       542             39
       543             29
       544             37
       545             30
       546             39
       547             33
       548             41
       549             32
       550             36
       551             32
       552             25
       553             36
       554             26
       555             27
       556             29
       557             46
       558             37
       559             28
       560             31
       561             29
       562             28
       563             34
       564             14
       565             36
       566             38
       567             38
       568             30
       569             32
       570             22
       571             25
       572             22
       573             31
       574             26
       575             29
       576             22
       577             21
       578             28
       579             29
       580             29
       581             12
       582             31
       583             34
       584             29
       585             24
       586             21
       587             19
       588             28
       589             24
       590             21
       591             22
       592             25
       593             19
       594             23
       595             17
       596             27
       597             21
       598             34
       599             28
       600             27
       601             29
       602             24
       603             32
       604             26
       605             22
       606             25
       607             21
       608             29
       609             17
       610             23
       611             24
       612             22
       613             33
       614             31
       615             28
       616             20
       617             23
       618             20
       619             28
       620             30
       621             22
       622             27
       623             25
       624             22
       625             24
       626             22
       627             26
       628             28
       629             24
       630             30
       631             25
       632             25
       633             20
       634             27
       635             23
       636             16
       637             23
       638             20
       639             17
       640             17
       641             27
       642             18
       643             25
       644             21
       645             26
       646             15
       647             23
       648             20
       649             19
       650             22
       651             22
       652             23
       653             27
       654             18
       655             22
       656             28
       657             28
       658             22
       659             26
       660             22
       661             20
       662             16
       663             15
       664             17
       665             18
       666             24
       667             28
       668             25
       669             26
       670             24
       671             16
       672             18
       673             24
       674             22
       675             19
       676             24
       677             23
       678              9
       679             24
       680             25
       681             21
       682             22
       683             14
       684             18
       685             20
       686             33
       687             14
       688             27
       689             18
       690             25
       691             19
       692             22
       693             20
       694             18
       695             19
       696             21
       697             18
       698             16
       699             20
       700             13
       701             15
       702             26
       703             17
       704             18
       705             13
       706             22
       707             14
       708             18
       709             12
       710             17
       711             13
       712             23
       713             17
       714             14
       715             17
       716             11
       717             13
       718             25
       719             13
       720             17
       721             21
       722             18
       723             27
       724             17
       725             15
       726             10
       727             14
       728             12
       729             15
       730             14
       731              8
       732             13
       733             12
       734             17
       735             18
       736             12
       737             10
       738             22
       739             13
       740             15
       741             15
       742             23
       743              9
       744             19
       745             22
       746             12
       747             19
       748             16
       749             16
       750             13
       751             15
       752             17
       753             17
       754             13
       755             14
       756             16
       757              9
       758              7
       759             11
       760             13
       761             16
       762             12
       763             10
       764             13
       765             12
       766             11
       767             11
       768             14
       769             13
       770             11
       771             12
       772             13
       773             12
       774             11
       775             15
       776             19
       777             16
       778             14
       779             11
       780              9
       781             14
       782              8
       783              9
       784             18
       785             16
       786             11
       787             10
       788             12
       789              9
       790              5
       791             13
       792              5
       793             12
       794             14
       795             10
       796             13
       797             13
       798             17
       799             12
       800             14
       801              5
       802             14
       803             13
       804             12
       805             14
       806             10
       807             12
       808              9
       809             12
       810              7
       811              9
       812              4
       813              8
       814             13
       815             12
       816             10
       817              7
       818             10
       819             13
       820              8
       821             16
       822              7
       823             11
       824             12
       825              8
       826             10
       827             12
       828             11
       829             11
       830             15
       831              9
       832             10
       833             14
       834             10
       835             15
       836              6
       837             13
       838             13
       839             11
       840              7
       841             11
       842             11
       843              9
       844             16
       845              3
       846              7
       847             11
       848              7
       849             11
       850             11
       851             10
       852             11
       853             13
       854              8
       855              4
       856             15
       857             14
       858              9
       859              9
       860             12
       861              9
       862             11
       863              8
       864              6
       865              4
       866             13
       867             11
       868              5
       869             14
       870             11
       871             12
       872              8
       873             21
       874             11
       875             12
       876              6
       877              8
       878              7
       879             16
       880             16
       881             10
       882             18
       883             17
       884              9
       885             12
       886             15
       887             10
       888             13
       889             15
       890              9
       891              6
       892             12
       893             15
       894             12
       895             10
       896              7
       897             10
       898             15
       899             14
       900             11
       901              6
       902             10
       903             14
       904             10
       905              8
       906             13
       907             12
       908             11
       909              7
       910             16
       911             11
       912              7
       913             12
       914             16
       915             15
       916             13
       917             10
       918             12
       919             18
       920             12
       921             14
       922             13
       923             17
       924             14
       925             24
       926             13
       927             17
       928             16
       929             24
       930              7
       931             11
       932             19
       933             21
       934             17
       935             17
       936             22
       937             27
       938             24
       939             29
       940             25
       941             27
       942             33
       943             24
       944             19
       945             34
       946             39
       947             28
       948             39
       949             30
       950             43
       951             29
       952             45
       953             31
       954             43
       955             56
       956             44
       957             49
       958             42
       959             64
       960             52
       961             46
       962             46
       963             52
       964             55
       965             48
       966             75
       967             53
       968             77
       969             77
       970             69
       971             64
       972             76
       973             88
       974             72
       975             81
       976             80
       977             73
       978             93
       979             79
       980             85
       981            101
       982             98
       983             91
       984             79
       985             96
       986             75
       987             90
       988            106
       989             84
       990             89
       991             78
       992             90
       993             92
       994            102
       995             73
       996             99
       997            104
       998             87
       999             99
      1000             83
      1001             97
      1002             92
      1003             91
      1004             85
      1005             88
      1006             79
      1007             96
      1008             82
      1009             92
      1010             68
      1011             69
      1012             78
      1013             99
      1014             64
      1015             84
      1016             52
      1017             74
      1018             82
      1019             49
      1020             85
      1021             59
      1022             47
      1023             56
      1024             63
      1025             57
      1026             46
      1027             43
      1028             46
      1029             45
      1030             44
      1031             30
      1032             38
      1033             41
      1034             42
      1035             37
      1036             46
      1037             26
      1038             36
      1039             39
      1040             25
      1041             20
      1042             35
      1043             17
      1044             28
      1045             19
      1046             17
      1047             15
      1048             22
      1049             16
      1050             12
      1051             15
      1052             13
      1053             13
      1054             18
      1055             15
      1056             13
      1057             14
      1058             14
      1059              8
      1060              9
      1061             11
      1062              4
      1063              9
      1064              5
      1065              4
      1066              8
      1067             11
      1068              7
      1069              5
      1070              6
      1071              5
      1072              6
      1073              5
      1074              7
      1075              4
      1076              2
      1077              6
      1078              5
      1079              2
      1080              7
      1081              1
      1082              3
      1083              2
      1084              5
      1085              8
      1086              8
      1087              6
      1088              7
      1089              5
      1090              3
      1091              6
      1092              4
      1093              5
      1094              5
      1095              5
      1096              2
      1097              7
      1098              4
      1099              5
      1100              3
      1101              2
      1102              7
      1103              3
      1104              5
      1105              4
      1106              3
      1107              3
      1108              4
      1109              5
      1110              3
      1111              2
      1112              5
      1113              1
      1114              0
      1115              3
      1116              3
      1117              3
      1118              2
      1119              3
      1120              6
      1121              2
      1122              2
      1123              6
      1124              5
      1125              2
      1126              6
      1127              3
      1128              3
      1129              3
      1130              3
      1131              2
      1132              2
      1133              5
      1134              7
      1135              3
      1136              1
      1137              2
      1138              5
      1139              5
      1140              5
      1141              5
      1142              3
      1143              3
      1144              3
      1145              2
      1146              3
      1147              2
      1148              3
      1149              6
      1150              5
      1151              5
      1152              4
      1153              5
      1154              4
      1155              6
      1156              4
      1157              6
      1158              5
      1159              6
      1160              5
      1161              4
      1162              6
      1163              1
      1164              1
      1165              6
      1166              3
      1167             10
      1168              5
      1169              1
      1170              1
      1171              5
      1172              3
      1173              3
      1174              6
      1175              4
      1176              5
      1177              4
      1178              9
      1179              4
      1180              0
      1181              8
      1182              3
      1183              4
      1184              5
      1185              6
      1186              3
      1187              5
      1188              6
      1189              5
      1190              1
      1191              2
      1192              0
      1193              3
      1194              3
      1195              3
      1196              4
      1197              4
      1198              2
      1199              5
      1200              4
      1201              5
      1202              2
      1203              4
      1204              2
      1205              4
      1206              4
      1207              3
      1208              1
      1209              9
      1210              7
      1211              0
      1212              1
      1213              1
      1214              3
      1215              6
      1216              2
      1217              3
      1218              4
      1219              6
      1220              2
      1221              6
      1222              2
      1223              7
      1224              4
      1225              6
      1226              3
      1227              6
      1228              0
      1229              2
      1230              2
      1231              5
      1232              4
      1233              2
      1234              3
      1235              2
      1236              7
      1237              0
      1238              4
      1239              6
      1240              2
      1241              4
      1242              4
      1243              2
      1244              1
      1245              3
      1246              3
      1247              2
      1248              3
      1249              2
      1250              5
      1251              6
      1252              4
      1253              3
      1254              5
      1255              1
      1256              3
      1257              2
      1258              5
      1259              1
      1260              6
      1261              2
      1262              5
      1263              3
      1264              5
      1265              2
      1266              6
      1267              0
      1268              3
      1269              4
      1270              3
      1271              2
      1272              4
      1273              3
      1274              2
      1275              4
      1276              6
      1277              2
      1278              2
      1279              2
      1280              0
      1281              4
      1282              4
      1283              2
      1284              2
      1285              3
      1286              3
      1287              3
      1288              4
      1289              3
      1290              4
      1291              2
      1292              4
      1293              6
      1294              5
      1295              4
      1296              2
      1297              3
      1298              2
      1299              1
      1300              6
      1301              3
      1302              2
      1303              4
      1304              6
      1305              4
      1306              5
      1307              3
      1308              3
      1309              3
      1310              5
      1311              3
      1312              1
      1313              7
      1314              5
      1315              5
      1316              2
      1317              8
      1318              7
      1319              3
      1320              4
      1321              5
      1322              6
      1323              4
      1324              3
      1325              7
      1326              5
      1327              5
      1328              7
      1329              5
      1330              6
      1331              2
      1332              2
      1333              6
      1334              3
      1335              3
      1336              3
      1337              3
      1338              5
      1339              5
      1340              1
      1341              4
      1342              3
      1343              3
      1344              5
      1345              2
      1346              3
      1347              6
      1348              2
      1349              4
      1350              1
      1351              7
      1352              0
      1353              2
      1354              3
      1355              6
      1356              1
      1357              6
      1358              0
      1359              7
      1360              6
      1361              5
      1362              4
      1363              2
      1364              5
      1365              5
      1366              5
      1367              3
      1368              2
      1369              7
      1370              3
      1371              8
      1372              3
      1373              7
      1374              4
      1375              2
      1376              4
      1377              3
      1378              4
      1379              4
      1380              3
      1381              1
      1382              2
      1383              2
      1384              5
      1385              1
      1386              3
      1387              5
      1388              2
      1389              5
      1390              5
      1391              2
      1392              3
      1393              2
      1394              3
      1395              7
      1396              1
      1397              3
      1398              3
      1399              3
      1400              2
      1401              1
      1402              7
      1403              2
      1404              2
      1405              3
      1406              2
      1407              3
      1408              0
      1409              4
      1410              6
      1411              5
      1412              1
      1413              1
      1414              2
      1415              3
      1416              4
      1417              5
      1418              5
      1419              6
      1420              2
      1421              0
      1422              2
      1423              4
      1424              2
      1425              4
      1426              3
      1427              5
      1428              3
      1429              0
      1430              5
      1431              3
      1432              0
      1433              3
      1434              3
      1435              6
      1436              2
      1437              0
      1438              2
      1439              0
      1440              3
      1441              4
      1442              4
      1443              3
      1444              4
      1445              1
      1446              1
      1447              3
      1448              2
      1449              2
      1450              4
      1451              4
      1452              3
      1453              4
      1454              2
      1455              3
      1456              3
      1457              0
      1458              5
      1459              1
      1460              6
      1461              5
      1462              2
      1463              4
      1464              1
      1465              1
      1466              4
      1467              5
      1468              3
      1469              2
      1470              1
      1471              2
      1472              1
      1473              2
      1474              3
      1475              4
      1476              1
      1477              0
      1478              5
      1479              3
      1480              2
      1481              2
      1482              2
      1483              7
      1484              3
      1485              1
      1486              1
      1487              3
      1488              4
      1489              2
      1490              1
      1491              3
      1492              1
      1493              1
      1494              1
      1495              4
      1496              0
      1497              0
      1498              1
      1499              1
      1500              2
      1501              2
      1502              0
      1503              2
      1504              4
      1505              3
      1506              2
      1507              1
      1508              2
      1509              1
      1510              3
      1511              4
      1512              0
      1513              4
      1514              3
      1515              0
      1516              2
      1517              5
      1518              4
      1519              2
      1520              2
      1521              2
      1522              2
      1523              2
      1524              3
      1525              3
      1526              6
      1527              2
      1528              2
      1529              1
      1530              4
      1531              2
      1532              2
      1533              3
      1534              1
      1535              5
      1536              3
      1537              5
      1538              6
      1539              2
      1540              0
      1541              3
      1542              3
      1543              5
      1544              1
      1545              0
      1546              1
      1547              5
      1548              5
      1549              3
      1550              3
      1551              0
      1552              1
      1553              5
      1554              1
      1555              3
      1556              2
      1557              3
      1558              3
      1559              3
      1560              4
      1561              2
      1562              0
      1563              2
      1564              1
      1565              0
      1566              3
      1567              3
      1568              1
      1569              2
      1570              4
      1571              2
      1572              2
      1573              0
      1574              2
      1575              1
      1576              3
      1577              3
      1578              6
      1579              2
      1580              4
      1581              3
      1582              3
      1583              2
      1584              4
      1585              2
      1586              2
      1587              1
      1588              2
      1589              1
      1590              3
      1591              5
      1592              5
      1593              4
      1594              0
      1595              4
      1596              5
      1597              6
      1598              2
      1599              0
      1600              3
      1601              3
      1602              3
      1603              5
      1604              1
      1605              3
      1606              1
      1607              2
      1608              3
      1609              1
      1610              5
      1611              6
      1612              3
      1613              3
      1614              0
      1615              5
      1616              1
      1617              3
      1618              3
      1619              2
      1620              1
      1621              4
      1622              2
      1623              4
      1624              4
      1625              2
      1626              4
      1627              3
      1628              5
      1629              2
      1630              1
      1631              4
      1632              1
      1633              1
      1634              2
      1635              3
      1636              6
      1637              4
      1638              2
      1639              1
      1640              3
      1641              6
      1642              2
      1643              3
      1644              2
      1645              2
      1646              0
      1647              6
      1648              2
      1649              2
      1650              2
      1651              3
      1652              5
      1653              2
      1654              2
      1655              1
      1656              3
      1657              2
      1658              2
      1659              4
      1660              2
      1661              0
      1662              2
      1663              4
      1664              3
      1665              2
      1666              1
      1667              1
      1668              1
      1669              2
      1670              3
      1671              5
      1672              2
      1673              5
      1674              2
      1675              3
      1676              0
      1677              0
      1678              2
      1679              6
      1680              0
      1681              3
      1682              1
      1683              2
      1684              2
      1685              4
      1686              2
      1687              3
      1688              2
      1689              3
      1690              0
      1691              1
      1692              3
      1693              2
      1694              1
      1695              2
      1696              3
      1697              1
      1698              1
      1699              5
      1700              4
      1701              2
      1702              3
      1703              2
      1704              7
      1705              0
      1706              1
      1707              3
      1708              1
      1709              4
      1710              1
      1711              6
      1712              6
      1713              4
      1714              2
      1715              1
      1716              1
      1717              0
      1718              3
      1719              3
      1720              3
      1721              1
      1722              2
      1723              2
      1724              3
      1725              0
      1726              1
      1727              2
      1728              2
      1729              0
      1730              1
      1731              1
      1732              5
      1733              2
      1734              5
      1735              5
      1736              1
      1737              0
      1738              1
      1739              1
      1740              1
      1741              1
      1742              0
      1743              2
      1744              1
      1745              2
      1746              2
      1747              3
      1748              1
      1749              1
      1750              1
      1751              3
      1752              0
      1753              2
      1754              0
      1755              1
      1756              2
      1757              0
      1758              3
      1759              1
      1760              0
      1761              2
      1762              1
      1763              2
      1764              0
      1765              3
      1766              1
      1767              2
      1768              4
      1769              2
      1770              2
      1771              2
      1772              3
      1773              3
      1774              3
      1775              0
      1776              1
      1777              3
      1778              1
      1779              0
      1780              2
      1781              2
      1782              1
      1783              4
      1784              2
      1785              3
      1786              1
      1787              2
      1788              2
      1789              3
      1790              0
      1791              2
      1792              1
      1793              2
      1794              0
      1795              0
      1796              0
      1797              1
      1798              1
      1799              4
      1800              0
      1801              1
      1802              0
      1803              1
      1804              4
      1805              1
      1806              0
      1807              1
      1808              1
      1809              0
      1810              2
      1811              0
      1812              0
      1813              1
      1814              3
      1815              1
      1816              0
      1817              1
      1818              0
      1819              1
      1820              2
      1821              1
      1822              0
      1823              1
      1824              1
      1825              0
      1826              1
      1827              1
      1828              3
      1829              1
      1830              2
      1831              2
      1832              2
      1833              4
      1834              1
      1835              2
      1836              1
      1837              0
      1838              2
      1839              1
      1840              1
      1841              2
      1842              2
      1843              0
      1844              2
      1845              0
      1846              1
      1847              2
      1848              2
      1849              1
      1850              3
      1851              1
      1852              1
      1853              0
      1854              1
      1855              5
      1856              1
      1857              0
      1858              1
      1859              2
      1860              0
      1861              0
      1862              0
      1863              2
      1864              0
      1865              3
      1866              1
      1867              3
      1868              3
      1869              0
      1870              1
      1871              0
      1872              1
      1873              1
      1874              1
      1875              1
      1876              2
      1877              3
      1878              1
      1879              0
      1880              0
      1881              2
      1882              0
      1883              1
      1884              1
      1885              4
      1886              0
      1887              3
      1888              1
      1889              0
      1890              0
      1891              1
      1892              1
      1893              2
      1894              2
      1895              2
      1896              1
      1897              0
      1898              1
      1899              2
      1900              1
      1901              2
      1902              0
      1903              0
      1904              3
      1905              2
      1906              0
      1907              2
      1908              1
      1909              0
      1910              0
      1911              1
      1912              1
      1913              1
      1914              3
      1915              2
      1916              3
      1917              3
      1918              1
      1919              0
      1920              0
      1921              0
      1922              1
      1923              1
      1924              0
      1925              1
      1926              1
      1927              1
      1928              1
      1929              1
      1930              1
      1931              0
      1932              6
      1933              2
      1934              0
      1935              0
      1936              0
      1937              0
      1938              1
      1939              3
      1940              2
      1941              0
      1942              0
      1943              1
      1944              0
      1945              1
      1946              1
      1947              1
      1948              3
      1949              1
      1950              0
      1951              1
      1952              2
      1953              0
      1954              1
      1955              0
      1956              0
      1957              1
      1958              1
      1959              3
      1960              1
      1961              0
      1962              2
      1963              1
      1964              3
      1965              1
      1966              1
      1967              1
      1968              0
      1969              0
      1970              0
      1971              1
      1972              1
      1973              0
      1974              2
      1975              1
      1976              1
      1977              1
      1978              1
      1979              2
      1980              1
      1981              0
      1982              1
      1983              0
      1984              0
      1985              0
      1986              2
      1987              2
      1988              1
      1989              2
      1990              0
      1991              2
      1992              2
      1993              1
      1994              0
      1995              0
      1996              3
      1997              1
      1998              0
      1999              0
      2000              0
      2001              1
      2002              0
      2003              0
      2004              3
      2005              0
      2006              2
      2007              2
      2008              4
      2009              1
      2010              0
      2011              1
      2012              1
      2013              1
      2014              0
      2015              0
      2016              2
      2017              1
      2018              0
      2019              0
      2020              0
      2021              0
      2022              0
      2023              0
      2024              0
      2025              0
      2026              0
      2027              0
      2028              0
      2029              0
      2030              0
      2031              0
      2032              0
      2033              0
      2034              0
      2035              0
      2036              0
      2037              0
      2038              0
      2039              0
      2040              0
      2041              0
      2042              0
      2043              0
      2044              0
      2045              0
      2046              0
      2047              0
