         0              0
         1              0
         2              0
         3              0
         4              0
         5              0
         6              0
         7              0
         8              0
         9              0
        10              0
        11              0
        12              0
        13              0
        14              0
        15              0
        16              0
        17              0
        18              0
        19              0
        20              0
        21              0
        22              0
        23             33
        24             44
        25             59
        26             46
        27             56
        28             37
        29             59
        30             55
        31             57
        32             65
        33             46
        34             61
        35             53
        36             52
        37             46
        38             54
        39             63
        40             56
        41             62
        42             54
        43             73
        44             54
        45             67
        46             66
        47             49
        48             68
        49             82
        50             77
        51             82
        52             87
        53            120
        54            131
        55            161
        56            160
        57            201
        58            202
        59            217
        60            223
        61            197
        62            201
        63            142
        64            162
        65            130
        66            120
        67             92
        68             75
        69             87
        70             73
        71             82
        72             70
        73             85
        74             87
        75             83
        76             84
        77             63
        78             67
        79             86
        80             85
        81             91
        82             75
        83             88
        84             93
        85             96
        86            104
        87             92
        88             94
        89             89
        90            105
        91             88
        92            103
        93             99
        94            115
        95            104
        96            105
        97            133
        98            117
        99            134
       100            128
       101            147
       102            150
       103            139
       104            136
       105            150
       106            150
       107            153
       108            152
       109            164
       110            161
       111            180
       112            153
       113            172
       114            159
       115            171
       116            191
       117            168
       118            185
       119            202
       120            184
       121            195
       122            199
       123            186
       124            203
       125            218
       126            218
       127            196
       128            238
       129            215
       130            193
       131            233
       132            196
       133            198
       134            226
       135            209
       136            206
       137            195
       138            232
       139            206
       140            241
       141            227
       142            215
       143            232
       144            202
       145            197
       146            208
       147            215
       148            247
       149            238
       150            218
       151            231
       152            206
       153            212
       154            196
       155            205
       156            210
       157            208
       158            199
       159            196
       160            215
       161            212
       162            221
       163            200
       164            208
       165            212
       166            178
       167            205
       168            220
       169            210
       170            219
       171            195
       172            202
       173            199
       174            200
       175            189
       176            200
       177            185
       178            210
       179            180
       180            206
       181            206
       182            207
       183            226
       184            199
       185            188
       186            175
       187            219
       188            204
       189            199
       190            214
       191            194
       192            193
       193            201
       194            199
       195            205
       196            219
       197            201
       198            191
       199            179
       200            207
       201            189
       202            206
       203            201
       204            174
       205            221
       206            150
       207            200
       208            187
       209            171
       210            178
       211            199
       212            166
       213            161
       214            157
       215            160
       216            181
       217            187
       218            183
       219            205
       220            186
       221            179
       222            176
       223            217
       224            156
       225            165
       226            179
       227            182
       228            151
       229            152
       230            146
       231            189
       232            146
       233            161
       234            159
       235            161
       236            159
       237            151
       238            154
       239            167
       240            161
       241            181
       242            158
       243            176
       244            150
       245            164
       246            155
       247            171
       248            152
       249            140
       250            169
       251            140
       252            176
       253            139
       254            145
       255            154
       256            161
       257            146
       258            131
       259            133
       260            165
       261            155
       262            135
       263            158
       264            149
       265            144
       266            145
       267            160
       268            147
       269            160
       270            149
       271            154
       272            136
       273            152
       274            152
       275            141
       276            148
       277            148
       278            130
       279            140
       280            165
       281            139
       282            179
       283            179
       284            136
       285            151
       286            141
       287            155
       288            158
       289            141
       290            154
       291            131
       292            131
       293            145
       294            161
       295            148
       296            143
       297            142
       298            150
       299            150
       300            160
       301            164
       302            129
       303            165
       304            132
       305            166
       306            153
       307            132
       308            136
       309            147
       310            150
       311            138
       312            156
       313            123
       314            127
       315            131
       316            142
       317            133
       318            166
       319            123
       320            133
       321            138
       322            118
       323            134
       324            112
       325            133
       326            104
       327            124
       328            117
       329            138
       330            133
       331            128
       332            129
       333            106
       334             95
       335            121
       336             99
       337            107
       338            112
       339            115
       340            106
       341            111
       342            110
       343            101
       344            121
       345             94
       346            116
       347             89
       348            103
       349             88
       350            118
       351             92
       352            101
       353             73
       354            102
       355             87
       356             98
       357             91
       358            100
       359            110
       360             92
       361            100
       362             92
       363            102
       364             88
       365             86
       366             97
       367             98
       368             85
       369             99
       370             98
       371             85
       372             85
       373             86
       374            100
       375            100
       376             83
       377             82
       378             67
       379             95
       380             90
       381             96
       382             85
       383             96
       384             80
       385             84
       386             85
       387             93
       388             91
       389             70
       390             79
       391             70
       392             66
       393            108
       394             81
       395             68
       396             74
       397             77
       398             87
       399             79
       400             78
       401             83
       402             83
       403             62
       404             68
       405             71
       406             58
       407             56
       408             58
       409             59
       410             76
       411             66
       412             63
       413             78
       414             72
       415             70
       416             66
       417             78
       418             88
       419             66
       420             72
       421             73
       422             52
       423             63
       424             62
       425             75
       426             62
       427             55
       428             71
       429             80
       430             73
       431             65
       432             62
       433             59
       434             63
       435             64
       436             66
       437             74
       438             57
       439             70
       440             57
       441             68
       442             56
       443             66
       444             71
       445             66
       446             69
       447             64
       448             50
       449             68
       450             58
       451             68
       452             54
       453             59
       454             71
       455             64
       456             65
       457             68
       458             67
       459             63
       460             61
       461             66
       462             56
       463             64
       464             69
       465             65
       466             60
       467             49
       468             65
       469             60
       470             66
       471             69
       472             66
       473             58
       474             46
       475             44
       476             56
       477             57
       478             72
       479             53
       480             58
       481             57
       482             62
       483             49
       484             57
       485             56
       486             63
       487             65
       488             56
       489             56
       490             48
       491             57
       492             43
       493             59
       494             49
       495             49
       496             58
       497             47
       498             61
       499             58
       500             49
       501             51
       502             54
       503             45
       504             53
       505             58
       506             53
       507             50
       508             55
       509             53
       510             51
       511             46
       512             64
       513             60
       514             50
       515             56
       516             48
       517             53
       518             50
       519             47
       520             46
       521             43
       522             49
       523             49
       524             59
       525             56
       526             46
       527             42
       528             54
       529             58
       530             54
       531             54
       532             61
       533             50
       534             46
       535             58
       536             48
       537             60
       538             55
       539             62
       540             57
       541             45
       542             44
       543             42
       544             51
       545             57
       546             55
       547             51
       548             70
       549             57
       550             54
       551             49
       552             59
       553             37
       554             35
       555             62
       556             55
       557             46
       558             44
       559             37
       560             36
       561             48
       562             50
       563             50
       564             42
       565             48
       566             37
       567             61
       568             48
       569             51
       570             43
       571             42
       572             41
       573             56
       574             41
       575             57
       576             42
       577             51
       578             54
       579             54
       580             49
       581             53
       582             44
       583             47
       584             41
       585             35
       586             53
       587             59
       588             37
       589             32
       590             36
       591             39
       592             46
       593             36
       594             44
       595             48
       596             42
       597             51
       598             51
       599             51
       600             33
       601             43
       602             47
       603             47
       604             39
       605             38
       606             52
       607             38
       608             41
       609             45
       610             32
       611             39
       612             41
       613             47
       614             48
       615             64
       616             38
       617             43
       618             34
       619             44
       620             43
       621             43
       622             51
       623             48
       624             34
       625             43
       626             41
       627             43
       628             41
       629             32
       630             44
       631             47
       632             41
       633             47
       634             47
       635             45
       636             49
       637             47
       638             32
       639             41
       640             38
       641             46
       642             47
       643             42
       644             55
       645             44
       646             39
       647             51
       648             48
       649             38
       650             52
       651             44
       652             39
       653             52
       654             50
       655             35
       656             39
       657             47
       658             41
       659             41
       660             48
       661             38
       662             32
       663             43
       664             45
       665             54
       666             51
       667             32
       668             40
       669             50
       670             40
       671             37
       672             33
       673             51
       674             47
       675             41
       676             48
       677             38
       678             34
       679             43
       680             37
       681             36
       682             55
       683             35
       684             37
       685             43
       686             42
       687             37
       688             40
       689             39
       690             34
       691             37
       692             36
       693             37
       694             43
       695             30
       696             32
       697             31
       698             34
       699             41
       700             26
       701             23
       702             34
       703             49
       704             31
       705             36
       706             29
       707             28
       708             40
       709             33
       710             32
       711             27
       712             17
       713             31
       714             33
       715             37
       716             37
       717             36
       718             28
       719             24
       720             27
       721             23
       722             31
       723             28
       724             25
       725             31
       726             26
       727             28
       728             29
       729             24
       730             22
       731             30
       732             25
       733             23
       734             22
       735             30
       736             17
       737             16
       738             25
       739             24
       740             16
       741             30
       742             25
       743             21
       744             17
       745             21
       746             27
       747             26
       748             31
       749             17
       750             22
       751             15
       752             22
       753             19
       754             14
       755             24
       756             24
       757             25
       758             14
       759             16
       760             12
       761             16
       762             13
       763             14
       764             18
       765             16
       766             18
       767              8
       768             17
       769             25
       770             23
       771             13
       772             11
       773             11
       774             20
       775             16
       776             17
       777             15
       778             16
       779             17
       780             21
       781             18
       782             15
       783             20
       784             10
       785             18
       786             22
       787             19
       788             18
       789             19
       790             25
       791             17
       792             17
       793             17
       794             18
       795             14
       796             11
       797             20
       798             14
       799             20
       800             11
       801             14
       802             15
       803             14
       804             14
       805             11
       806             15
       807             19
       808             16
       809             10
       810             12
       811             13
       812             17
       813             14
       814             19
       815             13
       816             11
       817             11
       818             13
       819             20
       820             16
       821             11
       822              8
       823             10
       824             12
       825             17
       826             16
       827             19
       828             15
       829             15
       830             10
       831             16
       832             16
       833             13
       834             21
       835             16
       836              7
       837             13
       838             13
       839              9
       840             15
       841             18
       842             16
       843             16
       844             16
       845              8
       846             15
       847             11
       848             12
       849             18
       850             21
       851             12
       852             20
       853              9
       854             14
       855             15
       856             11
       857             20
       858             12
       859             14
       860             18
       861              7
       862             18
       863             13
       864             12
       865             15
       866             19
       867             14
       868             14
       869              4
       870             15
       871             12
       872             17
       873              9
       874             14
       875             10
       876             14
       877              8
       878              6
       879             13
       880              8
       881             14
       882             16
       883             15
       884             10
       885             15
       886             16
       887             11
       888             14
       889             16
       890             21
       891             22
       892             16
       893             14
       894             14
       895             19
       896             17
       897             14
       898             14
       899             14
       900             14
       901             13
       902             21
       903             15
       904             20
       905             31
       906             17
       907             14
       908             21
       909             14
       910             13
       911             21
       912             14
       913             18
       914             12
       915             15
       916             26
       917             14
       918             12
       919             31
       920             19
       921             28
       922             15
       923             28
       924             30
       925             27
       926             34
       927             24
       928             25
       929             18
       930             29
       931             32
       932             30
       933             35
       934             35
       935             31
       936             39
       937             46
       938             37
       939             45
       940             44
       941             63
       942             40
       943             46
       944             53
       945             47
       946             52
       947             62
       948             52
       949             65
       950             64
       951             76
       952             85
       953             67
       954             85
       955             90
       956             88
       957             89
       958            106
       959             92
       960            105
       961            112
       962            104
       963            125
       964            137
       965            105
       966            127
       967            123
       968            160
       969            131
       970            148
       971            166
       972            142
       973            149
       974            154
       975            161
       976            189
       977            174
       978            161
       979            180
       980            204
       981            216
       982            209
       983            226
       984            192
       985            218
       986            247
       987            254
       988            232
       989            223
       990            258
       991            228
       992            229
       993            221
       994            227
       995            227
       996            237
       997            235
       998            241
       999            269
      1000            244
      1001            229
      1002            261
      1003            234
      1004            274
      1005            235
      1006            223
      1007            207
      1008            213
      1009            220
      1010            238
      1011            200
      1012            198
      1013            215
      1014            198
      1015            196
      1016            208
      1017            206
      1018            195
      1019            195
      1020            198
      1021            169
      1022            161
      1023            164
      1024            170
      1025            164
      1026            157
      1027            166
      1028            143
      1029            155
      1030            131
      1031            120
      1032            124
      1033            122
      1034            112
      1035            128
      1036            103
      1037             96
      1038             95
      1039            119
      1040             79
      1041             82
      1042             67
      1043             66
      1044             72
      1045             80
      1046             57
      1047             63
      1048             49
      1049             50
      1050             49
      1051             43
      1052             30
      1053             32
      1054             56
      1055             40
      1056             41
      1057             32
      1058             27
      1059             33
      1060             27
      1061             24
      1062             26
      1063             27
      1064             15
      1065             20
      1066             20
      1067             15
      1068             18
      1069             18
      1070             14
      1071              9
      1072             21
      1073              7
      1074             14
      1075              9
      1076              8
      1077             10
      1078              7
      1079             10
      1080              9
      1081             11
      1082              8
      1083              5
      1084              7
      1085             10
      1086              7
      1087              4
      1088              5
      1089              6
      1090              2
      1091              8
      1092              5
      1093              2
      1094              3
      1095              7
      1096              3
      1097              4
      1098              4
      1099              5
      1100              6
      1101              3
      1102              5
      1103              4
      1104              5
      1105              4
      1106              2
      1107              6
      1108              3
      1109              3
      1110              7
      1111              4
      1112              3
      1113              3
      1114              3
      1115              4
      1116              4
      1117              7
      1118              7
      1119              1
      1120              5
      1121              1
      1122              4
      1123              2
      1124              3
      1125              6
      1126              5
      1127              3
      1128              3
      1129              2
      1130              2
      1131              4
      1132              3
      1133              4
      1134              5
      1135              5
      1136              9
      1137              4
      1138              4
      1139              4
      1140              5
      1141              3
      1142              3
      1143              8
      1144              5
      1145              4
      1146              6
      1147              6
      1148              3
      1149              4
      1150              4
      1151              1
      1152              3
      1153              3
      1154              3
      1155              3
      1156              5
      1157              3
      1158              2
      1159              4
      1160              3
      1161              4
      1162              7
      1163              3
      1164              4
      1165              5
      1166              3
      1167              8
      1168              3
      1169              3
      1170              1
      1171              7
      1172              7
      1173              2
      1174              2
      1175              8
      1176              6
      1177              6
      1178              3
      1179              3
      1180              2
      1181              5
      1182              4
      1183              5
      1184              4
      1185              7
      1186              1
      1187              3
      1188              2
      1189              4
      1190              5
      1191              6
      1192              7
      1193              3
      1194              3
      1195              5
      1196              1
      1197              3
      1198              5
      1199              7
      1200              1
      1201             11
      1202              2
      1203              1
      1204              3
      1205              4
      1206              3
      1207              3
      1208              8
      1209              4
      1210              3
      1211              3
      1212              3
      1213              3
      1214              3
      1215              6
      1216              5
      1217              3
      1218              5
      1219              2
      1220              4
      1221              4
      1222              0
      1223              2
      1224              5
      1225              3
      1226              3
      1227              3
      1228              4
      1229              6
      1230              5
      1231              1
      1232              2
      1233              4
      1234              4
      1235              4
      1236              1
      1237              5
      1238              1
      1239              6
      1240              3
      1241              4
      1242              8
      1243              1
      1244              3
      1245              2
      1246              5
      1247              1
      1248              3
      1249              4
      1250              2
      1251              3
      1252              3
      1253              4
      1254              2
      1255              7
      1256              3
      1257              3
      1258              2
      1259              3
      1260              4
      1261              3
      1262              4
      1263              6
      1264              4
      1265              4
      1266              5
      1267              7
      1268              3
      1269              0
      1270              1
      1271              5
      1272              2
      1273              5
      1274              1
      1275              1
      1276              4
      1277              6
      1278              4
      1279              3
      1280              5
      1281              2
      1282              4
      1283              2
      1284              6
      1285              3
      1286              2
      1287              8
      1288              4
      1289              5
      1290              1
      1291              8
      1292              4
      1293              3
      1294              1
      1295              3
      1296              5
      1297              3
      1298              3
      1299              6
      1300              5
      1301              3
      1302              2
      1303              1
      1304              5
      1305              2
      1306              7
      1307              4
      1308              4
      1309              4
      1310              3
      1311              5
      1312              7
      1313              4
      1314              3
      1315              6
      1316              5
      1317              3
      1318              6
      1319              5
      1320              1
      1321              8
      1322              8
      1323              4
      1324              0
      1325              2
      1326              2
      1327              2
      1328              1
      1329              3
      1330              4
      1331              2
      1332              6
      1333              2
      1334              3
      1335              7
      1336              2
      1337              5
      1338              5
      1339              4
      1340              5
      1341              3
      1342              4
      1343              6
      1344              4
      1345              0
      1346              6
      1347              2
      1348              2
      1349              3
      1350              2
      1351              3
      1352              6
      1353              4
      1354              2
      1355              3
      1356              5
      1357              2
      1358              2
      1359              4
      1360              5
      1361              3
      1362              5
      1363              4
      1364              5
      1365              1
      1366              5
      1367              1
      1368              4
      1369              6
      1370              4
      1371              7
      1372              2
      1373              2
      1374              3
      1375              0
      1376              7
      1377              2
      1378              3
      1379              2
      1380              2
      1381              6
      1382              2
      1383              2
      1384              1
      1385              6
      1386              3
      1387              0
      1388              2
      1389              1
      1390              5
      1391              2
      1392              3
      1393              5
      1394              3
      1395              3
      1396              2
      1397              4
      1398              0
      1399              3
      1400              4
      1401              2
      1402              6
      1403              5
      1404              7
      1405              3
      1406              5
      1407              6
      1408              4
      1409              4
      1410              1
      1411              5
      1412              6
      1413              1
      1414              6
      1415              1
      1416              3
      1417              0
      1418              2
      1419              4
      1420              1
      1421              4
      1422              7
      1423              4
      1424              2
      1425              4
      1426              4
      1427              4
      1428              8
      1429              0
      1430              3
      1431              4
      1432              2
      1433              3
      1434              1
      1435              1
      1436              1
      1437              3
      1438              2
      1439              5
      1440              4
      1441              1
      1442              4
      1443              2
      1444              3
      1445              0
      1446              4
      1447              1
      1448              1
      1449              6
      1450              4
      1451              3
      1452              3
      1453              1
      1454              4
      1455              3
      1456              2
      1457              2
      1458              3
      1459              1
      1460              4
      1461              2
      1462              2
      1463              3
      1464              0
      1465              6
      1466              4
      1467              3
      1468              3
      1469              2
      1470              1
      1471              2
      1472              3
      1473              4
      1474              2
      1475              1
      1476              4
      1477              1
      1478              1
      1479              1
      1480              1
      1481              1
      1482              3
      1483              3
      1484              3
      1485              2
      1486              1
      1487              0
      1488              1
      1489              2
      1490              1
      1491              3
      1492              6
      1493              1
      1494              3
      1495              2
      1496              1
      1497              1
      1498              3
      1499              2
      1500              3
      1501              1
      1502              2
      1503              2
      1504              2
      1505              3
      1506              2
      1507              1
      1508              2
      1509              0
      1510              4
      1511              1
      1512              0
      1513              0
      1514              1
      1515              2
      1516              1
      1517              2
      1518              3
      1519              1
      1520              4
      1521              1
      1522              3
      1523              2
      1524              3
      1525              0
      1526              2
      1527              0
      1528              5
      1529              4
      1530              1
      1531              3
      1532              2
      1533              1
      1534              3
      1535              4
      1536              0
      1537              0
      1538              0
      1539              3
      1540              3
      1541              4
      1542              5
      1543              7
      1544              4
      1545              4
      1546              3
      1547              2
      1548              3
      1549              2
      1550              2
      1551              5
      1552              1
      1553              0
      1554              4
      1555              3
      1556              3
      1557              0
      1558              3
      1559              4
      1560              4
      1561              1
      1562              1
      1563              4
      1564              1
      1565              3
      1566              3
      1567              1
      1568              5
      1569              1
      1570              1
      1571              3
      1572              3
      1573              3
      1574              3
      1575              2
      1576              0
      1577              4
      1578              7
      1579              4
      1580              1
      1581              4
      1582              2
      1583              2
      1584              4
      1585              2
      1586              2
      1587              2
      1588              3
      1589              1
      1590              5
      1591              2
      1592              1
      1593              2
      1594              0
      1595              1
      1596              1
      1597              2
      1598              8
      1599              1
      1600              3
      1601              2
      1602              5
      1603              2
      1604              4
      1605              3
      1606              3
      1607              2
      1608              0
      1609              6
      1610              4
      1611              1
      1612              3
      1613              4
      1614              2
      1615              2
      1616              2
      1617              1
      1618              0
      1619              2
      1620              1
      1621              2
      1622              6
      1623              5
      1624              3
      1625              5
      1626              5
      1627              3
      1628              0
      1629              2
      1630              2
      1631              3
      1632              1
      1633              3
      1634              1
      1635              2
      1636              5
      1637              2
      1638              0
      1639              2
      1640              3
      1641              3
      1642              4
      1643              5
      1644              1
      1645              1
      1646              2
      1647              7
      1648              4
      1649              7
      1650              4
      1651              1
      1652              2
      1653              6
      1654              1
      1655              2
      1656              1
      1657              1
      1658              3
      1659              7
      1660              3
      1661              2
      1662              3
      1663              4
      1664              2
      1665              2
      1666              1
      1667              4
      1668              1
      1669              0
      1670              4
      1671              4
      1672              1
      1673              2
      1674              1
      1675              7
      1676              3
      1677              2
      1678              1
      1679              3
      1680              5
      1681              3
      1682              4
      1683              5
      1684              2
      1685              3
      1686              1
      1687              5
      1688              2
      1689              2
      1690              3
      1691              3
      1692              2
      1693              3
      1694              3
      1695              3
      1696              3
      1697              2
      1698              3
      1699              0
      1700              3
      1701              0
      1702              3
      1703              0
      1704              2
      1705              2
      1706              1
      1707              2
      1708              4
      1709              1
      1710              4
      1711              1
      1712              1
      1713              1
      1714              3
      1715              3
      1716              4
      1717              2
      1718              3
      1719              2
      1720              6
      1721              4
      1722              5
      1723              0
      1724              0
      1725              0
      1726              3
      1727              2
      1728              2
      1729              3
      1730              2
      1731              1
      1732              2
      1733              3
      1734              3
      1735              1
      1736              4
      1737              1
      1738              1
      1739              1
      1740              1
      1741              2
      1742              2
      1743              4
      1744              3
      1745              0
      1746              0
      1747              1
      1748              3
      1749              2
      1750              2
      1751              3
      1752              2
      1753              2
      1754              1
      1755              3
      1756              0
      1757              2
      1758              3
      1759              2
      1760              2
      1761              3
      1762              0
      1763              0
      1764              3
      1765              2
      1766              0
      1767              3
      1768              1
      1769              1
      1770              2
      1771              4
      1772              1
      1773              1
      1774              1
      1775              2
      1776              3
      1777              4
      1778              1
      1779              0
      1780              3
      1781              2
      1782              1
      1783              1
      1784              2
      1785              3
      1786              4
      1787              2
      1788              1
      1789              0
      1790              5
      1791              1
      1792              1
      1793              1
      1794              0
      1795              1
      1796              4
      1797              4
      1798              1
      1799              1
      1800              3
      1801              1
      1802              2
      1803              3
      1804              2
      1805              0
      1806              1
      1807              0
      1808              1
      1809              4
      1810              0
      1811              2
      1812              2
      1813              2
      1814              0
      1815              0
      1816              1
      1817              2
      1818              2
      1819              2
      1820              1
      1821              4
      1822              2
      1823              0
      1824              1
      1825              1
      1826              0
      1827              3
      1828              4
      1829              0
      1830              2
      1831              2
      1832              0
      1833              1
      1834              1
      1835              0
      1836              4
      1837              1
      1838              0
      1839              0
      1840              1
      1841              3
      1842              1
      1843              3
      1844              2
      1845              1
      1846              5
      1847              1
      1848              0
      1849              0
      1850              1
      1851              1
      1852              1
      1853              0
      1854              2
      1855              1
      1856              0
      1857              3
      1858              1
      1859              0
      1860              2
      1861              0
      1862              1
      1863              2
      1864              0
      1865              2
      1866              2
      1867              0
      1868              3
      1869              1
      1870              1
      1871              2
      1872              2
      1873              3
      1874              2
      1875              0
      1876              3
      1877              3
      1878              2
      1879              1
      1880              0
      1881              1
      1882              2
      1883              0
      1884              1
      1885              2
      1886              1
      1887              2
      1888              3
      1889              1
      1890              2
      1891              3
      1892              1
      1893              3
      1894              1
      1895              0
      1896              2
      1897              2
      1898              0
      1899              1
      1900              2
      1901              1
      1902              1
      1903              0
      1904              0
      1905              3
      1906              1
      1907              0
      1908              2
      1909              2
      1910              1
      1911              3
      1912              2
      1913              1
      1914              1
      1915              2
      1916              1
      1917              1
      1918              2
      1919              0
      1920              0
      1921              1
      1922              1
      1923              1
      1924              1
      1925              1
      1926              1
      1927              2
      1928              0
      1929              0
      1930              1
      1931              1
      1932              1
      1933              2
      1934              0
      1935              0
      1936              2
      1937              1
      1938              1
      1939              0
      1940              0
      1941              0
      1942              0
      1943              1
      1944              2
      1945              0
      1946              1
      1947              0
      1948              1
      1949              0
      1950              1
      1951              2
      1952              0
      1953              0
      1954              1
      1955              1
      1956              1
      1957              1
      1958              0
      1959              1
      1960              3
      1961              0
      1962              1
      1963              0
      1964              0
      1965              0
      1966              2
      1967              4
      1968              1
      1969              2
      1970              0
      1971              0
      1972              1
      1973              3
      1974              2
      1975              1
      1976              1
      1977              0
      1978              0
      1979              0
      1980              2
      1981              1
      1982              0
      1983              0
      1984              1
      1985              1
      1986              0
      1987              1
      1988              1
      1989              0
      1990              1
      1991              2
      1992              1
      1993              1
      1994              1
      1995              1
      1996              3
      1997              1
      1998              1
      1999              1
      2000              2
      2001              0
      2002              0
      2003              1
      2004              3
      2005              1
      2006              0
      2007              1
      2008              0
      2009              1
      2010              1
      2011              1
      2012              2
      2013              1
      2014              0
      2015              1
      2016              1
      2017              1
      2018              2
      2019              1
      2020              0
      2021              0
      2022              0
      2023              0
      2024              0
      2025              0
      2026              0
      2027              0
      2028              0
      2029              0
      2030              0
      2031              0
      2032              0
      2033              0
      2034              0
      2035              0
      2036              0
      2037              0
      2038              0
      2039              0
      2040              0
      2041              0
      2042              0
      2043              0
      2044              0
      2045              0
      2046              0
      2047              0
