         0              0
         1              0
         2              0
         3              0
         4              0
         5              0
         6              0
         7              0
         8              0
         9              0
        10              0
        11              0
        12              0
        13              0
        14              0
        15              0
        16              0
        17              0
        18              0
        19              0
        20              0
        21              0
        22              0
        23             26
        24             45
        25             43
        26             32
        27             29
        28             38
        29             41
        30             44
        31             38
        32             44
        33             48
        34             51
        35             33
        36             34
        37             48
        38             43
        39             48
        40             48
        41             43
        42             51
        43             55
        44             37
        45             45
        46             51
        47             54
        48             39
        49             40
        50             39
        51             50
        52             62
        53             48
        54             72
        55             67
        56             48
        57             62
        58             66
        59             55
        60             58
        61             52
        62             50
        63             68
        64             62
        65             50
        66             51
        67             61
        68             65
        69             45
        70             59
        71             66
        72             71
        73             61
        74             54
        75             67
        76             57
        77             64
        78             71
        79             71
        80             71
        81             68
        82             75
        83             78
        84             94
        85             73
        86             76
        87             87
        88             78
        89             77
        90            107
        91             92
        92             75
        93             91
        94             85
        95            109
        96            100
        97            115
        98             98
        99             98
       100            110
       101            124
       102             98
       103            129
       104            119
       105            128
       106            136
       107            141
       108            141
       109            163
       110            124
       111            131
       112            156
       113            160
       114            151
       115            175
       116            175
       117            165
       118            175
       119            182
       120            161
       121            182
       122            167
       123            175
       124            206
       125            167
       126            195
       127            195
       128            179
       129            201
       130            195
       131            183
       132            207
       133            202
       134            194
       135            187
       136            189
       137            199
       138            201
       139            190
       140            195
       141            216
       142            192
       143            180
       144            203
       145            214
       146            183
       147            198
       148            218
       149            189
       150            209
       151            212
       152            217
       153            203
       154            210
       155            198
       156            212
       157            211
       158            207
       159            196
       160            206
       161            212
       162            196
       163            211
       164            197
       165            188
       166            211
       167            198
       168            190
       169            196
       170            194
       171            196
       172            198
       173            205
       174            200
       175            190
       176            194
       177            203
       178            199
       179            204
       180            193
       181            209
       182            167
       183            205
       184            171
       185            167
       186            189
       187            178
       188            193
       189            183
       190            181
       191            187
       192            169
       193            196
       194            173
       195            185
       196            162
       197            186
       198            194
       199            198
       200            171
       201            185
       202            156
       203            172
       204            180
       205            184
       206            194
       207            185
       208            170
       209            184
       210            166
       211            163
       212            168
       213            158
       214            146
       215            150
       216            175
       217            175
       218            183
       219            186
       220            158
       221            165
       222            130
       223            155
       224            148
       225            156
       226            148
       227            175
       228            166
       229            159
       230            144
       231            141
       232            163
       233            140
       234            150
       235            155
       236            168
       237            150
       238            127
       239            164
       240            143
       241            151
       242            150
       243            125
       244            133
       245            133
       246            152
       247            155
       248            163
       249            134
       250            162
       251            134
       252            147
       253            128
       254            153
       255            147
       256            135
       257            129
       258            135
       259            131
       260            120
       261            149
       262            121
       263            141
       264            130
       265            121
       266            117
       267            133
       268            123
       269            124
       270            118
       271            130
       272            135
       273            134
       274            136
       275            125
       276            134
       277            129
       278            143
       279            119
       280            126
       281            157
       282            160
       283            134
       284            139
       285            136
       286            130
       287            144
       288            146
       289            157
       290            140
       291            131
       292            118
       293            172
       294            152
       295            144
       296            150
       297            142
       298            130
       299            149
       300            161
       301            144
       302            123
       303            129
       304            141
       305            129
       306            115
       307            149
       308            101
       309            123
       310            120
       311            140
       312            120
       313             97
       314            112
       315            108
       316            117
       317            127
       318            109
       319            117
       320            116
       321            103
       322            107
       323            102
       324            108
       325             91
       326             89
       327            109
       328             99
       329             98
       330             95
       331            110
       332            104
       333            101
       334            128
       335            112
       336             86
       337             95
       338             95
       339            101
       340            113
       341             99
       342             70
       343             90
       344            107
       345             89
       346             91
       347             92
       348             81
       349            107
       350             93
       351             87
       352             76
       353             90
       354             96
       355             92
       356             82
       357             82
       358             82
       359             80
       360             72
       361             92
       362             89
       363             91
       364             74
       365             82
       366             93
       367             94
       368             89
       369             89
       370             62
       371             94
       372             78
       373             69
       374             72
       375             86
       376             87
       377             82
       378             62
       379             87
       380             70
       381             69
       382             85
       383             59
       384             64
       385             76
       386             79
       387             65
       388             65
       389             78
       390             58
       391             62
       392             61
       393             51
       394             61
       395             65
       396             58
       397             62
       398             60
       399             58
       400             64
       401             68
       402             57
       403             65
       404             54
       405             58
       406             59
       407             61
       408             54
       409             59
       410             54
       411             50
       412             55
       413             68
       414             73
       415             54
       416             64
       417             48
       418             57
       419             53
       420             55
       421             39
       422             54
       423             52
       424             55
       425             57
       426             57
       427             57
       428             50
       429             64
       430             58
       431             68
       432             60
       433             50
       434             44
       435             44
       436             73
       437             63
       438             61
       439             51
       440             56
       441             50
       442             54
       443             70
       444             50
       445             45
       446             57
       447             61
       448             41
       449             58
       450             47
       451             53
       452             46
       453             70
       454             59
       455             50
       456             52
       457             58
       458             58
       459             53
       460             48
       461             57
       462             47
       463             45
       464             50
       465             39
       466             51
       467             60
       468             40
       469             46
       470             54
       471             54
       472             39
       473             53
       474             41
       475             53
       476             50
       477             50
       478             46
       479             41
       480             44
       481             49
       482             28
       483             39
       484             44
       485             35
       486             54
       487             43
       488             48
       489             57
       490             33
       491             44
       492             53
       493             50
       494             39
       495             31
       496             30
       497             43
       498             45
       499             38
       500             46
       501             39
       502             48
       503             33
       504             29
       505             44
       506             35
       507             47
       508             58
       509             34
       510             46
       511             42
       512             47
       513             44
       514             42
       515             31
       516             49
       517             30
       518             38
       519             35
       520             36
       521             40
       522             30
       523             32
       524             31
       525             39
       526             34
       527             38
       528             31
       529             37
       530             43
       531             35
       532             41
       533             40
       534             41
       535             49
       536             44
       537             30
       538             30
       539             40
       540             41
       541             33
       542             34
       543             41
       544             33
       545             35
       546             35
       547             44
       548             44
       549             26
       550             50
       551             37
       552             42
       553             30
       554             36
       555             28
       556             43
       557             40
       558             30
       559             38
       560             27
       561             30
       562             36
       563             37
       564             38
       565             28
       566             40
       567             51
       568             30
       569             30
       570             40
       571             40
       572             33
       573             32
       574             38
       575             36
       576             31
       577             33
       578             25
       579             28
       580             28
       581             30
       582             33
       583             41
       584             35
       585             28
       586             34
       587             42
       588             31
       589             31
       590             32
       591             31
       592             33
       593             44
       594             28
       595             23
       596             34
       597             32
       598             34
       599             29
       600             30
       601             38
       602             36
       603             32
       604             32
       605             32
       606             32
       607             23
       608             33
       609             40
       610             38
       611             30
       612             37
       613             35
       614             32
       615             32
       616             37
       617             39
       618             18
       619             26
       620             29
       621             24
       622             32
       623             28
       624             31
       625             25
       626             32
       627             29
       628             32
       629             19
       630             30
       631             29
       632             38
       633             31
       634             25
       635             29
       636             25
       637             30
       638             32
       639             37
       640             31
       641             28
       642             27
       643             34
       644             15
       645             33
       646             28
       647             35
       648             34
       649             23
       650             33
       651             45
       652             30
       653             29
       654             33
       655             29
       656             30
       657             29
       658             33
       659             25
       660             34
       661             27
       662             36
       663             34
       664             34
       665             27
       666             32
       667             31
       668             21
       669             34
       670             35
       671             32
       672             36
       673             41
       674             48
       675             22
       676             21
       677             34
       678             21
       679             26
       680             29
       681             29
       682             34
       683             26
       684             24
       685             30
       686             30
       687             29
       688             29
       689             36
       690             25
       691             19
       692             30
       693             25
       694             25
       695             41
       696             28
       697             28
       698             31
       699             17
       700             25
       701             25
       702             24
       703             24
       704             16
       705             28
       706             25
       707             25
       708             24
       709             24
       710             23
       711             19
       712             26
       713             14
       714             17
       715             26
       716             20
       717             18
       718             23
       719             20
       720             12
       721             21
       722             20
       723             30
       724             17
       725             18
       726             21
       727             25
       728             17
       729             25
       730             29
       731             22
       732             24
       733             17
       734             16
       735             22
       736             16
       737             15
       738             13
       739             14
       740             20
       741              8
       742             21
       743             19
       744             15
       745             24
       746             16
       747             11
       748             21
       749             20
       750             17
       751             11
       752             20
       753             17
       754             15
       755             15
       756             18
       757             18
       758             12
       759             16
       760             12
       761             18
       762             16
       763             15
       764             13
       765             11
       766             13
       767             13
       768             22
       769              8
       770             18
       771             24
       772             13
       773             17
       774             16
       775             12
       776             12
       777             12
       778             17
       779             15
       780             13
       781             11
       782             10
       783             12
       784              9
       785             13
       786             17
       787             13
       788             13
       789             15
       790             14
       791             10
       792             15
       793             12
       794             16
       795             14
       796             10
       797             16
       798              7
       799             10
       800             13
       801             13
       802             17
       803             16
       804              9
       805             15
       806             10
       807             10
       808             14
       809             12
       810             11
       811              9
       812              9
       813             12
       814             15
       815             17
       816              7
       817             13
       818              6
       819             10
       820              8
       821             15
       822             14
       823              7
       824             10
       825              5
       826             12
       827             10
       828             15
       829              6
       830              9
       831              6
       832              9
       833             10
       834              7
       835             14
       836             11
       837             10
       838             15
       839             13
       840             21
       841             16
       842             12
       843             13
       844             13
       845             12
       846              7
       847              9
       848             10
       849              7
       850             13
       851             12
       852              8
       853              8
       854             14
       855             13
       856             17
       857             14
       858             17
       859             19
       860             10
       861             11
       862             13
       863             12
       864             12
       865             17
       866              6
       867             14
       868             10
       869             18
       870             11
       871             13
       872              8
       873             13
       874             13
       875             10
       876             15
       877             10
       878             10
       879             12
       880             19
       881             13
       882             10
       883              9
       884             11
       885             16
       886             14
       887             17
       888             19
       889             12
       890              9
       891             13
       892             12
       893             14
       894             11
       895             10
       896             20
       897             15
       898             13
       899             22
       900             11
       901             12
       902             10
       903              7
       904             18
       905             11
       906             20
       907             20
       908             18
       909             16
       910             12
       911             12
       912             16
       913             12
       914             18
       915             11
       916             14
       917             15
       918             14
       919             15
       920             22
       921             14
       922             20
       923             14
       924             28
       925             24
       926             15
       927             20
       928             17
       929             17
       930             14
       931             29
       932             32
       933             16
       934             20
       935             24
       936             21
       937             25
       938             28
       939             31
       940             36
       941             24
       942             25
       943             52
       944             42
       945             38
       946             39
       947             43
       948             43
       949             39
       950             48
       951             45
       952             59
       953             59
       954             59
       955             47
       956             46
       957             42
       958             60
       959             55
       960             71
       961             53
       962             56
       963             66
       964             77
       965             83
       966             93
       967             69
       968             85
       969             90
       970             80
       971             95
       972             91
       973            101
       974            109
       975            107
       976            129
       977            119
       978            106
       979            119
       980            124
       981            134
       982            127
       983            113
       984            140
       985            131
       986            122
       987            153
       988            133
       989            150
       990            139
       991            158
       992            155
       993            142
       994            178
       995            168
       996            150
       997            146
       998            137
       999            156
      1000            147
      1001            128
      1002            146
      1003            152
      1004            130
      1005            158
      1006            162
      1007            151
      1008            125
      1009            134
      1010            131
      1011            127
      1012            144
      1013            122
      1014            109
      1015            137
      1016            113
      1017            111
      1018            102
      1019            105
      1020             97
      1021            111
      1022            114
      1023             99
      1024            103
      1025            100
      1026             99
      1027             80
      1028             82
      1029             80
      1030             86
      1031             85
      1032             74
      1033             64
      1034             65
      1035             59
      1036             68
      1037             79
      1038             69
      1039             50
      1040             60
      1041             50
      1042             42
      1043             42
      1044             37
      1045             42
      1046             34
      1047             36
      1048             29
      1049             37
      1050             25
      1051             31
      1052             27
      1053             28
      1054             27
      1055             24
      1056             25
      1057             30
      1058             17
      1059             19
      1060             11
      1061             13
      1062             16
      1063             15
      1064             15
      1065              8
      1066             16
      1067              7
      1068              4
      1069              7
      1070             14
      1071              8
      1072              8
      1073              9
      1074              6
      1075              7
      1076              9
      1077              7
      1078              6
      1079              7
      1080              4
      1081              9
      1082              7
      1083              4
      1084              6
      1085             12
      1086              5
      1087              3
      1088              3
      1089              4
      1090              3
      1091              0
      1092              3
      1093              4
      1094              4
      1095              3
      1096              9
      1097              4
      1098              4
      1099              2
      1100              7
      1101              6
      1102              6
      1103              7
      1104              8
      1105              4
      1106              2
      1107             10
      1108              5
      1109              1
      1110              2
      1111              0
      1112              5
      1113             10
      1114              5
      1115              3
      1116              2
      1117              0
      1118              4
      1119             10
      1120              2
      1121              8
      1122              4
      1123              6
      1124              1
      1125              6
      1126              9
      1127              1
      1128              4
      1129              3
      1130              3
      1131              3
      1132              9
      1133              2
      1134              2
      1135              4
      1136              3
      1137              1
      1138              0
      1139              5
      1140              4
      1141              2
      1142              1
      1143              4
      1144              7
      1145              2
      1146              7
      1147              5
      1148              1
      1149              2
      1150              2
      1151              4
      1152              4
      1153              4
      1154              6
      1155              5
      1156              3
      1157              4
      1158              3
      1159              7
      1160              2
      1161              3
      1162              4
      1163              3
      1164              6
      1165              4
      1166              4
      1167              3
      1168              5
      1169              3
      1170              1
      1171              3
      1172              3
      1173              6
      1174              4
      1175              6
      1176              3
      1177              6
      1178              3
      1179              2
      1180              1
      1181              5
      1182              4
      1183              4
      1184              3
      1185              3
      1186              3
      1187              3
      1188              3
      1189              5
      1190              4
      1191              3
      1192              1
      1193              3
      1194              4
      1195              3
      1196              3
      1197              3
      1198              7
      1199              5
      1200              5
      1201              5
      1202              4
      1203              3
      1204              5
      1205              6
      1206              3
      1207              2
      1208              5
      1209              4
      1210              4
      1211              3
      1212              2
      1213              4
      1214              1
      1215              1
      1216              2
      1217              2
      1218              2
      1219              2
      1220              5
      1221              2
      1222              3
      1223              4
      1224              5
      1225              3
      1226              5
      1227              2
      1228              2
      1229              6
      1230              1
      1231              4
      1232              5
      1233              6
      1234              3
      1235              2
      1236              3
      1237              2
      1238              5
      1239              6
      1240              3
      1241              3
      1242              4
      1243              5
      1244              2
      1245              2
      1246              2
      1247              1
      1248              9
      1249              2
      1250              7
      1251              4
      1252              5
      1253              3
      1254              2
      1255              1
      1256              5
      1257              3
      1258              4
      1259              1
      1260              5
      1261              2
      1262              1
      1263              6
      1264              5
      1265              4
      1266              6
      1267              2
      1268              4
      1269              4
      1270              7
      1271              6
      1272              5
      1273              3
      1274              6
      1275              7
      1276              3
      1277              5
      1278              5
      1279              2
      1280              2
      1281              2
      1282              1
      1283              2
      1284              4
      1285              5
      1286              8
      1287              1
      1288              6
      1289              4
      1290              6
      1291              4
      1292              3
      1293              5
      1294              8
      1295              3
      1296              2
      1297              7
      1298              2
      1299              4
      1300              5
      1301              1
      1302              1
      1303              3
      1304              2
      1305              1
      1306              3
      1307              3
      1308              3
      1309              3
      1310              0
      1311              2
      1312              3
      1313              2
      1314              6
      1315             13
      1316              4
      1317              3
      1318              6
      1319              2
      1320              4
      1321              5
      1322              3
      1323              4
      1324              5
      1325              0
      1326              4
      1327              2
      1328              2
      1329              1
      1330              2
      1331              2
      1332              3
      1333              6
      1334              7
      1335              3
      1336              1
      1337              1
      1338              5
      1339              9
      1340              6
      1341              4
      1342              5
      1343              4
      1344              4
      1345              9
      1346              2
      1347              7
      1348              4
      1349              3
      1350              8
      1351              1
      1352              3
      1353              5
      1354              1
      1355              3
      1356              5
      1357              5
      1358              1
      1359              7
      1360              4
      1361              6
      1362              4
      1363              4
      1364              1
      1365              5
      1366              2
      1367              4
      1368              3
      1369              2
      1370              3
      1371              2
      1372              4
      1373              2
      1374              2
      1375              3
      1376              6
      1377              6
      1378              2
      1379              2
      1380              3
      1381              3
      1382              3
      1383              2
      1384              2
      1385              2
      1386              6
      1387              6
      1388              2
      1389              5
      1390              2
      1391              9
      1392              1
      1393              5
      1394              3
      1395              4
      1396              3
      1397              5
      1398              1
      1399              6
      1400              7
      1401              1
      1402              2
      1403              3
      1404              2
      1405              3
      1406              5
      1407              2
      1408              3
      1409              4
      1410              4
      1411              5
      1412              4
      1413              2
      1414              2
      1415              2
      1416              4
      1417              9
      1418              3
      1419              4
      1420              4
      1421              3
      1422              0
      1423              1
      1424              1
      1425              4
      1426              4
      1427              2
      1428              5
      1429              1
      1430              2
      1431              5
      1432              2
      1433              3
      1434              3
      1435              4
      1436              5
      1437              1
      1438              7
      1439              4
      1440              3
      1441              2
      1442              3
      1443              4
      1444              6
      1445              3
      1446              1
      1447              1
      1448              7
      1449              3
      1450              5
      1451              7
      1452              2
      1453              2
      1454              3
      1455              4
      1456              3
      1457              3
      1458              4
      1459              4
      1460              1
      1461              2
      1462              2
      1463              2
      1464              3
      1465              4
      1466              2
      1467              2
      1468              3
      1469              7
      1470              2
      1471              1
      1472              0
      1473              3
      1474              2
      1475              3
      1476              6
      1477              2
      1478              3
      1479              0
      1480             10
      1481              1
      1482              2
      1483              4
      1484              5
      1485              3
      1486              2
      1487              1
      1488              1
      1489              4
      1490              2
      1491              0
      1492              1
      1493              1
      1494              0
      1495              0
      1496              2
      1497              0
      1498              2
      1499              5
      1500              5
      1501              0
      1502              1
      1503              0
      1504              1
      1505              4
      1506              8
      1507              3
      1508              5
      1509              1
      1510              4
      1511              3
      1512              2
      1513              0
      1514              3
      1515              2
      1516              3
      1517              4
      1518              2
      1519              1
      1520              6
      1521              5
      1522              2
      1523              4
      1524              4
      1525              1
      1526              5
      1527              3
      1528              2
      1529              3
      1530              4
      1531              3
      1532              3
      1533              2
      1534              3
      1535              2
      1536              2
      1537              2
      1538              0
      1539              5
      1540              2
      1541              2
      1542              2
      1543              2
      1544              0
      1545              3
      1546              1
      1547              2
      1548              2
      1549              2
      1550              2
      1551              2
      1552              1
      1553              4
      1554              1
      1555              4
      1556              2
      1557              1
      1558              4
      1559              4
      1560              1
      1561              3
      1562              1
      1563              5
      1564              3
      1565              2
      1566              1
      1567              2
      1568              2
      1569              1
      1570              5
      1571              3
      1572              6
      1573              1
      1574              3
      1575              4
      1576              2
      1577              2
      1578              1
      1579              2
      1580              2
      1581              1
      1582              2
      1583              2
      1584              1
      1585              3
      1586              3
      1587              0
      1588              2
      1589              1
      1590              1
      1591              2
      1592              1
      1593              4
      1594              3
      1595              4
      1596              0
      1597              1
      1598              1
      1599              4
      1600              5
      1601              5
      1602              1
      1603              5
      1604              2
      1605              4
      1606              2
      1607              2
      1608              4
      1609              2
      1610              4
      1611              2
      1612              3
      1613              3
      1614              2
      1615              4
      1616              2
      1617              2
      1618              2
      1619              2
      1620              5
      1621              1
      1622              4
      1623              3
      1624              1
      1625              3
      1626              1
      1627              3
      1628              5
      1629              3
      1630              1
      1631              4
      1632              3
      1633              2
      1634              2
      1635              6
      1636              8
      1637              6
      1638              0
      1639              3
      1640              1
      1641              1
      1642              1
      1643              5
      1644              1
      1645              3
      1646              3
      1647              3
      1648              3
      1649              3
      1650              4
      1651              6
      1652              2
      1653              2
      1654              3
      1655              4
      1656              2
      1657              1
      1658              2
      1659              5
      1660              5
      1661              6
      1662              0
      1663              0
      1664              2
      1665              0
      1666              0
      1667              2
      1668              3
      1669              3
      1670              2
      1671              2
      1672              5
      1673              1
      1674              4
      1675              2
      1676              4
      1677              2
      1678              3
      1679              3
      1680              1
      1681              3
      1682              1
      1683              4
      1684              1
      1685              3
      1686              2
      1687              0
      1688              0
      1689              1
      1690              5
      1691              5
      1692              1
      1693              4
      1694              1
      1695              1
      1696              2
      1697              6
      1698              2
      1699              6
      1700              4
      1701              1
      1702              4
      1703              3
      1704              3
      1705              2
      1706              0
      1707              1
      1708              0
      1709              3
      1710              2
      1711              3
      1712              3
      1713              1
      1714              1
      1715              1
      1716              6
      1717              2
      1718              0
      1719              2
      1720              2
      1721              2
      1722              1
      1723              4
      1724              1
      1725              0
      1726              3
      1727              3
      1728              2
      1729              2
      1730              2
      1731              1
      1732              0
      1733              4
      1734              1
      1735              2
      1736              1
      1737              0
      1738              1
      1739              2
      1740              3
      1741              3
      1742              1
      1743              2
      1744              1
      1745              1
      1746              4
      1747              2
      1748              2
      1749              1
      1750              2
      1751              5
      1752              0
      1753              1
      1754              1
      1755              3
      1756              3
      1757              4
      1758              2
      1759              1
      1760              3
      1761              2
      1762              1
      1763              2
      1764              0
      1765              2
      1766              0
      1767              3
      1768              3
      1769              1
      1770              0
      1771              0
      1772              1
      1773              0
      1774              2
      1775              3
      1776              1
      1777              2
      1778              1
      1779              2
      1780              2
      1781              5
      1782              2
      1783              1
      1784              1
      1785              0
      1786              3
      1787              3
      1788              2
      1789              1
      1790              1
      1791              4
      1792              3
      1793              3
      1794              2
      1795              2
      1796              2
      1797              0
      1798              3
      1799              1
      1800              1
      1801              6
      1802              1
      1803              0
      1804              1
      1805              3
      1806              1
      1807              1
      1808              4
      1809              2
      1810              3
      1811              0
      1812              2
      1813              1
      1814              1
      1815              0
      1816              1
      1817              4
      1818              3
      1819              0
      1820              0
      1821              1
      1822              3
      1823              3
      1824              3
      1825              0
      1826              1
      1827              3
      1828              2
      1829              2
      1830              1
      1831              2
      1832              1
      1833              0
      1834              1
      1835              1
      1836              2
      1837              1
      1838              1
      1839              2
      1840              0
      1841              0
      1842              2
      1843              0
      1844              3
      1845              1
      1846              4
      1847              1
      1848              1
      1849              2
      1850              1
      1851              1
      1852              0
      1853              0
      1854              1
      1855              0
      1856              1
      1857              0
      1858              0
      1859              2
      1860              0
      1861              0
      1862              0
      1863              2
      1864              1
      1865              2
      1866              1
      1867              1
      1868              0
      1869              2
      1870              4
      1871              1
      1872              1
      1873              1
      1874              1
      1875              1
      1876              0
      1877              1
      1878              1
      1879              2
      1880              0
      1881              1
      1882              2
      1883              2
      1884              1
      1885              4
      1886              2
      1887              1
      1888              2
      1889              3
      1890              1
      1891              1
      1892              1
      1893              1
      1894              0
      1895              0
      1896              1
      1897              1
      1898              1
      1899              1
      1900              0
      1901              1
      1902              0
      1903              0
      1904              0
      1905              1
      1906              0
      1907              1
      1908              2
      1909              1
      1910              2
      1911              0
      1912              0
      1913              0
      1914              2
      1915              0
      1916              2
      1917              0
      1918              3
      1919              0
      1920              0
      1921              2
      1922              1
      1923              1
      1924              2
      1925              0
      1926              0
      1927              1
      1928              2
      1929              1
      1930              1
      1931              2
      1932              5
      1933              3
      1934              4
      1935              0
      1936              0
      1937              0
      1938              1
      1939              0
      1940              2
      1941              2
      1942              1
      1943              2
      1944              0
      1945              1
      1946              2
      1947              2
      1948              0
      1949              3
      1950              0
      1951              0
      1952              0
      1953              1
      1954              2
      1955              0
      1956              0
      1957              2
      1958              2
      1959              1
      1960              0
      1961              1
      1962              1
      1963              0
      1964              3
      1965              2
      1966              0
      1967              0
      1968              1
      1969              0
      1970              2
      1971              1
      1972              1
      1973              2
      1974              1
      1975              0
      1976              0
      1977              1
      1978              0
      1979              0
      1980              0
      1981              0
      1982              2
      1983              0
      1984              1
      1985              0
      1986              0
      1987              2
      1988              0
      1989              1
      1990              0
      1991              1
      1992              1
      1993              1
      1994              0
      1995              2
      1996              1
      1997              1
      1998              2
      1999              1
      2000              1
      2001              2
      2002              1
      2003              0
      2004              1
      2005              1
      2006              2
      2007              0
      2008              0
      2009              0
      2010              0
      2011              0
      2012              2
      2013              0
      2014              0
      2015              0
      2016              1
      2017              4
      2018              1
      2019              1
      2020              0
      2021              0
      2022              0
      2023              0
      2024              0
      2025              0
      2026              0
      2027              0
      2028              0
      2029              0
      2030              0
      2031              0
      2032              0
      2033              0
      2034              0
      2035              0
      2036              0
      2037              0
      2038              0
      2039              0
      2040              0
      2041              0
      2042              0
      2043              0
      2044              0
      2045              0
      2046              0
      2047              0
