         0              0
         1              0
         2              0
         3              0
         4              0
         5              0
         6              0
         7              0
         8              0
         9              0
        10              0
        11              0
        12              0
        13              0
        14              0
        15              0
        16              0
        17              0
        18              0
        19              0
        20              0
        21              0
        22              0
        23             14
        24             29
        25             44
        26             43
        27             49
        28             45
        29             38
        30             32
        31             33
        32             48
        33             45
        34             44
        35             36
        36             35
        37             41
        38             46
        39             46
        40             33
        41             51
        42             46
        43             38
        44             31
        45             40
        46             41
        47             53
        48             58
        49             56
        50             57
        51             53
        52             47
        53             66
        54             52
        55             49
        56             52
        57             49
        58             65
        59             63
        60             54
        61             64
        62             55
        63             57
        64             50
        65             58
        66             55
        67             58
        68             62
        69             44
        70             63
        71             60
        72             58
        73             44
        74             63
        75             54
        76             57
        77             66
        78             85
        79             73
        80             78
        81             84
        82             63
        83             74
        84             83
        85             77
        86             71
        87             88
        88             62
        89             76
        90             89
        91             84
        92            102
        93             92
        94            120
        95            100
        96             98
        97            108
        98             99
        99            106
       100            120
       101            123
       102            154
       103            121
       104            137
       105            137
       106            149
       107            120
       108            148
       109            159
       110            131
       111            156
       112            146
       113            170
       114            177
       115            159
       116            157
       117            163
       118            169
       119            165
       120            160
       121            170
       122            195
       123            186
       124            186
       125            171
       126            156
       127            193
       128            175
       129            185
       130            188
       131            197
       132            174
       133            169
       134            202
       135            199
       136            189
       137            200
       138            220
       139            228
       140            209
       141            202
       142            211
       143            184
       144            197
       145            223
       146            193
       147            193
       148            213
       149            196
       150            194
       151            189
       152            201
       153            209
       154            198
       155            190
       156            196
       157            185
       158            184
       159            212
       160            234
       161            197
       162            214
       163            202
       164            192
       165            180
       166            212
       167            189
       168            177
       169            189
       170            231
       171            193
       172            194
       173            192
       174            201
       175            213
       176            197
       177            199
       178            165
       179            188
       180            177
       181            165
       182            190
       183            182
       184            178
       185            170
       186            184
       187            177
       188            176
       189            191
       190            165
       191            192
       192            192
       193            187
       194            155
       195            178
       196            166
       197            176
       198            170
       199            165
       200            177
       201            174
       202            189
       203            202
       204            170
       205            179
       206            150
       207            161
       208            185
       209            173
       210            156
       211            164
       212            166
       213            175
       214            169
       215            166
       216            156
       217            178
       218            159
       219            166
       220            175
       221            141
       222            154
       223            170
       224            147
       225            155
       226            154
       227            157
       228            157
       229            140
       230            153
       231            191
       232            185
       233            134
       234            159
       235            160
       236            143
       237            134
       238            150
       239            140
       240            146
       241            138
       242            148
       243            128
       244            140
       245            141
       246            125
       247            153
       248            127
       249            146
       250            141
       251            126
       252            142
       253            115
       254            152
       255            139
       256            120
       257            142
       258            114
       259            119
       260            126
       261            141
       262            137
       263            133
       264            123
       265            113
       266            124
       267            131
       268            139
       269            123
       270            129
       271            126
       272            125
       273            130
       274            122
       275            128
       276            139
       277            138
       278            132
       279            126
       280            137
       281            125
       282            124
       283            136
       284            138
       285            121
       286            124
       287            122
       288            132
       289            154
       290            143
       291             99
       292            148
       293            102
       294            133
       295            113
       296            151
       297            114
       298            146
       299            138
       300            136
       301            130
       302            141
       303            135
       304            124
       305            125
       306            140
       307            105
       308            129
       309            115
       310            121
       311            118
       312            103
       313            121
       314            126
       315            111
       316            111
       317            121
       318            101
       319            111
       320             95
       321            116
       322            106
       323            109
       324            100
       325            103
       326             92
       327            103
       328             81
       329             94
       330            112
       331            100
       332             90
       333             98
       334             72
       335             83
       336             81
       337             83
       338             86
       339             94
       340             77
       341             69
       342            100
       343             99
       344             72
       345             88
       346             76
       347             97
       348             74
       349             71
       350             89
       351             86
       352             80
       353             80
       354             73
       355             81
       356             72
       357             96
       358             91
       359             73
       360             88
       361             80
       362             70
       363             66
       364             70
       365             68
       366            101
       367             87
       368             87
       369             70
       370             83
       371             86
       372             71
       373             80
       374             77
       375             73
       376             82
       377             80
       378             58
       379             72
       380             63
       381             61
       382             64
       383             73
       384             76
       385             58
       386             91
       387             57
       388             70
       389             69
       390             56
       391             62
       392             76
       393             63
       394             60
       395             61
       396             62
       397             62
       398             64
       399             57
       400             66
       401             59
       402             56
       403             60
       404             70
       405             59
       406             51
       407             59
       408             54
       409             64
       410             53
       411             58
       412             51
       413             53
       414             50
       415             55
       416             57
       417             51
       418             52
       419             62
       420             39
       421             53
       422             44
       423             53
       424             52
       425             54
       426             55
       427             60
       428             42
       429             49
       430             52
       431             59
       432             49
       433             68
       434             52
       435             52
       436             57
       437             49
       438             44
       439             50
       440             57
       441             49
       442             65
       443             56
       444             54
       445             49
       446             70
       447             64
       448             47
       449             41
       450             45
       451             40
       452             38
       453             44
       454             46
       455             48
       456             53
       457             37
       458             41
       459             60
       460             43
       461             44
       462             48
       463             50
       464             53
       465             48
       466             49
       467             46
       468             51
       469             55
       470             42
       471             48
       472             48
       473             48
       474             39
       475             50
       476             39
       477             38
       478             54
       479             50
       480             48
       481             50
       482             32
       483             39
       484             39
       485             53
       486             34
       487             43
       488             40
       489             40
       490             39
       491             41
       492             42
       493             49
       494             36
       495             38
       496             39
       497             42
       498             42
       499             45
       500             38
       501             35
       502             56
       503             35
       504             41
       505             34
       506             36
       507             39
       508             33
       509             41
       510             39
       511             44
       512             49
       513             34
       514             43
       515             37
       516             31
       517             37
       518             33
       519             35
       520             40
       521             39
       522             41
       523             40
       524             43
       525             24
       526             31
       527             32
       528             31
       529             34
       530             33
       531             32
       532             41
       533             44
       534             30
       535             40
       536             33
       537             35
       538             37
       539             48
       540             36
       541             33
       542             38
       543             38
       544             36
       545             27
       546             36
       547             31
       548             28
       549             36
       550             35
       551             34
       552             36
       553             28
       554             31
       555             37
       556             21
       557             16
       558             27
       559             30
       560             22
       561             32
       562             46
       563             30
       564             37
       565             32
       566             30
       567             29
       568             32
       569             30
       570             29
       571             28
       572             31
       573             24
       574             23
       575             31
       576             26
       577             27
       578             26
       579             32
       580             32
       581             29
       582             30
       583             32
       584             20
       585             27
       586             24
       587             25
       588             31
       589             28
       590             37
       591             26
       592             34
       593             25
       594             24
       595             34
       596             33
       597             39
       598             33
       599             29
       600             30
       601             23
       602             27
       603             24
       604             27
       605             27
       606             26
       607             21
       608             30
       609             26
       610             20
       611             21
       612             28
       613             22
       614             35
       615             29
       616             15
       617             18
       618             25
       619             26
       620             32
       621             33
       622             25
       623             23
       624             31
       625             25
       626             33
       627             14
       628             21
       629             26
       630             40
       631             33
       632             25
       633             34
       634             31
       635             25
       636             32
       637             26
       638             22
       639             33
       640             23
       641             25
       642             32
       643             18
       644             21
       645             31
       646             31
       647             19
       648             29
       649             23
       650             24
       651             30
       652             33
       653             20
       654             26
       655             28
       656             32
       657             18
       658             28
       659             27
       660             33
       661             35
       662             19
       663             28
       664             23
       665             28
       666             33
       667             17
       668             33
       669             24
       670             29
       671             17
       672             28
       673             29
       674             33
       675             20
       676             16
       677             36
       678             25
       679             23
       680             28
       681             21
       682             28
       683             23
       684             19
       685             23
       686             28
       687             31
       688             30
       689             22
       690             22
       691             35
       692             24
       693             23
       694             25
       695             16
       696             21
       697             24
       698             23
       699             20
       700             24
       701             19
       702             29
       703             27
       704             21
       705             23
       706             18
       707             21
       708             15
       709             26
       710             19
       711             29
       712             20
       713             12
       714             15
       715             12
       716             18
       717             24
       718             16
       719             23
       720             17
       721             25
       722             22
       723             14
       724             25
       725             19
       726             15
       727             16
       728             12
       729             15
       730             14
       731             14
       732             16
       733             15
       734             17
       735             12
       736             26
       737             11
       738             17
       739             24
       740             14
       741             12
       742             18
       743             10
       744             13
       745             20
       746             17
       747             10
       748             18
       749             11
       750             14
       751             21
       752             14
       753              7
       754             11
       755             11
       756             16
       757             18
       758             12
       759              9
       760             16
       761             17
       762             14
       763             17
       764             14
       765             12
       766             11
       767             17
       768             12
       769             11
       770             13
       771             18
       772             13
       773             19
       774             11
       775             12
       776             20
       777             12
       778             14
       779             12
       780             19
       781             13
       782             14
       783             10
       784              7
       785             14
       786             11
       787              7
       788             14
       789             18
       790             13
       791              9
       792             15
       793             25
       794             10
       795             10
       796             13
       797             12
       798             12
       799             16
       800             12
       801             13
       802             12
       803             12
       804             13
       805              6
       806              7
       807             13
       808              5
       809             11
       810             15
       811             13
       812             12
       813             12
       814             12
       815             12
       816             11
       817              9
       818              4
       819             11
       820             12
       821              9
       822              8
       823             13
       824             13
       825             16
       826              7
       827              8
       828             13
       829              6
       830              8
       831             14
       832              9
       833             12
       834             10
       835             19
       836              9
       837             14
       838             11
       839              7
       840             12
       841              6
       842             10
       843              9
       844             12
       845             10
       846             11
       847             12
       848             10
       849              8
       850             11
       851              9
       852             15
       853              7
       854              7
       855             12
       856              4
       857              9
       858              7
       859             11
       860             12
       861             11
       862             19
       863              5
       864              8
       865             14
       866              7
       867             15
       868              9
       869             12
       870             16
       871              8
       872             10
       873              8
       874             10
       875              6
       876              9
       877             12
       878              5
       879             11
       880              7
       881              4
       882             10
       883             11
       884             10
       885             11
       886              9
       887             14
       888             11
       889             10
       890             12
       891              6
       892             16
       893             10
       894             12
       895              7
       896             16
       897             12
       898             10
       899              9
       900             18
       901             11
       902              8
       903             11
       904              8
       905              9
       906             11
       907             17
       908             14
       909             15
       910             11
       911             20
       912             18
       913             15
       914              7
       915             13
       916             19
       917             11
       918             12
       919             16
       920             14
       921             20
       922             14
       923             22
       924             14
       925             14
       926             13
       927             25
       928             23
       929             23
       930             18
       931             20
       932             11
       933             20
       934             24
       935             26
       936             23
       937             26
       938             21
       939             27
       940             23
       941             23
       942             28
       943             38
       944             37
       945             36
       946             19
       947             31
       948             36
       949             33
       950             44
       951             40
       952             39
       953             47
       954             48
       955             51
       956             53
       957             59
       958             60
       959             48
       960             70
       961             58
       962             53
       963             69
       964             77
       965             86
       966             54
       967             78
       968             72
       969             70
       970             67
       971             75
       972             80
       973            103
       974             82
       975            100
       976             72
       977             81
       978            104
       979            101
       980             82
       981            103
       982            118
       983            104
       984            131
       985             98
       986            109
       987             88
       988            105
       989            118
       990            127
       991             96
       992            102
       993            100
       994            106
       995            133
       996            110
       997             94
       998            124
       999            134
      1000            116
      1001            118
      1002            111
      1003            110
      1004            116
      1005            115
      1006            100
      1007            126
      1008            122
      1009             95
      1010            132
      1011            100
      1012             90
      1013            107
      1014            100
      1015            104
      1016             96
      1017             83
      1018            118
      1019             91
      1020             86
      1021             87
      1022             85
      1023             68
      1024             72
      1025             73
      1026             59
      1027             81
      1028             71
      1029             65
      1030             67
      1031             58
      1032             57
      1033             58
      1034             53
      1035             58
      1036             35
      1037             47
      1038             40
      1039             42
      1040             33
      1041             35
      1042             37
      1043             41
      1044             28
      1045             33
      1046             22
      1047             38
      1048             26
      1049             25
      1050             20
      1051             19
      1052             24
      1053             25
      1054             19
      1055             20
      1056             13
      1057             14
      1058             11
      1059             14
      1060              9
      1061             16
      1062             12
      1063             10
      1064              8
      1065              8
      1066              3
      1067              8
      1068             10
      1069              7
      1070             14
      1071              6
      1072              7
      1073              9
      1074              7
      1075             13
      1076              9
      1077              7
      1078              5
      1079              5
      1080              4
      1081              4
      1082              9
      1083              5
      1084              4
      1085             10
      1086              3
      1087              4
      1088              5
      1089              6
      1090              4
      1091              2
      1092              4
      1093              4
      1094              1
      1095              3
      1096              8
      1097              2
      1098              5
      1099              5
      1100              5
      1101              6
      1102              6
      1103              2
      1104              5
      1105              2
      1106              3
      1107              8
      1108              1
      1109              1
      1110              6
      1111              2
      1112              6
      1113              6
      1114              2
      1115              7
      1116              5
      1117              1
      1118              3
      1119              5
      1120              4
      1121              3
      1122              4
      1123              6
      1124              4
      1125              4
      1126              3
      1127              5
      1128              7
      1129              3
      1130              3
      1131              6
      1132              4
      1133              8
      1134              6
      1135              5
      1136              7
      1137              4
      1138              4
      1139              6
      1140              6
      1141              4
      1142              3
      1143              3
      1144              6
      1145              2
      1146              4
      1147              4
      1148              3
      1149              2
      1150              4
      1151              5
      1152              4
      1153              1
      1154              3
      1155              3
      1156              3
      1157              4
      1158              4
      1159              4
      1160              6
      1161              4
      1162              2
      1163              5
      1164              5
      1165              4
      1166              2
      1167              4
      1168              3
      1169              6
      1170              6
      1171              1
      1172              5
      1173              1
      1174              3
      1175              3
      1176              3
      1177              5
      1178              1
      1179              2
      1180              4
      1181              3
      1182              1
      1183              5
      1184              5
      1185             10
      1186              1
      1187              3
      1188              1
      1189              5
      1190              3
      1191              2
      1192              2
      1193              6
      1194              5
      1195              5
      1196              0
      1197              3
      1198              2
      1199              2
      1200              1
      1201              2
      1202              1
      1203              4
      1204              7
      1205              3
      1206              5
      1207              3
      1208              3
      1209              3
      1210              3
      1211              3
      1212              7
      1213              5
      1214              5
      1215              4
      1216              5
      1217              5
      1218              2
      1219              5
      1220              4
      1221              1
      1222              7
      1223              4
      1224              4
      1225              6
      1226              2
      1227              5
      1228              3
      1229              3
      1230              2
      1231              2
      1232              5
      1233              3
      1234              6
      1235              1
      1236              2
      1237              1
      1238              2
      1239              3
      1240              4
      1241              4
      1242              2
      1243              4
      1244              0
      1245              1
      1246              1
      1247              4
      1248              3
      1249              4
      1250              4
      1251              9
      1252              2
      1253              5
      1254              4
      1255              5
      1256              0
      1257              3
      1258              5
      1259              8
      1260              2
      1261              7
      1262              2
      1263              4
      1264              4
      1265              0
      1266              1
      1267              4
      1268              2
      1269              3
      1270              3
      1271              1
      1272              2
      1273              1
      1274              3
      1275              3
      1276              4
      1277              5
      1278              5
      1279              2
      1280              4
      1281              1
      1282              2
      1283              7
      1284              1
      1285              5
      1286              5
      1287              3
      1288              4
      1289              5
      1290              3
      1291              5
      1292              1
      1293              3
      1294              2
      1295              0
      1296              4
      1297              7
      1298              5
      1299              2
      1300              3
      1301              2
      1302              3
      1303              1
      1304              2
      1305              3
      1306              3
      1307              6
      1308              1
      1309              2
      1310              1
      1311              3
      1312              3
      1313              3
      1314              4
      1315              3
      1316              3
      1317              7
      1318              2
      1319              3
      1320              4
      1321              7
      1322              6
      1323              0
      1324              3
      1325              3
      1326              2
      1327              4
      1328              3
      1329              4
      1330              8
      1331              0
      1332              4
      1333              2
      1334              4
      1335              6
      1336              5
      1337              5
      1338              1
      1339              1
      1340              2
      1341              1
      1342              4
      1343              4
      1344              5
      1345              1
      1346              3
      1347              3
      1348              3
      1349              3
      1350              2
      1351              1
      1352              1
      1353              6
      1354              2
      1355              4
      1356              1
      1357              2
      1358              5
      1359              1
      1360              6
      1361              2
      1362              5
      1363              3
      1364              2
      1365              2
      1366              0
      1367              3
      1368              3
      1369              7
      1370              3
      1371              3
      1372              1
      1373              5
      1374              2
      1375              3
      1376              6
      1377              1
      1378              4
      1379              2
      1380              4
      1381              3
      1382              1
      1383              0
      1384              2
      1385              5
      1386              1
      1387              2
      1388              0
      1389              4
      1390              2
      1391              1
      1392              7
      1393              3
      1394              6
      1395              4
      1396              4
      1397              4
      1398              5
      1399              9
      1400              4
      1401              5
      1402              2
      1403              7
      1404              5
      1405              2
      1406              4
      1407              4
      1408              3
      1409              5
      1410              4
      1411              4
      1412              4
      1413              4
      1414              1
      1415              6
      1416              3
      1417              3
      1418              3
      1419              3
      1420              6
      1421              4
      1422              0
      1423              2
      1424              2
      1425              3
      1426              3
      1427              2
      1428              3
      1429              3
      1430              2
      1431              2
      1432              5
      1433              4
      1434              3
      1435              3
      1436              4
      1437              5
      1438              3
      1439              3
      1440              4
      1441              2
      1442              3
      1443              4
      1444              4
      1445              4
      1446              1
      1447              0
      1448              0
      1449              1
      1450              5
      1451              4
      1452              2
      1453              3
      1454              2
      1455              2
      1456              5
      1457              1
      1458              4
      1459              2
      1460              3
      1461              0
      1462              5
      1463              2
      1464              3
      1465              2
      1466              3
      1467              1
      1468              2
      1469              4
      1470              4
      1471              3
      1472              4
      1473              4
      1474              2
      1475              5
      1476              3
      1477              2
      1478              2
      1479              2
      1480              1
      1481              0
      1482              2
      1483              5
      1484              1
      1485              1
      1486              1
      1487              3
      1488              7
      1489              1
      1490              3
      1491              3
      1492              1
      1493              1
      1494              6
      1495              3
      1496              2
      1497              3
      1498              2
      1499              2
      1500              3
      1501              2
      1502              4
      1503              4
      1504              0
      1505              1
      1506              2
      1507              2
      1508              0
      1509              2
      1510              1
      1511              2
      1512              1
      1513              5
      1514              5
      1515              3
      1516              1
      1517              3
      1518              4
      1519              1
      1520              2
      1521              4
      1522              2
      1523              2
      1524              3
      1525              2
      1526              3
      1527              3
      1528              3
      1529              3
      1530              1
      1531              2
      1532              1
      1533              2
      1534              2
      1535              5
      1536              1
      1537              5
      1538              2
      1539              1
      1540              2
      1541              1
      1542              2
      1543              3
      1544              4
      1545              3
      1546              2
      1547              2
      1548              1
      1549              1
      1550              3
      1551              6
      1552              7
      1553              4
      1554              3
      1555              4
      1556              4
      1557              3
      1558              2
      1559              1
      1560              2
      1561              6
      1562              3
      1563              3
      1564              1
      1565              2
      1566              4
      1567              2
      1568              3
      1569              2
      1570              3
      1571              2
      1572              1
      1573              4
      1574              2
      1575              3
      1576              4
      1577              0
      1578              2
      1579              1
      1580              1
      1581              8
      1582              2
      1583              6
      1584              4
      1585              8
      1586              1
      1587              7
      1588              3
      1589              5
      1590              5
      1591              4
      1592              3
      1593              4
      1594              3
      1595              4
      1596              6
      1597              4
      1598              3
      1599              4
      1600              2
      1601              0
      1602              3
      1603              2
      1604              2
      1605              4
      1606              3
      1607             10
      1608              2
      1609              3
      1610              3
      1611              0
      1612              4
      1613              3
      1614              2
      1615              1
      1616              1
      1617              1
      1618              4
      1619              1
      1620              5
      1621              6
      1622              2
      1623              2
      1624              5
      1625              2
      1626              3
      1627              5
      1628              2
      1629              5
      1630              1
      1631              1
      1632              5
      1633              3
      1634              4
      1635              4
      1636              6
      1637              3
      1638              2
      1639              2
      1640              2
      1641              5
      1642              1
      1643              2
      1644              0
      1645              3
      1646              4
      1647              3
      1648              2
      1649              0
      1650              3
      1651              4
      1652              4
      1653              0
      1654              4
      1655              3
      1656              3
      1657              3
      1658              3
      1659              0
      1660              6
      1661              4
      1662              1
      1663              5
      1664              2
      1665              0
      1666              1
      1667              2
      1668              0
      1669              2
      1670              2
      1671              2
      1672              5
      1673              2
      1674              4
      1675              6
      1676              5
      1677              3
      1678              3
      1679              1
      1680              0
      1681              3
      1682              4
      1683              3
      1684              3
      1685              1
      1686              5
      1687              3
      1688              4
      1689              1
      1690              1
      1691              2
      1692              0
      1693              1
      1694              3
      1695              0
      1696              1
      1697              3
      1698              1
      1699              0
      1700              1
      1701              0
      1702              1
      1703              0
      1704              4
      1705              2
      1706              5
      1707              0
      1708              5
      1709              1
      1710              0
      1711              2
      1712              5
      1713              3
      1714              1
      1715              3
      1716              5
      1717              4
      1718              4
      1719              2
      1720              1
      1721              2
      1722              3
      1723              2
      1724              0
      1725              5
      1726              1
      1727              1
      1728              2
      1729              3
      1730              4
      1731              2
      1732              0
      1733              3
      1734              1
      1735              1
      1736              0
      1737              1
      1738              1
      1739              4
      1740              3
      1741              4
      1742              2
      1743              1
      1744              1
      1745              5
      1746              2
      1747              0
      1748              2
      1749              2
      1750              1
      1751              2
      1752              0
      1753              1
      1754              3
      1755              3
      1756              2
      1757              1
      1758              4
      1759              2
      1760              2
      1761              2
      1762              3
      1763              2
      1764              4
      1765              1
      1766              1
      1767              2
      1768              0
      1769              4
      1770              4
      1771              2
      1772              3
      1773              2
      1774              1
      1775              1
      1776              0
      1777              3
      1778              2
      1779              0
      1780              1
      1781              0
      1782              0
      1783              2
      1784              0
      1785              2
      1786              2
      1787              2
      1788              1
      1789              2
      1790              0
      1791              1
      1792              0
      1793              4
      1794              0
      1795              3
      1796              4
      1797              0
      1798              2
      1799              4
      1800              2
      1801              1
      1802              3
      1803              1
      1804              0
      1805              0
      1806              1
      1807              2
      1808              1
      1809              1
      1810              1
      1811              2
      1812              3
      1813              1
      1814              0
      1815              1
      1816              0
      1817              3
      1818              3
      1819              1
      1820              1
      1821              4
      1822              2
      1823              3
      1824              1
      1825              3
      1826              0
      1827              0
      1828              3
      1829              1
      1830              1
      1831              0
      1832              1
      1833              2
      1834              4
      1835              2
      1836              1
      1837              1
      1838              2
      1839              0
      1840              3
      1841              1
      1842              1
      1843              1
      1844              0
      1845              1
      1846              2
      1847              3
      1848              0
      1849              3
      1850              1
      1851              2
      1852              1
      1853              2
      1854              3
      1855              2
      1856              5
      1857              1
      1858              2
      1859              2
      1860              2
      1861              0
      1862              4
      1863              5
      1864              2
      1865              0
      1866              2
      1867              2
      1868              1
      1869              1
      1870              1
      1871              0
      1872              3
      1873              3
      1874              0
      1875              1
      1876              2
      1877              2
      1878              0
      1879              1
      1880              0
      1881              2
      1882              1
      1883              1
      1884              2
      1885              2
      1886              1
      1887              1
      1888              1
      1889              2
      1890              3
      1891              2
      1892              2
      1893              1
      1894              1
      1895              3
      1896              1
      1897              0
      1898              0
      1899              0
      1900              0
      1901              1
      1902              3
      1903              0
      1904              1
      1905              1
      1906              1
      1907              0
      1908              1
      1909              3
      1910              0
      1911              1
      1912              1
      1913              2
      1914              2
      1915              1
      1916              1
      1917              1
      1918              0
      1919              1
      1920              1
      1921              0
      1922              2
      1923              1
      1924              0
      1925              1
      1926              0
      1927              0
      1928              2
      1929              0
      1930              0
      1931              1
      1932              1
      1933              1
      1934              0
      1935              2
      1936              0
      1937              0
      1938              1
      1939              0
      1940              0
      1941              1
      1942              0
      1943              2
      1944              1
      1945              2
      1946              2
      1947              3
      1948              1
      1949              1
      1950              0
      1951              1
      1952              2
      1953              0
      1954              1
      1955              1
      1956              0
      1957              1
      1958              0
      1959              1
      1960              3
      1961              1
      1962              1
      1963              0
      1964              0
      1965              0
      1966              2
      1967              2
      1968              2
      1969              2
      1970              1
      1971              0
      1972              2
      1973              2
      1974              1
      1975              0
      1976              1
      1977              0
      1978              0
      1979              3
      1980              0
      1981              1
      1982              1
      1983              0
      1984              0
      1985              1
      1986              4
      1987              0
      1988              0
      1989              0
      1990              1
      1991              0
      1992              1
      1993              1
      1994              1
      1995              0
      1996              1
      1997              1
      1998              1
      1999              2
      2000              1
      2001              0
      2002              2
      2003              0
      2004              0
      2005              0
      2006              0
      2007              3
      2008              0
      2009              0
      2010              0
      2011              0
      2012              1
      2013              1
      2014              0
      2015              0
      2016              0
      2017              0
      2018              1
      2019              0
      2020              0
      2021              0
      2022              0
      2023              0
      2024              0
      2025              0
      2026              0
      2027              0
      2028              0
      2029              0
      2030              0
      2031              0
      2032              0
      2033              0
      2034              0
      2035              0
      2036              0
      2037              0
      2038              0
      2039              0
      2040              0
      2041              0
      2042              0
      2043              0
      2044              0
      2045              0
      2046              0
      2047              0
