         0              0
         1              0
         2              0
         3              0
         4              0
         5              0
         6              0
         7              0
         8              0
         9              0
        10              0
        11              0
        12              0
        13              0
        14              0
        15              0
        16              0
        17              0
        18              0
        19              0
        20              0
        21              0
        22              0
        23             19
        24             28
        25             42
        26             30
        27             40
        28             38
        29             47
        30             35
        31             34
        32             49
        33             35
        34             34
        35             28
        36             32
        37             36
        38             32
        39             50
        40             38
        41             36
        42             32
        43             36
        44             41
        45             40
        46             42
        47             35
        48             57
        49             44
        50             43
        51             43
        52             47
        53             48
        54             57
        55             42
        56             47
        57             60
        58             67
        59             56
        60             52
        61             53
        62             50
        63             46
        64             51
        65             56
        66             56
        67             59
        68             64
        69             56
        70             58
        71             51
        72             52
        73             54
        74             49
        75             53
        76             55
        77             61
        78             55
        79             74
        80             66
        81             67
        82             63
        83             57
        84             67
        85             73
        86             66
        87             77
        88             70
        89             93
        90             77
        91             91
        92             93
        93             94
        94             69
        95            104
        96             98
        97            117
        98            103
        99            107
       100            116
       101            120
       102            116
       103            125
       104            133
       105            148
       106            129
       107            115
       108            146
       109            135
       110            151
       111            122
       112            133
       113            158
       114            151
       115            146
       116            165
       117            150
       118            167
       119            174
       120            159
       121            157
       122            165
       123            163
       124            179
       125            194
       126            196
       127            188
       128            194
       129            202
       130            201
       131            180
       132            174
       133            169
       134            172
       135            197
       136            191
       137            197
       138            200
       139            172
       140            201
       141            199
       142            219
       143            205
       144            175
       145            201
       146            156
       147            181
       148            188
       149            216
       150            191
       151            172
       152            217
       153            181
       154            214
       155            196
       156            209
       157            198
       158            200
       159            201
       160            169
       161            181
       162            218
       163            173
       164            185
       165            198
       166            193
       167            215
       168            172
       169            181
       170            160
       171            206
       172            187
       173            200
       174            204
       175            187
       176            192
       177            195
       178            175
       179            209
       180            202
       181            180
       182            178
       183            173
       184            173
       185            187
       186            181
       187            178
       188            181
       189            157
       190            188
       191            189
       192            165
       193            163
       194            194
       195            156
       196            164
       197            165
       198            149
       199            172
       200            161
       201            156
       202            181
       203            163
       204            167
       205            156
       206            168
       207            147
       208            181
       209            157
       210            156
       211            159
       212            180
       213            171
       214            156
       215            142
       216            160
       217            154
       218            165
       219            140
       220            176
       221            166
       222            157
       223            165
       224            144
       225            154
       226            148
       227            150
       228            151
       229            158
       230            150
       231            165
       232            132
       233            140
       234            173
       235            145
       236            141
       237            138
       238            136
       239            148
       240            132
       241            137
       242            138
       243            139
       244            136
       245            120
       246            139
       247            149
       248            132
       249            121
       250            137
       251            148
       252            145
       253            129
       254            115
       255            155
       256            141
       257            121
       258            128
       259            125
       260            136
       261            140
       262            129
       263            127
       264            109
       265            143
       266            124
       267            138
       268            103
       269            100
       270            139
       271            127
       272            139
       273            125
       274            114
       275            115
       276            103
       277            151
       278            104
       279            133
       280            133
       281            113
       282            139
       283            113
       284            125
       285            105
       286            149
       287            111
       288            129
       289            118
       290            139
       291            122
       292            122
       293            144
       294            160
       295            124
       296            122
       297            134
       298            126
       299            117
       300            129
       301            139
       302            111
       303            138
       304            120
       305            134
       306            129
       307            100
       308            129
       309            105
       310            118
       311            127
       312             92
       313            109
       314            106
       315            102
       316            107
       317             99
       318            101
       319            105
       320             99
       321            119
       322             98
       323            104
       324             95
       325            116
       326             91
       327             90
       328             93
       329             96
       330             95
       331             79
       332             88
       333             81
       334             89
       335             70
       336            104
       337             88
       338             96
       339             89
       340             77
       341             91
       342             96
       343             87
       344             78
       345             89
       346             79
       347             90
       348             69
       349             69
       350             81
       351             80
       352             84
       353             71
       354             93
       355             64
       356             86
       357             70
       358             76
       359             80
       360             66
       361             66
       362             91
       363             83
       364             81
       365             80
       366             65
       367             85
       368             89
       369             72
       370             76
       371             71
       372             77
       373             69
       374             72
       375             72
       376             73
       377             74
       378             66
       379             69
       380             56
       381             67
       382             62
       383             68
       384             72
       385             60
       386             74
       387             49
       388             67
       389             59
       390             73
       391             42
       392             45
       393             58
       394             41
       395             57
       396             47
       397             59
       398             58
       399             58
       400             51
       401             52
       402             49
       403             36
       404             50
       405             58
       406             57
       407             56
       408             49
       409             49
       410             49
       411             42
       412             48
       413             53
       414             47
       415             49
       416             45
       417             62
       418             53
       419             63
       420             46
       421             35
       422             48
       423             54
       424             44
       425             41
       426             46
       427             51
       428             45
       429             42
       430             56
       431             56
       432             47
       433             57
       434             36
       435             45
       436             50
       437             51
       438             57
       439             44
       440             45
       441             45
       442             46
       443             34
       444             49
       445             41
       446             46
       447             44
       448             51
       449             55
       450             48
       451             59
       452             44
       453             32
       454             45
       455             46
       456             49
       457             53
       458             48
       459             53
       460             37
       461             50
       462             41
       463             36
       464             43
       465             40
       466             48
       467             45
       468             35
       469             41
       470             33
       471             35
       472             51
       473             48
       474             54
       475             41
       476             34
       477             44
       478             28
       479             39
       480             39
       481             50
       482             44
       483             38
       484             37
       485             35
       486             35
       487             31
       488             41
       489             35
       490             36
       491             41
       492             35
       493             38
       494             43
       495             38
       496             37
       497             45
       498             25
       499             35
       500             29
       501             35
       502             38
       503             35
       504             26
       505             34
       506             24
       507             28
       508             44
       509             28
       510             35
       511             28
       512             31
       513             38
       514             28
       515             37
       516             29
       517             37
       518             30
       519             36
       520             31
       521             38
       522             32
       523             33
       524             36
       525             33
       526             34
       527             34
       528             31
       529             32
       530             43
       531             29
       532             32
       533             25
       534             42
       535             28
       536             22
       537             28
       538             33
       539             43
       540             35
       541             36
       542             29
       543             31
       544             28
       545             28
       546             26
       547             23
       548             38
       549             38
       550             31
       551             42
       552             39
       553             32
       554             32
       555             30
       556             28
       557             25
       558             33
       559             28
       560             29
       561             38
       562             32
       563             23
       564             33
       565             27
       566             29
       567             34
       568             34
       569             30
       570             32
       571             23
       572             28
       573             32
       574             20
       575             26
       576             36
       577             16
       578             24
       579             21
       580             31
       581             32
       582             29
       583             20
       584             25
       585             28
       586             22
       587             28
       588             28
       589             27
       590             21
       591             35
       592             21
       593             26
       594             26
       595             29
       596             28
       597             22
       598             24
       599             24
       600             30
       601             30
       602             35
       603             28
       604             21
       605             18
       606             23
       607             31
       608             30
       609             21
       610             24
       611             33
       612             32
       613             11
       614             24
       615             23
       616             26
       617             25
       618             24
       619             32
       620             23
       621             27
       622             19
       623             23
       624             19
       625             24
       626             23
       627             21
       628             29
       629             38
       630             21
       631             14
       632             23
       633             32
       634             24
       635             19
       636             24
       637             22
       638             25
       639             22
       640             24
       641             19
       642             33
       643             19
       644             15
       645             22
       646             21
       647             24
       648             23
       649             20
       650             26
       651             25
       652             25
       653             33
       654             22
       655             13
       656             22
       657             24
       658             30
       659             21
       660             16
       661             16
       662             25
       663             31
       664             15
       665             26
       666             15
       667             30
       668             20
       669             21
       670             32
       671             17
       672             12
       673             22
       674             20
       675             22
       676             17
       677             18
       678             18
       679             18
       680             17
       681             27
       682             18
       683             22
       684             20
       685             18
       686             11
       687             14
       688             26
       689             22
       690             16
       691             20
       692             22
       693             23
       694             19
       695             19
       696             23
       697             24
       698             17
       699             14
       700             22
       701             21
       702             20
       703             21
       704             20
       705             18
       706             11
       707             20
       708             10
       709             22
       710             24
       711             22
       712             22
       713             14
       714             13
       715             12
       716             14
       717             17
       718             17
       719             20
       720             20
       721             15
       722             13
       723             14
       724             14
       725             18
       726             22
       727             18
       728             20
       729             16
       730             13
       731             18
       732             21
       733             21
       734              4
       735             17
       736             15
       737             15
       738             18
       739             14
       740             13
       741             13
       742              9
       743             17
       744              7
       745             14
       746             12
       747              8
       748             12
       749             11
       750              9
       751             14
       752             25
       753             13
       754              8
       755             15
       756              9
       757             15
       758              8
       759             14
       760             11
       761             12
       762             16
       763             15
       764              8
       765             12
       766             15
       767             16
       768             22
       769             13
       770             16
       771              9
       772              8
       773             14
       774             13
       775              9
       776             11
       777              9
       778             12
       779             12
       780             14
       781             22
       782             14
       783              4
       784             14
       785              9
       786             12
       787             16
       788              9
       789              7
       790             12
       791             11
       792              8
       793             20
       794             16
       795             12
       796             17
       797              8
       798             10
       799             14
       800             12
       801             10
       802             16
       803             11
       804              8
       805             10
       806              5
       807             10
       808             11
       809             11
       810             10
       811              5
       812             14
       813              9
       814              8
       815              9
       816             12
       817             16
       818             13
       819             15
       820             14
       821              9
       822              8
       823              6
       824              6
       825              9
       826              5
       827              7
       828             10
       829              9
       830             11
       831              8
       832             16
       833             12
       834              6
       835              7
       836              7
       837             10
       838             12
       839              8
       840              5
       841              8
       842              5
       843             11
       844             10
       845             18
       846             12
       847              4
       848              9
       849              7
       850             10
       851              9
       852             12
       853              9
       854              9
       855             10
       856              9
       857              9
       858             12
       859             13
       860              7
       861              5
       862             12
       863             10
       864             11
       865             12
       866             14
       867             16
       868              7
       869             17
       870              8
       871              7
       872              5
       873              7
       874              6
       875             12
       876             10
       877              9
       878              9
       879             11
       880              6
       881             17
       882              9
       883              8
       884             20
       885             10
       886             14
       887             11
       888             14
       889             11
       890             14
       891             10
       892              9
       893             13
       894             10
       895             10
       896              9
       897              6
       898             14
       899             10
       900             16
       901             11
       902              8
       903             13
       904             16
       905              9
       906             13
       907             13
       908             10
       909              9
       910             18
       911             10
       912             12
       913             13
       914             17
       915             11
       916             12
       917             17
       918              9
       919             17
       920             19
       921             18
       922             10
       923             15
       924             10
       925             11
       926             16
       927             20
       928             13
       929              9
       930              9
       931             16
       932             23
       933             20
       934             15
       935             13
       936             14
       937             22
       938             18
       939             28
       940             16
       941             22
       942             21
       943             24
       944             17
       945             25
       946             30
       947             27
       948             28
       949             25
       950             25
       951             47
       952             39
       953             41
       954             31
       955             48
       956             35
       957             34
       958             37
       959             49
       960             35
       961             48
       962             56
       963             50
       964             50
       965             48
       966             51
       967             58
       968             56
       969             61
       970             50
       971             53
       972             60
       973             54
       974             54
       975             61
       976             71
       977             78
       978             83
       979             83
       980             83
       981             81
       982             90
       983             63
       984             85
       985             78
       986             99
       987             95
       988             86
       989             81
       990             94
       991             81
       992             92
       993             86
       994            100
       995            108
       996             94
       997             96
       998             89
       999             91
      1000             93
      1001             99
      1002             94
      1003             80
      1004             79
      1005             80
      1006             97
      1007             86
      1008             79
      1009             96
      1010            101
      1011             79
      1012             88
      1013             81
      1014             82
      1015             82
      1016             79
      1017             76
      1018             67
      1019             57
      1020             78
      1021             69
      1022             66
      1023             63
      1024             52
      1025             65
      1026             59
      1027             48
      1028             56
      1029             48
      1030             52
      1031             34
      1032             49
      1033             41
      1034             40
      1035             35
      1036             38
      1037             34
      1038             35
      1039             30
      1040             28
      1041             33
      1042             19
      1043             27
      1044             27
      1045             21
      1046             25
      1047             13
      1048             18
      1049             26
      1050             10
      1051             18
      1052             21
      1053             22
      1054             19
      1055              9
      1056             11
      1057             11
      1058              7
      1059             10
      1060             11
      1061              6
      1062              4
      1063              9
      1064              8
      1065              9
      1066              7
      1067              5
      1068              8
      1069              4
      1070              6
      1071              7
      1072              7
      1073              5
      1074              4
      1075             11
      1076              4
      1077              5
      1078              6
      1079              4
      1080              6
      1081              5
      1082              8
      1083              5
      1084              7
      1085              1
      1086              4
      1087              7
      1088              7
      1089              8
      1090              3
      1091              7
      1092              6
      1093              8
      1094              2
      1095              6
      1096              4
      1097              5
      1098              4
      1099              5
      1100              5
      1101              5
      1102              7
      1103              5
      1104              4
      1105              9
      1106              6
      1107              6
      1108              8
      1109              6
      1110              5
      1111              8
      1112              4
      1113              3
      1114              5
      1115              3
      1116              7
      1117              5
      1118              6
      1119              2
      1120              3
      1121              2
      1122              4
      1123              3
      1124              5
      1125              3
      1126              3
      1127              4
      1128              3
      1129              3
      1130              8
      1131              4
      1132              6
      1133              4
      1134              6
      1135              6
      1136              6
      1137              2
      1138              6
      1139              4
      1140              2
      1141              4
      1142              5
      1143              3
      1144              6
      1145              3
      1146              5
      1147              5
      1148              4
      1149             10
      1150              2
      1151              5
      1152              4
      1153              2
      1154              8
      1155              4
      1156              4
      1157              3
      1158              7
      1159              5
      1160              1
      1161              4
      1162              1
      1163              5
      1164              5
      1165              1
      1166              2
      1167              5
      1168              5
      1169              5
      1170             10
      1171              6
      1172              7
      1173              2
      1174             12
      1175              3
      1176              7
      1177              3
      1178              3
      1179              2
      1180              3
      1181              7
      1182              4
      1183              5
      1184              4
      1185              6
      1186              8
      1187              9
      1188              2
      1189              1
      1190              3
      1191              6
      1192              6
      1193              6
      1194              5
      1195              3
      1196              2
      1197              4
      1198              4
      1199              3
      1200              8
      1201              2
      1202              1
      1203              6
      1204              4
      1205              2
      1206              1
      1207              4
      1208              4
      1209              4
      1210              7
      1211              5
      1212              6
      1213              2
      1214              4
      1215              2
      1216              2
      1217              3
      1218              4
      1219              4
      1220              8
      1221              6
      1222              4
      1223              1
      1224              1
      1225              2
      1226              4
      1227              1
      1228              2
      1229              2
      1230              1
      1231              4
      1232              3
      1233             11
      1234              2
      1235              3
      1236              7
      1237              1
      1238              5
      1239              5
      1240              5
      1241              4
      1242              5
      1243              4
      1244              5
      1245              3
      1246              4
      1247              1
      1248              5
      1249              1
      1250              5
      1251              3
      1252              2
      1253              0
      1254              4
      1255              2
      1256              4
      1257              3
      1258              6
      1259              2
      1260              4
      1261              5
      1262              4
      1263              4
      1264              4
      1265              6
      1266              3
      1267              6
      1268              0
      1269              4
      1270              8
      1271              2
      1272              2
      1273              1
      1274              2
      1275              4
      1276              1
      1277              4
      1278              6
      1279              5
      1280              2
      1281              1
      1282              4
      1283              0
      1284              1
      1285              1
      1286              2
      1287              1
      1288              6
      1289              4
      1290              3
      1291              1
      1292              5
      1293              6
      1294              4
      1295              2
      1296              5
      1297              6
      1298              3
      1299              3
      1300              0
      1301              2
      1302              5
      1303              4
      1304              2
      1305              3
      1306              6
      1307              1
      1308              4
      1309              2
      1310              3
      1311              2
      1312              6
      1313              5
      1314              1
      1315              5
      1316              6
      1317              2
      1318              4
      1319              2
      1320              2
      1321              1
      1322              4
      1323              3
      1324              5
      1325              7
      1326              4
      1327              2
      1328              3
      1329              3
      1330              5
      1331              3
      1332              1
      1333              2
      1334              3
      1335              5
      1336              7
      1337              8
      1338              5
      1339              3
      1340              3
      1341              4
      1342              3
      1343              2
      1344              8
      1345              2
      1346              3
      1347              1
      1348              2
      1349              4
      1350              4
      1351              1
      1352              1
      1353              5
      1354              3
      1355              3
      1356              2
      1357              5
      1358              4
      1359              2
      1360              5
      1361              2
      1362              6
      1363              5
      1364              3
      1365              4
      1366              2
      1367              2
      1368              3
      1369              3
      1370              6
      1371              4
      1372              5
      1373              4
      1374              3
      1375              5
      1376              3
      1377              6
      1378              4
      1379              6
      1380              2
      1381              7
      1382              3
      1383              2
      1384              6
      1385              4
      1386              2
      1387              3
      1388              4
      1389              2
      1390              3
      1391              0
      1392              3
      1393              3
      1394              4
      1395              4
      1396              2
      1397              2
      1398              0
      1399              4
      1400              4
      1401              6
      1402              1
      1403              4
      1404              3
      1405              7
      1406              4
      1407              2
      1408              4
      1409              8
      1410              6
      1411              3
      1412              2
      1413              3
      1414              5
      1415              5
      1416              6
      1417              1
      1418              4
      1419              3
      1420              2
      1421              0
      1422              3
      1423              6
      1424              4
      1425              3
      1426              1
      1427              3
      1428              3
      1429              2
      1430              5
      1431              2
      1432              2
      1433              1
      1434              3
      1435              1
      1436              3
      1437              4
      1438              7
      1439              6
      1440              3
      1441              0
      1442              4
      1443              7
      1444              3
      1445              3
      1446              3
      1447              0
      1448              3
      1449              5
      1450              3
      1451              2
      1452              0
      1453              0
      1454              2
      1455              2
      1456              5
      1457              2
      1458              1
      1459              4
      1460              2
      1461              2
      1462              3
      1463              3
      1464              1
      1465              3
      1466              4
      1467              4
      1468              4
      1469              1
      1470              1
      1471              2
      1472              2
      1473              4
      1474              5
      1475              3
      1476              1
      1477              2
      1478              4
      1479              3
      1480              2
      1481              1
      1482              1
      1483              4
      1484              2
      1485              1
      1486              1
      1487              2
      1488              1
      1489              2
      1490              3
      1491              2
      1492              1
      1493              1
      1494              3
      1495              2
      1496              2
      1497              1
      1498              0
      1499              2
      1500              4
      1501              5
      1502              2
      1503              2
      1504              1
      1505              1
      1506              3
      1507              2
      1508              2
      1509              1
      1510              2
      1511              1
      1512              1
      1513              4
      1514              4
      1515              2
      1516              3
      1517              0
      1518              3
      1519              2
      1520              0
      1521              4
      1522              3
      1523              3
      1524              4
      1525              4
      1526              0
      1527              1
      1528              4
      1529              2
      1530              2
      1531              3
      1532              4
      1533              2
      1534              1
      1535              3
      1536              2
      1537              2
      1538              1
      1539              2
      1540              2
      1541              4
      1542              1
      1543              8
      1544              0
      1545              2
      1546              1
      1547              1
      1548              3
      1549              1
      1550              2
      1551              0
      1552              3
      1553              0
      1554              4
      1555              2
      1556              3
      1557              1
      1558              5
      1559              1
      1560              0
      1561              5
      1562              3
      1563              2
      1564              0
      1565              4
      1566              2
      1567              2
      1568              2
      1569              2
      1570              3
      1571              3
      1572              2
      1573              3
      1574              1
      1575              2
      1576              2
      1577              3
      1578              2
      1579              7
      1580              4
      1581              1
      1582              7
      1583              2
      1584              4
      1585              2
      1586              3
      1587              5
      1588              2
      1589              6
      1590              2
      1591              3
      1592              2
      1593              3
      1594              5
      1595              8
      1596              2
      1597              1
      1598              1
      1599              4
      1600              7
      1601              6
      1602              2
      1603              5
      1604              3
      1605              2
      1606              1
      1607              1
      1608              2
      1609              4
      1610              3
      1611              4
      1612              4
      1613              1
      1614              3
      1615              2
      1616              2
      1617              3
      1618              0
      1619              2
      1620              3
      1621              4
      1622              7
      1623              1
      1624              1
      1625              5
      1626              6
      1627              4
      1628              1
      1629              1
      1630              1
      1631              1
      1632              4
      1633              2
      1634              3
      1635              1
      1636              5
      1637              3
      1638              3
      1639              3
      1640              3
      1641              1
      1642              2
      1643              2
      1644              0
      1645              1
      1646              1
      1647              5
      1648              1
      1649              2
      1650              4
      1651              1
      1652              3
      1653              0
      1654              1
      1655              2
      1656              2
      1657              2
      1658              3
      1659              3
      1660              1
      1661              1
      1662              1
      1663              2
      1664              3
      1665              4
      1666              2
      1667              0
      1668              4
      1669              4
      1670              4
      1671              4
      1672              1
      1673              1
      1674              6
      1675              2
      1676              3
      1677              1
      1678              3
      1679              2
      1680              3
      1681              2
      1682              1
      1683              0
      1684              3
      1685              2
      1686              1
      1687              2
      1688              0
      1689              4
      1690              4
      1691              1
      1692              1
      1693              0
      1694              3
      1695              3
      1696              2
      1697              4
      1698              3
      1699              3
      1700              7
      1701              0
      1702              6
      1703              1
      1704              3
      1705              0
      1706              0
      1707              5
      1708              2
      1709              0
      1710              0
      1711              2
      1712              0
      1713              1
      1714              1
      1715              3
      1716              4
      1717              2
      1718              2
      1719              3
      1720              3
      1721              2
      1722              3
      1723              2
      1724              4
      1725              2
      1726              4
      1727              2
      1728              0
      1729              4
      1730              4
      1731              2
      1732              5
      1733              3
      1734              2
      1735              1
      1736              1
      1737              0
      1738              1
      1739              2
      1740              1
      1741              3
      1742              3
      1743              1
      1744              1
      1745              1
      1746              2
      1747              0
      1748              1
      1749              5
      1750              2
      1751              1
      1752              2
      1753              1
      1754              2
      1755              0
      1756              2
      1757              1
      1758              1
      1759              2
      1760              2
      1761              0
      1762              3
      1763              1
      1764              3
      1765              3
      1766              0
      1767              0
      1768              4
      1769              0
      1770              2
      1771              5
      1772              2
      1773              3
      1774              3
      1775              0
      1776              2
      1777              2
      1778              0
      1779              3
      1780              4
      1781              1
      1782              2
      1783              1
      1784              5
      1785              0
      1786              4
      1787              0
      1788              1
      1789              3
      1790              3
      1791              4
      1792              3
      1793              3
      1794              2
      1795              0
      1796              1
      1797              3
      1798              2
      1799              0
      1800              1
      1801              4
      1802              0
      1803              1
      1804              0
      1805              3
      1806              1
      1807              3
      1808              2
      1809              2
      1810              0
      1811              1
      1812              2
      1813              1
      1814              2
      1815              0
      1816              0
      1817              1
      1818              2
      1819              1
      1820              2
      1821              0
      1822              1
      1823              2
      1824              3
      1825              2
      1826              2
      1827              0
      1828              0
      1829              1
      1830              3
      1831              1
      1832              3
      1833              1
      1834              0
      1835              0
      1836              1
      1837              2
      1838              2
      1839              1
      1840              1
      1841              1
      1842              2
      1843              0
      1844              1
      1845              0
      1846              3
      1847              1
      1848              1
      1849              3
      1850              1
      1851              0
      1852              2
      1853              0
      1854              2
      1855              1
      1856              3
      1857              2
      1858              1
      1859              2
      1860              1
      1861              2
      1862              0
      1863              1
      1864              1
      1865              0
      1866              2
      1867              3
      1868              1
      1869              3
      1870              1
      1871              0
      1872              0
      1873              0
      1874              1
      1875              0
      1876              0
      1877              4
      1878              1
      1879              3
      1880              1
      1881              0
      1882              0
      1883              3
      1884              0
      1885              0
      1886              1
      1887              0
      1888              2
      1889              0
      1890              0
      1891              0
      1892              1
      1893              1
      1894              1
      1895              0
      1896              0
      1897              2
      1898              1
      1899              2
      1900              0
      1901              2
      1902              0
      1903              2
      1904              2
      1905              1
      1906              0
      1907              1
      1908              0
      1909              3
      1910              1
      1911              1
      1912              1
      1913              0
      1914              1
      1915              0
      1916              1
      1917              0
      1918              2
      1919              0
      1920              2
      1921              3
      1922              1
      1923              1
      1924              0
      1925              1
      1926              2
      1927              2
      1928              3
      1929              2
      1930              2
      1931              1
      1932              3
      1933              0
      1934              0
      1935              2
      1936              2
      1937              1
      1938              0
      1939              2
      1940              1
      1941              0
      1942              0
      1943              1
      1944              2
      1945              2
      1946              3
      1947              1
      1948              0
      1949              0
      1950              0
      1951              0
      1952              1
      1953              2
      1954              4
      1955              0
      1956              0
      1957              1
      1958              2
      1959              1
      1960              0
      1961              1
      1962              2
      1963              1
      1964              1
      1965              1
      1966              1
      1967              1
      1968              0
      1969              1
      1970              1
      1971              2
      1972              2
      1973              0
      1974              0
      1975              0
      1976              1
      1977              2
      1978              0
      1979              2
      1980              1
      1981              1
      1982              0
      1983              0
      1984              1
      1985              1
      1986              3
      1987              0
      1988              2
      1989              2
      1990              0
      1991              1
      1992              0
      1993              0
      1994              2
      1995              2
      1996              1
      1997              4
      1998              3
      1999              1
      2000              1
      2001              1
      2002              2
      2003              0
      2004              0
      2005              0
      2006              1
      2007              1
      2008              1
      2009              1
      2010              2
      2011              0
      2012              0
      2013              0
      2014              0
      2015              0
      2016              5
      2017              0
      2018              0
      2019              0
      2020              0
      2021              0
      2022              0
      2023              0
      2024              0
      2025              0
      2026              0
      2027              0
      2028              0
      2029              0
      2030              0
      2031              0
      2032              0
      2033              0
      2034              0
      2035              0
      2036              0
      2037              0
      2038              0
      2039              0
      2040              0
      2041              0
      2042              0
      2043              0
      2044              0
      2045              0
      2046              0
      2047              0
