         0              0
         1              0
         2              0
         3              0
         4              0
         5              0
         6              0
         7              0
         8              0
         9              0
        10              0
        11              0
        12              0
        13              0
        14              0
        15              0
        16              0
        17              0
        18              0
        19              0
        20              0
        21              0
        22              0
        23             23
        24             26
        25             39
        26             30
        27             32
        28             36
        29             24
        30             40
        31             32
        32             26
        33             28
        34             34
        35             28
        36             45
        37             38
        38             36
        39             42
        40             33
        41             45
        42             43
        43             32
        44             41
        45             42
        46             42
        47             57
        48             31
        49             36
        50             46
        51             34
        52             41
        53             48
        54             50
        55             45
        56             55
        57             58
        58             47
        59             46
        60             45
        61             56
        62             56
        63             43
        64             53
        65             68
        66             67
        67             55
        68             50
        69             43
        70             65
        71             54
        72             46
        73             56
        74             47
        75             60
        76             60
        77             55
        78             59
        79             66
        80             50
        81             73
        82             79
        83             69
        84             75
        85             65
        86             79
        87             88
        88             87
        89             66
        90             96
        91             78
        92             92
        93             89
        94            110
        95             85
        96            109
        97             83
        98            110
        99             98
       100            103
       101             96
       102            124
       103            124
       104            129
       105            120
       106            126
       107            126
       108            149
       109            127
       110            147
       111            137
       112            150
       113            152
       114            149
       115            154
       116            163
       117            148
       118            157
       119            162
       120            154
       121            180
       122            167
       123            168
       124            158
       125            163
       126            183
       127            177
       128            158
       129            188
       130            176
       131            173
       132            195
       133            201
       134            212
       135            180
       136            177
       137            197
       138            196
       139            189
       140            191
       141            202
       142            216
       143            184
       144            195
       145            179
       146            202
       147            207
       148            209
       149            196
       150            204
       151            184
       152            182
       153            178
       154            191
       155            168
       156            181
       157            185
       158            187
       159            197
       160            179
       161            162
       162            177
       163            202
       164            187
       165            222
       166            178
       167            184
       168            202
       169            202
       170            176
       171            193
       172            196
       173            174
       174            190
       175            171
       176            184
       177            180
       178            169
       179            183
       180            161
       181            184
       182            170
       183            177
       184            173
       185            193
       186            171
       187            181
       188            169
       189            197
       190            180
       191            168
       192            178
       193            183
       194            186
       195            180
       196            177
       197            183
       198            162
       199            162
       200            170
       201            180
       202            157
       203            149
       204            153
       205            160
       206            143
       207            160
       208            173
       209            158
       210            140
       211            190
       212            163
       213            165
       214            141
       215            179
       216            158
       217            161
       218            162
       219            146
       220            140
       221            153
       222            144
       223            148
       224            156
       225            177
       226            157
       227            156
       228            144
       229            151
       230            138
       231            148
       232            153
       233            161
       234            138
       235            133
       236            134
       237            126
       238            141
       239            148
       240            148
       241            157
       242            134
       243            135
       244            116
       245            127
       246            135
       247            129
       248            140
       249            161
       250            154
       251            139
       252            115
       253            140
       254            125
       255            129
       256            119
       257            129
       258            112
       259            121
       260            131
       261            121
       262            136
       263            122
       264            119
       265            123
       266            115
       267            114
       268            112
       269            137
       270            128
       271            111
       272            132
       273            112
       274            126
       275            117
       276            112
       277            138
       278            124
       279            136
       280            125
       281            135
       282            112
       283            115
       284            126
       285            116
       286            132
       287            136
       288            129
       289            147
       290            130
       291            129
       292            115
       293            139
       294            140
       295            116
       296            126
       297            121
       298            119
       299            109
       300            130
       301            128
       302            114
       303            127
       304            122
       305            121
       306            121
       307            100
       308             99
       309            114
       310            132
       311            107
       312             94
       313             92
       314            107
       315             96
       316            115
       317            106
       318             98
       319            102
       320             92
       321             83
       322             87
       323             88
       324            111
       325             80
       326             89
       327             73
       328             88
       329             91
       330             92
       331            100
       332             93
       333             76
       334             92
       335             74
       336             72
       337             94
       338             89
       339             80
       340             88
       341             79
       342             79
       343             84
       344             75
       345             83
       346             75
       347             83
       348             72
       349             74
       350             74
       351             73
       352             77
       353             69
       354             80
       355             67
       356             72
       357             87
       358             77
       359             70
       360             74
       361             74
       362             72
       363             80
       364             94
       365             70
       366             67
       367             64
       368             77
       369             56
       370             68
       371             60
       372             73
       373             68
       374             75
       375             59
       376             66
       377             62
       378             65
       379             56
       380             74
       381             57
       382             49
       383             54
       384             63
       385             49
       386             62
       387             54
       388             65
       389             54
       390             59
       391             67
       392             63
       393             61
       394             58
       395             54
       396             44
       397             57
       398             67
       399             54
       400             60
       401             49
       402             54
       403             56
       404             54
       405             31
       406             49
       407             50
       408             36
       409             48
       410             54
       411             46
       412             48
       413             45
       414             46
       415             48
       416             44
       417             46
       418             44
       419             54
       420             55
       421             54
       422             55
       423             47
       424             37
       425             46
       426             41
       427             44
       428             40
       429             39
       430             42
       431             40
       432             54
       433             34
       434             57
       435             40
       436             44
       437             53
       438             50
       439             43
       440             38
       441             45
       442             43
       443             35
       444             56
       445             44
       446             40
       447             53
       448             38
       449             36
       450             45
       451             40
       452             51
       453             38
       454             31
       455             45
       456             46
       457             40
       458             48
       459             42
       460             35
       461             46
       462             37
       463             41
       464             47
       465             33
       466             47
       467             41
       468             39
       469             42
       470             26
       471             28
       472             29
       473             34
       474             34
       475             30
       476             31
       477             34
       478             34
       479             27
       480             36
       481             26
       482             43
       483             31
       484             35
       485             31
       486             36
       487             32
       488             35
       489             41
       490             41
       491             34
       492             40
       493             31
       494             32
       495             40
       496             24
       497             31
       498             45
       499             25
       500             22
       501             30
       502             37
       503             28
       504             28
       505             27
       506             32
       507             29
       508             33
       509             24
       510             27
       511             30
       512             22
       513             34
       514             40
       515             28
       516             24
       517             41
       518             32
       519             30
       520             41
       521             23
       522             31
       523             25
       524             42
       525             31
       526             42
       527             40
       528             37
       529             28
       530             22
       531             27
       532             26
       533             33
       534             15
       535             21
       536             35
       537             31
       538             27
       539             19
       540             32
       541             32
       542             16
       543             28
       544             33
       545             28
       546             22
       547             35
       548             36
       549             27
       550             25
       551             35
       552             29
       553             29
       554             31
       555             26
       556             32
       557             31
       558             34
       559             31
       560             31
       561             21
       562             31
       563             31
       564             29
       565             24
       566             34
       567             24
       568             20
       569             39
       570             22
       571             15
       572             24
       573             19
       574             23
       575             25
       576             30
       577             27
       578             25
       579             31
       580             24
       581             22
       582             16
       583             21
       584             26
       585             32
       586             20
       587             14
       588             28
       589             20
       590             24
       591             24
       592             26
       593             26
       594             21
       595             23
       596             29
       597             16
       598             32
       599             25
       600             25
       601             23
       602             18
       603             17
       604             30
       605             20
       606             14
       607             22
       608             25
       609             26
       610             22
       611             16
       612             24
       613             13
       614             24
       615             19
       616             28
       617             21
       618             17
       619             23
       620             23
       621             20
       622             15
       623             25
       624             23
       625             19
       626             18
       627             21
       628             25
       629             28
       630             20
       631             25
       632             26
       633             25
       634             17
       635             20
       636             20
       637             21
       638             20
       639             23
       640             22
       641             18
       642             23
       643             18
       644             19
       645             11
       646             20
       647             26
       648             18
       649             24
       650             23
       651             16
       652             27
       653             12
       654             22
       655             18
       656             21
       657             26
       658             26
       659             18
       660             18
       661             13
       662             24
       663             24
       664             23
       665             15
       666             17
       667             20
       668             19
       669             20
       670             13
       671             22
       672             16
       673             19
       674             17
       675             18
       676             23
       677             20
       678             22
       679             19
       680             17
       681             12
       682             11
       683             17
       684             29
       685             20
       686             23
       687             17
       688             10
       689             12
       690             17
       691             15
       692             15
       693             13
       694             13
       695             19
       696             17
       697              8
       698             17
       699             19
       700              9
       701             11
       702             17
       703             19
       704             22
       705             17
       706             19
       707              8
       708             20
       709             14
       710             10
       711             15
       712             20
       713             11
       714             15
       715              8
       716             18
       717             11
       718             21
       719             14
       720             19
       721              9
       722             14
       723             15
       724              9
       725              8
       726             17
       727             13
       728             17
       729             16
       730             18
       731             12
       732             17
       733             14
       734             17
       735             14
       736             14
       737             16
       738             12
       739             12
       740             14
       741             12
       742             13
       743              6
       744             11
       745             15
       746             16
       747             12
       748             21
       749             13
       750             10
       751              8
       752             12
       753             14
       754             16
       755             10
       756              9
       757             19
       758              8
       759             14
       760              9
       761             18
       762             11
       763             14
       764             10
       765             11
       766              5
       767             11
       768             11
       769             10
       770             12
       771              9
       772             12
       773             15
       774             17
       775              7
       776             13
       777              6
       778              9
       779             14
       780             10
       781             19
       782             12
       783              4
       784              5
       785              6
       786              6
       787             13
       788              4
       789             14
       790             10
       791             13
       792             10
       793              9
       794             13
       795             10
       796             10
       797              9
       798              9
       799             10
       800             12
       801              7
       802             11
       803              8
       804              7
       805              5
       806             10
       807              6
       808             17
       809              9
       810              9
       811              8
       812              6
       813              8
       814             10
       815              9
       816              7
       817              3
       818              8
       819             13
       820              7
       821             10
       822             13
       823              9
       824             12
       825             10
       826             11
       827              5
       828             10
       829              9
       830             10
       831             10
       832             13
       833              3
       834             12
       835             10
       836              7
       837             12
       838             13
       839              6
       840             11
       841             11
       842              7
       843              9
       844             11
       845             13
       846              7
       847              6
       848             12
       849             12
       850              5
       851              9
       852              8
       853             10
       854              8
       855              9
       856              8
       857              7
       858              9
       859              9
       860             11
       861              9
       862             11
       863             11
       864             13
       865             10
       866             13
       867              9
       868              9
       869             11
       870              8
       871              8
       872             16
       873              9
       874             16
       875              9
       876              8
       877             14
       878             11
       879              9
       880             14
       881             15
       882             10
       883             11
       884              9
       885             10
       886              6
       887             15
       888              7
       889             12
       890              9
       891             17
       892             12
       893             12
       894              8
       895             11
       896              8
       897              7
       898              9
       899             10
       900             10
       901             12
       902             12
       903              5
       904             13
       905              8
       906             11
       907             10
       908              4
       909              6
       910             12
       911             10
       912              9
       913             10
       914              9
       915             12
       916             16
       917              9
       918              9
       919             13
       920             13
       921             11
       922             12
       923             16
       924             18
       925             12
       926             15
       927             11
       928             26
       929             12
       930             20
       931             14
       932             17
       933             17
       934              9
       935             15
       936             11
       937             12
       938             17
       939             28
       940             18
       941             25
       942             18
       943             23
       944             21
       945             20
       946             28
       947             34
       948             29
       949             19
       950             33
       951             30
       952             38
       953             27
       954             25
       955             27
       956             39
       957             19
       958             34
       959             37
       960             40
       961             31
       962             26
       963             39
       964             35
       965             52
       966             38
       967             44
       968             49
       969             58
       970             51
       971             47
       972             48
       973             51
       974             59
       975             51
       976             51
       977             56
       978             65
       979             69
       980             59
       981             65
       982             54
       983             65
       984             56
       985             66
       986             66
       987             68
       988             74
       989             74
       990             72
       991             62
       992             68
       993             60
       994             59
       995             72
       996             73
       997             56
       998             64
       999             75
      1000             65
      1001             57
      1002             67
      1003             65
      1004             71
      1005             69
      1006             61
      1007             56
      1008             67
      1009             60
      1010             70
      1011             61
      1012             49
      1013             57
      1014             65
      1015             47
      1016             52
      1017             47
      1018             44
      1019             48
      1020             59
      1021             45
      1022             53
      1023             36
      1024             46
      1025             54
      1026             42
      1027             46
      1028             36
      1029             31
      1030             38
      1031             28
      1032             35
      1033             30
      1034             41
      1035             32
      1036             26
      1037             24
      1038             31
      1039             17
      1040             27
      1041             21
      1042             19
      1043             27
      1044             22
      1045             15
      1046             26
      1047             16
      1048             17
      1049             18
      1050              9
      1051             18
      1052             16
      1053              9
      1054              8
      1055             11
      1056             12
      1057             11
      1058             11
      1059              9
      1060              7
      1061              9
      1062             12
      1063              7
      1064             12
      1065              8
      1066             13
      1067              5
      1068              4
      1069              7
      1070              8
      1071              5
      1072              4
      1073              3
      1074              4
      1075              8
      1076              0
      1077             11
      1078              5
      1079              6
      1080              5
      1081              3
      1082              0
      1083              1
      1084              6
      1085              6
      1086              3
      1087              3
      1088              5
      1089              7
      1090              3
      1091              4
      1092              1
      1093              2
      1094              4
      1095              2
      1096              5
      1097              5
      1098              5
      1099              3
      1100              4
      1101              8
      1102              7
      1103              6
      1104              4
      1105              5
      1106              4
      1107              3
      1108              3
      1109              5
      1110              3
      1111              1
      1112              3
      1113              5
      1114              3
      1115              2
      1116              6
      1117              6
      1118              6
      1119              6
      1120              3
      1121              4
      1122              5
      1123              1
      1124              3
      1125              2
      1126              4
      1127              2
      1128              3
      1129              4
      1130              6
      1131              7
      1132              4
      1133              5
      1134              5
      1135              4
      1136              7
      1137              4
      1138              4
      1139              5
      1140              4
      1141              6
      1142              3
      1143              8
      1144              8
      1145              2
      1146              3
      1147              1
      1148              3
      1149              2
      1150              5
      1151              3
      1152              5
      1153              6
      1154              0
      1155              6
      1156              1
      1157              8
      1158              4
      1159              8
      1160              2
      1161              3
      1162              3
      1163              2
      1164              3
      1165              4
      1166             10
      1167              5
      1168              3
      1169              5
      1170              2
      1171              5
      1172              5
      1173              3
      1174              1
      1175              6
      1176              8
      1177              3
      1178              4
      1179              3
      1180              4
      1181              1
      1182              3
      1183              2
      1184              3
      1185              4
      1186              3
      1187              3
      1188              3
      1189              9
      1190              2
      1191              2
      1192              2
      1193              3
      1194              6
      1195              5
      1196              2
      1197              3
      1198              4
      1199              7
      1200              6
      1201              4
      1202              2
      1203              6
      1204              4
      1205              1
      1206              4
      1207              4
      1208              3
      1209              9
      1210              1
      1211              3
      1212              0
      1213              2
      1214              3
      1215              2
      1216              7
      1217              0
      1218              4
      1219              2
      1220              6
      1221              2
      1222              2
      1223              2
      1224              4
      1225              7
      1226              3
      1227              1
      1228              5
      1229              4
      1230              1
      1231              4
      1232              4
      1233              3
      1234              2
      1235              2
      1236              3
      1237              4
      1238              1
      1239              3
      1240              5
      1241              5
      1242              1
      1243              4
      1244              5
      1245              1
      1246              3
      1247              2
      1248              4
      1249              4
      1250              4
      1251              7
      1252              4
      1253              2
      1254              2
      1255              3
      1256              6
      1257              3
      1258              2
      1259              4
      1260              2
      1261              3
      1262              0
      1263              7
      1264              2
      1265              2
      1266              2
      1267              1
      1268              6
      1269              4
      1270              2
      1271              6
      1272              1
      1273              1
      1274              4
      1275              4
      1276              2
      1277              2
      1278              4
      1279              4
      1280              3
      1281              5
      1282              5
      1283              2
      1284              3
      1285              2
      1286              2
      1287              2
      1288              3
      1289              1
      1290              5
      1291              0
      1292              6
      1293              6
      1294              4
      1295              5
      1296              3
      1297              1
      1298              3
      1299              0
      1300              5
      1301              4
      1302              1
      1303              2
      1304              4
      1305              6
      1306              0
      1307              2
      1308              3
      1309              3
      1310              3
      1311              5
      1312              4
      1313              7
      1314              2
      1315              4
      1316              2
      1317              2
      1318              7
      1319              8
      1320              3
      1321              2
      1322              2
      1323              7
      1324              2
      1325              5
      1326              6
      1327              6
      1328              3
      1329              2
      1330              1
      1331              3
      1332              5
      1333              1
      1334              5
      1335              4
      1336              3
      1337             12
      1338              4
      1339              1
      1340              3
      1341              3
      1342              2
      1343              1
      1344              2
      1345              3
      1346              1
      1347              3
      1348              8
      1349              2
      1350              4
      1351              3
      1352              3
      1353              4
      1354              5
      1355              4
      1356              0
      1357              2
      1358              4
      1359              3
      1360              4
      1361              0
      1362              3
      1363              4
      1364              1
      1365              9
      1366              3
      1367              5
      1368              5
      1369              5
      1370              3
      1371              4
      1372              6
      1373              2
      1374              3
      1375              9
      1376              6
      1377              1
      1378              5
      1379              2
      1380              5
      1381              3
      1382              2
      1383              1
      1384              7
      1385              1
      1386              5
      1387              7
      1388              4
      1389              2
      1390              3
      1391              5
      1392              1
      1393              4
      1394              1
      1395              4
      1396              3
      1397              2
      1398              6
      1399              3
      1400              3
      1401              4
      1402              3
      1403              4
      1404              4
      1405              2
      1406              2
      1407              1
      1408              2
      1409              1
      1410              1
      1411              3
      1412              6
      1413              1
      1414              5
      1415              3
      1416              6
      1417              3
      1418              2
      1419              4
      1420              6
      1421              3
      1422              4
      1423              2
      1424              2
      1425              1
      1426              1
      1427              4
      1428              0
      1429              2
      1430              1
      1431              3
      1432              3
      1433              4
      1434              3
      1435              1
      1436              4
      1437              5
      1438              1
      1439              4
      1440              2
      1441              4
      1442              2
      1443              3
      1444              2
      1445              3
      1446              4
      1447              0
      1448              1
      1449              1
      1450              2
      1451              5
      1452              2
      1453              3
      1454              3
      1455              4
      1456              4
      1457              2
      1458              4
      1459              4
      1460              2
      1461              5
      1462              4
      1463              5
      1464              4
      1465              3
      1466              3
      1467              4
      1468              1
      1469              4
      1470              3
      1471              4
      1472              4
      1473              5
      1474              2
      1475              5
      1476              1
      1477              3
      1478              3
      1479              1
      1480              3
      1481              2
      1482              2
      1483              4
      1484              3
      1485              1
      1486              2
      1487              2
      1488              0
      1489              2
      1490              1
      1491              6
      1492              6
      1493              7
      1494              3
      1495              4
      1496              1
      1497              4
      1498              3
      1499              3
      1500              0
      1501              4
      1502              4
      1503              2
      1504              3
      1505              2
      1506              5
      1507              3
      1508              3
      1509              1
      1510              5
      1511              0
      1512              3
      1513              1
      1514              5
      1515              2
      1516              5
      1517              5
      1518              3
      1519              2
      1520              3
      1521              2
      1522              2
      1523              0
      1524              5
      1525              3
      1526              4
      1527              4
      1528              2
      1529              1
      1530              0
      1531              4
      1532              1
      1533              4
      1534              0
      1535              1
      1536              4
      1537              1
      1538              1
      1539              1
      1540              3
      1541              1
      1542              2
      1543              4
      1544              2
      1545              3
      1546              3
      1547              0
      1548              2
      1549              2
      1550              3
      1551              2
      1552              2
      1553              4
      1554              1
      1555              0
      1556              5
      1557              2
      1558              2
      1559              3
      1560              1
      1561              0
      1562              2
      1563              3
      1564              3
      1565              6
      1566              2
      1567              2
      1568              5
      1569              3
      1570              4
      1571              2
      1572              8
      1573              1
      1574              3
      1575              2
      1576              3
      1577              2
      1578              8
      1579              1
      1580              4
      1581              2
      1582              2
      1583              4
      1584              8
      1585              1
      1586              0
      1587              2
      1588              3
      1589              4
      1590              6
      1591              3
      1592              1
      1593              0
      1594              2
      1595              5
      1596              3
      1597              1
      1598              6
      1599              5
      1600              3
      1601              3
      1602              0
      1603              4
      1604              3
      1605              3
      1606              4
      1607              2
      1608              5
      1609              6
      1610              1
      1611              1
      1612              1
      1613              4
      1614              2
      1615              2
      1616              4
      1617              1
      1618              3
      1619              4
      1620              4
      1621              3
      1622              3
      1623              4
      1624              4
      1625              2
      1626              3
      1627              2
      1628              3
      1629              2
      1630              3
      1631              2
      1632              1
      1633              2
      1634              1
      1635              2
      1636              4
      1637              6
      1638              3
      1639              8
      1640              0
      1641              5
      1642              2
      1643              4
      1644              1
      1645              5
      1646              4
      1647              4
      1648              6
      1649              3
      1650              2
      1651              0
      1652              1
      1653              2
      1654              2
      1655              3
      1656              1
      1657              0
      1658              3
      1659              5
      1660              1
      1661              5
      1662              3
      1663              4
      1664              3
      1665              2
      1666              1
      1667              2
      1668              3
      1669              7
      1670              1
      1671              2
      1672              5
      1673              3
      1674              6
      1675              4
      1676              3
      1677              4
      1678              2
      1679              1
      1680              2
      1681              3
      1682              4
      1683              3
      1684              3
      1685              2
      1686              1
      1687              1
      1688              3
      1689              1
      1690              2
      1691              2
      1692              6
      1693              1
      1694              5
      1695              4
      1696              3
      1697              1
      1698              1
      1699              3
      1700              1
      1701              3
      1702              4
      1703              2
      1704              1
      1705              1
      1706              1
      1707              3
      1708              0
      1709              1
      1710              3
      1711              5
      1712              3
      1713              2
      1714              4
      1715              1
      1716              0
      1717              5
      1718              1
      1719              3
      1720              3
      1721              1
      1722              2
      1723              1
      1724              1
      1725              3
      1726              2
      1727              2
      1728              3
      1729              2
      1730              0
      1731              1
      1732              1
      1733              1
      1734              3
      1735              4
      1736              4
      1737              1
      1738              3
      1739              2
      1740              1
      1741              3
      1742              4
      1743              2
      1744              1
      1745              3
      1746              3
      1747              2
      1748              6
      1749              3
      1750              2
      1751              1
      1752              1
      1753              2
      1754              2
      1755              3
      1756              1
      1757              1
      1758              1
      1759              3
      1760              1
      1761              3
      1762              1
      1763              1
      1764              1
      1765              0
      1766              2
      1767              1
      1768              0
      1769              1
      1770              1
      1771              2
      1772              1
      1773              5
      1774              0
      1775              1
      1776              2
      1777              1
      1778              3
      1779              2
      1780              2
      1781              1
      1782              0
      1783              4
      1784              1
      1785              1
      1786              5
      1787              0
      1788              3
      1789              2
      1790              3
      1791              4
      1792              2
      1793              1
      1794              1
      1795              3
      1796              1
      1797              0
      1798              0
      1799              1
      1800              3
      1801              1
      1802              2
      1803              1
      1804              3
      1805              0
      1806              2
      1807              5
      1808              2
      1809              2
      1810              3
      1811              1
      1812              2
      1813              2
      1814              3
      1815              0
      1816              2
      1817              1
      1818              3
      1819              2
      1820              1
      1821              1
      1822              1
      1823              2
      1824              2
      1825              3
      1826              1
      1827              0
      1828              3
      1829              2
      1830              2
      1831              2
      1832              2
      1833              0
      1834              1
      1835              2
      1836              1
      1837              2
      1838              1
      1839              0
      1840              1
      1841              0
      1842              2
      1843              1
      1844              0
      1845              2
      1846              1
      1847              0
      1848              1
      1849              2
      1850              0
      1851              1
      1852              3
      1853              0
      1854              4
      1855              1
      1856              0
      1857              1
      1858              1
      1859              2
      1860              3
      1861              2
      1862              0
      1863              1
      1864              1
      1865              1
      1866              3
      1867              2
      1868              0
      1869              1
      1870              1
      1871              1
      1872              2
      1873              0
      1874              1
      1875              2
      1876              1
      1877              0
      1878              3
      1879              0
      1880              0
      1881              0
      1882              1
      1883              1
      1884              1
      1885              0
      1886              1
      1887              0
      1888              2
      1889              0
      1890              0
      1891              1
      1892              0
      1893              4
      1894              2
      1895              1
      1896              2
      1897              2
      1898              0
      1899              0
      1900              1
      1901              1
      1902              1
      1903              2
      1904              1
      1905              2
      1906              2
      1907              2
      1908              0
      1909              1
      1910              1
      1911              0
      1912              3
      1913              0
      1914              0
      1915              1
      1916              1
      1917              0
      1918              1
      1919              1
      1920              0
      1921              0
      1922              0
      1923              0
      1924              0
      1925              0
      1926              2
      1927              1
      1928              0
      1929              1
      1930              1
      1931              0
      1932              0
      1933              0
      1934              2
      1935              1
      1936              1
      1937              0
      1938              2
      1939              1
      1940              0
      1941              3
      1942              1
      1943              1
      1944              0
      1945              0
      1946              0
      1947              0
      1948              0
      1949              3
      1950              0
      1951              2
      1952              0
      1953              0
      1954              1
      1955              1
      1956              0
      1957              0
      1958              1
      1959              2
      1960              0
      1961              0
      1962              2
      1963              0
      1964              0
      1965              0
      1966              1
      1967              2
      1968              0
      1969              1
      1970              3
      1971              1
      1972              2
      1973              0
      1974              1
      1975              1
      1976              0
      1977              0
      1978              2
      1979              1
      1980              0
      1981              0
      1982              1
      1983              0
      1984              0
      1985              0
      1986              0
      1987              2
      1988              1
      1989              1
      1990              2
      1991              0
      1992              2
      1993              1
      1994              0
      1995              2
      1996              0
      1997              2
      1998              0
      1999              0
      2000              1
      2001              1
      2002              0
      2003              1
      2004              0
      2005              0
      2006              1
      2007              0
      2008              0
      2009              0
      2010              2
      2011              1
      2012              0
      2013              1
      2014              0
      2015              0
      2016              0
      2017              2
      2018              0
      2019              1
      2020              0
      2021              0
      2022              0
      2023              0
      2024              0
      2025              0
      2026              0
      2027              0
      2028              0
      2029              0
      2030              0
      2031              0
      2032              0
      2033              0
      2034              0
      2035              0
      2036              0
      2037              0
      2038              0
      2039              0
      2040              0
      2041              0
      2042              0
      2043              0
      2044              0
      2045              0
      2046              0
      2047              0
