         0              0
         1              0
         2              0
         3              0
         4              0
         5              0
         6              0
         7              0
         8              0
         9              0
        10              0
        11              0
        12              0
        13              0
        14              0
        15              0
        16              0
        17              0
        18              0
        19              0
        20              0
        21              0
        22              0
        23             25
        24             26
        25             31
        26             30
        27             38
        28             34
        29             36
        30             39
        31             33
        32             23
        33             45
        34             29
        35             38
        36             39
        37             32
        38             36
        39             28
        40             29
        41             31
        42             37
        43             39
        44             35
        45             30
        46             34
        47             33
        48             47
        49             33
        50             40
        51             48
        52             41
        53             37
        54             47
        55             48
        56             57
        57             49
        58             50
        59             57
        60             59
        61             54
        62             52
        63             52
        64             38
        65             45
        66             54
        67             45
        68             59
        69             52
        70             37
        71             46
        72             54
        73             63
        74             48
        75             60
        76             68
        77             66
        78             63
        79             54
        80             47
        81             64
        82             54
        83             75
        84             69
        85             76
        86             70
        87             71
        88             89
        89             80
        90             71
        91             71
        92             66
        93             95
        94             86
        95             95
        96            115
        97             95
        98            102
        99             97
       100            113
       101            124
       102             92
       103            122
       104            103
       105            130
       106            141
       107            115
       108            149
       109            126
       110            139
       111            139
       112            154
       113            169
       114            137
       115            146
       116            161
       117            172
       118            159
       119            138
       120            141
       121            169
       122            177
       123            193
       124            169
       125            190
       126            169
       127            183
       128            175
       129            188
       130            180
       131            204
       132            202
       133            218
       134            163
       135            174
       136            187
       137            215
       138            204
       139            177
       140            188
       141            200
       142            199
       143            204
       144            189
       145            203
       146            181
       147            174
       148            178
       149            180
       150            174
       151            189
       152            226
       153            184
       154            191
       155            172
       156            222
       157            184
       158            178
       159            201
       160            205
       161            171
       162            206
       163            188
       164            169
       165            195
       166            199
       167            194
       168            184
       169            162
       170            191
       171            195
       172            186
       173            213
       174            173
       175            177
       176            204
       177            180
       178            212
       179            186
       180            168
       181            185
       182            180
       183            176
       184            165
       185            173
       186            163
       187            161
       188            167
       189            182
       190            195
       191            191
       192            169
       193            173
       194            159
       195            170
       196            158
       197            170
       198            169
       199            163
       200            167
       201            171
       202            162
       203            183
       204            158
       205            142
       206            176
       207            153
       208            169
       209            141
       210            167
       211            133
       212            162
       213            170
       214            130
       215            139
       216            161
       217            142
       218            150
       219            188
       220            148
       221            146
       222            160
       223            186
       224            182
       225            150
       226            143
       227            167
       228            149
       229            147
       230            141
       231            134
       232            152
       233            129
       234            151
       235            133
       236            131
       237            143
       238            141
       239            144
       240            131
       241            140
       242            120
       243            138
       244            141
       245            123
       246            142
       247            145
       248            139
       249            130
       250            122
       251            141
       252            117
       253            125
       254            113
       255            134
       256            117
       257            114
       258            115
       259            133
       260            113
       261            123
       262            116
       263            116
       264            117
       265            124
       266            119
       267            105
       268            133
       269            131
       270            121
       271            112
       272            130
       273            115
       274            132
       275            105
       276            103
       277            115
       278            116
       279            124
       280            110
       281            126
       282            110
       283            104
       284            142
       285            126
       286            133
       287            127
       288            124
       289            111
       290            118
       291            124
       292            133
       293            134
       294            123
       295            123
       296            115
       297            126
       298            125
       299            132
       300            129
       301            105
       302            125
       303            109
       304            118
       305            127
       306            113
       307            109
       308            132
       309            103
       310            104
       311            127
       312            123
       313            101
       314            102
       315            113
       316             96
       317             87
       318             98
       319            101
       320             99
       321             95
       322             93
       323             93
       324            105
       325            108
       326            101
       327             82
       328             82
       329            109
       330             79
       331             88
       332             78
       333             88
       334             77
       335             70
       336             72
       337             87
       338             75
       339             78
       340             98
       341             62
       342             69
       343             76
       344             88
       345             84
       346             69
       347             81
       348             71
       349             65
       350             65
       351             71
       352             61
       353             80
       354             88
       355             81
       356             62
       357             88
       358             77
       359             70
       360            104
       361             62
       362             61
       363             82
       364             72
       365             67
       366             76
       367             61
       368             64
       369             67
       370             69
       371             56
       372             61
       373             82
       374             64
       375             75
       376             62
       377             61
       378             55
       379             45
       380             63
       381             65
       382             52
       383             56
       384             66
       385             59
       386             51
       387             57
       388             55
       389             51
       390             44
       391             63
       392             57
       393             53
       394             59
       395             38
       396             35
       397             50
       398             62
       399             54
       400             45
       401             49
       402             60
       403             41
       404             62
       405             47
       406             57
       407             52
       408             48
       409             40
       410             45
       411             42
       412             47
       413             52
       414             45
       415             38
       416             47
       417             43
       418             52
       419             47
       420             38
       421             49
       422             48
       423             42
       424             37
       425             49
       426             41
       427             47
       428             55
       429             38
       430             39
       431             52
       432             41
       433             35
       434             34
       435             48
       436             33
       437             42
       438             56
       439             33
       440             38
       441             46
       442             42
       443             41
       444             44
       445             43
       446             44
       447             47
       448             44
       449             44
       450             37
       451             38
       452             37
       453             41
       454             52
       455             38
       456             46
       457             43
       458             42
       459             42
       460             39
       461             37
       462             43
       463             39
       464             47
       465             44
       466             37
       467             35
       468             44
       469             39
       470             40
       471             40
       472             33
       473             29
       474             39
       475             27
       476             25
       477             23
       478             35
       479             31
       480             28
       481             45
       482             35
       483             30
       484             30
       485             30
       486             32
       487             36
       488             32
       489             37
       490             23
       491             28
       492             38
       493             39
       494             26
       495             29
       496             27
       497             31
       498             21
       499             34
       500             27
       501             37
       502             28
       503             25
       504             34
       505             27
       506             23
       507             25
       508             30
       509             27
       510             24
       511             25
       512             24
       513             25
       514             26
       515             30
       516             32
       517             32
       518             27
       519             30
       520             28
       521             33
       522             22
       523             26
       524             19
       525             32
       526             16
       527             25
       528             22
       529             30
       530             20
       531             24
       532             27
       533             23
       534             26
       535             22
       536             28
       537             15
       538             26
       539             27
       540             30
       541             37
       542             36
       543             25
       544             31
       545             23
       546             26
       547             34
       548             34
       549             24
       550             24
       551             25
       552             22
       553             30
       554             29
       555             21
       556             39
       557             24
       558             27
       559             20
       560             19
       561             24
       562             20
       563             27
       564             37
       565             21
       566             21
       567             24
       568             23
       569             19
       570             25
       571             20
       572             26
       573             22
       574             33
       575             21
       576             16
       577             32
       578             19
       579             26
       580             35
       581             21
       582             25
       583             26
       584             31
       585             16
       586             21
       587             33
       588             22
       589             14
       590             17
       591             20
       592             21
       593             11
       594             20
       595             28
       596             23
       597             18
       598             14
       599              8
       600             30
       601             26
       602             12
       603             23
       604             20
       605             15
       606             21
       607             25
       608             12
       609              9
       610             20
       611             24
       612             17
       613             25
       614             19
       615             19
       616             19
       617             18
       618             20
       619             22
       620              8
       621             23
       622             24
       623             19
       624             16
       625             27
       626             23
       627             19
       628             17
       629             24
       630             23
       631             20
       632             25
       633             23
       634             27
       635             17
       636             22
       637             17
       638             23
       639             25
       640             14
       641             17
       642             32
       643             18
       644             25
       645             20
       646             24
       647             21
       648             14
       649             15
       650             18
       651             20
       652             27
       653             19
       654             16
       655             15
       656             23
       657             16
       658             18
       659             17
       660             23
       661             16
       662             14
       663             18
       664             22
       665             26
       666             22
       667             23
       668             17
       669             14
       670             18
       671             21
       672             17
       673             19
       674             14
       675             19
       676             17
       677             13
       678             16
       679             15
       680             25
       681             21
       682             26
       683             27
       684             23
       685             12
       686             19
       687             23
       688             19
       689             15
       690             26
       691             13
       692             14
       693             17
       694             14
       695             20
       696             16
       697             20
       698             16
       699             22
       700             16
       701             15
       702             13
       703             13
       704              8
       705             14
       706             17
       707             20
       708             16
       709             15
       710             20
       711             22
       712             15
       713             12
       714             14
       715              9
       716             11
       717             19
       718             13
       719             12
       720              9
       721             11
       722             14
       723             19
       724             11
       725             14
       726             11
       727              8
       728             13
       729             24
       730              9
       731             12
       732             11
       733             13
       734             13
       735              9
       736             14
       737             13
       738             13
       739             13
       740              9
       741             15
       742             16
       743             11
       744             10
       745              7
       746             13
       747             10
       748             10
       749              9
       750             11
       751              9
       752             16
       753             14
       754             10
       755             11
       756             11
       757             11
       758             15
       759              6
       760             12
       761             11
       762              4
       763             12
       764             16
       765              8
       766             10
       767             13
       768             10
       769             10
       770              9
       771             19
       772             10
       773             10
       774              6
       775             15
       776              8
       777              7
       778             17
       779              9
       780              8
       781              8
       782              6
       783             10
       784              9
       785             10
       786             10
       787             12
       788              6
       789              7
       790              6
       791             11
       792              6
       793              8
       794             10
       795              7
       796             14
       797              8
       798             12
       799              7
       800              7
       801              9
       802             14
       803             15
       804              6
       805             11
       806             11
       807              7
       808              6
       809              6
       810              6
       811              7
       812              4
       813              9
       814             15
       815              6
       816              7
       817             12
       818              5
       819              8
       820             13
       821             12
       822             10
       823             10
       824              9
       825             10
       826             10
       827              8
       828             10
       829              3
       830             11
       831             13
       832             15
       833              5
       834              9
       835              8
       836             14
       837             13
       838              6
       839             10
       840              8
       841             10
       842              3
       843              2
       844             11
       845             13
       846             12
       847             15
       848             12
       849             10
       850              7
       851              8
       852              3
       853             12
       854              4
       855             12
       856             10
       857             12
       858             14
       859             10
       860              9
       861              8
       862              8
       863              9
       864             13
       865              8
       866             14
       867             11
       868              4
       869              9
       870              6
       871              9
       872             12
       873             11
       874             12
       875             15
       876             10
       877              7
       878              7
       879              9
       880              5
       881             10
       882             10
       883             14
       884              8
       885              7
       886             10
       887             16
       888              5
       889              8
       890             12
       891             12
       892             10
       893             10
       894             12
       895             16
       896             12
       897             10
       898             15
       899             13
       900             11
       901              4
       902             13
       903             11
       904              9
       905             10
       906              9
       907             11
       908             17
       909              9
       910              8
       911             11
       912             13
       913             14
       914             13
       915             11
       916             13
       917             13
       918             13
       919              6
       920             15
       921             13
       922             15
       923             16
       924             11
       925             14
       926             12
       927              8
       928             12
       929              9
       930              9
       931              9
       932             12
       933             11
       934             16
       935             15
       936             15
       937             12
       938             17
       939             11
       940             30
       941             19
       942             18
       943             19
       944             27
       945             18
       946             15
       947             19
       948             32
       949             19
       950             30
       951             18
       952             29
       953             29
       954             25
       955             33
       956             25
       957             19
       958             22
       959             22
       960             33
       961             39
       962             35
       963             34
       964             36
       965             36
       966             31
       967             38
       968             43
       969             38
       970             35
       971             49
       972             35
       973             47
       974             52
       975             52
       976             37
       977             48
       978             64
       979             51
       980             51
       981             59
       982             56
       983             54
       984             66
       985             49
       986             56
       987             52
       988             42
       989             67
       990             57
       991             51
       992             50
       993             65
       994             49
       995             61
       996             56
       997             47
       998             45
       999             51
      1000             51
      1001             56
      1002             46
      1003             73
      1004             44
      1005             47
      1006             44
      1007             39
      1008             53
      1009             52
      1010             60
      1011             36
      1012             46
      1013             55
      1014             49
      1015             48
      1016             47
      1017             42
      1018             48
      1019             46
      1020             38
      1021             42
      1022             46
      1023             40
      1024             36
      1025             43
      1026             35
      1027             31
      1028             24
      1029             30
      1030             32
      1031             35
      1032             22
      1033             22
      1034             23
      1035             31
      1036             24
      1037             29
      1038             19
      1039             11
      1040             18
      1041             29
      1042             17
      1043             16
      1044             18
      1045             10
      1046             21
      1047             15
      1048              9
      1049             18
      1050              9
      1051             12
      1052              5
      1053             15
      1054              4
      1055             12
      1056              7
      1057              7
      1058              8
      1059              7
      1060             11
      1061              5
      1062              4
      1063              5
      1064              4
      1065              6
      1066              5
      1067              7
      1068              9
      1069              7
      1070              6
      1071              5
      1072              3
      1073              8
      1074              7
      1075              3
      1076              5
      1077              7
      1078              3
      1079              4
      1080              3
      1081              5
      1082              7
      1083              2
      1084              3
      1085              2
      1086             10
      1087              1
      1088              9
      1089              2
      1090              5
      1091              6
      1092              9
      1093              4
      1094              8
      1095              8
      1096              4
      1097              7
      1098              5
      1099              6
      1100              4
      1101              3
      1102              1
      1103              3
      1104              1
      1105              7
      1106              2
      1107              2
      1108              2
      1109              3
      1110              2
      1111              4
      1112              4
      1113              5
      1114              4
      1115              5
      1116              5
      1117              8
      1118              1
      1119              6
      1120              3
      1121              2
      1122              0
      1123              3
      1124              1
      1125              1
      1126              5
      1127              4
      1128              5
      1129              3
      1130              2
      1131              5
      1132              7
      1133              3
      1134              3
      1135              4
      1136              3
      1137              2
      1138              4
      1139              3
      1140              5
      1141              4
      1142              1
      1143              2
      1144              1
      1145              5
      1146              7
      1147              1
      1148              4
      1149              3
      1150              4
      1151              2
      1152              5
      1153              4
      1154              1
      1155              5
      1156              2
      1157              4
      1158              7
      1159              5
      1160              5
      1161              4
      1162              7
      1163              5
      1164              4
      1165              4
      1166              3
      1167              4
      1168              4
      1169              2
      1170              2
      1171              3
      1172              7
      1173              3
      1174              3
      1175              1
      1176              5
      1177              3
      1178              3
      1179              5
      1180              1
      1181              7
      1182              4
      1183              4
      1184              2
      1185              4
      1186              4
      1187              1
      1188              1
      1189              3
      1190              4
      1191              3
      1192              5
      1193              1
      1194              3
      1195              6
      1196              2
      1197              2
      1198              8
      1199              3
      1200              2
      1201              4
      1202              6
      1203              7
      1204              1
      1205              1
      1206             11
      1207              2
      1208              2
      1209              5
      1210              5
      1211              2
      1212              3
      1213              2
      1214              3
      1215              2
      1216              5
      1217              5
      1218              0
      1219              7
      1220              1
      1221              1
      1222              6
      1223              7
      1224              3
      1225              0
      1226              1
      1227              2
      1228              2
      1229              2
      1230              3
      1231              5
      1232              2
      1233              5
      1234              2
      1235              0
      1236              9
      1237              5
      1238              0
      1239              5
      1240              4
      1241              4
      1242              2
      1243              3
      1244              3
      1245              3
      1246              1
      1247              2
      1248              4
      1249              6
      1250              4
      1251              1
      1252              1
      1253              8
      1254              3
      1255              5
      1256              2
      1257              3
      1258              1
      1259              2
      1260              4
      1261              6
      1262              4
      1263              3
      1264              7
      1265              3
      1266              5
      1267              4
      1268              4
      1269              2
      1270              4
      1271              5
      1272              3
      1273              3
      1274              0
      1275              4
      1276              1
      1277              2
      1278              7
      1279              5
      1280              3
      1281              1
      1282              3
      1283              4
      1284              2
      1285              1
      1286              5
      1287              7
      1288              4
      1289              4
      1290              4
      1291              1
      1292              3
      1293              3
      1294              6
      1295              5
      1296              1
      1297              1
      1298              5
      1299              2
      1300              2
      1301              1
      1302              4
      1303              3
      1304              3
      1305              3
      1306              1
      1307              4
      1308              3
      1309              9
      1310              3
      1311              5
      1312              4
      1313              8
      1314              2
      1315              2
      1316              1
      1317              3
      1318              6
      1319              2
      1320              4
      1321              3
      1322              7
      1323              4
      1324              3
      1325              4
      1326              4
      1327              3
      1328              2
      1329              5
      1330              8
      1331              5
      1332              5
      1333              5
      1334              5
      1335              4
      1336              1
      1337              3
      1338              3
      1339              3
      1340              1
      1341              2
      1342              3
      1343              4
      1344              3
      1345              0
      1346              5
      1347              2
      1348              6
      1349              3
      1350              4
      1351              4
      1352              1
      1353              0
      1354              6
      1355              4
      1356              8
      1357              3
      1358              3
      1359              2
      1360              3
      1361              3
      1362              7
      1363              7
      1364              5
      1365              5
      1366              3
      1367              3
      1368              3
      1369              1
      1370              3
      1371              5
      1372              3
      1373              3
      1374              5
      1375              1
      1376              3
      1377              3
      1378              7
      1379              4
      1380              4
      1381              5
      1382              4
      1383              2
      1384              3
      1385              4
      1386              6
      1387              7
      1388              1
      1389              3
      1390              4
      1391              3
      1392              3
      1393              1
      1394              4
      1395              4
      1396              2
      1397              3
      1398              3
      1399              2
      1400              3
      1401              4
      1402              5
      1403              3
      1404              3
      1405              4
      1406              2
      1407              4
      1408              3
      1409              3
      1410              2
      1411              3
      1412              5
      1413              3
      1414              2
      1415              1
      1416              3
      1417              3
      1418              5
      1419              1
      1420              3
      1421              2
      1422              4
      1423              5
      1424              2
      1425              2
      1426              2
      1427              0
      1428              4
      1429              3
      1430              1
      1431              3
      1432              3
      1433              3
      1434              4
      1435              2
      1436              2
      1437              2
      1438              2
      1439              3
      1440              2
      1441              1
      1442              2
      1443              1
      1444              3
      1445              4
      1446              3
      1447              1
      1448              2
      1449              2
      1450              1
      1451              5
      1452              0
      1453              4
      1454              2
      1455              0
      1456              4
      1457              1
      1458              2
      1459              0
      1460              5
      1461              3
      1462              4
      1463              1
      1464              5
      1465              3
      1466              6
      1467              3
      1468              4
      1469              4
      1470              2
      1471              2
      1472              3
      1473              4
      1474              7
      1475              0
      1476              3
      1477              2
      1478              2
      1479              1
      1480              3
      1481              1
      1482              1
      1483              2
      1484              1
      1485              3
      1486              4
      1487              2
      1488              3
      1489              3
      1490              2
      1491              2
      1492              1
      1493              1
      1494              3
      1495              3
      1496              3
      1497              1
      1498              1
      1499              1
      1500              4
      1501              1
      1502              6
      1503              0
      1504              1
      1505              1
      1506              1
      1507              3
      1508              4
      1509              2
      1510              3
      1511              4
      1512              1
      1513              3
      1514              3
      1515              4
      1516              3
      1517              4
      1518              1
      1519              3
      1520              2
      1521              3
      1522              3
      1523              1
      1524              2
      1525              2
      1526              2
      1527              4
      1528              4
      1529              1
      1530              0
      1531              4
      1532              1
      1533              1
      1534              1
      1535              0
      1536              1
      1537              3
      1538              4
      1539              3
      1540              1
      1541              1
      1542              1
      1543              3
      1544              3
      1545              4
      1546              1
      1547              3
      1548              4
      1549              4
      1550              3
      1551              2
      1552              1
      1553              2
      1554              1
      1555              4
      1556              0
      1557              2
      1558              2
      1559              3
      1560              4
      1561              2
      1562              2
      1563              2
      1564              0
      1565              0
      1566              3
      1567              3
      1568              5
      1569              0
      1570              2
      1571              0
      1572              1
      1573              1
      1574              4
      1575              0
      1576              1
      1577              1
      1578              5
      1579              2
      1580              1
      1581              0
      1582              2
      1583              2
      1584              2
      1585              4
      1586              4
      1587              2
      1588              3
      1589              2
      1590              4
      1591              4
      1592              1
      1593              4
      1594              0
      1595              0
      1596              4
      1597              5
      1598              1
      1599              4
      1600              4
      1601              1
      1602              1
      1603              1
      1604              4
      1605              1
      1606              1
      1607              1
      1608              1
      1609              5
      1610              0
      1611              1
      1612              2
      1613              0
      1614              1
      1615              2
      1616              3
      1617              2
      1618              1
      1619              1
      1620              5
      1621              4
      1622              2
      1623              1
      1624              3
      1625              1
      1626              2
      1627              2
      1628              4
      1629              3
      1630              5
      1631              2
      1632              0
      1633              1
      1634              3
      1635              4
      1636              1
      1637              3
      1638              1
      1639              1
      1640              0
      1641              6
      1642              2
      1643              4
      1644              4
      1645              0
      1646              5
      1647              1
      1648              5
      1649              3
      1650              2
      1651              0
      1652              1
      1653              4
      1654              2
      1655              3
      1656              3
      1657              3
      1658              3
      1659              4
      1660              5
      1661              1
      1662              3
      1663              0
      1664              0
      1665              2
      1666              2
      1667              2
      1668              2
      1669              0
      1670              6
      1671              1
      1672              2
      1673              3
      1674              3
      1675              0
      1676              2
      1677              2
      1678              4
      1679              1
      1680              1
      1681              0
      1682              3
      1683              3
      1684              0
      1685              2
      1686              1
      1687              2
      1688              2
      1689              1
      1690              2
      1691              3
      1692              2
      1693              5
      1694              0
      1695              3
      1696              1
      1697              2
      1698              2
      1699              0
      1700              3
      1701              3
      1702              2
      1703              3
      1704              1
      1705              1
      1706              2
      1707              2
      1708              1
      1709              0
      1710              2
      1711              2
      1712              1
      1713              2
      1714              1
      1715              2
      1716              1
      1717              3
      1718              2
      1719              1
      1720              0
      1721              4
      1722              6
      1723              3
      1724              1
      1725              2
      1726              1
      1727              3
      1728              2
      1729              2
      1730              1
      1731              0
      1732              2
      1733              2
      1734              2
      1735              3
      1736              1
      1737              2
      1738              3
      1739              2
      1740              3
      1741              5
      1742              1
      1743              1
      1744              1
      1745              0
      1746              6
      1747              2
      1748              2
      1749              0
      1750              3
      1751              1
      1752              2
      1753              0
      1754              4
      1755              2
      1756              2
      1757              0
      1758              3
      1759              0
      1760              1
      1761              3
      1762              3
      1763              4
      1764              1
      1765              3
      1766              4
      1767              3
      1768              3
      1769              3
      1770              1
      1771              0
      1772              2
      1773              0
      1774              2
      1775              6
      1776              1
      1777              0
      1778              4
      1779              0
      1780              2
      1781              0
      1782              0
      1783              2
      1784              1
      1785              2
      1786              3
      1787              1
      1788              7
      1789              1
      1790              1
      1791              3
      1792              2
      1793              3
      1794              3
      1795              0
      1796              0
      1797              4
      1798              1
      1799              2
      1800              0
      1801              1
      1802              1
      1803              2
      1804              1
      1805              2
      1806              1
      1807              0
      1808              3
      1809              2
      1810              2
      1811              4
      1812              2
      1813              2
      1814              1
      1815              1
      1816              2
      1817              1
      1818              2
      1819              5
      1820              1
      1821              3
      1822              1
      1823              0
      1824              1
      1825              0
      1826              1
      1827              5
      1828              2
      1829              0
      1830              2
      1831              4
      1832              3
      1833              2
      1834              1
      1835              5
      1836              1
      1837              0
      1838              2
      1839              4
      1840              4
      1841              0
      1842              1
      1843              2
      1844              0
      1845              0
      1846              3
      1847              1
      1848              0
      1849              1
      1850              0
      1851              3
      1852              1
      1853              1
      1854              1
      1855              2
      1856              0
      1857              2
      1858              1
      1859              3
      1860              2
      1861              0
      1862              1
      1863              1
      1864              2
      1865              0
      1866              1
      1867              1
      1868              1
      1869              0
      1870              0
      1871              2
      1872              1
      1873              1
      1874              2
      1875              1
      1876              3
      1877              0
      1878              2
      1879              1
      1880              1
      1881              0
      1882              1
      1883              1
      1884              1
      1885              1
      1886              1
      1887              0
      1888              0
      1889              0
      1890              0
      1891              3
      1892              2
      1893              1
      1894              3
      1895              0
      1896              0
      1897              1
      1898              4
      1899              1
      1900              0
      1901              0
      1902              1
      1903              0
      1904              1
      1905              0
      1906              0
      1907              1
      1908              1
      1909              3
      1910              1
      1911              1
      1912              0
      1913              2
      1914              1
      1915              2
      1916              1
      1917              1
      1918              1
      1919              0
      1920              2
      1921              0
      1922              0
      1923              2
      1924              0
      1925              0
      1926              1
      1927              1
      1928              0
      1929              0
      1930              1
      1931              2
      1932              1
      1933              2
      1934              1
      1935              3
      1936              1
      1937              2
      1938              0
      1939              1
      1940              0
      1941              0
      1942              2
      1943              3
      1944              1
      1945              1
      1946              1
      1947              1
      1948              1
      1949              1
      1950              1
      1951              2
      1952              0
      1953              1
      1954              1
      1955              2
      1956              1
      1957              1
      1958              1
      1959              0
      1960              1
      1961              0
      1962              1
      1963              2
      1964              1
      1965              1
      1966              0
      1967              2
      1968              0
      1969              0
      1970              0
      1971              0
      1972              0
      1973              0
      1974              1
      1975              1
      1976              1
      1977              0
      1978              1
      1979              0
      1980              0
      1981              1
      1982              0
      1983              1
      1984              2
      1985              1
      1986              0
      1987              0
      1988              2
      1989              0
      1990              3
      1991              0
      1992              1
      1993              1
      1994              1
      1995              0
      1996              0
      1997              1
      1998              2
      1999              1
      2000              0
      2001              4
      2002              0
      2003              0
      2004              1
      2005              0
      2006              0
      2007              0
      2008              2
      2009              2
      2010              1
      2011              4
      2012              2
      2013              2
      2014              0
      2015              3
      2016              3
      2017              0
      2018              2
      2019              0
      2020              0
      2021              0
      2022              0
      2023              0
      2024              0
      2025              0
      2026              0
      2027              0
      2028              0
      2029              0
      2030              0
      2031              0
      2032              0
      2033              0
      2034              0
      2035              0
      2036              0
      2037              0
      2038              0
      2039              0
      2040              0
      2041              0
      2042              0
      2043              0
      2044              0
      2045              0
      2046              0
      2047              0
