         0              0
         1              0
         2              0
         3              0
         4              0
         5              0
         6              0
         7              0
         8              0
         9              0
        10              0
        11              0
        12              0
        13              0
        14              0
        15              0
        16              0
        17              0
        18              0
        19              0
        20              0
        21              0
        22              0
        23             31
        24             42
        25             47
        26             46
        27             31
        28             51
        29             53
        30             51
        31             36
        32             55
        33             56
        34             46
        35             43
        36             54
        37             48
        38             57
        39             61
        40             50
        41             64
        42             54
        43             71
        44             53
        45             70
        46             62
        47             58
        48             77
        49             65
        50             83
        51             86
        52            105
        53            112
        54            128
        55            170
        56            159
        57            192
        58            192
        59            214
        60            226
        61            182
        62            179
        63            187
        64            174
        65            148
        66            114
        67             99
        68             79
        69            118
        70             90
        71             85
        72             80
        73             90
        74             80
        75             73
        76             66
        77            104
        78             86
        79             85
        80             71
        81             80
        82             97
        83             81
        84             97
        85             91
        86             98
        87             90
        88             88
        89             94
        90             81
        91             90
        92             94
        93            119
        94            129
        95            106
        96            112
        97            126
        98            126
        99            132
       100            126
       101            140
       102            127
       103            149
       104            126
       105            142
       106            149
       107            133
       108            143
       109            158
       110            141
       111            166
       112            177
       113            149
       114            172
       115            184
       116            163
       117            172
       118            196
       119            190
       120            194
       121            192
       122            206
       123            165
       124            184
       125            211
       126            214
       127            203
       128            205
       129            231
       130            232
       131            215
       132            208
       133            207
       134            218
       135            228
       136            241
       137            205
       138            195
       139            210
       140            228
       141            222
       142            212
       143            236
       144            215
       145            222
       146            210
       147            227
       148            246
       149            211
       150            205
       151            232
       152            217
       153            250
       154            194
       155            225
       156            200
       157            220
       158            228
       159            208
       160            203
       161            212
       162            228
       163            219
       164            228
       165            176
       166            235
       167            199
       168            215
       169            195
       170            206
       171            206
       172            235
       173            207
       174            200
       175            204
       176            193
       177            207
       178            202
       179            197
       180            218
       181            206
       182            217
       183            186
       184            182
       185            185
       186            198
       187            206
       188            172
       189            181
       190            187
       191            181
       192            183
       193            177
       194            202
       195            192
       196            201
       197            219
       198            179
       199            216
       200            191
       201            186
       202            197
       203            186
       204            200
       205            188
       206            180
       207            183
       208            167
       209            142
       210            175
       211            173
       212            167
       213            169
       214            181
       215            204
       216            192
       217            172
       218            185
       219            186
       220            165
       221            172
       222            163
       223            180
       224            164
       225            172
       226            183
       227            170
       228            171
       229            173
       230            172
       231            148
       232            156
       233            167
       234            170
       235            178
       236            162
       237            180
       238            154
       239            155
       240            170
       241            150
       242            157
       243            149
       244            170
       245            188
       246            174
       247            152
       248            160
       249            160
       250            145
       251            134
       252            176
       253            169
       254            164
       255            158
       256            167
       257            140
       258            191
       259            154
       260            163
       261            152
       262            146
       263            155
       264            147
       265            145
       266            151
       267            139
       268            148
       269            118
       270            170
       271            138
       272            133
       273            131
       274            162
       275            131
       276            160
       277            145
       278            153
       279            144
       280            157
       281            145
       282            146
       283            131
       284            128
       285            138
       286            144
       287            143
       288            160
       289            165
       290            164
       291            148
       292            135
       293            162
       294            140
       295            163
       296            162
       297            150
       298            154
       299            169
       300            156
       301            140
       302            158
       303            133
       304            154
       305            144
       306            157
       307            137
       308            148
       309            147
       310            161
       311            146
       312            142
       313            137
       314            157
       315            133
       316            134
       317            157
       318            110
       319            125
       320            135
       321            119
       322            120
       323            111
       324            125
       325            118
       326            117
       327            138
       328            113
       329            124
       330            110
       331            126
       332            124
       333             99
       334            116
       335            101
       336            111
       337            108
       338            115
       339             99
       340             99
       341            106
       342            107
       343             98
       344             92
       345            100
       346            103
       347             99
       348             96
       349            101
       350            115
       351             96
       352            108
       353            115
       354            107
       355            104
       356             85
       357            107
       358            113
       359             98
       360             98
       361             74
       362             98
       363            102
       364             82
       365             86
       366            105
       367             97
       368             99
       369             86
       370             86
       371             93
       372            102
       373             90
       374             96
       375             88
       376            103
       377             84
       378            110
       379             86
       380             84
       381             72
       382             78
       383             82
       384             95
       385             93
       386             87
       387             75
       388             75
       389             84
       390             76
       391             76
       392             79
       393             84
       394             87
       395             83
       396             63
       397             95
       398             74
       399             85
       400             72
       401             76
       402             57
       403             63
       404             61
       405             74
       406             80
       407             87
       408             78
       409             70
       410             76
       411             68
       412             71
       413             57
       414             67
       415             77
       416             61
       417             73
       418             74
       419             70
       420             58
       421             70
       422             61
       423             59
       424             76
       425             67
       426             62
       427             69
       428             56
       429             59
       430             60
       431             70
       432             64
       433             60
       434             63
       435             67
       436             54
       437             63
       438             58
       439             78
       440             81
       441             51
       442             68
       443             63
       444             52
       445             55
       446             70
       447             49
       448             67
       449             67
       450             74
       451             56
       452             53
       453             63
       454             50
       455             67
       456             62
       457             68
       458             67
       459             76
       460             50
       461             66
       462             50
       463             60
       464             61
       465             59
       466             66
       467             67
       468             46
       469             56
       470             56
       471             57
       472             51
       473             69
       474             61
       475             55
       476             56
       477             57
       478             55
       479             52
       480             62
       481             58
       482             51
       483             48
       484             55
       485             70
       486             55
       487             55
       488             55
       489             68
       490             52
       491             65
       492             54
       493             45
       494             60
       495             52
       496             53
       497             63
       498             49
       499             46
       500             42
       501             46
       502             51
       503             55
       504             60
       505             57
       506             48
       507             69
       508             61
       509             49
       510             47
       511             57
       512             38
       513             69
       514             45
       515             51
       516             59
       517             46
       518             59
       519             55
       520             48
       521             49
       522             41
       523             41
       524             55
       525             73
       526             50
       527             53
       528             54
       529             45
       530             54
       531             49
       532             62
       533             60
       534             54
       535             40
       536             59
       537             36
       538             61
       539             70
       540             61
       541             53
       542             60
       543             53
       544             45
       545             60
       546             39
       547             46
       548             46
       549             58
       550             51
       551             61
       552             54
       553             46
       554             56
       555             53
       556             26
       557             44
       558             48
       559             39
       560             37
       561             45
       562             33
       563             53
       564             56
       565             48
       566             55
       567             36
       568             40
       569             45
       570             48
       571             34
       572             43
       573             33
       574             53
       575             60
       576             49
       577             43
       578             39
       579             47
       580             48
       581             51
       582             42
       583             49
       584             41
       585             47
       586             37
       587             39
       588             40
       589             55
       590             49
       591             44
       592             56
       593             40
       594             37
       595             51
       596             54
       597             42
       598             50
       599             50
       600             46
       601             45
       602             39
       603             45
       604             51
       605             52
       606             46
       607             37
       608             37
       609             42
       610             36
       611             39
       612             38
       613             45
       614             40
       615             31
       616             28
       617             41
       618             31
       619             39
       620             47
       621             46
       622             33
       623             48
       624             41
       625             52
       626             52
       627             49
       628             40
       629             29
       630             37
       631             35
       632             44
       633             40
       634             42
       635             45
       636             39
       637             46
       638             48
       639             45
       640             39
       641             46
       642             36
       643             36
       644             39
       645             47
       646             45
       647             47
       648             51
       649             46
       650             38
       651             50
       652             51
       653             49
       654             52
       655             33
       656             42
       657             41
       658             39
       659             41
       660             38
       661             37
       662             40
       663             46
       664             43
       665             40
       666             56
       667             38
       668             43
       669             41
       670             40
       671             39
       672             36
       673             36
       674             47
       675             44
       676             48
       677             45
       678             40
       679             30
       680             41
       681             31
       682             45
       683             38
       684             41
       685             34
       686             35
       687             49
       688             42
       689             35
       690             40
       691             38
       692             48
       693             30
       694             31
       695             35
       696             44
       697             40
       698             38
       699             39
       700             39
       701             24
       702             39
       703             40
       704             32
       705             38
       706             34
       707             28
       708             35
       709             33
       710             38
       711             34
       712             25
       713             32
       714             30
       715             29
       716             37
       717             26
       718             34
       719             23
       720             25
       721             30
       722             31
       723             30
       724             28
       725             17
       726             24
       727             19
       728             21
       729             19
       730             22
       731             21
       732             24
       733             37
       734             27
       735             31
       736             31
       737             24
       738             29
       739             23
       740             22
       741             31
       742             25
       743             25
       744             17
       745             24
       746             24
       747             20
       748             17
       749             25
       750             18
       751             23
       752             19
       753             25
       754             15
       755             19
       756             22
       757             20
       758             15
       759             21
       760             16
       761             12
       762             17
       763             17
       764             21
       765             19
       766             25
       767              9
       768             10
       769             14
       770             26
       771             20
       772             15
       773             17
       774             21
       775             22
       776             20
       777             13
       778             11
       779             17
       780             11
       781             11
       782             11
       783             11
       784             19
       785             17
       786             16
       787             15
       788             15
       789             15
       790             16
       791             14
       792             17
       793             12
       794             21
       795             21
       796             13
       797             13
       798             17
       799             17
       800             15
       801             14
       802             11
       803              8
       804             13
       805             18
       806             12
       807             13
       808              7
       809             13
       810             10
       811             17
       812             15
       813             19
       814             16
       815             10
       816             17
       817             13
       818              8
       819             14
       820             13
       821             19
       822             13
       823             16
       824             15
       825             23
       826             19
       827             13
       828             17
       829             10
       830             11
       831             11
       832             13
       833             18
       834             12
       835             12
       836             11
       837             16
       838              9
       839             21
       840              7
       841              8
       842              8
       843             11
       844             19
       845             14
       846             10
       847              8
       848             12
       849              8
       850             12
       851             12
       852              8
       853             10
       854             16
       855             16
       856             21
       857             15
       858             14
       859             15
       860             15
       861             15
       862             12
       863              6
       864             14
       865              8
       866             16
       867             15
       868             11
       869              8
       870             11
       871             21
       872             17
       873             16
       874             16
       875             17
       876             15
       877             20
       878             14
       879              7
       880             12
       881              7
       882             19
       883             11
       884             11
       885             19
       886             19
       887             12
       888             11
       889             11
       890             15
       891              8
       892             13
       893             18
       894              8
       895             19
       896             12
       897             17
       898             18
       899             10
       900             12
       901             17
       902             15
       903             14
       904             14
       905             14
       906             16
       907             16
       908             12
       909             15
       910             17
       911             15
       912             10
       913             18
       914             18
       915             16
       916             18
       917             12
       918             17
       919             17
       920             17
       921             11
       922             14
       923             15
       924             16
       925             12
       926             23
       927             13
       928             24
       929             34
       930             30
       931             31
       932             24
       933             35
       934             29
       935             32
       936             31
       937             30
       938             30
       939             38
       940             35
       941             49
       942             44
       943             43
       944             58
       945             33
       946             43
       947             45
       948             61
       949             54
       950             58
       951             62
       952             69
       953             61
       954             60
       955             74
       956             75
       957             79
       958             88
       959             99
       960             89
       961             94
       962             99
       963            106
       964            117
       965             97
       966            127
       967            106
       968            118
       969            145
       970            133
       971            150
       972            143
       973            133
       974            144
       975            174
       976            183
       977            168
       978            180
       979            190
       980            181
       981            194
       982            184
       983            189
       984            193
       985            173
       986            195
       987            209
       988            239
       989            221
       990            208
       991            229
       992            242
       993            234
       994            235
       995            259
       996            225
       997            235
       998            239
       999            221
      1000            230
      1001            249
      1002            266
      1003            238
      1004            252
      1005            222
      1006            249
      1007            242
      1008            248
      1009            239
      1010            248
      1011            215
      1012            235
      1013            249
      1014            227
      1015            214
      1016            209
      1017            221
      1018            222
      1019            221
      1020            210
      1021            210
      1022            194
      1023            158
      1024            149
      1025            178
      1026            173
      1027            154
      1028            157
      1029            178
      1030            158
      1031            157
      1032            147
      1033            115
      1034            157
      1035             96
      1036            138
      1037            104
      1038            116
      1039             86
      1040            106
      1041             91
      1042             80
      1043             93
      1044             70
      1045             78
      1046             84
      1047             87
      1048             63
      1049             71
      1050             65
      1051             52
      1052             70
      1053             54
      1054             61
      1055             50
      1056             38
      1057             39
      1058             39
      1059             28
      1060             32
      1061             26
      1062             33
      1063             25
      1064             25
      1065             22
      1066             15
      1067             16
      1068             17
      1069             15
      1070             16
      1071              9
      1072             11
      1073              7
      1074              7
      1075             11
      1076              9
      1077              9
      1078              9
      1079             16
      1080             10
      1081             10
      1082              6
      1083             11
      1084              2
      1085              3
      1086              6
      1087             11
      1088              7
      1089             10
      1090              2
      1091              5
      1092              6
      1093              5
      1094              5
      1095              6
      1096              2
      1097              7
      1098              9
      1099              5
      1100              4
      1101              7
      1102              4
      1103              5
      1104              3
      1105              4
      1106              7
      1107              5
      1108              8
      1109              5
      1110              5
      1111              4
      1112              6
      1113              2
      1114              0
      1115              7
      1116              3
      1117              2
      1118              1
      1119              2
      1120              3
      1121              4
      1122              7
      1123              5
      1124              6
      1125              4
      1126              4
      1127              2
      1128              4
      1129              5
      1130              2
      1131              0
      1132              4
      1133              3
      1134              4
      1135              3
      1136              8
      1137              3
      1138              4
      1139              4
      1140              6
      1141              4
      1142              1
      1143              5
      1144              1
      1145              6
      1146              6
      1147              3
      1148              4
      1149              4
      1150              5
      1151              2
      1152              2
      1153              4
      1154              6
      1155              3
      1156              3
      1157              3
      1158              3
      1159              1
      1160              2
      1161              6
      1162              2
      1163              4
      1164              1
      1165              6
      1166              3
      1167              3
      1168              3
      1169              3
      1170              6
      1171              4
      1172              3
      1173              5
      1174              6
      1175              3
      1176              1
      1177              2
      1178              5
      1179              4
      1180              4
      1181              7
      1182              3
      1183              3
      1184              5
      1185              5
      1186              3
      1187              6
      1188              0
      1189              4
      1190              2
      1191              1
      1192              2
      1193              1
      1194              3
      1195              0
      1196              3
      1197              5
      1198              6
      1199              2
      1200              2
      1201              5
      1202              3
      1203              3
      1204              4
      1205              3
      1206              4
      1207              8
      1208              4
      1209              9
      1210              1
      1211              3
      1212              4
      1213              3
      1214              5
      1215              2
      1216              2
      1217              2
      1218              4
      1219              1
      1220              3
      1221              4
      1222              1
      1223              2
      1224              7
      1225              1
      1226              3
      1227              3
      1228              2
      1229              7
      1230              2
      1231              3
      1232              4
      1233              6
      1234              2
      1235              6
      1236              3
      1237              5
      1238              5
      1239              5
      1240              2
      1241              1
      1242              4
      1243              2
      1244              5
      1245              3
      1246              1
      1247              5
      1248              3
      1249              4
      1250              4
      1251              7
      1252              1
      1253              4
      1254              1
      1255              4
      1256              4
      1257              3
      1258              2
      1259              1
      1260              1
      1261              1
      1262              6
      1263             10
      1264              6
      1265              1
      1266              5
      1267              1
      1268              1
      1269              3
      1270              3
      1271              3
      1272              3
      1273              7
      1274              1
      1275              6
      1276              1
      1277              1
      1278              1
      1279              5
      1280              1
      1281              3
      1282              1
      1283              2
      1284              1
      1285              6
      1286              5
      1287              5
      1288              4
      1289              5
      1290              4
      1291              0
      1292              2
      1293              5
      1294              4
      1295              1
      1296              3
      1297              2
      1298              3
      1299              3
      1300              3
      1301              5
      1302              4
      1303              7
      1304              1
      1305              3
      1306              4
      1307              3
      1308              5
      1309              4
      1310              2
      1311              0
      1312              4
      1313              2
      1314              2
      1315              1
      1316              2
      1317              3
      1318              9
      1319              1
      1320             11
      1321              3
      1322              3
      1323              3
      1324              2
      1325              4
      1326              3
      1327              5
      1328              4
      1329              2
      1330              2
      1331              6
      1332              3
      1333              5
      1334              2
      1335              6
      1336              5
      1337              2
      1338              7
      1339              4
      1340              3
      1341              1
      1342              5
      1343              4
      1344              4
      1345              1
      1346              2
      1347              5
      1348              3
      1349              2
      1350              7
      1351              6
      1352              5
      1353              1
      1354              3
      1355              2
      1356              3
      1357              1
      1358              3
      1359              3
      1360              2
      1361              2
      1362              2
      1363              7
      1364              5
      1365              5
      1366              6
      1367              3
      1368              1
      1369              4
      1370              2
      1371              3
      1372              2
      1373              3
      1374              4
      1375              6
      1376              6
      1377              3
      1378              3
      1379              3
      1380              9
      1381              1
      1382              2
      1383              6
      1384              4
      1385              1
      1386              7
      1387              6
      1388              3
      1389              2
      1390              8
      1391              3
      1392              4
      1393              2
      1394              5
      1395              4
      1396              5
      1397              2
      1398              6
      1399              3
      1400              3
      1401              4
      1402              2
      1403              3
      1404              7
      1405              4
      1406              3
      1407              2
      1408              2
      1409              4
      1410              6
      1411              2
      1412              5
      1413              5
      1414              8
      1415              5
      1416              1
      1417              6
      1418              5
      1419              4
      1420              3
      1421              3
      1422              1
      1423              3
      1424              4
      1425              3
      1426              1
      1427              3
      1428              2
      1429              5
      1430              1
      1431              1
      1432              6
      1433              2
      1434              2
      1435              2
      1436              3
      1437              1
      1438              3
      1439              5
      1440              5
      1441              1
      1442              5
      1443              3
      1444              3
      1445              6
      1446              2
      1447              4
      1448              2
      1449              3
      1450              6
      1451              4
      1452              3
      1453              4
      1454              2
      1455              1
      1456              3
      1457              2
      1458              2
      1459              3
      1460              1
      1461              1
      1462              2
      1463              0
      1464              5
      1465              0
      1466              0
      1467              3
      1468              2
      1469              2
      1470              4
      1471              2
      1472              2
      1473              3
      1474              2
      1475              2
      1476              3
      1477              2
      1478              2
      1479             10
      1480              2
      1481              3
      1482              4
      1483              3
      1484              3
      1485              1
      1486              3
      1487              4
      1488              1
      1489              2
      1490              2
      1491              5
      1492              4
      1493              4
      1494              2
      1495              4
      1496              3
      1497              4
      1498              2
      1499              1
      1500              4
      1501              3
      1502              5
      1503              6
      1504              2
      1505              2
      1506              0
      1507              2
      1508              1
      1509              4
      1510              0
      1511              1
      1512              1
      1513              3
      1514              4
      1515              4
      1516              5
      1517              2
      1518              5
      1519              1
      1520              1
      1521              2
      1522              4
      1523              1
      1524              1
      1525              0
      1526              2
      1527              2
      1528              3
      1529              3
      1530              1
      1531              0
      1532              3
      1533              0
      1534              4
      1535              2
      1536              3
      1537              6
      1538              2
      1539              3
      1540              5
      1541              2
      1542              2
      1543              5
      1544              1
      1545              1
      1546              3
      1547              4
      1548              4
      1549              2
      1550              1
      1551              0
      1552              1
      1553              3
      1554              3
      1555              5
      1556              3
      1557              2
      1558              4
      1559              5
      1560              4
      1561              4
      1562              5
      1563              0
      1564              1
      1565              2
      1566              3
      1567              5
      1568              5
      1569              4
      1570              1
      1571              2
      1572              2
      1573              2
      1574              5
      1575              2
      1576              2
      1577              1
      1578              5
      1579              2
      1580              3
      1581              3
      1582              3
      1583              5
      1584              3
      1585              3
      1586              5
      1587              2
      1588              3
      1589              4
      1590              3
      1591              0
      1592              4
      1593              2
      1594              2
      1595              3
      1596              2
      1597              5
      1598              4
      1599              3
      1600              0
      1601              1
      1602              1
      1603              2
      1604              1
      1605              4
      1606              4
      1607              6
      1608              5
      1609              1
      1610              2
      1611              2
      1612              4
      1613              4
      1614              3
      1615              4
      1616              1
      1617              2
      1618              3
      1619              4
      1620              2
      1621              4
      1622              3
      1623              4
      1624              1
      1625              0
      1626              3
      1627              2
      1628              2
      1629              1
      1630              2
      1631              6
      1632              4
      1633              0
      1634              3
      1635              3
      1636              3
      1637              6
      1638              4
      1639              2
      1640              4
      1641              3
      1642              3
      1643              5
      1644              2
      1645              2
      1646              2
      1647              2
      1648              3
      1649              1
      1650              2
      1651              2
      1652              4
      1653              0
      1654              0
      1655              5
      1656              3
      1657              0
      1658              3
      1659              4
      1660              4
      1661              3
      1662              2
      1663              2
      1664              4
      1665              3
      1666              2
      1667              2
      1668              3
      1669              6
      1670              0
      1671              3
      1672              4
      1673              2
      1674              2
      1675              0
      1676              1
      1677              1
      1678              2
      1679              0
      1680              1
      1681              2
      1682              3
      1683              2
      1684              3
      1685              5
      1686              4
      1687              3
      1688              3
      1689              1
      1690              3
      1691              5
      1692              2
      1693              3
      1694              1
      1695              2
      1696              4
      1697              2
      1698              4
      1699              1
      1700              2
      1701              5
      1702              3
      1703              2
      1704              3
      1705              2
      1706              2
      1707              0
      1708              4
      1709              5
      1710              4
      1711              2
      1712              2
      1713              5
      1714              5
      1715              1
      1716              1
      1717              1
      1718              2
      1719              5
      1720              2
      1721              3
      1722              0
      1723              3
      1724              3
      1725              2
      1726              2
      1727              2
      1728              2
      1729              1
      1730              1
      1731              1
      1732              0
      1733              5
      1734              2
      1735              3
      1736              1
      1737              0
      1738              0
      1739              1
      1740              2
      1741              2
      1742              1
      1743              2
      1744              3
      1745              2
      1746              0
      1747              1
      1748              4
      1749              1
      1750              1
      1751              1
      1752              2
      1753              6
      1754              5
      1755              3
      1756              2
      1757              0
      1758              2
      1759              2
      1760              2
      1761              1
      1762              3
      1763              1
      1764              2
      1765              2
      1766              2
      1767              0
      1768              0
      1769              2
      1770              1
      1771              0
      1772              2
      1773              1
      1774              1
      1775              0
      1776              4
      1777              5
      1778              2
      1779              1
      1780              4
      1781              1
      1782              3
      1783              0
      1784              0
      1785              2
      1786              3
      1787              4
      1788              0
      1789              0
      1790              3
      1791              1
      1792              1
      1793              3
      1794              4
      1795              3
      1796              0
      1797              0
      1798              4
      1799              1
      1800              3
      1801              1
      1802              1
      1803              1
      1804              1
      1805              2
      1806              2
      1807              2
      1808              0
      1809              3
      1810              1
      1811              1
      1812              1
      1813              3
      1814              0
      1815              0
      1816              3
      1817              2
      1818              3
      1819              2
      1820              1
      1821              0
      1822              2
      1823              1
      1824              2
      1825              1
      1826              2
      1827              4
      1828              0
      1829              3
      1830              2
      1831              1
      1832              1
      1833              0
      1834              1
      1835              1
      1836              1
      1837              1
      1838              2
      1839              4
      1840              1
      1841              3
      1842              2
      1843              2
      1844              0
      1845              1
      1846              1
      1847              1
      1848              2
      1849              0
      1850              1
      1851              3
      1852              2
      1853              1
      1854              1
      1855              0
      1856              2
      1857              0
      1858              2
      1859              1
      1860              1
      1861              0
      1862              2
      1863              0
      1864              1
      1865              0
      1866              1
      1867              1
      1868              2
      1869              1
      1870              1
      1871              2
      1872              2
      1873              1
      1874              2
      1875              2
      1876              0
      1877              1
      1878              3
      1879              0
      1880              0
      1881              0
      1882              2
      1883              0
      1884              0
      1885              0
      1886              1
      1887              1
      1888              1
      1889              0
      1890              0
      1891              2
      1892              5
      1893              1
      1894              4
      1895              0
      1896              0
      1897              0
      1898              0
      1899              1
      1900              2
      1901              1
      1902              0
      1903              0
      1904              1
      1905              2
      1906              0
      1907              0
      1908              0
      1909              1
      1910              1
      1911              2
      1912              0
      1913              2
      1914              0
      1915              0
      1916              1
      1917              1
      1918              2
      1919              5
      1920              0
      1921              0
      1922              1
      1923              0
      1924              0
      1925              0
      1926              1
      1927              2
      1928              0
      1929              2
      1930              1
      1931              1
      1932              1
      1933              0
      1934              3
      1935              1
      1936              2
      1937              0
      1938              0
      1939              1
      1940              0
      1941              0
      1942              0
      1943              0
      1944              1
      1945              2
      1946              1
      1947              1
      1948              2
      1949              1
      1950              1
      1951              0
      1952              1
      1953              1
      1954              0
      1955              1
      1956              2
      1957              0
      1958              0
      1959              3
      1960              0
      1961              0
      1962              1
      1963              0
      1964              3
      1965              2
      1966              0
      1967              0
      1968              0
      1969              2
      1970              2
      1971              2
      1972              2
      1973              2
      1974              2
      1975              0
      1976              0
      1977              2
      1978              1
      1979              1
      1980              0
      1981              1
      1982              0
      1983              1
      1984              0
      1985              1
      1986              2
      1987              1
      1988              2
      1989              1
      1990              2
      1991              0
      1992              0
      1993              0
      1994              0
      1995              4
      1996              0
      1997              0
      1998              0
      1999              1
      2000              2
      2001              4
      2002              0
      2003              0
      2004              0
      2005              0
      2006              1
      2007              1
      2008              2
      2009              0
      2010              1
      2011              2
      2012              2
      2013              2
      2014              0
      2015              2
      2016              0
      2017              0
      2018              1
      2019              0
      2020              0
      2021              0
      2022              0
      2023              0
      2024              0
      2025              0
      2026              0
      2027              0
      2028              0
      2029              0
      2030              0
      2031              0
      2032              0
      2033              0
      2034              0
      2035              0
      2036              0
      2037              0
      2038              0
      2039              0
      2040              0
      2041              0
      2042              0
      2043              0
      2044              0
      2045              0
      2046              0
      2047              0
