         0              0
         1              0
         2              0
         3              0
         4              0
         5              0
         6              0
         7              0
         8              0
         9              0
        10              0
        11              0
        12              0
        13              0
        14              0
        15              0
        16              0
        17              0
        18              0
        19              0
        20              0
        21              0
        22              0
        23             28
        24             40
        25             36
        26             36
        27             30
        28             39
        29             45
        30             52
        31             36
        32             42
        33             41
        34             53
        35             49
        36             31
        37             51
        38             45
        39             55
        40             56
        41             45
        42             43
        43             53
        44             46
        45             54
        46             50
        47             58
        48             50
        49             59
        50             48
        51             49
        52             51
        53             69
        54             60
        55             51
        56             63
        57             64
        58             66
        59             69
        60             68
        61             62
        62             62
        63             54
        64             72
        65             62
        66             62
        67             65
        68             52
        69             63
        70             74
        71             66
        72             61
        73             52
        74             75
        75             62
        76             58
        77             79
        78             68
        79             77
        80             93
        81             68
        82             74
        83             53
        84             75
        85             73
        86             96
        87             75
        88             91
        89             99
        90             84
        91             87
        92             83
        93             88
        94            108
        95            105
        96            104
        97            115
        98            117
        99            120
       100            129
       101             93
       102            120
       103            113
       104            117
       105            120
       106            118
       107            148
       108            146
       109            146
       110            151
       111            150
       112            176
       113            163
       114            172
       115            177
       116            161
       117            161
       118            172
       119            205
       120            208
       121            179
       122            159
       123            178
       124            161
       125            170
       126            181
       127            193
       128            214
       129            199
       130            203
       131            185
       132            189
       133            186
       134            204
       135            200
       136            222
       137            210
       138            206
       139            183
       140            198
       141            207
       142            176
       143            196
       144            205
       145            190
       146            209
       147            196
       148            216
       149            195
       150            215
       151            189
       152            203
       153            178
       154            201
       155            188
       156            224
       157            217
       158            216
       159            219
       160            211
       161            193
       162            196
       163            200
       164            195
       165            202
       166            227
       167            178
       168            211
       169            204
       170            214
       171            210
       172            178
       173            219
       174            175
       175            178
       176            171
       177            202
       178            184
       179            194
       180            187
       181            173
       182            196
       183            165
       184            187
       185            183
       186            180
       187            185
       188            200
       189            185
       190            174
       191            173
       192            177
       193            194
       194            193
       195            175
       196            164
       197            181
       198            161
       199            196
       200            208
       201            153
       202            172
       203            161
       204            200
       205            187
       206            178
       207            196
       208            155
       209            185
       210            191
       211            164
       212            180
       213            175
       214            175
       215            167
       216            160
       217            156
       218            165
       219            151
       220            179
       221            166
       222            155
       223            186
       224            154
       225            149
       226            156
       227            166
       228            165
       229            169
       230            149
       231            164
       232            159
       233            158
       234            147
       235            145
       236            152
       237            161
       238            176
       239            172
       240            163
       241            150
       242            133
       243            134
       244            126
       245            155
       246            158
       247            147
       248            139
       249            125
       250            128
       251            158
       252            130
       253            136
       254            147
       255            132
       256            142
       257            131
       258            145
       259            152
       260            140
       261            141
       262            167
       263            127
       264            153
       265            141
       266            136
       267            128
       268            131
       269            152
       270            119
       271            154
       272            145
       273            162
       274            147
       275            132
       276            123
       277            153
       278            135
       279            141
       280            120
       281            174
       282            148
       283            126
       284            139
       285            145
       286            139
       287            144
       288            125
       289            141
       290            141
       291            142
       292            126
       293            121
       294            148
       295            135
       296            151
       297            149
       298            125
       299            128
       300            127
       301            143
       302            119
       303            149
       304            117
       305            124
       306            163
       307            141
       308            110
       309            127
       310            134
       311            128
       312            113
       313            136
       314            112
       315            110
       316            107
       317            118
       318            106
       319            124
       320            116
       321            119
       322            133
       323            118
       324            118
       325            115
       326            100
       327            104
       328            115
       329            115
       330            108
       331            101
       332             94
       333            110
       334            100
       335            110
       336            127
       337            109
       338             95
       339             80
       340            110
       341             83
       342             82
       343             97
       344             76
       345             73
       346             84
       347            105
       348             84
       349             90
       350             90
       351             84
       352             90
       353            110
       354             75
       355             90
       356             99
       357             79
       358             79
       359             85
       360            101
       361             83
       362             73
       363             85
       364             86
       365             95
       366             81
       367             92
       368             78
       369             83
       370             88
       371             71
       372             70
       373             83
       374             76
       375             86
       376             82
       377             79
       378             61
       379             97
       380             86
       381             72
       382             65
       383             73
       384             74
       385             73
       386             58
       387             76
       388             73
       389             69
       390             66
       391             67
       392             74
       393             78
       394             73
       395             71
       396             61
       397             59
       398             71
       399             66
       400             77
       401             49
       402             67
       403             68
       404             73
       405             54
       406             66
       407             57
       408             65
       409             51
       410             52
       411             60
       412             64
       413             69
       414             55
       415             59
       416             63
       417             66
       418             68
       419             58
       420             64
       421             58
       422             58
       423             59
       424             72
       425             63
       426             59
       427             52
       428             49
       429             67
       430             64
       431             63
       432             61
       433             54
       434             54
       435             51
       436             68
       437             54
       438             53
       439             48
       440             42
       441             56
       442             58
       443             53
       444             59
       445             69
       446             55
       447             52
       448             53
       449             54
       450             66
       451             70
       452             60
       453             51
       454             59
       455             63
       456             69
       457             63
       458             52
       459             49
       460             56
       461             62
       462             46
       463             52
       464             58
       465             49
       466             55
       467             58
       468             48
       469             37
       470             44
       471             41
       472             57
       473             49
       474             54
       475             58
       476             59
       477             35
       478             39
       479             58
       480             43
       481             52
       482             57
       483             38
       484             54
       485             40
       486             55
       487             54
       488             53
       489             51
       490             45
       491             41
       492             50
       493             44
       494             45
       495             47
       496             48
       497             47
       498             48
       499             40
       500             45
       501             37
       502             47
       503             41
       504             41
       505             39
       506             45
       507             46
       508             45
       509             38
       510             52
       511             35
       512             48
       513             47
       514             52
       515             31
       516             49
       517             55
       518             44
       519             42
       520             29
       521             40
       522             36
       523             48
       524             43
       525             47
       526             41
       527             38
       528             41
       529             40
       530             38
       531             39
       532             36
       533             51
       534             35
       535             39
       536             40
       537             40
       538             53
       539             48
       540             52
       541             35
       542             29
       543             31
       544             52
       545             36
       546             42
       547             43
       548             43
       549             50
       550             37
       551             42
       552             36
       553             46
       554             43
       555             41
       556             40
       557             31
       558             37
       559             38
       560             36
       561             47
       562             43
       563             41
       564             28
       565             33
       566             31
       567             51
       568             43
       569             35
       570             41
       571             37
       572             36
       573             37
       574             30
       575             36
       576             40
       577             38
       578             29
       579             32
       580             28
       581             33
       582             47
       583             38
       584             32
       585             47
       586             33
       587             30
       588             45
       589             35
       590             44
       591             27
       592             30
       593             36
       594             47
       595             35
       596             34
       597             33
       598             39
       599             39
       600             38
       601             31
       602             38
       603             36
       604             31
       605             48
       606             34
       607             48
       608             32
       609             33
       610             40
       611             39
       612             28
       613             41
       614             33
       615             36
       616             33
       617             32
       618             47
       619             30
       620             41
       621             42
       622             38
       623             35
       624             36
       625             44
       626             42
       627             40
       628             27
       629             28
       630             28
       631             34
       632             28
       633             35
       634             34
       635             30
       636             38
       637             34
       638             22
       639             39
       640             35
       641             30
       642             37
       643             45
       644             41
       645             36
       646             35
       647             40
       648             36
       649             27
       650             39
       651             36
       652             34
       653             35
       654             34
       655             42
       656             40
       657             38
       658             35
       659             37
       660             34
       661             25
       662             31
       663             41
       664             37
       665             26
       666             39
       667             41
       668             46
       669             35
       670             21
       671             31
       672             40
       673             41
       674             34
       675             30
       676             26
       677             32
       678             32
       679             23
       680             32
       681             31
       682             24
       683             27
       684             26
       685             32
       686             44
       687             32
       688             28
       689             29
       690             33
       691             38
       692             25
       693             41
       694             35
       695             40
       696             33
       697             20
       698             25
       699             24
       700             34
       701             30
       702             26
       703             23
       704             34
       705             36
       706             33
       707             32
       708             33
       709             32
       710             22
       711             16
       712             20
       713             32
       714             28
       715             34
       716             27
       717             16
       718             25
       719             29
       720             31
       721             31
       722             13
       723             23
       724             25
       725             16
       726             20
       727             14
       728             24
       729             17
       730             23
       731             18
       732             17
       733             21
       734             14
       735             16
       736             24
       737             23
       738             20
       739             14
       740             17
       741             19
       742             25
       743             18
       744             14
       745             23
       746             20
       747             26
       748             12
       749             23
       750             14
       751             20
       752             21
       753             17
       754             18
       755             16
       756             16
       757             12
       758             14
       759             11
       760             19
       761             13
       762             13
       763             15
       764             11
       765             12
       766             21
       767             17
       768             21
       769             18
       770             16
       771             11
       772             11
       773             17
       774             18
       775             14
       776             21
       777             21
       778             17
       779             14
       780             13
       781             15
       782             13
       783              8
       784             12
       785             18
       786             13
       787             15
       788             13
       789             15
       790             20
       791             10
       792             28
       793             12
       794             14
       795             15
       796             14
       797             11
       798             13
       799             13
       800              7
       801              9
       802             15
       803             13
       804             12
       805             10
       806              5
       807             13
       808             13
       809              7
       810             13
       811             13
       812             17
       813             11
       814             17
       815             12
       816             12
       817             12
       818             13
       819             12
       820              8
       821             10
       822             15
       823              7
       824              8
       825             18
       826             16
       827              9
       828             14
       829              9
       830             12
       831             10
       832             10
       833             13
       834             12
       835             11
       836             12
       837             14
       838             10
       839             19
       840              8
       841              7
       842             10
       843              9
       844              7
       845             14
       846             18
       847             13
       848              9
       849             14
       850              9
       851             15
       852             23
       853              8
       854             16
       855             13
       856             13
       857             13
       858             11
       859              6
       860             12
       861              7
       862             17
       863              9
       864              9
       865             15
       866             17
       867              7
       868             15
       869             10
       870             14
       871             19
       872             26
       873             16
       874             15
       875             16
       876              7
       877             16
       878             15
       879              9
       880             10
       881             12
       882              9
       883             13
       884             12
       885             14
       886             16
       887             12
       888             11
       889             11
       890              8
       891             19
       892             12
       893             13
       894             15
       895             15
       896             17
       897              7
       898             11
       899              5
       900             13
       901             12
       902             15
       903             10
       904             12
       905             13
       906             14
       907             20
       908             16
       909             17
       910             17
       911             19
       912             12
       913             17
       914             14
       915             13
       916             13
       917             12
       918             22
       919             19
       920             16
       921             20
       922             14
       923             23
       924             13
       925             22
       926             23
       927             19
       928             21
       929             19
       930             23
       931             15
       932             17
       933             21
       934             26
       935             28
       936             26
       937             27
       938             33
       939             30
       940             24
       941             21
       942             33
       943             43
       944             36
       945             26
       946             40
       947             35
       948             43
       949             53
       950             49
       951             38
       952             50
       953             40
       954             59
       955             68
       956             55
       957             58
       958             65
       959             64
       960             55
       961             73
       962             88
       963             71
       964             80
       965             83
       966             84
       967             80
       968            104
       969             99
       970            106
       971            114
       972            110
       973            109
       974            107
       975            105
       976            109
       977            109
       978            111
       979            115
       980            130
       981            141
       982            133
       983            132
       984            131
       985            150
       986            153
       987            156
       988            150
       989            146
       990            156
       991            170
       992            152
       993            167
       994            168
       995            170
       996            193
       997            154
       998            183
       999            204
      1000            171
      1001            171
      1002            175
      1003            167
      1004            158
      1005            166
      1006            164
      1007            174
      1008            179
      1009            177
      1010            186
      1011            155
      1012            176
      1013            144
      1014            146
      1015            160
      1016            142
      1017            148
      1018            147
      1019            127
      1020            144
      1021            134
      1022            145
      1023            123
      1024            124
      1025            113
      1026            113
      1027            109
      1028            112
      1029            122
      1030            102
      1031            107
      1032            101
      1033             79
      1034             90
      1035             77
      1036             96
      1037             63
      1038             80
      1039             71
      1040             76
      1041             80
      1042             62
      1043             68
      1044             62
      1045             37
      1046             51
      1047             63
      1048             45
      1049             43
      1050             39
      1051             47
      1052             38
      1053             42
      1054             30
      1055             35
      1056             37
      1057             29
      1058             19
      1059             24
      1060             17
      1061             16
      1062             17
      1063             14
      1064             22
      1065              6
      1066             14
      1067             13
      1068              9
      1069             18
      1070             10
      1071              6
      1072             15
      1073             11
      1074             11
      1075             11
      1076             13
      1077              7
      1078             14
      1079              8
      1080              3
      1081              3
      1082              9
      1083              4
      1084              5
      1085              5
      1086              7
      1087              5
      1088              8
      1089             13
      1090              4
      1091              5
      1092              6
      1093              2
      1094              7
      1095              4
      1096              5
      1097              5
      1098              6
      1099              5
      1100              6
      1101              3
      1102              1
      1103             10
      1104              4
      1105              2
      1106              4
      1107              2
      1108              7
      1109              1
      1110              8
      1111              4
      1112              4
      1113              4
      1114              3
      1115              7
      1116              6
      1117              2
      1118              5
      1119              4
      1120              4
      1121              1
      1122              5
      1123              5
      1124              4
      1125              4
      1126              4
      1127              3
      1128              2
      1129              5
      1130              4
      1131              5
      1132              8
      1133              5
      1134              3
      1135              7
      1136              9
      1137              5
      1138              6
      1139              5
      1140              6
      1141              1
      1142              2
      1143              2
      1144              5
      1145              7
      1146              3
      1147              4
      1148              4
      1149              9
      1150              4
      1151              2
      1152              4
      1153              7
      1154              5
      1155              5
      1156              3
      1157              4
      1158              3
      1159              2
      1160              6
      1161              2
      1162              1
      1163              1
      1164              5
      1165              5
      1166              4
      1167              2
      1168              1
      1169              3
      1170              2
      1171              5
      1172              3
      1173              3
      1174              2
      1175              6
      1176              4
      1177              4
      1178              7
      1179              4
      1180              3
      1181              4
      1182              6
      1183              3
      1184              2
      1185              2
      1186              4
      1187              5
      1188              3
      1189              5
      1190              6
      1191              2
      1192              2
      1193              5
      1194              5
      1195              4
      1196              2
      1197              3
      1198              3
      1199              3
      1200              4
      1201              5
      1202              8
      1203              1
      1204              3
      1205              7
      1206              6
      1207              6
      1208              0
      1209              5
      1210              2
      1211              1
      1212              3
      1213              5
      1214              3
      1215              4
      1216              5
      1217              0
      1218              1
      1219              5
      1220              3
      1221              4
      1222              0
      1223              2
      1224              3
      1225              6
      1226              8
      1227              2
      1228              4
      1229              5
      1230              1
      1231              3
      1232              3
      1233              3
      1234              2
      1235              6
      1236              3
      1237              1
      1238              4
      1239              5
      1240              3
      1241              1
      1242              4
      1243              2
      1244              5
      1245              2
      1246              7
      1247              4
      1248              6
      1249              5
      1250              3
      1251              1
      1252              3
      1253              4
      1254              3
      1255              2
      1256              3
      1257              5
      1258              3
      1259              0
      1260              1
      1261              4
      1262              4
      1263              1
      1264              4
      1265              1
      1266              2
      1267              0
      1268              6
      1269              1
      1270              4
      1271              3
      1272              6
      1273              0
      1274              1
      1275              2
      1276              1
      1277              5
      1278              4
      1279              2
      1280              2
      1281              5
      1282              3
      1283              2
      1284              2
      1285              7
      1286              5
      1287              6
      1288              3
      1289              1
      1290              6
      1291              3
      1292              1
      1293              3
      1294              3
      1295              2
      1296              5
      1297              2
      1298              8
      1299              2
      1300              5
      1301              4
      1302              4
      1303              2
      1304              2
      1305              5
      1306              5
      1307              3
      1308              3
      1309              7
      1310              3
      1311              4
      1312              3
      1313              3
      1314              1
      1315              4
      1316              4
      1317              3
      1318              2
      1319              0
      1320              5
      1321              4
      1322              3
      1323              1
      1324              5
      1325              5
      1326              8
      1327              4
      1328              2
      1329              1
      1330              4
      1331              3
      1332              4
      1333              5
      1334              1
      1335              2
      1336              2
      1337              1
      1338              2
      1339              9
      1340              4
      1341              1
      1342              1
      1343              3
      1344              2
      1345              3
      1346              2
      1347              5
      1348              5
      1349              4
      1350              5
      1351              2
      1352              2
      1353              2
      1354              7
      1355              3
      1356              2
      1357              2
      1358              1
      1359              3
      1360              4
      1361              3
      1362              0
      1363              4
      1364              3
      1365              4
      1366              2
      1367              2
      1368              1
      1369              0
      1370              2
      1371              1
      1372              3
      1373              3
      1374              3
      1375              3
      1376              3
      1377             10
      1378              2
      1379              3
      1380              5
      1381              2
      1382              6
      1383              7
      1384              5
      1385              4
      1386              2
      1387              6
      1388              5
      1389              0
      1390              4
      1391              4
      1392              1
      1393              3
      1394              6
      1395              1
      1396              3
      1397              2
      1398              5
      1399              4
      1400              0
      1401              8
      1402              4
      1403              3
      1404              3
      1405              7
      1406              5
      1407              2
      1408              4
      1409              2
      1410              4
      1411              5
      1412              0
      1413              5
      1414              9
      1415              5
      1416              5
      1417              2
      1418              2
      1419              1
      1420              2
      1421              6
      1422              3
      1423              3
      1424              2
      1425              4
      1426              2
      1427              2
      1428              3
      1429              5
      1430              4
      1431              1
      1432              2
      1433              1
      1434              0
      1435              2
      1436              3
      1437              6
      1438              3
      1439              2
      1440              1
      1441              3
      1442              2
      1443              1
      1444              4
      1445              6
      1446              2
      1447              7
      1448              5
      1449              5
      1450              6
      1451              2
      1452              4
      1453              7
      1454              2
      1455              0
      1456              5
      1457              3
      1458              3
      1459              3
      1460              3
      1461              1
      1462              1
      1463              4
      1464              1
      1465              5
      1466              2
      1467              0
      1468              2
      1469              6
      1470              4
      1471              2
      1472              4
      1473              3
      1474              3
      1475              3
      1476              4
      1477              0
      1478              4
      1479              4
      1480              3
      1481              3
      1482              1
      1483              2
      1484              3
      1485              3
      1486              3
      1487              1
      1488              4
      1489              1
      1490              2
      1491              1
      1492              2
      1493              1
      1494              3
      1495              3
      1496              2
      1497              1
      1498              4
      1499              3
      1500              2
      1501              3
      1502              3
      1503              0
      1504              6
      1505              3
      1506              2
      1507              2
      1508              1
      1509              3
      1510              2
      1511              0
      1512              0
      1513              4
      1514              5
      1515              3
      1516              1
      1517              1
      1518              3
      1519              4
      1520              2
      1521              1
      1522              3
      1523              2
      1524              2
      1525              4
      1526              4
      1527              2
      1528              0
      1529              4
      1530              2
      1531              2
      1532              4
      1533              1
      1534              0
      1535              2
      1536              1
      1537              1
      1538              7
      1539              3
      1540              2
      1541              2
      1542              2
      1543              2
      1544              4
      1545              1
      1546              2
      1547              3
      1548              3
      1549              4
      1550              3
      1551              2
      1552              3
      1553              2
      1554              1
      1555              3
      1556              6
      1557              1
      1558              2
      1559              3
      1560              4
      1561              2
      1562              3
      1563              0
      1564              6
      1565              1
      1566              1
      1567              7
      1568              0
      1569              1
      1570              1
      1571              5
      1572              5
      1573              0
      1574              1
      1575              4
      1576              1
      1577              0
      1578              0
      1579              4
      1580              3
      1581              0
      1582              3
      1583              3
      1584              4
      1585              3
      1586              1
      1587              2
      1588              5
      1589              2
      1590              2
      1591              2
      1592              4
      1593              2
      1594              3
      1595              2
      1596              1
      1597              4
      1598              0
      1599              2
      1600              7
      1601              3
      1602              5
      1603              1
      1604              2
      1605              2
      1606              3
      1607              3
      1608              3
      1609              3
      1610              3
      1611              2
      1612              1
      1613              3
      1614              5
      1615              0
      1616              3
      1617              3
      1618              6
      1619              2
      1620              3
      1621              2
      1622              1
      1623              1
      1624              3
      1625              2
      1626              5
      1627              3
      1628              3
      1629              2
      1630              3
      1631              3
      1632              0
      1633              1
      1634              1
      1635              5
      1636              2
      1637              4
      1638              0
      1639              3
      1640              2
      1641              1
      1642              0
      1643              2
      1644              4
      1645              2
      1646              6
      1647              2
      1648              1
      1649              1
      1650              1
      1651              7
      1652              4
      1653              3
      1654              3
      1655              1
      1656              0
      1657              2
      1658              7
      1659              2
      1660              3
      1661              1
      1662              0
      1663              1
      1664              0
      1665              0
      1666              6
      1667              2
      1668              3
      1669              5
      1670              1
      1671              1
      1672              0
      1673              4
      1674              2
      1675              3
      1676              4
      1677              1
      1678              2
      1679              2
      1680              2
      1681              3
      1682              4
      1683              1
      1684              2
      1685              2
      1686              4
      1687              1
      1688              1
      1689              1
      1690              2
      1691              1
      1692              3
      1693              4
      1694              3
      1695              6
      1696              1
      1697              5
      1698              3
      1699              3
      1700              5
      1701              2
      1702              1
      1703              2
      1704              2
      1705              4
      1706              1
      1707              1
      1708              3
      1709              0
      1710              2
      1711              1
      1712              3
      1713              5
      1714              0
      1715              1
      1716              1
      1717              1
      1718              1
      1719              0
      1720              2
      1721              1
      1722              1
      1723              3
      1724              2
      1725              2
      1726              1
      1727              3
      1728              3
      1729              2
      1730              1
      1731              2
      1732              2
      1733              3
      1734              2
      1735              3
      1736              2
      1737              1
      1738              2
      1739              5
      1740              3
      1741              0
      1742              1
      1743              3
      1744              3
      1745              2
      1746              1
      1747              0
      1748              2
      1749              0
      1750              1
      1751              1
      1752              2
      1753              2
      1754              4
      1755              1
      1756              3
      1757              2
      1758              2
      1759              2
      1760              0
      1761              2
      1762              2
      1763              2
      1764              1
      1765              3
      1766              1
      1767              1
      1768              1
      1769              1
      1770              2
      1771              2
      1772              2
      1773              1
      1774              3
      1775              0
      1776              3
      1777              2
      1778              3
      1779              1
      1780              3
      1781              2
      1782              1
      1783              1
      1784              2
      1785              7
      1786              2
      1787              1
      1788              1
      1789              1
      1790              1
      1791              1
      1792              4
      1793              2
      1794              1
      1795              0
      1796              1
      1797              1
      1798              1
      1799              0
      1800              0
      1801              3
      1802              5
      1803              1
      1804              4
      1805              2
      1806              0
      1807              0
      1808              0
      1809              1
      1810              1
      1811              2
      1812              2
      1813              2
      1814              0
      1815              1
      1816              4
      1817              1
      1818              1
      1819              4
      1820              0
      1821              2
      1822              1
      1823              0
      1824              2
      1825              2
      1826              2
      1827              0
      1828              2
      1829              0
      1830              0
      1831              0
      1832              0
      1833              1
      1834              0
      1835              1
      1836              2
      1837              3
      1838              2
      1839              2
      1840              0
      1841              3
      1842              3
      1843              2
      1844              1
      1845              0
      1846              0
      1847              3
      1848              0
      1849              2
      1850              3
      1851              1
      1852              1
      1853              0
      1854              0
      1855              2
      1856              1
      1857              1
      1858              2
      1859              2
      1860              2
      1861              1
      1862              1
      1863              0
      1864              0
      1865              0
      1866              2
      1867              0
      1868              0
      1869              1
      1870              4
      1871              2
      1872              1
      1873              0
      1874              1
      1875              1
      1876              3
      1877              3
      1878              2
      1879              1
      1880              1
      1881              2
      1882              0
      1883              1
      1884              2
      1885              3
      1886              2
      1887              1
      1888              2
      1889              1
      1890              2
      1891              0
      1892              0
      1893              1
      1894              3
      1895              2
      1896              1
      1897              0
      1898              2
      1899              0
      1900              0
      1901              2
      1902              0
      1903              3
      1904              1
      1905              0
      1906              2
      1907              0
      1908              0
      1909              5
      1910              3
      1911              0
      1912              2
      1913              0
      1914              1
      1915              0
      1916              2
      1917              2
      1918              2
      1919              0
      1920              1
      1921              0
      1922              0
      1923              1
      1924              2
      1925              3
      1926              3
      1927              0
      1928              0
      1929              0
      1930              0
      1931              1
      1932              0
      1933              2
      1934              0
      1935              0
      1936              1
      1937              0
      1938              1
      1939              0
      1940              1
      1941              0
      1942              0
      1943              0
      1944              3
      1945              2
      1946              0
      1947              1
      1948              2
      1949              1
      1950              2
      1951              0
      1952              0
      1953              1
      1954              0
      1955              0
      1956              0
      1957              0
      1958              1
      1959              2
      1960              1
      1961              1
      1962              0
      1963              1
      1964              0
      1965              1
      1966              0
      1967              0
      1968              0
      1969              0
      1970              0
      1971              2
      1972              0
      1973              0
      1974              1
      1975              1
      1976              0
      1977              1
      1978              2
      1979              0
      1980              1
      1981              2
      1982              1
      1983              2
      1984              0
      1985              1
      1986              0
      1987              0
      1988              0
      1989              1
      1990              1
      1991              0
      1992              1
      1993              0
      1994              1
      1995              0
      1996              2
      1997              2
      1998              0
      1999              0
      2000              2
      2001              1
      2002              1
      2003              1
      2004              2
      2005              1
      2006              1
      2007              0
      2008              1
      2009              1
      2010              1
      2011              2
      2012              2
      2013              0
      2014              1
      2015              0
      2016              0
      2017              2
      2018              1
      2019              0
      2020              0
      2021              0
      2022              0
      2023              0
      2024              0
      2025              0
      2026              0
      2027              0
      2028              0
      2029              0
      2030              0
      2031              0
      2032              0
      2033              0
      2034              0
      2035              0
      2036              0
      2037              0
      2038              0
      2039              0
      2040              0
      2041              0
      2042              0
      2043              0
      2044              0
      2045              0
      2046              0
      2047              0
