         0              0
         1              0
         2              0
         3              0
         4              0
         5              0
         6              0
         7              0
         8              0
         9              0
        10              0
        11              0
        12              0
        13              0
        14              0
        15              0
        16              0
        17              0
        18              0
        19              0
        20              0
        21              0
        22              0
        23             23
        24             34
        25             27
        26             31
        27             41
        28             26
        29             31
        30             30
        31             37
        32             43
        33             39
        34             35
        35             35
        36             39
        37             46
        38             43
        39             35
        40             42
        41             44
        42             59
        43             56
        44             45
        45             45
        46             47
        47             39
        48             52
        49             64
        50             54
        51             51
        52             47
        53             44
        54             49
        55             53
        56             48
        57             37
        58             59
        59             65
        60             55
        61             53
        62             59
        63             71
        64             53
        65             60
        66             55
        67             54
        68             66
        69             64
        70             78
        71             47
        72             69
        73             60
        74             59
        75             62
        76             49
        77             69
        78             63
        79             69
        80             63
        81             55
        82             66
        83             70
        84             81
        85             83
        86             72
        87             61
        88             74
        89             87
        90             93
        91             85
        92             91
        93             96
        94             95
        95            104
        96            116
        97            108
        98             88
        99            115
       100            111
       101             84
       102            114
       103            116
       104            136
       105            118
       106            148
       107            135
       108            157
       109            156
       110            114
       111            152
       112            170
       113            157
       114            157
       115            150
       116            179
       117            180
       118            159
       119            201
       120            173
       121            181
       122            192
       123            200
       124            174
       125            173
       126            211
       127            171
       128            190
       129            214
       130            211
       131            192
       132            221
       133            181
       134            193
       135            191
       136            192
       137            192
       138            189
       139            192
       140            200
       141            176
       142            205
       143            190
       144            175
       145            222
       146            195
       147            192
       148            196
       149            203
       150            222
       151            219
       152            209
       153            218
       154            170
       155            198
       156            192
       157            215
       158            174
       159            169
       160            195
       161            225
       162            209
       163            189
       164            210
       165            197
       166            197
       167            195
       168            172
       169            189
       170            205
       171            199
       172            210
       173            192
       174            191
       175            175
       176            205
       177            200
       178            209
       179            206
       180            175
       181            185
       182            190
       183            163
       184            154
       185            203
       186            168
       187            144
       188            170
       189            170
       190            189
       191            172
       192            182
       193            187
       194            163
       195            184
       196            184
       197            189
       198            151
       199            175
       200            179
       201            179
       202            173
       203            158
       204            152
       205            182
       206            147
       207            143
       208            170
       209            191
       210            190
       211            168
       212            174
       213            161
       214            188
       215            141
       216            150
       217            181
       218            179
       219            188
       220            169
       221            143
       222            149
       223            166
       224            148
       225            153
       226            159
       227            145
       228            114
       229            153
       230            160
       231            162
       232            152
       233            152
       234            158
       235            147
       236            157
       237            137
       238            162
       239            141
       240            160
       241            127
       242            132
       243            143
       244            145
       245            125
       246            138
       247            133
       248            149
       249            148
       250            135
       251            108
       252            154
       253            113
       254            116
       255            143
       256            119
       257            134
       258            134
       259            139
       260            147
       261            122
       262            133
       263            133
       264            149
       265            122
       266            134
       267            144
       268            108
       269            162
       270            148
       271            126
       272            125
       273            145
       274            138
       275            134
       276            129
       277            110
       278            128
       279            133
       280            141
       281            148
       282            125
       283            125
       284            112
       285            115
       286            145
       287            137
       288            129
       289            108
       290            113
       291            142
       292            143
       293            130
       294            115
       295            142
       296            141
       297            139
       298            136
       299            121
       300            134
       301            115
       302            135
       303            120
       304            138
       305            121
       306            113
       307            113
       308            140
       309            123
       310            105
       311            116
       312            119
       313            116
       314            107
       315            121
       316             85
       317            113
       318            120
       319            104
       320             95
       321            125
       322             96
       323            121
       324            107
       325            107
       326            117
       327             91
       328            105
       329             98
       330            116
       331            107
       332             88
       333            100
       334            103
       335             99
       336             94
       337             86
       338             85
       339             92
       340             88
       341             87
       342             81
       343             88
       344             75
       345             82
       346             89
       347             85
       348            105
       349             85
       350             78
       351             76
       352             91
       353             92
       354             87
       355             74
       356             83
       357             74
       358             79
       359             73
       360             90
       361             86
       362             76
       363             64
       364             81
       365             74
       366             88
       367             73
       368             70
       369             83
       370             76
       371             76
       372             72
       373             92
       374             65
       375             73
       376             70
       377             84
       378             73
       379             79
       380             75
       381             79
       382             62
       383             53
       384             61
       385             61
       386             61
       387             56
       388             66
       389             61
       390             66
       391             64
       392             62
       393             67
       394             56
       395             78
       396             56
       397             69
       398             68
       399             56
       400             63
       401             74
       402             56
       403             68
       404             57
       405             56
       406             57
       407             48
       408             58
       409             62
       410             60
       411             44
       412             49
       413             67
       414             44
       415             59
       416             49
       417             53
       418             52
       419             55
       420             59
       421             61
       422             62
       423             54
       424             50
       425             56
       426             50
       427             51
       428             43
       429             56
       430             43
       431             63
       432             52
       433             47
       434             61
       435             60
       436             45
       437             58
       438             55
       439             58
       440             51
       441             47
       442             51
       443             62
       444             59
       445             32
       446             46
       447             60
       448             44
       449             41
       450             48
       451             50
       452             47
       453             52
       454             53
       455             54
       456             57
       457             55
       458             47
       459             55
       460             44
       461             53
       462             52
       463             45
       464             43
       465             52
       466             50
       467             43
       468             46
       469             46
       470             47
       471             36
       472             40
       473             38
       474             46
       475             39
       476             48
       477             46
       478             40
       479             35
       480             37
       481             31
       482             38
       483             33
       484             36
       485             33
       486             39
       487             31
       488             38
       489             49
       490             40
       491             40
       492             34
       493             33
       494             37
       495             46
       496             35
       497             35
       498             48
       499             38
       500             44
       501             36
       502             50
       503             32
       504             33
       505             39
       506             28
       507             33
       508             31
       509             41
       510             45
       511             37
       512             44
       513             32
       514             37
       515             39
       516             31
       517             45
       518             30
       519             33
       520             33
       521             35
       522             42
       523             46
       524             40
       525             30
       526             38
       527             37
       528             39
       529             36
       530             41
       531             26
       532             40
       533             49
       534             36
       535             36
       536             36
       537             33
       538             36
       539             44
       540             41
       541             22
       542             32
       543             41
       544             50
       545             34
       546             34
       547             39
       548             33
       549             42
       550             32
       551             37
       552             30
       553             43
       554             31
       555             35
       556             27
       557             35
       558             26
       559             35
       560             32
       561             28
       562             23
       563             22
       564             33
       565             25
       566             27
       567             24
       568             33
       569             41
       570             23
       571             24
       572             22
       573             36
       574             33
       575             25
       576             36
       577             19
       578             25
       579             26
       580             31
       581             35
       582             34
       583             25
       584             26
       585             32
       586             27
       587             34
       588             25
       589             23
       590             20
       591             37
       592             27
       593             25
       594             28
       595             34
       596             32
       597             32
       598             30
       599             28
       600             29
       601             21
       602             24
       603             28
       604             32
       605             36
       606             24
       607             32
       608             27
       609             26
       610             27
       611             35
       612             25
       613             24
       614             22
       615             19
       616             29
       617             28
       618             26
       619             30
       620             31
       621             30
       622             33
       623             23
       624             30
       625             28
       626             34
       627             22
       628             35
       629             30
       630             34
       631             28
       632             22
       633             17
       634             33
       635             22
       636             36
       637             22
       638             25
       639             26
       640             31
       641             30
       642             26
       643             26
       644             36
       645             37
       646             38
       647             22
       648             24
       649             18
       650             32
       651             39
       652             28
       653             27
       654             29
       655             21
       656             24
       657             28
       658             21
       659             25
       660             30
       661             24
       662             25
       663             26
       664             36
       665             27
       666             26
       667             26
       668             27
       669             24
       670             30
       671             24
       672             35
       673             23
       674             28
       675             22
       676             27
       677             26
       678             31
       679             33
       680             22
       681             27
       682             21
       683             25
       684             21
       685             25
       686             32
       687             24
       688             28
       689             21
       690             24
       691             27
       692             36
       693             28
       694             18
       695             23
       696             23
       697             26
       698             23
       699             31
       700             21
       701             19
       702             16
       703             20
       704             18
       705             26
       706             29
       707             34
       708             16
       709             29
       710             25
       711             21
       712             15
       713             26
       714             20
       715             25
       716             18
       717             17
       718             22
       719             14
       720             18
       721             16
       722             26
       723             17
       724             17
       725             24
       726             18
       727             15
       728             21
       729             16
       730             20
       731             21
       732             20
       733             17
       734             15
       735             12
       736             13
       737             16
       738             22
       739             21
       740             17
       741             21
       742             13
       743              9
       744             27
       745             21
       746             12
       747             16
       748             16
       749             15
       750             23
       751             15
       752             11
       753              7
       754             16
       755             15
       756              5
       757             18
       758             20
       759             12
       760             13
       761             13
       762             11
       763             25
       764              8
       765              9
       766             10
       767             12
       768             12
       769              7
       770             17
       771              8
       772             10
       773             11
       774             10
       775             12
       776             15
       777              8
       778             23
       779             12
       780             16
       781             15
       782             13
       783              8
       784             11
       785             12
       786             13
       787              8
       788             11
       789              8
       790             11
       791              8
       792             17
       793             16
       794             13
       795             15
       796             11
       797             13
       798             11
       799             17
       800              9
       801             18
       802             15
       803              9
       804             16
       805             12
       806              8
       807              9
       808             10
       809              7
       810              8
       811             14
       812              8
       813             14
       814              9
       815             12
       816              7
       817             11
       818              9
       819              7
       820              8
       821              8
       822              9
       823              9
       824              8
       825              8
       826              6
       827             13
       828              8
       829              9
       830              9
       831              9
       832              7
       833             10
       834             10
       835             13
       836             10
       837              5
       838             15
       839              7
       840              8
       841              8
       842             10
       843             11
       844             12
       845             13
       846              4
       847              9
       848             11
       849             10
       850              6
       851             12
       852             10
       853              9
       854              8
       855              7
       856             10
       857             12
       858              7
       859             15
       860             12
       861             13
       862             11
       863             13
       864              5
       865             14
       866             15
       867             14
       868              8
       869             15
       870              5
       871             10
       872             10
       873              8
       874             13
       875             10
       876             11
       877             14
       878             12
       879             12
       880             11
       881             15
       882             16
       883             13
       884             13
       885              8
       886             11
       887              8
       888              5
       889             14
       890             15
       891              8
       892             12
       893             14
       894              7
       895             17
       896             12
       897             14
       898             13
       899             15
       900             15
       901             13
       902              7
       903             10
       904             11
       905             11
       906             17
       907             18
       908             11
       909             18
       910             14
       911             13
       912             10
       913             16
       914             13
       915             13
       916             18
       917             14
       918             10
       919             15
       920             12
       921             11
       922             10
       923              7
       924              8
       925             16
       926             20
       927              9
       928             12
       929             25
       930             14
       931             19
       932              8
       933             19
       934             23
       935             21
       936             23
       937             29
       938              9
       939             20
       940             20
       941             24
       942             33
       943             26
       944             28
       945             21
       946             29
       947             29
       948             18
       949             23
       950             41
       951             33
       952             40
       953             35
       954             55
       955             39
       956             38
       957             39
       958             46
       959             50
       960             47
       961             52
       962             58
       963             65
       964             72
       965             65
       966             58
       967             60
       968             78
       969             70
       970             74
       971             69
       972             75
       973             73
       974             87
       975             88
       976             77
       977             89
       978             88
       979             93
       980             85
       981             95
       982            104
       983            103
       984             94
       985            107
       986            108
       987            131
       988            138
       989            125
       990            113
       991            130
       992            112
       993            110
       994            106
       995            124
       996             98
       997            121
       998            123
       999            133
      1000            115
      1001            131
      1002            107
      1003            118
      1004            112
      1005            119
      1006            107
      1007            119
      1008            121
      1009            101
      1010            125
      1011            105
      1012            109
      1013             91
      1014            120
      1015            110
      1016            100
      1017            108
      1018            127
      1019             92
      1020            108
      1021             92
      1022             94
      1023             97
      1024             90
      1025             76
      1026             85
      1027             91
      1028             64
      1029             75
      1030             78
      1031             75
      1032             68
      1033             76
      1034             51
      1035             67
      1036             37
      1037             50
      1038             55
      1039             58
      1040             53
      1041             42
      1042             52
      1043             57
      1044             48
      1045             28
      1046             41
      1047             39
      1048             37
      1049             37
      1050             22
      1051             26
      1052             34
      1053             31
      1054             24
      1055             22
      1056             20
      1057             28
      1058             14
      1059             19
      1060             15
      1061             10
      1062             13
      1063             15
      1064              9
      1065             16
      1066             10
      1067             14
      1068             11
      1069              8
      1070              4
      1071             11
      1072             11
      1073              7
      1074              9
      1075             12
      1076              5
      1077              7
      1078              5
      1079              6
      1080              9
      1081              4
      1082              7
      1083              7
      1084              6
      1085              6
      1086              1
      1087              7
      1088              4
      1089              6
      1090              6
      1091              4
      1092              5
      1093              5
      1094              4
      1095              2
      1096              6
      1097              5
      1098              0
      1099              8
      1100              4
      1101              5
      1102              2
      1103              4
      1104              3
      1105              2
      1106              3
      1107              5
      1108              2
      1109              2
      1110              4
      1111              3
      1112              3
      1113              3
      1114              3
      1115              2
      1116              2
      1117              3
      1118              1
      1119              5
      1120              3
      1121              3
      1122              4
      1123              7
      1124              7
      1125              4
      1126              4
      1127              3
      1128              7
      1129              3
      1130              5
      1131              4
      1132              3
      1133              5
      1134              2
      1135              2
      1136              6
      1137              2
      1138              7
      1139              6
      1140              5
      1141              5
      1142              7
      1143              2
      1144              3
      1145              1
      1146              1
      1147              5
      1148              2
      1149              4
      1150              7
      1151              4
      1152              5
      1153              3
      1154              2
      1155              4
      1156              3
      1157              0
      1158              4
      1159              5
      1160              2
      1161              2
      1162              3
      1163              4
      1164              5
      1165              4
      1166              3
      1167              4
      1168              6
      1169              8
      1170              3
      1171              3
      1172              6
      1173              6
      1174              1
      1175              6
      1176              2
      1177              7
      1178              3
      1179              2
      1180              6
      1181              1
      1182              3
      1183              5
      1184              5
      1185              6
      1186              4
      1187              3
      1188              7
      1189              1
      1190              5
      1191              2
      1192              1
      1193              2
      1194              3
      1195              2
      1196              2
      1197              4
      1198              4
      1199              3
      1200              0
      1201              4
      1202              4
      1203              2
      1204              3
      1205              3
      1206              4
      1207              1
      1208              0
      1209              3
      1210              4
      1211              7
      1212              2
      1213              5
      1214              5
      1215              8
      1216              2
      1217              3
      1218              4
      1219              2
      1220              2
      1221              0
      1222              1
      1223              4
      1224              5
      1225              5
      1226              3
      1227              4
      1228              1
      1229              8
      1230              2
      1231              3
      1232              3
      1233              5
      1234              4
      1235              2
      1236              7
      1237              2
      1238              4
      1239              1
      1240              2
      1241              3
      1242              4
      1243              6
      1244              6
      1245              1
      1246              8
      1247              7
      1248              2
      1249              5
      1250              3
      1251              2
      1252              4
      1253              6
      1254              1
      1255              0
      1256              5
      1257              5
      1258              2
      1259              4
      1260              3
      1261              1
      1262              3
      1263              2
      1264              6
      1265              2
      1266              1
      1267              2
      1268              6
      1269              4
      1270              4
      1271              1
      1272              2
      1273              5
      1274              6
      1275              3
      1276              4
      1277              2
      1278              3
      1279              2
      1280              2
      1281              4
      1282              4
      1283              1
      1284              4
      1285              1
      1286              2
      1287              2
      1288              7
      1289              6
      1290              4
      1291              0
      1292              1
      1293              2
      1294              2
      1295              2
      1296              4
      1297              3
      1298              2
      1299              5
      1300              4
      1301              5
      1302              6
      1303              3
      1304              2
      1305              2
      1306              5
      1307              4
      1308              7
      1309              4
      1310              2
      1311              2
      1312              6
      1313              4
      1314              5
      1315              2
      1316              7
      1317              2
      1318              1
      1319              4
      1320              2
      1321              5
      1322              3
      1323              5
      1324              6
      1325              4
      1326              6
      1327              4
      1328              5
      1329              4
      1330              2
      1331              1
      1332              4
      1333              3
      1334              2
      1335              4
      1336              5
      1337              3
      1338              1
      1339              1
      1340              2
      1341              4
      1342              2
      1343              4
      1344              1
      1345              3
      1346              3
      1347              5
      1348              2
      1349              1
      1350              5
      1351              5
      1352              6
      1353              6
      1354              2
      1355              4
      1356              3
      1357              5
      1358              6
      1359              4
      1360              2
      1361              1
      1362              3
      1363              3
      1364              2
      1365              7
      1366              7
      1367              1
      1368              1
      1369              4
      1370              2
      1371              4
      1372              3
      1373              1
      1374              4
      1375              3
      1376              9
      1377              5
      1378              6
      1379              1
      1380              3
      1381              3
      1382              1
      1383              4
      1384              3
      1385              3
      1386              4
      1387              6
      1388              1
      1389              7
      1390              7
      1391              4
      1392              3
      1393              1
      1394              4
      1395              1
      1396              3
      1397              6
      1398              0
      1399              4
      1400              0
      1401              6
      1402              7
      1403              4
      1404              4
      1405              5
      1406              2
      1407              2
      1408              4
      1409              3
      1410              2
      1411              4
      1412              1
      1413              2
      1414              2
      1415              5
      1416              4
      1417              2
      1418              1
      1419              5
      1420              7
      1421              1
      1422              3
      1423              1
      1424              4
      1425              1
      1426              6
      1427              4
      1428              2
      1429              4
      1430              2
      1431              3
      1432              1
      1433              3
      1434              1
      1435              4
      1436              4
      1437              3
      1438              4
      1439              3
      1440              4
      1441              4
      1442              2
      1443              2
      1444              2
      1445              1
      1446              5
      1447              4
      1448              5
      1449              5
      1450              4
      1451              5
      1452              5
      1453              5
      1454              5
      1455              2
      1456              2
      1457              2
      1458              1
      1459              6
      1460              5
      1461              3
      1462              3
      1463              3
      1464              2
      1465              4
      1466              3
      1467              4
      1468              4
      1469              2
      1470              5
      1471              3
      1472              4
      1473              3
      1474              3
      1475              2
      1476              0
      1477              3
      1478              9
      1479              6
      1480              3
      1481              4
      1482              2
      1483              2
      1484              5
      1485              1
      1486              1
      1487              2
      1488              1
      1489              1
      1490              2
      1491              2
      1492              3
      1493              3
      1494              1
      1495              4
      1496              1
      1497              4
      1498              4
      1499              2
      1500              1
      1501              3
      1502              1
      1503              0
      1504              2
      1505              4
      1506              3
      1507              3
      1508              4
      1509              3
      1510              1
      1511              4
      1512              3
      1513              2
      1514              2
      1515              1
      1516              1
      1517              3
      1518              4
      1519              1
      1520              0
      1521              3
      1522              0
      1523              2
      1524              1
      1525              0
      1526              1
      1527              1
      1528              2
      1529              4
      1530              2
      1531              2
      1532              2
      1533              4
      1534              0
      1535              1
      1536              2
      1537              3
      1538              1
      1539              6
      1540              5
      1541              1
      1542              3
      1543              1
      1544              2
      1545              1
      1546              1
      1547              3
      1548              1
      1549              0
      1550              4
      1551              2
      1552              1
      1553              2
      1554              2
      1555              3
      1556              2
      1557              4
      1558              3
      1559              2
      1560              1
      1561              0
      1562              2
      1563              2
      1564              2
      1565              2
      1566              1
      1567              0
      1568              2
      1569              3
      1570              3
      1571              3
      1572              1
      1573              2
      1574              2
      1575              2
      1576              2
      1577              3
      1578              4
      1579              3
      1580              2
      1581              3
      1582              4
      1583              2
      1584              1
      1585              1
      1586              1
      1587              2
      1588              1
      1589              4
      1590              1
      1591              4
      1592              1
      1593              3
      1594              2
      1595              2
      1596              4
      1597              6
      1598              4
      1599              1
      1600              0
      1601              3
      1602              3
      1603              3
      1604              2
      1605              3
      1606              3
      1607              4
      1608              4
      1609              1
      1610              1
      1611              5
      1612              1
      1613              4
      1614              0
      1615              2
      1616              3
      1617              3
      1618              2
      1619              4
      1620              0
      1621              3
      1622              1
      1623              4
      1624              2
      1625              2
      1626              5
      1627              0
      1628              2
      1629              0
      1630              0
      1631              4
      1632              6
      1633              1
      1634              2
      1635              2
      1636              3
      1637              2
      1638              1
      1639              2
      1640              5
      1641              1
      1642              2
      1643              6
      1644              6
      1645              3
      1646              2
      1647              1
      1648              1
      1649              3
      1650              3
      1651              0
      1652              2
      1653              6
      1654              1
      1655              1
      1656              4
      1657              2
      1658              2
      1659              3
      1660              5
      1661              7
      1662              3
      1663              3
      1664              3
      1665              6
      1666              2
      1667              3
      1668              2
      1669              5
      1670              4
      1671              2
      1672              5
      1673              2
      1674              2
      1675              4
      1676              1
      1677              5
      1678              3
      1679              2
      1680              0
      1681              4
      1682              0
      1683              1
      1684              2
      1685              5
      1686              3
      1687              3
      1688              3
      1689              1
      1690              1
      1691              1
      1692              5
      1693              3
      1694              5
      1695              1
      1696              2
      1697              3
      1698              3
      1699              0
      1700              2
      1701              2
      1702              1
      1703              2
      1704              1
      1705              1
      1706              1
      1707              3
      1708              0
      1709              3
      1710              4
      1711              2
      1712              3
      1713              4
      1714              2
      1715              2
      1716              2
      1717              5
      1718              3
      1719              3
      1720              2
      1721              4
      1722              0
      1723              2
      1724              1
      1725              4
      1726              3
      1727              3
      1728              2
      1729              1
      1730              1
      1731              2
      1732              1
      1733              2
      1734              0
      1735              3
      1736              2
      1737              0
      1738              1
      1739              2
      1740              0
      1741              0
      1742              1
      1743              2
      1744              2
      1745              4
      1746              2
      1747              0
      1748              1
      1749              5
      1750              2
      1751              3
      1752              3
      1753              4
      1754              2
      1755              1
      1756              1
      1757              1
      1758              2
      1759              1
      1760              1
      1761              2
      1762              2
      1763              6
      1764              1
      1765              3
      1766              1
      1767              2
      1768              2
      1769              1
      1770              1
      1771              2
      1772              3
      1773              2
      1774              1
      1775              2
      1776              2
      1777              1
      1778              0
      1779              0
      1780              3
      1781              1
      1782              3
      1783              0
      1784              1
      1785              3
      1786              1
      1787              2
      1788              1
      1789              2
      1790              3
      1791              3
      1792              2
      1793              2
      1794              3
      1795              1
      1796              0
      1797              0
      1798              1
      1799              2
      1800              0
      1801              2
      1802              1
      1803              2
      1804              3
      1805              1
      1806              3
      1807              3
      1808              1
      1809              3
      1810              2
      1811              2
      1812              3
      1813              2
      1814              0
      1815              0
      1816              1
      1817              0
      1818              1
      1819              2
      1820              2
      1821              2
      1822              1
      1823              1
      1824              2
      1825              1
      1826              0
      1827              1
      1828              0
      1829              1
      1830              2
      1831              2
      1832              2
      1833              3
      1834              0
      1835              1
      1836              1
      1837              0
      1838              5
      1839              1
      1840              3
      1841              2
      1842              1
      1843              2
      1844              1
      1845              1
      1846              0
      1847              1
      1848              0
      1849              0
      1850              1
      1851              1
      1852              3
      1853              0
      1854              0
      1855              0
      1856              2
      1857              2
      1858              0
      1859              1
      1860              1
      1861              4
      1862              3
      1863              1
      1864              2
      1865              0
      1866              0
      1867              2
      1868              1
      1869              3
      1870              0
      1871              2
      1872              1
      1873              0
      1874              4
      1875              2
      1876              3
      1877              2
      1878              1
      1879              1
      1880              3
      1881              1
      1882              1
      1883              1
      1884              1
      1885              2
      1886              0
      1887              3
      1888              1
      1889              0
      1890              1
      1891              1
      1892              1
      1893              1
      1894              1
      1895              3
      1896              1
      1897              0
      1898              2
      1899              0
      1900              1
      1901              2
      1902              1
      1903              3
      1904              0
      1905              0
      1906              0
      1907              2
      1908              1
      1909              0
      1910              1
      1911              3
      1912              1
      1913              1
      1914              1
      1915              0
      1916              1
      1917              0
      1918              1
      1919              1
      1920              0
      1921              0
      1922              1
      1923              0
      1924              1
      1925              2
      1926              4
      1927              0
      1928              1
      1929              1
      1930              0
      1931              0
      1932              0
      1933              2
      1934              0
      1935              0
      1936              1
      1937              1
      1938              1
      1939              2
      1940              2
      1941              1
      1942              0
      1943              1
      1944              0
      1945              2
      1946              1
      1947              1
      1948              0
      1949              1
      1950              2
      1951              0
      1952              1
      1953              0
      1954              1
      1955              1
      1956              0
      1957              1
      1958              3
      1959              1
      1960              2
      1961              1
      1962              0
      1963              0
      1964              0
      1965              3
      1966              1
      1967              1
      1968              4
      1969              0
      1970              0
      1971              0
      1972              1
      1973              0
      1974              1
      1975              0
      1976              0
      1977              1
      1978              0
      1979              0
      1980              0
      1981              0
      1982              0
      1983              1
      1984              3
      1985              0
      1986              0
      1987              0
      1988              0
      1989              1
      1990              1
      1991              1
      1992              2
      1993              0
      1994              0
      1995              3
      1996              2
      1997              0
      1998              1
      1999              0
      2000              0
      2001              1
      2002              1
      2003              2
      2004              0
      2005              1
      2006              1
      2007              0
      2008              2
      2009              0
      2010              1
      2011              0
      2012              1
      2013              2
      2014              1
      2015              0
      2016              2
      2017              1
      2018              0
      2019              1
      2020              0
      2021              0
      2022              0
      2023              0
      2024              0
      2025              0
      2026              0
      2027              0
      2028              0
      2029              0
      2030              0
      2031              0
      2032              0
      2033              0
      2034              0
      2035              0
      2036              0
      2037              0
      2038              0
      2039              0
      2040              0
      2041              0
      2042              0
      2043              0
      2044              0
      2045              0
      2046              0
      2047              0
