         0              0
         1              0
         2              0
         3              0
         4              0
         5              0
         6              0
         7              0
         8              0
         9              0
        10              0
        11              0
        12              0
        13              0
        14              0
        15              0
        16              0
        17              0
        18              0
        19              0
        20              0
        21              0
        22              0
        23             18
        24             35
        25             30
        26             26
        27             32
        28             38
        29             31
        30             39
        31             26
        32             41
        33             25
        34             39
        35             39
        36             49
        37             37
        38             33
        39             41
        40             34
        41             51
        42             41
        43             40
        44             41
        45             43
        46             46
        47             40
        48             38
        49             38
        50             42
        51             47
        52             54
        53             42
        54             53
        55             48
        56             63
        57             54
        58             53
        59             50
        60             55
        61             56
        62             56
        63             43
        64             49
        65             65
        66             61
        67             40
        68             58
        69             47
        70             50
        71             53
        72             58
        73             67
        74             52
        75             51
        76             53
        77             55
        78             67
        79             64
        80             54
        81             61
        82             68
        83             68
        84             70
        85             79
        86             76
        87             66
        88             82
        89             71
        90             75
        91             77
        92             78
        93             85
        94             81
        95            101
        96            105
        97            111
        98             90
        99            103
       100            116
       101            126
       102            112
       103            136
       104            100
       105            140
       106            126
       107            115
       108            139
       109            128
       110            137
       111            119
       112            141
       113            142
       114            123
       115            143
       116            154
       117            167
       118            140
       119            174
       120            165
       121            189
       122            181
       123            202
       124            174
       125            187
       126            173
       127            180
       128            167
       129            197
       130            172
       131            194
       132            216
       133            203
       134            190
       135            207
       136            198
       137            224
       138            179
       139            172
       140            189
       141            201
       142            196
       143            207
       144            183
       145            198
       146            190
       147            184
       148            206
       149            195
       150            201
       151            212
       152            202
       153            207
       154            203
       155            209
       156            184
       157            227
       158            195
       159            184
       160            187
       161            201
       162            222
       163            212
       164            158
       165            163
       166            192
       167            188
       168            216
       169            194
       170            189
       171            172
       172            199
       173            211
       174            185
       175            203
       176            163
       177            174
       178            184
       179            188
       180            167
       181            176
       182            198
       183            202
       184            170
       185            203
       186            182
       187            168
       188            188
       189            162
       190            144
       191            170
       192            162
       193            178
       194            178
       195            194
       196            161
       197            207
       198            164
       199            169
       200            167
       201            181
       202            179
       203            185
       204            179
       205            156
       206            150
       207            154
       208            156
       209            193
       210            135
       211            171
       212            150
       213            178
       214            166
       215            167
       216            170
       217            156
       218            155
       219            146
       220            142
       221            156
       222            132
       223            153
       224            147
       225            138
       226            147
       227            157
       228            153
       229            166
       230            135
       231            138
       232            127
       233            165
       234            121
       235            145
       236            151
       237            146
       238            126
       239            144
       240            145
       241            125
       242            140
       243            151
       244            137
       245            158
       246            139
       247            117
       248            136
       249            146
       250            135
       251            125
       252            119
       253            137
       254            141
       255            134
       256            120
       257            135
       258            119
       259            107
       260            118
       261            113
       262            135
       263            119
       264            124
       265            136
       266            128
       267            141
       268            132
       269            130
       270            126
       271            117
       272            117
       273            129
       274            115
       275            137
       276            119
       277            102
       278            120
       279            107
       280            134
       281            115
       282            143
       283            136
       284            120
       285            125
       286            127
       287            113
       288            134
       289            124
       290            138
       291            122
       292            136
       293            131
       294            127
       295            135
       296            114
       297            127
       298            119
       299            114
       300            146
       301            117
       302            118
       303            129
       304            126
       305            115
       306             86
       307            119
       308            121
       309            125
       310            111
       311            121
       312            117
       313            108
       314            118
       315             98
       316            123
       317            121
       318            104
       319             91
       320             89
       321            110
       322            100
       323             90
       324             95
       325            100
       326            102
       327            107
       328             89
       329            106
       330            107
       331             93
       332            103
       333             83
       334            110
       335             86
       336             82
       337             69
       338             84
       339             85
       340             83
       341             63
       342             75
       343             90
       344             82
       345             76
       346             99
       347             74
       348             70
       349             89
       350             79
       351             74
       352             69
       353             84
       354             57
       355             95
       356             88
       357             78
       358             74
       359             69
       360             81
       361             68
       362             62
       363             70
       364             83
       365             69
       366             74
       367             74
       368             77
       369             68
       370             72
       371             76
       372             70
       373             70
       374             52
       375             65
       376             70
       377             71
       378             72
       379             82
       380             63
       381             72
       382             64
       383             68
       384             76
       385             75
       386             58
       387             52
       388             80
       389             63
       390             61
       391             57
       392             68
       393             70
       394             63
       395             55
       396             62
       397             56
       398             48
       399             50
       400             55
       401             56
       402             53
       403             51
       404             52
       405             57
       406             49
       407             51
       408             65
       409             39
       410             49
       411             51
       412             47
       413             37
       414             37
       415             50
       416             51
       417             43
       418             49
       419             49
       420             56
       421             58
       422             46
       423             49
       424             44
       425             51
       426             52
       427             51
       428             52
       429             52
       430             51
       431             52
       432             47
       433             54
       434             49
       435             52
       436             42
       437             45
       438             42
       439             42
       440             44
       441             46
       442             37
       443             48
       444             48
       445             49
       446             48
       447             47
       448             47
       449             39
       450             35
       451             44
       452             48
       453             52
       454             42
       455             42
       456             37
       457             47
       458             43
       459             52
       460             40
       461             41
       462             39
       463             55
       464             36
       465             37
       466             36
       467             54
       468             53
       469             34
       470             46
       471             27
       472             40
       473             31
       474             33
       475             45
       476             37
       477             32
       478             27
       479             45
       480             41
       481             34
       482             33
       483             43
       484             41
       485             30
       486             44
       487             44
       488             36
       489             40
       490             32
       491             30
       492             38
       493             31
       494             37
       495             39
       496             43
       497             31
       498             37
       499             27
       500             35
       501             28
       502             32
       503             36
       504             27
       505             44
       506             39
       507             29
       508             38
       509             30
       510             34
       511             39
       512             27
       513             30
       514             34
       515             30
       516             42
       517             24
       518             36
       519             35
       520             34
       521             31
       522             35
       523             37
       524             35
       525             28
       526             33
       527             30
       528             31
       529             35
       530             37
       531             42
       532             31
       533             31
       534             29
       535             31
       536             26
       537             25
       538             34
       539             29
       540             32
       541             31
       542             31
       543             44
       544             18
       545             36
       546             27
       547             28
       548             27
       549             41
       550             38
       551             30
       552             25
       553             41
       554             30
       555             41
       556             33
       557             24
       558             31
       559             33
       560             33
       561             23
       562             27
       563             29
       564             27
       565             19
       566             30
       567             33
       568             33
       569             26
       570             43
       571             18
       572             22
       573             24
       574             18
       575             23
       576             28
       577             32
       578             28
       579             23
       580             20
       581             26
       582             26
       583             19
       584             24
       585             28
       586             30
       587             29
       588             21
       589             21
       590             22
       591             17
       592             39
       593             30
       594             26
       595             25
       596             30
       597             25
       598             26
       599             22
       600             16
       601             26
       602             20
       603             17
       604             19
       605             26
       606             20
       607             26
       608             36
       609             23
       610             23
       611             22
       612             28
       613             24
       614             21
       615             33
       616             25
       617             18
       618             21
       619             18
       620             29
       621             20
       622             30
       623             32
       624             22
       625             33
       626             33
       627             27
       628             19
       629             32
       630             22
       631             25
       632             16
       633             27
       634             33
       635             26
       636             29
       637             23
       638             21
       639             28
       640             26
       641             25
       642             20
       643             19
       644             29
       645             20
       646             26
       647             21
       648             27
       649             26
       650             21
       651             18
       652             21
       653             19
       654             25
       655             17
       656             16
       657             12
       658             29
       659             19
       660             23
       661             23
       662             26
       663             19
       664             36
       665             24
       666             30
       667             17
       668             16
       669             19
       670             14
       671             19
       672             22
       673             29
       674             25
       675             25
       676             20
       677             21
       678             17
       679             26
       680             23
       681             26
       682             19
       683             26
       684             21
       685             16
       686             18
       687             14
       688             30
       689             24
       690             21
       691             24
       692             28
       693             23
       694             21
       695             27
       696             21
       697             18
       698             23
       699             20
       700             15
       701             25
       702             14
       703             13
       704             17
       705             21
       706             18
       707             16
       708             27
       709             19
       710             16
       711             18
       712             12
       713             21
       714             15
       715             21
       716             18
       717             17
       718             15
       719             17
       720             15
       721             18
       722             14
       723             14
       724             16
       725             11
       726             14
       727             18
       728              9
       729             14
       730              8
       731             23
       732             10
       733              9
       734             12
       735             20
       736             13
       737             15
       738             11
       739             15
       740             11
       741             23
       742             16
       743             10
       744             19
       745             10
       746             18
       747             17
       748             18
       749              6
       750             14
       751             16
       752             11
       753             10
       754             17
       755             11
       756             13
       757             16
       758             17
       759             18
       760             11
       761             15
       762             12
       763             10
       764             12
       765             12
       766             14
       767             15
       768             15
       769             19
       770             12
       771             16
       772             13
       773             13
       774             16
       775              8
       776             14
       777             16
       778              9
       779              9
       780             11
       781             17
       782              8
       783              9
       784             11
       785              8
       786             12
       787             14
       788             12
       789             13
       790             11
       791             11
       792             11
       793             15
       794              7
       795             11
       796              8
       797             10
       798             16
       799             14
       800             13
       801             14
       802             11
       803              6
       804             11
       805              8
       806             10
       807             13
       808              8
       809             11
       810              8
       811             10
       812              5
       813             13
       814              5
       815              4
       816             18
       817              9
       818             13
       819              7
       820             11
       821              8
       822              9
       823              6
       824              7
       825             14
       826             12
       827             12
       828             10
       829             11
       830             12
       831              8
       832             11
       833             11
       834             10
       835             16
       836             14
       837             10
       838             10
       839             10
       840             14
       841             10
       842              9
       843             13
       844              9
       845              8
       846              6
       847             11
       848             10
       849              8
       850             17
       851             10
       852              8
       853              7
       854             12
       855              5
       856             12
       857              6
       858              8
       859             10
       860             11
       861              7
       862             13
       863             11
       864             11
       865             13
       866             18
       867              7
       868              9
       869             14
       870             14
       871              5
       872              8
       873             12
       874              6
       875              7
       876             10
       877              8
       878             12
       879             10
       880             11
       881             10
       882             11
       883              6
       884             11
       885             11
       886             12
       887             13
       888             12
       889             14
       890              8
       891             12
       892             10
       893             12
       894              9
       895             11
       896             13
       897              8
       898             13
       899             13
       900              7
       901             11
       902             15
       903             13
       904              9
       905             11
       906              9
       907             14
       908              9
       909             17
       910              8
       911              6
       912             17
       913             13
       914             11
       915             13
       916              9
       917              7
       918             17
       919             12
       920             14
       921             14
       922              7
       923             18
       924              7
       925             10
       926             15
       927             17
       928             15
       929             14
       930             13
       931             11
       932             11
       933             14
       934             15
       935             14
       936             25
       937             24
       938             19
       939             16
       940             18
       941             18
       942             26
       943             19
       944             21
       945             17
       946             22
       947             21
       948             22
       949             25
       950             26
       951             34
       952             26
       953             29
       954             31
       955             26
       956             22
       957             36
       958             42
       959             39
       960             38
       961             41
       962             34
       963             40
       964             36
       965             54
       966             44
       967             44
       968             46
       969             43
       970             50
       971             60
       972             52
       973             73
       974             64
       975             55
       976             78
       977             75
       978             60
       979             75
       980             75
       981             87
       982             75
       983             83
       984             83
       985             98
       986             67
       987             71
       988             75
       989             78
       990             73
       991             76
       992             79
       993             93
       994             79
       995             92
       996             97
       997             70
       998             79
       999             81
      1000             82
      1001             98
      1002             85
      1003             84
      1004             79
      1005             84
      1006             72
      1007             84
      1008             73
      1009             77
      1010             88
      1011             90
      1012             90
      1013             70
      1014             96
      1015             87
      1016             63
      1017             80
      1018             71
      1019             66
      1020             78
      1021             68
      1022             55
      1023             61
      1024             61
      1025             48
      1026             74
      1027             61
      1028             64
      1029             49
      1030             49
      1031             64
      1032             49
      1033             47
      1034             34
      1035             41
      1036             41
      1037             40
      1038             35
      1039             37
      1040             33
      1041             32
      1042             37
      1043             31
      1044             32
      1045             24
      1046             32
      1047             27
      1048             25
      1049             23
      1050             20
      1051             22
      1052             18
      1053             25
      1054             19
      1055             11
      1056             12
      1057             21
      1058             16
      1059             14
      1060             18
      1061              4
      1062             13
      1063             11
      1064             10
      1065             15
      1066             15
      1067              8
      1068              5
      1069              8
      1070              5
      1071              7
      1072              6
      1073             14
      1074              5
      1075              4
      1076              7
      1077              5
      1078              6
      1079              3
      1080              5
      1081              1
      1082              5
      1083              4
      1084              5
      1085              3
      1086              6
      1087              1
      1088              8
      1089              3
      1090              8
      1091              6
      1092              7
      1093              4
      1094              7
      1095              4
      1096              5
      1097              3
      1098              2
      1099             10
      1100              7
      1101              6
      1102              5
      1103              2
      1104              5
      1105              3
      1106              4
      1107              5
      1108              4
      1109              4
      1110              6
      1111              3
      1112              5
      1113              6
      1114              5
      1115              6
      1116              5
      1117              8
      1118              3
      1119              2
      1120              5
      1121              6
      1122              1
      1123              2
      1124              5
      1125              3
      1126              3
      1127              3
      1128              5
      1129              5
      1130              3
      1131              4
      1132              3
      1133              2
      1134              2
      1135              5
      1136              2
      1137              4
      1138              6
      1139              2
      1140              4
      1141              4
      1142              7
      1143              6
      1144              4
      1145              2
      1146              3
      1147              3
      1148              5
      1149              4
      1150              3
      1151              3
      1152              4
      1153              2
      1154              5
      1155              3
      1156              5
      1157              2
      1158              2
      1159              3
      1160              2
      1161              5
      1162              2
      1163              3
      1164              2
      1165              6
      1166              3
      1167              5
      1168              6
      1169              3
      1170              6
      1171              3
      1172              9
      1173              8
      1174              5
      1175              4
      1176              7
      1177              5
      1178              3
      1179              2
      1180              3
      1181              3
      1182              8
      1183              4
      1184              2
      1185              3
      1186              1
      1187              4
      1188              6
      1189              2
      1190              6
      1191              3
      1192              3
      1193              2
      1194              1
      1195              2
      1196              7
      1197              2
      1198              3
      1199              3
      1200              3
      1201              9
      1202              4
      1203              3
      1204              2
      1205              7
      1206              5
      1207              2
      1208              1
      1209              5
      1210              3
      1211              4
      1212              9
      1213              2
      1214              5
      1215              5
      1216              1
      1217              5
      1218              3
      1219              4
      1220              4
      1221              8
      1222              4
      1223              2
      1224              2
      1225             11
      1226              4
      1227              4
      1228              4
      1229              4
      1230              2
      1231              4
      1232              4
      1233              3
      1234              2
      1235              4
      1236              3
      1237              5
      1238              2
      1239              0
      1240              6
      1241              1
      1242              4
      1243              3
      1244              4
      1245              3
      1246              2
      1247              3
      1248              4
      1249              2
      1250              5
      1251              4
      1252              2
      1253              2
      1254              4
      1255              3
      1256              4
      1257              8
      1258              0
      1259              4
      1260              4
      1261              1
      1262              3
      1263              4
      1264              4
      1265              8
      1266              4
      1267              3
      1268              4
      1269              6
      1270              3
      1271              4
      1272              4
      1273              4
      1274              3
      1275              5
      1276              5
      1277              2
      1278              8
      1279              4
      1280              2
      1281              3
      1282              0
      1283              7
      1284              3
      1285              3
      1286              6
      1287              1
      1288              7
      1289              0
      1290              5
      1291              1
      1292              2
      1293              5
      1294              7
      1295              4
      1296              3
      1297              5
      1298              5
      1299              2
      1300              6
      1301              5
      1302              2
      1303              1
      1304              2
      1305              3
      1306              3
      1307              1
      1308              4
      1309              0
      1310              4
      1311              2
      1312              4
      1313              3
      1314              3
      1315              2
      1316              4
      1317              2
      1318              6
      1319              3
      1320              3
      1321              1
      1322              1
      1323              3
      1324              5
      1325              3
      1326              3
      1327              4
      1328              6
      1329              3
      1330              4
      1331              0
      1332              8
      1333              4
      1334              1
      1335              4
      1336              4
      1337              1
      1338              2
      1339              4
      1340              4
      1341              1
      1342              2
      1343              2
      1344              4
      1345              2
      1346              2
      1347              4
      1348              3
      1349              3
      1350              1
      1351              3
      1352              6
      1353              5
      1354              3
      1355              3
      1356              1
      1357              4
      1358              1
      1359              7
      1360              4
      1361              4
      1362              2
      1363              5
      1364              4
      1365              5
      1366              4
      1367              4
      1368              1
      1369              4
      1370              0
      1371              3
      1372              3
      1373              4
      1374              9
      1375              4
      1376              4
      1377              2
      1378              2
      1379              2
      1380              8
      1381              1
      1382              4
      1383              2
      1384              2
      1385              6
      1386              4
      1387              0
      1388              8
      1389              7
      1390              4
      1391              6
      1392              1
      1393              3
      1394              2
      1395              3
      1396              4
      1397              5
      1398              5
      1399              0
      1400              3
      1401              1
      1402              5
      1403              2
      1404              7
      1405              1
      1406              0
      1407              6
      1408              3
      1409              1
      1410              2
      1411              3
      1412              0
      1413              5
      1414              2
      1415              7
      1416              1
      1417              2
      1418              3
      1419              5
      1420              3
      1421              3
      1422              2
      1423              3
      1424              3
      1425              5
      1426              2
      1427              3
      1428              0
      1429              5
      1430              2
      1431              2
      1432              8
      1433              3
      1434              5
      1435              3
      1436              1
      1437              4
      1438              5
      1439              3
      1440              0
      1441              3
      1442              3
      1443              4
      1444              5
      1445              1
      1446              2
      1447              1
      1448              2
      1449              1
      1450              4
      1451              6
      1452              1
      1453              9
      1454              1
      1455              8
      1456              1
      1457              4
      1458              1
      1459              5
      1460              5
      1461              1
      1462              2
      1463              2
      1464              1
      1465              3
      1466              3
      1467              7
      1468              0
      1469              3
      1470              5
      1471              2
      1472              2
      1473              4
      1474              1
      1475              4
      1476              3
      1477              5
      1478              3
      1479              6
      1480              3
      1481              1
      1482              2
      1483              2
      1484              2
      1485              2
      1486              2
      1487              1
      1488              1
      1489              2
      1490              4
      1491              2
      1492              2
      1493              4
      1494              3
      1495              2
      1496              1
      1497              1
      1498              3
      1499              2
      1500              5
      1501              1
      1502              5
      1503              0
      1504              1
      1505              3
      1506              3
      1507              2
      1508              2
      1509              4
      1510              5
      1511              1
      1512              2
      1513              3
      1514              5
      1515              0
      1516              1
      1517              1
      1518              2
      1519              1
      1520              1
      1521              1
      1522              1
      1523              2
      1524              4
      1525              1
      1526              1
      1527              2
      1528              1
      1529              3
      1530              2
      1531              0
      1532              5
      1533              2
      1534              1
      1535              5
      1536              3
      1537              0
      1538              3
      1539              2
      1540              0
      1541              2
      1542              1
      1543              4
      1544              2
      1545              3
      1546              2
      1547              1
      1548              4
      1549              1
      1550              2
      1551              3
      1552              4
      1553              6
      1554              1
      1555              0
      1556              5
      1557              1
      1558              2
      1559              1
      1560              4
      1561              0
      1562              3
      1563              2
      1564              6
      1565              3
      1566              2
      1567              5
      1568              0
      1569              1
      1570              1
      1571              4
      1572              1
      1573              3
      1574              2
      1575              2
      1576              0
      1577              1
      1578              0
      1579              2
      1580              0
      1581              2
      1582              3
      1583              2
      1584              1
      1585              2
      1586              2
      1587              3
      1588              0
      1589              2
      1590              5
      1591              3
      1592              5
      1593              3
      1594              4
      1595              5
      1596              3
      1597              0
      1598              4
      1599              0
      1600              4
      1601              3
      1602              6
      1603              2
      1604              0
      1605              4
      1606              0
      1607              1
      1608              0
      1609              1
      1610              3
      1611              4
      1612              0
      1613              2
      1614              2
      1615              1
      1616              2
      1617              2
      1618              3
      1619              3
      1620              2
      1621              1
      1622              1
      1623              1
      1624              3
      1625              4
      1626              2
      1627              3
      1628              2
      1629              3
      1630              3
      1631              4
      1632              2
      1633              2
      1634              2
      1635              0
      1636              1
      1637              2
      1638              0
      1639              2
      1640              1
      1641              3
      1642              4
      1643              5
      1644              2
      1645              1
      1646              2
      1647              1
      1648              5
      1649              5
      1650              3
      1651              5
      1652              3
      1653              2
      1654              4
      1655              0
      1656              1
      1657              2
      1658              2
      1659              1
      1660              4
      1661              0
      1662              4
      1663              0
      1664              1
      1665              2
      1666              3
      1667              3
      1668              2
      1669              3
      1670              2
      1671              1
      1672              6
      1673              4
      1674              0
      1675              3
      1676              0
      1677              3
      1678              1
      1679              4
      1680              1
      1681              3
      1682              2
      1683              3
      1684              6
      1685              4
      1686              3
      1687              2
      1688              0
      1689              1
      1690              4
      1691              5
      1692              4
      1693              2
      1694              1
      1695              0
      1696              3
      1697              0
      1698              0
      1699              2
      1700              2
      1701              5
      1702              2
      1703              2
      1704              5
      1705              1
      1706              1
      1707              2
      1708              2
      1709              1
      1710              1
      1711              4
      1712              1
      1713              3
      1714              1
      1715              1
      1716              3
      1717              5
      1718              3
      1719              2
      1720              4
      1721              4
      1722              4
      1723              2
      1724              1
      1725              2
      1726              2
      1727              3
      1728              2
      1729              1
      1730              3
      1731              1
      1732              3
      1733              2
      1734              2
      1735              2
      1736              4
      1737              3
      1738              2
      1739              2
      1740              1
      1741              2
      1742              2
      1743              3
      1744              2
      1745              1
      1746              2
      1747              4
      1748              3
      1749              2
      1750              3
      1751              3
      1752              1
      1753              3
      1754              1
      1755              3
      1756              1
      1757              4
      1758              2
      1759              1
      1760              1
      1761              4
      1762              2
      1763              0
      1764              3
      1765              3
      1766              3
      1767              4
      1768              1
      1769              1
      1770              2
      1771              5
      1772              1
      1773              1
      1774              0
      1775              0
      1776              0
      1777              4
      1778              3
      1779              3
      1780              1
      1781              4
      1782              5
      1783              3
      1784              1
      1785              1
      1786              2
      1787              1
      1788              3
      1789              2
      1790              2
      1791              3
      1792              2
      1793              3
      1794              2
      1795              1
      1796              2
      1797              2
      1798              2
      1799              2
      1800              5
      1801              2
      1802              0
      1803              3
      1804              2
      1805              3
      1806              1
      1807              0
      1808              1
      1809              4
      1810              0
      1811              1
      1812              3
      1813              4
      1814              3
      1815              2
      1816              2
      1817              2
      1818              0
      1819              0
      1820              1
      1821              1
      1822              3
      1823              1
      1824              0
      1825              0
      1826              3
      1827              0
      1828              0
      1829              1
      1830              2
      1831              1
      1832              1
      1833              0
      1834              1
      1835              1
      1836              0
      1837              1
      1838              7
      1839              0
      1840              0
      1841              1
      1842              1
      1843              1
      1844              1
      1845              1
      1846              1
      1847              1
      1848              1
      1849              2
      1850              3
      1851              3
      1852              0
      1853              1
      1854              1
      1855              2
      1856              2
      1857              2
      1858              0
      1859              1
      1860              3
      1861              0
      1862              3
      1863              1
      1864              0
      1865              1
      1866              2
      1867              1
      1868              2
      1869              1
      1870              1
      1871              1
      1872              1
      1873              0
      1874              4
      1875              3
      1876              1
      1877              0
      1878              0
      1879              1
      1880              0
      1881              3
      1882              2
      1883              2
      1884              1
      1885              1
      1886              0
      1887              0
      1888              1
      1889              1
      1890              1
      1891              1
      1892              1
      1893              3
      1894              2
      1895              1
      1896              0
      1897              0
      1898              4
      1899              1
      1900              0
      1901              2
      1902              2
      1903              0
      1904              0
      1905              2
      1906              0
      1907              2
      1908              2
      1909              1
      1910              0
      1911              2
      1912              0
      1913              0
      1914              3
      1915              0
      1916              0
      1917              0
      1918              3
      1919              2
      1920              1
      1921              0
      1922              0
      1923              0
      1924              2
      1925              1
      1926              0
      1927              0
      1928              3
      1929              0
      1930              3
      1931              2
      1932              1
      1933              0
      1934              1
      1935              0
      1936              2
      1937              1
      1938              0
      1939              2
      1940              1
      1941              3
      1942              0
      1943              1
      1944              2
      1945              0
      1946              0
      1947              1
      1948              1
      1949              0
      1950              1
      1951              1
      1952              0
      1953              0
      1954              1
      1955              3
      1956              2
      1957              2
      1958              1
      1959              0
      1960              4
      1961              1
      1962              2
      1963              0
      1964              1
      1965              2
      1966              1
      1967              0
      1968              1
      1969              0
      1970              1
      1971              1
      1972              0
      1973              0
      1974              0
      1975              2
      1976              4
      1977              2
      1978              0
      1979              1
      1980              0
      1981              1
      1982              1
      1983              0
      1984              0
      1985              1
      1986              0
      1987              0
      1988              2
      1989              1
      1990              1
      1991              0
      1992              1
      1993              3
      1994              0
      1995              0
      1996              0
      1997              0
      1998              0
      1999              2
      2000              0
      2001              2
      2002              0
      2003              1
      2004              0
      2005              0
      2006              3
      2007              1
      2008              1
      2009              0
      2010              0
      2011              1
      2012              2
      2013              0
      2014              0
      2015              1
      2016              0
      2017              3
      2018              2
      2019              1
      2020              0
      2021              0
      2022              0
      2023              0
      2024              0
      2025              0
      2026              0
      2027              0
      2028              0
      2029              0
      2030              0
      2031              0
      2032              0
      2033              0
      2034              0
      2035              0
      2036              0
      2037              0
      2038              0
      2039              0
      2040              0
      2041              0
      2042              0
      2043              0
      2044              0
      2045              0
      2046              0
      2047              0
