         0              0
         1              0
         2              0
         3              0
         4              0
         5              0
         6              0
         7              0
         8              0
         9              0
        10              0
        11              0
        12              0
        13              0
        14              0
        15              0
        16              0
        17              0
        18              0
        19              0
        20              0
        21              0
        22              0
        23             88
        24            187
        25            182
        26            123
        27            114
        28             99
        29             76
        30             84
        31             58
        32             61
        33             52
        34             67
        35             58
        36             37
        37             38
        38             40
        39             38
        40             43
        41             38
        42             46
        43             49
        44             37
        45             45
        46             46
        47             41
        48             32
        49             50
        50             42
        51             41
        52             41
        53             47
        54             47
        55             52
        56             45
        57             43
        58             55
        59             59
        60             47
        61             42
        62             42
        63             66
        64             47
        65             46
        66             55
        67             44
        68             49
        69             59
        70             45
        71             55
        72             60
        73             56
        74             50
        75             60
        76             64
        77             70
        78             49
        79             73
        80             39
        81             73
        82             74
        83             60
        84             62
        85             64
        86             63
        87             76
        88             67
        89             69
        90             81
        91             87
        92             90
        93             87
        94             97
        95            104
        96             87
        97             96
        98            104
        99            107
       100            133
       101            105
       102            123
       103            128
       104            110
       105            143
       106            135
       107            123
       108            117
       109            135
       110            137
       111            138
       112            132
       113            147
       114            122
       115            155
       116            143
       117            151
       118            162
       119            131
       120            169
       121            192
       122            184
       123            170
       124            180
       125            187
       126            209
       127            173
       128            183
       129            201
       130            183
       131            189
       132            156
       133            185
       134            198
       135            179
       136            160
       137            187
       138            197
       139            195
       140            192
       141            174
       142            193
       143            165
       144            200
       145            178
       146            172
       147            222
       148            213
       149            201
       150            205
       151            209
       152            179
       153            188
       154            183
       155            189
       156            211
       157            173
       158            191
       159            186
       160            191
       161            186
       162            186
       163            192
       164            176
       165            165
       166            200
       167            191
       168            217
       169            182
       170            189
       171            230
       172            176
       173            188
       174            188
       175            176
       176            165
       177            172
       178            170
       179            163
       180            185
       181            190
       182            189
       183            176
       184            148
       185            186
       186            177
       187            175
       188            183
       189            170
       190            189
       191            171
       192            171
       193            194
       194            177
       195            127
       196            185
       197            158
       198            195
       199            164
       200            175
       201            154
       202            170
       203            154
       204            183
       205            166
       206            140
       207            166
       208            155
       209            177
       210            155
       211            181
       212            163
       213            171
       214            168
       215            136
       216            141
       217            148
       218            151
       219            147
       220            170
       221            154
       222            140
       223            163
       224            170
       225            147
       226            155
       227            153
       228            134
       229            149
       230            116
       231            147
       232            162
       233            123
       234            140
       235            156
       236            144
       237            147
       238            141
       239            154
       240            142
       241            117
       242            154
       243            124
       244            129
       245            168
       246            138
       247            143
       248            135
       249            122
       250            161
       251            132
       252            109
       253            128
       254            131
       255            142
       256            125
       257            107
       258            139
       259            113
       260            142
       261            136
       262            133
       263            115
       264            111
       265            123
       266            149
       267            138
       268            141
       269            106
       270            139
       271            130
       272            108
       273            139
       274            124
       275            105
       276            137
       277            124
       278            124
       279            129
       280            116
       281            124
       282            112
       283            131
       284            123
       285            123
       286            104
       287            119
       288            132
       289            137
       290            110
       291            105
       292            138
       293            116
       294            109
       295            107
       296            124
       297            110
       298            124
       299            118
       300            123
       301            129
       302            121
       303            112
       304            122
       305            108
       306            108
       307            130
       308            103
       309            109
       310            100
       311            118
       312            111
       313            110
       314            107
       315             93
       316            102
       317            130
       318            106
       319             94
       320             99
       321            105
       322            101
       323            106
       324             91
       325             98
       326            106
       327             89
       328             96
       329             87
       330             82
       331             99
       332            109
       333             87
       334             72
       335             85
       336             81
       337             66
       338             90
       339             84
       340             89
       341             71
       342             82
       343             69
       344             89
       345             76
       346             69
       347             67
       348             81
       349             91
       350             73
       351             77
       352             78
       353             63
       354             78
       355             70
       356             81
       357             79
       358             76
       359             74
       360             76
       361             71
       362             71
       363             84
       364             73
       365             75
       366             65
       367             60
       368             53
       369             66
       370             76
       371             74
       372             62
       373             68
       374             71
       375             67
       376             69
       377             70
       378             55
       379             76
       380             80
       381             53
       382             77
       383             68
       384             58
       385             71
       386             64
       387             55
       388             65
       389             67
       390             67
       391             62
       392             57
       393             42
       394             56
       395             51
       396             57
       397             53
       398             52
       399             52
       400             50
       401             45
       402             38
       403             51
       404             54
       405             56
       406             54
       407             49
       408             50
       409             45
       410             46
       411             44
       412             50
       413             49
       414             39
       415             42
       416             45
       417             49
       418             31
       419             46
       420             36
       421             34
       422             40
       423             45
       424             55
       425             56
       426             41
       427             43
       428             45
       429             53
       430             40
       431             42
       432             46
       433             48
       434             36
       435             38
       436             45
       437             43
       438             52
       439             40
       440             47
       441             44
       442             43
       443             40
       444             50
       445             44
       446             40
       447             37
       448             55
       449             48
       450             48
       451             35
       452             35
       453             44
       454             45
       455             40
       456             51
       457             48
       458             38
       459             41
       460             40
       461             42
       462             48
       463             34
       464             44
       465             42
       466             35
       467             35
       468             44
       469             45
       470             37
       471             28
       472             41
       473             32
       474             36
       475             30
       476             36
       477             29
       478             24
       479             40
       480             39
       481             33
       482             38
       483             31
       484             35
       485             29
       486             34
       487             38
       488             21
       489             26
       490             34
       491             30
       492             28
       493             34
       494             32
       495             29
       496             32
       497             35
       498             35
       499             26
       500             28
       501             31
       502             29
       503             27
       504             41
       505             31
       506             25
       507             34
       508             32
       509             31
       510             22
       511             35
       512             23
       513             27
       514             32
       515             24
       516             21
       517             27
       518             30
       519             27
       520             29
       521             25
       522             31
       523             37
       524             22
       525             32
       526             32
       527             26
       528             38
       529             27
       530             31
       531             25
       532             39
       533             32
       534             24
       535             37
       536             28
       537             40
       538             27
       539             28
       540             23
       541             22
       542             24
       543             32
       544             31
       545             36
       546             24
       547             30
       548             26
       549             30
       550             16
       551             22
       552             25
       553             17
       554             27
       555             17
       556             14
       557             28
       558             30
       559             22
       560             33
       561             23
       562             30
       563             20
       564             21
       565             23
       566             22
       567             36
       568             19
       569             25
       570             19
       571             21
       572             26
       573             19
       574             25
       575             24
       576             20
       577             19
       578             13
       579             24
       580             26
       581             28
       582             24
       583             22
       584             27
       585             24
       586             20
       587             18
       588             18
       589             17
       590             17
       591             24
       592             22
       593             22
       594             17
       595             16
       596             21
       597             20
       598             20
       599             18
       600             20
       601             29
       602             27
       603             25
       604             27
       605             30
       606             18
       607             19
       608             22
       609             20
       610             22
       611             26
       612             20
       613             33
       614             22
       615             16
       616             19
       617             24
       618             24
       619             22
       620             17
       621             14
       622             23
       623             26
       624             19
       625             27
       626             15
       627             22
       628             16
       629             21
       630             29
       631             17
       632             21
       633             22
       634             23
       635             26
       636             11
       637             21
       638             15
       639             19
       640             23
       641             21
       642             15
       643             18
       644             15
       645             15
       646             18
       647             14
       648             19
       649             14
       650             21
       651             15
       652             22
       653             28
       654             16
       655             12
       656             25
       657             23
       658             19
       659             31
       660             19
       661             23
       662             16
       663             16
       664             20
       665             26
       666             16
       667             15
       668             14
       669             15
       670             18
       671             20
       672             25
       673             22
       674             12
       675             18
       676             20
       677             17
       678             11
       679             21
       680              9
       681             15
       682             18
       683             18
       684             21
       685             21
       686             21
       687             16
       688             19
       689             19
       690             24
       691             21
       692             15
       693             19
       694             18
       695             16
       696             25
       697             24
       698             11
       699             17
       700             14
       701             12
       702             15
       703             23
       704             21
       705             13
       706             19
       707             11
       708             16
       709             16
       710             12
       711             20
       712             18
       713             19
       714             10
       715             15
       716             11
       717             19
       718             19
       719             19
       720             11
       721             12
       722             13
       723             16
       724             14
       725             10
       726              9
       727             11
       728             18
       729             11
       730              8
       731              9
       732             12
       733             11
       734             10
       735             15
       736             11
       737             18
       738             17
       739             14
       740             12
       741             11
       742             11
       743             16
       744              9
       745             13
       746             10
       747              7
       748              9
       749             14
       750             10
       751             16
       752             12
       753             12
       754              9
       755             16
       756              9
       757              8
       758             17
       759             12
       760              9
       761             12
       762             15
       763             10
       764              5
       765             25
       766             13
       767             14
       768             14
       769             10
       770             13
       771             18
       772              6
       773             10
       774             14
       775             12
       776              4
       777              9
       778              8
       779             12
       780             10
       781             10
       782             11
       783              6
       784             10
       785              8
       786              9
       787              8
       788             11
       789             10
       790              9
       791             11
       792             10
       793             13
       794             14
       795              7
       796              8
       797             11
       798             11
       799              7
       800              7
       801              8
       802              8
       803             10
       804             14
       805             11
       806              8
       807              8
       808              6
       809              6
       810             16
       811              9
       812             11
       813             10
       814              6
       815              7
       816              6
       817             17
       818             14
       819              9
       820              3
       821             12
       822              7
       823              9
       824              8
       825              4
       826             10
       827              7
       828              9
       829              9
       830              7
       831             10
       832              8
       833             15
       834              7
       835             10
       836             13
       837              6
       838              7
       839              8
       840              8
       841              7
       842             10
       843             11
       844              9
       845              8
       846              9
       847             12
       848              8
       849              8
       850             12
       851              8
       852              6
       853             15
       854              5
       855              9
       856              2
       857              7
       858             10
       859             20
       860             11
       861             12
       862              8
       863             12
       864             16
       865             11
       866              9
       867             10
       868              9
       869              5
       870              6
       871              6
       872              5
       873             12
       874              4
       875             11
       876              5
       877             12
       878             13
       879              8
       880             10
       881              6
       882             10
       883              9
       884             10
       885              7
       886              7
       887              7
       888             12
       889             14
       890              8
       891             11
       892              9
       893             11
       894             11
       895              8
       896             13
       897             11
       898             13
       899             13
       900              9
       901              7
       902             17
       903              4
       904             10
       905             19
       906             13
       907             21
       908              7
       909             14
       910             13
       911             15
       912              8
       913             11
       914              9
       915              9
       916             11
       917              9
       918             18
       919             11
       920              9
       921             11
       922             10
       923             11
       924             15
       925              9
       926             16
       927             12
       928             10
       929             19
       930             13
       931             15
       932             16
       933             18
       934              6
       935             20
       936             12
       937             27
       938             18
       939             11
       940             14
       941              9
       942             10
       943             20
       944             20
       945             17
       946             16
       947             15
       948             24
       949             22
       950             27
       951             25
       952             26
       953             25
       954             27
       955             23
       956             30
       957             32
       958             26
       959             29
       960             29
       961             30
       962             31
       963             35
       964             26
       965             39
       966             38
       967             38
       968             38
       969             36
       970             27
       971             47
       972             41
       973             37
       974             46
       975             49
       976             54
       977             46
       978             59
       979             36
       980             55
       981             50
       982             61
       983             73
       984             51
       985             62
       986             67
       987             53
       988             64
       989             67
       990             62
       991             49
       992             63
       993             62
       994             62
       995             57
       996             71
       997             56
       998             56
       999             56
      1000             56
      1001             66
      1002             62
      1003             41
      1004             60
      1005             63
      1006             56
      1007             51
      1008             71
      1009             51
      1010             65
      1011             65
      1012             61
      1013             65
      1014             65
      1015             49
      1016             53
      1017             59
      1018             46
      1019             42
      1020             49
      1021             45
      1022             49
      1023             59
      1024             47
      1025             52
      1026             47
      1027             48
      1028             35
      1029             36
      1030             38
      1031             41
      1032             28
      1033             35
      1034             28
      1035             38
      1036             27
      1037             36
      1038             28
      1039             21
      1040             27
      1041             24
      1042             29
      1043             24
      1044             13
      1045             22
      1046             21
      1047             18
      1048             17
      1049             21
      1050             23
      1051             24
      1052             12
      1053             18
      1054             10
      1055             18
      1056             11
      1057              6
      1058             10
      1059             12
      1060              7
      1061              5
      1062             11
      1063             12
      1064              7
      1065             15
      1066              4
      1067              8
      1068              6
      1069              7
      1070              7
      1071              6
      1072              8
      1073              5
      1074              9
      1075              4
      1076             10
      1077              5
      1078              6
      1079              6
      1080              2
      1081              8
      1082              8
      1083              2
      1084              3
      1085              8
      1086              3
      1087              3
      1088              8
      1089              2
      1090              4
      1091              6
      1092              0
      1093              1
      1094              4
      1095              6
      1096              7
      1097              7
      1098              1
      1099              1
      1100              1
      1101              6
      1102              8
      1103              3
      1104              4
      1105              2
      1106              4
      1107              4
      1108              5
      1109              6
      1110              9
      1111              2
      1112              1
      1113              0
      1114              3
      1115              6
      1116              3
      1117              1
      1118             13
      1119              5
      1120              6
      1121              7
      1122              4
      1123              7
      1124              2
      1125             11
      1126              2
      1127              2
      1128              4
      1129              5
      1130              1
      1131              5
      1132              9
      1133              2
      1134              5
      1135              3
      1136              8
      1137              5
      1138              6
      1139              2
      1140              1
      1141              3
      1142              5
      1143              3
      1144              3
      1145              4
      1146              5
      1147              3
      1148              6
      1149              4
      1150              4
      1151              3
      1152              5
      1153              2
      1154              3
      1155              4
      1156              4
      1157              2
      1158              1
      1159              9
      1160              4
      1161              4
      1162              4
      1163              1
      1164              4
      1165              5
      1166              3
      1167              3
      1168              5
      1169              5
      1170              4
      1171              5
      1172              2
      1173              4
      1174              7
      1175              6
      1176              4
      1177              4
      1178              6
      1179              4
      1180              3
      1181              4
      1182              2
      1183              6
      1184              3
      1185              6
      1186              2
      1187              3
      1188              8
      1189              2
      1190              4
      1191              1
      1192              4
      1193              3
      1194              8
      1195              3
      1196              2
      1197              3
      1198              3
      1199              3
      1200              2
      1201              4
      1202              8
      1203              4
      1204              4
      1205              1
      1206              2
      1207              5
      1208              3
      1209              4
      1210              8
      1211              8
      1212              4
      1213              4
      1214              7
      1215              4
      1216              3
      1217              3
      1218              4
      1219              5
      1220              4
      1221              5
      1222              1
      1223              2
      1224              1
      1225              5
      1226              3
      1227              5
      1228              6
      1229              3
      1230              2
      1231              1
      1232              1
      1233              4
      1234              3
      1235              7
      1236              4
      1237              5
      1238              3
      1239              2
      1240              8
      1241              4
      1242              3
      1243              3
      1244              2
      1245              2
      1246              2
      1247              1
      1248              3
      1249              1
      1250              7
      1251              4
      1252              3
      1253              3
      1254              2
      1255              4
      1256              7
      1257              3
      1258              4
      1259              1
      1260              2
      1261              7
      1262              6
      1263              4
      1264              6
      1265              1
      1266              2
      1267             10
      1268              3
      1269              3
      1270              3
      1271              6
      1272              3
      1273              5
      1274              4
      1275              5
      1276              3
      1277              4
      1278              2
      1279              2
      1280              1
      1281              3
      1282              3
      1283              3
      1284              1
      1285              2
      1286              4
      1287              3
      1288              3
      1289              1
      1290              2
      1291              6
      1292              2
      1293              2
      1294              5
      1295              1
      1296              3
      1297              2
      1298              3
      1299              1
      1300             10
      1301              4
      1302              2
      1303              1
      1304              3
      1305              4
      1306              3
      1307              1
      1308              0
      1309              2
      1310              2
      1311              2
      1312              1
      1313              2
      1314              4
      1315              2
      1316              3
      1317              1
      1318              0
      1319              3
      1320              2
      1321              3
      1322              4
      1323              2
      1324              1
      1325              8
      1326              3
      1327              4
      1328              5
      1329              3
      1330              3
      1331              6
      1332              3
      1333              7
      1334              2
      1335              3
      1336              7
      1337              2
      1338              5
      1339              5
      1340              6
      1341              0
      1342              4
      1343              4
      1344              2
      1345              5
      1346              5
      1347              4
      1348              3
      1349              6
      1350              3
      1351              4
      1352              4
      1353              6
      1354              5
      1355              2
      1356              6
      1357              3
      1358              1
      1359              6
      1360              1
      1361              2
      1362              5
      1363              1
      1364              2
      1365              5
      1366              2
      1367              7
      1368              3
      1369              3
      1370              5
      1371              6
      1372              1
      1373              3
      1374              4
      1375              7
      1376              4
      1377              5
      1378              4
      1379              2
      1380              2
      1381              3
      1382              4
      1383              0
      1384              2
      1385              2
      1386              1
      1387              4
      1388              4
      1389              2
      1390              0
      1391              5
      1392              4
      1393              3
      1394              1
      1395              2
      1396              6
      1397              4
      1398              5
      1399              2
      1400              1
      1401              3
      1402              4
      1403              2
      1404              2
      1405              4
      1406              3
      1407              2
      1408              4
      1409              5
      1410              1
      1411              1
      1412              3
      1413              0
      1414              2
      1415              3
      1416              3
      1417              4
      1418              2
      1419              6
      1420              3
      1421              3
      1422              5
      1423              4
      1424              4
      1425              3
      1426              4
      1427              4
      1428              3
      1429              4
      1430              0
      1431              3
      1432              0
      1433              4
      1434              2
      1435              1
      1436              2
      1437              0
      1438              1
      1439              4
      1440              2
      1441              1
      1442              6
      1443              4
      1444              1
      1445              1
      1446              4
      1447              2
      1448              4
      1449              8
      1450              6
      1451              4
      1452              3
      1453              0
      1454              5
      1455              3
      1456              3
      1457              2
      1458              2
      1459              1
      1460              2
      1461              3
      1462              4
      1463              3
      1464              2
      1465              3
      1466              5
      1467              2
      1468              6
      1469              8
      1470              1
      1471              5
      1472              2
      1473              3
      1474              0
      1475              1
      1476              3
      1477              1
      1478              0
      1479              4
      1480              7
      1481              3
      1482              2
      1483              1
      1484              4
      1485              0
      1486              1
      1487              3
      1488              1
      1489              2
      1490              3
      1491              4
      1492              4
      1493              3
      1494              3
      1495              2
      1496              3
      1497              7
      1498              2
      1499              2
      1500              0
      1501              4
      1502              6
      1503              0
      1504              3
      1505              1
      1506              2
      1507              1
      1508              1
      1509              2
      1510              1
      1511              1
      1512              3
      1513              2
      1514              3
      1515              4
      1516              2
      1517              2
      1518              1
      1519              3
      1520              1
      1521              3
      1522              1
      1523              3
      1524              4
      1525              1
      1526              4
      1527              1
      1528              2
      1529              2
      1530              3
      1531              0
      1532              6
      1533              4
      1534              2
      1535              1
      1536              1
      1537              4
      1538              4
      1539              5
      1540              2
      1541              3
      1542              1
      1543              1
      1544              2
      1545              1
      1546              0
      1547              3
      1548              2
      1549              3
      1550              1
      1551              3
      1552              1
      1553              2
      1554              2
      1555              3
      1556              4
      1557              4
      1558              1
      1559              0
      1560              2
      1561              1
      1562              3
      1563              5
      1564              4
      1565              3
      1566              6
      1567              3
      1568              2
      1569              3
      1570              2
      1571              2
      1572              1
      1573              4
      1574              1
      1575              6
      1576              2
      1577              3
      1578              3
      1579              3
      1580              4
      1581              2
      1582              4
      1583              3
      1584              2
      1585              1
      1586              3
      1587              4
      1588              2
      1589              3
      1590              3
      1591              2
      1592              0
      1593              5
      1594              1
      1595              1
      1596              3
      1597              1
      1598              1
      1599              0
      1600              5
      1601              0
      1602              2
      1603              2
      1604              3
      1605              4
      1606              2
      1607              2
      1608              4
      1609              5
      1610              2
      1611              6
      1612              2
      1613              3
      1614              3
      1615              1
      1616              2
      1617              2
      1618              2
      1619              3
      1620              0
      1621              2
      1622              4
      1623              1
      1624              3
      1625              3
      1626              1
      1627              3
      1628              5
      1629              5
      1630              2
      1631              2
      1632              1
      1633              3
      1634              1
      1635              4
      1636              2
      1637              0
      1638              2
      1639              2
      1640              2
      1641              4
      1642              5
      1643              7
      1644              4
      1645              5
      1646              0
      1647              2
      1648              2
      1649              5
      1650              3
      1651              4
      1652              0
      1653              4
      1654              1
      1655              1
      1656              1
      1657              4
      1658              4
      1659              3
      1660              3
      1661              2
      1662              3
      1663              4
      1664              1
      1665              4
      1666              0
      1667              3
      1668              4
      1669              1
      1670              3
      1671              2
      1672              0
      1673              3
      1674              2
      1675              4
      1676              3
      1677              2
      1678              3
      1679              3
      1680              3
      1681              2
      1682              2
      1683              2
      1684              3
      1685              2
      1686              0
      1687              2
      1688              2
      1689              2
      1690              2
      1691              1
      1692              4
      1693              2
      1694              0
      1695              3
      1696              1
      1697              0
      1698              4
      1699              4
      1700              3
      1701              2
      1702              3
      1703              1
      1704              3
      1705              2
      1706              1
      1707              3
      1708              1
      1709              3
      1710              2
      1711              2
      1712              4
      1713              2
      1714              0
      1715              1
      1716              2
      1717              2
      1718              5
      1719              1
      1720              1
      1721              2
      1722              4
      1723              1
      1724              2
      1725              1
      1726              1
      1727              1
      1728              3
      1729              3
      1730              1
      1731              2
      1732              2
      1733              2
      1734              3
      1735              0
      1736              3
      1737              4
      1738              2
      1739              3
      1740              3
      1741              3
      1742              1
      1743              4
      1744              2
      1745              0
      1746              4
      1747              1
      1748              4
      1749              3
      1750              2
      1751              1
      1752              2
      1753              0
      1754              1
      1755              3
      1756              4
      1757              0
      1758              3
      1759              4
      1760              2
      1761              3
      1762              6
      1763              4
      1764              2
      1765              2
      1766              4
      1767              0
      1768              4
      1769              1
      1770              1
      1771              1
      1772              0
      1773              0
      1774              0
      1775              1
      1776              4
      1777              2
      1778              1
      1779              1
      1780              2
      1781              5
      1782              1
      1783              2
      1784              2
      1785              1
      1786              0
      1787              4
      1788              3
      1789              2
      1790              1
      1791              1
      1792              1
      1793              4
      1794              2
      1795              2
      1796              1
      1797              3
      1798              1
      1799              3
      1800              1
      1801              2
      1802              0
      1803              1
      1804              1
      1805              1
      1806              3
      1807              3
      1808              4
      1809              2
      1810              2
      1811              1
      1812              0
      1813              1
      1814              5
      1815              4
      1816              1
      1817              3
      1818              3
      1819              1
      1820              3
      1821              1
      1822              1
      1823              0
      1824              2
      1825              4
      1826              0
      1827              1
      1828              1
      1829              1
      1830              2
      1831              1
      1832              1
      1833              1
      1834              3
      1835              1
      1836              1
      1837              1
      1838              1
      1839              0
      1840              2
      1841              1
      1842              2
      1843              1
      1844              3
      1845              1
      1846              3
      1847              2
      1848              1
      1849              0
      1850              2
      1851              0
      1852              0
      1853              1
      1854              0
      1855              0
      1856              0
      1857              0
      1858              0
      1859              2
      1860              1
      1861              1
      1862              1
      1863              3
      1864              1
      1865              0
      1866              0
      1867              4
      1868              1
      1869              1
      1870              1
      1871              3
      1872              2
      1873              0
      1874              0
      1875              0
      1876              1
      1877              3
      1878              1
      1879              0
      1880              0
      1881              1
      1882              0
      1883              2
      1884              3
      1885              1
      1886              0
      1887              0
      1888              1
      1889              4
      1890              1
      1891              1
      1892              1
      1893              0
      1894              1
      1895              1
      1896              2
      1897              2
      1898              1
      1899              3
      1900              2
      1901              2
      1902              0
      1903              0
      1904              2
      1905              1
      1906              1
      1907              1
      1908              1
      1909              0
      1910              1
      1911              2
      1912              0
      1913              0
      1914              1
      1915              1
      1916              1
      1917              2
      1918              0
      1919              2
      1920              8
      1921              0
      1922              2
      1923              1
      1924              1
      1925              0
      1926              0
      1927              1
      1928              1
      1929              0
      1930              1
      1931              4
      1932              1
      1933              1
      1934              4
      1935              0
      1936              0
      1937              0
      1938              1
      1939              0
      1940              0
      1941              3
      1942              1
      1943              1
      1944              1
      1945              1
      1946              1
      1947              1
      1948              0
      1949              0
      1950              0
      1951              2
      1952              0
      1953              1
      1954              1
      1955              1
      1956              1
      1957              1
      1958              0
      1959              1
      1960              1
      1961              0
      1962              3
      1963              0
      1964              0
      1965              1
      1966              0
      1967              0
      1968              0
      1969              0
      1970              2
      1971              2
      1972              2
      1973              1
      1974              2
      1975              0
      1976              1
      1977              0
      1978              1
      1979              1
      1980              1
      1981              0
      1982              1
      1983              1
      1984              0
      1985              1
      1986              0
      1987              1
      1988              0
      1989              0
      1990              0
      1991              3
      1992              0
      1993              1
      1994              0
      1995              1
      1996              1
      1997              0
      1998              0
      1999              1
      2000              4
      2001              0
      2002              0
      2003              0
      2004              0
      2005              0
      2006              2
      2007              2
      2008              2
      2009              3
      2010              0
      2011              4
      2012              2
      2013              2
      2014              1
      2015              0
      2016              0
      2017              2
      2018              1
      2019              1
      2020              0
      2021              0
      2022              0
      2023              0
      2024              0
      2025              0
      2026              0
      2027              0
      2028              0
      2029              0
      2030              0
      2031              0
      2032              0
      2033              0
      2034              0
      2035              0
      2036              0
      2037              0
      2038              0
      2039              0
      2040              0
      2041              0
      2042              0
      2043              0
      2044              0
      2045              0
      2046              0
      2047              0
