         0              0
         1              0
         2              0
         3              0
         4              0
         5              0
         6              0
         7              0
         8              0
         9              0
        10              0
        11              0
        12              0
        13              0
        14              0
        15              0
        16              0
        17              0
        18              0
        19              0
        20              0
        21              0
        22              0
        23             24
        24             35
        25             29
        26             45
        27             26
        28             25
        29             37
        30             37
        31             23
        32             45
        33             25
        34             36
        35             29
        36             28
        37             30
        38             38
        39             24
        40             27
        41             39
        42             32
        43             45
        44             36
        45             36
        46             38
        47             37
        48             36
        49             38
        50             41
        51             35
        52             27
        53             41
        54             48
        55             59
        56             39
        57             41
        58             49
        59             38
        60             45
        61             40
        62             44
        63             43
        64             54
        65             46
        66             32
        67             45
        68             42
        69             42
        70             37
        71             49
        72             48
        73             44
        74             52
        75             55
        76             59
        77             62
        78             58
        79             65
        80             63
        81             52
        82             50
        83             52
        84             50
        85             70
        86             77
        87             64
        88             61
        89             80
        90             77
        91             82
        92             86
        93            102
        94            101
        95             98
        96             94
        97            100
        98             89
        99            121
       100            112
       101            110
       102            107
       103             90
       104            128
       105            113
       106            113
       107            146
       108            137
       109            131
       110            135
       111            138
       112            150
       113            137
       114            146
       115            139
       116            158
       117            161
       118            155
       119            167
       120            165
       121            158
       122            154
       123            175
       124            174
       125            187
       126            183
       127            177
       128            183
       129            197
       130            157
       131            182
       132            183
       133            183
       134            177
       135            193
       136            163
       137            185
       138            195
       139            188
       140            189
       141            194
       142            169
       143            209
       144            207
       145            162
       146            181
       147            210
       148            187
       149            202
       150            186
       151            208
       152            179
       153            174
       154            205
       155            189
       156            190
       157            170
       158            181
       159            182
       160            180
       161            188
       162            173
       163            185
       164            188
       165            186
       166            183
       167            171
       168            188
       169            189
       170            168
       171            167
       172            188
       173            169
       174            176
       175            178
       176            174
       177            167
       178            192
       179            209
       180            192
       181            179
       182            187
       183            172
       184            178
       185            191
       186            162
       187            180
       188            185
       189            152
       190            158
       191            171
       192            167
       193            173
       194            182
       195            168
       196            156
       197            176
       198            161
       199            171
       200            175
       201            182
       202            163
       203            165
       204            143
       205            172
       206            154
       207            138
       208            146
       209            146
       210            151
       211            156
       212            179
       213            122
       214            152
       215            159
       216            164
       217            139
       218            170
       219            115
       220            155
       221            161
       222            138
       223            159
       224            138
       225            170
       226            146
       227            164
       228            131
       229            142
       230            157
       231            139
       232            132
       233            146
       234            144
       235            139
       236            135
       237            125
       238            134
       239            136
       240            119
       241            149
       242            130
       243            134
       244            142
       245            132
       246            125
       247            143
       248            135
       249            119
       250            135
       251            133
       252            115
       253            108
       254            138
       255            136
       256            111
       257            122
       258            103
       259            142
       260            123
       261            129
       262             94
       263            127
       264            110
       265            142
       266            117
       267            105
       268            126
       269            109
       270            122
       271            130
       272            118
       273            122
       274            132
       275            127
       276            121
       277            120
       278            122
       279            110
       280            119
       281            111
       282            116
       283            112
       284            138
       285            114
       286            124
       287            120
       288            105
       289            139
       290            127
       291            102
       292            130
       293            124
       294            116
       295            126
       296             97
       297            124
       298            116
       299            109
       300            106
       301            122
       302            115
       303            114
       304            112
       305             99
       306            111
       307            102
       308            111
       309            103
       310            126
       311             92
       312            119
       313            108
       314            108
       315             86
       316            102
       317            107
       318             95
       319             99
       320             99
       321             84
       322             97
       323            104
       324             96
       325             95
       326             93
       327             92
       328             97
       329             82
       330             90
       331             67
       332             65
       333             80
       334             69
       335             93
       336             87
       337             92
       338             91
       339             87
       340             84
       341             73
       342             66
       343             72
       344             90
       345             70
       346             65
       347             78
       348             64
       349             70
       350             74
       351             68
       352             71
       353             72
       354             64
       355             79
       356             62
       357             66
       358             54
       359             56
       360             67
       361             69
       362             76
       363             74
       364             83
       365             69
       366             75
       367             58
       368             72
       369             67
       370             50
       371             69
       372             84
       373             66
       374             65
       375             70
       376             45
       377             64
       378             60
       379             85
       380             49
       381             56
       382             59
       383             62
       384             56
       385             53
       386             57
       387             57
       388             57
       389             42
       390             55
       391             52
       392             49
       393             51
       394             47
       395             65
       396             49
       397             49
       398             44
       399             53
       400             41
       401             41
       402             37
       403             56
       404             31
       405             44
       406             48
       407             39
       408             53
       409             38
       410             46
       411             49
       412             43
       413             45
       414             39
       415             43
       416             48
       417             44
       418             33
       419             45
       420             46
       421             53
       422             51
       423             49
       424             39
       425             34
       426             52
       427             36
       428             44
       429             55
       430             40
       431             33
       432             40
       433             42
       434             44
       435             41
       436             46
       437             40
       438             41
       439             32
       440             43
       441             33
       442             46
       443             43
       444             39
       445             35
       446             38
       447             49
       448             35
       449             47
       450             49
       451             33
       452             34
       453             30
       454             40
       455             34
       456             46
       457             39
       458             41
       459             49
       460             31
       461             33
       462             31
       463             29
       464             22
       465             42
       466             41
       467             29
       468             35
       469             25
       470             23
       471             29
       472             38
       473             36
       474             29
       475             39
       476             37
       477             23
       478             28
       479             31
       480             32
       481             30
       482             33
       483             33
       484             38
       485             34
       486             27
       487             33
       488             44
       489             35
       490             37
       491             30
       492             38
       493             36
       494             24
       495             24
       496             22
       497             29
       498             28
       499             30
       500             24
       501             22
       502             17
       503             48
       504             39
       505             36
       506             27
       507             25
       508             32
       509             27
       510             21
       511             23
       512             34
       513             28
       514             27
       515             24
       516             29
       517             33
       518             30
       519             34
       520             36
       521             35
       522             22
       523             29
       524             34
       525             33
       526             29
       527             23
       528             28
       529             24
       530             28
       531             35
       532             22
       533             36
       534             31
       535             26
       536             29
       537             20
       538             23
       539             22
       540             27
       541             26
       542             30
       543             27
       544             26
       545             29
       546             32
       547             27
       548             35
       549             29
       550             16
       551             28
       552             15
       553             27
       554             17
       555             29
       556             27
       557             26
       558             23
       559             25
       560             27
       561             14
       562             28
       563             23
       564             30
       565             20
       566             23
       567             26
       568             15
       569             24
       570             20
       571             14
       572             30
       573             19
       574             27
       575             16
       576             19
       577             14
       578             19
       579             16
       580             16
       581             20
       582             20
       583             22
       584             23
       585             26
       586             25
       587             19
       588             31
       589             18
       590             24
       591             25
       592             16
       593             18
       594             18
       595             20
       596             19
       597             14
       598             23
       599             25
       600             20
       601             21
       602             25
       603             25
       604             15
       605             17
       606             19
       607             27
       608             17
       609             17
       610             24
       611             16
       612             16
       613             17
       614             14
       615             20
       616             16
       617             25
       618             23
       619             21
       620             16
       621             20
       622             23
       623             18
       624             21
       625             21
       626             18
       627              8
       628             14
       629             10
       630             17
       631             18
       632             10
       633             24
       634             13
       635             21
       636             20
       637             26
       638             16
       639             11
       640             22
       641             24
       642             14
       643             17
       644             16
       645             25
       646             14
       647             11
       648             16
       649             21
       650             14
       651             19
       652             17
       653             20
       654             21
       655             16
       656             13
       657             18
       658             18
       659             11
       660             13
       661             17
       662             22
       663             13
       664             17
       665             13
       666             22
       667             19
       668             21
       669             11
       670             17
       671             19
       672             16
       673             15
       674             25
       675             19
       676             11
       677             18
       678             18
       679             14
       680             18
       681             13
       682             20
       683             23
       684             20
       685              9
       686             17
       687             23
       688              9
       689             20
       690             13
       691             12
       692             15
       693             12
       694             18
       695             17
       696             18
       697             17
       698             13
       699             16
       700             14
       701             10
       702              7
       703             20
       704             17
       705             11
       706             13
       707             14
       708              9
       709              7
       710             16
       711             19
       712             11
       713             14
       714              5
       715             12
       716             10
       717              9
       718             10
       719             11
       720             11
       721             22
       722             12
       723             13
       724              8
       725              8
       726             10
       727             10
       728             10
       729             15
       730             17
       731             13
       732             10
       733             13
       734             13
       735             13
       736             10
       737             11
       738             12
       739             10
       740             12
       741             11
       742             11
       743             21
       744             14
       745              8
       746             14
       747             14
       748              7
       749             11
       750              8
       751              7
       752              8
       753             12
       754              5
       755             17
       756             13
       757              8
       758             17
       759              5
       760             13
       761              6
       762             11
       763             15
       764             15
       765              8
       766             10
       767              7
       768             15
       769              8
       770             10
       771             12
       772              9
       773             10
       774             10
       775             13
       776             12
       777              9
       778             16
       779             12
       780             10
       781             13
       782             11
       783             10
       784              7
       785              6
       786             11
       787             11
       788             10
       789              6
       790             11
       791              8
       792              3
       793              9
       794             10
       795             12
       796              9
       797             13
       798              8
       799              9
       800             12
       801              7
       802             11
       803              8
       804              5
       805              8
       806              7
       807              3
       808              6
       809              6
       810             14
       811              9
       812              6
       813              7
       814             13
       815             12
       816              6
       817              9
       818             13
       819              6
       820             14
       821              5
       822             10
       823              8
       824             15
       825              8
       826              4
       827              6
       828              6
       829              8
       830              6
       831              7
       832              4
       833             10
       834             18
       835              6
       836              4
       837              6
       838             11
       839              6
       840             10
       841             15
       842             12
       843              7
       844             11
       845              8
       846              7
       847              5
       848              9
       849              8
       850             13
       851              5
       852              8
       853              7
       854             12
       855             11
       856             10
       857             15
       858             11
       859              4
       860             14
       861             10
       862              8
       863              8
       864             10
       865             13
       866              4
       867              8
       868              9
       869              5
       870             11
       871              9
       872              9
       873             13
       874             12
       875             14
       876             13
       877             10
       878             11
       879              9
       880              8
       881             12
       882             12
       883             11
       884              6
       885              5
       886              3
       887              8
       888              7
       889             14
       890              5
       891             13
       892             12
       893             12
       894             12
       895              8
       896              4
       897              9
       898             11
       899              7
       900              7
       901              8
       902             15
       903             14
       904              9
       905              6
       906             11
       907              5
       908              9
       909             14
       910              8
       911             12
       912              8
       913             13
       914             13
       915             10
       916              7
       917              9
       918              5
       919             16
       920             12
       921             14
       922             17
       923              9
       924              7
       925             13
       926             12
       927              8
       928              9
       929             12
       930             11
       931             12
       932              6
       933             10
       934              9
       935             16
       936              9
       937             16
       938             11
       939             11
       940             16
       941             16
       942             14
       943             15
       944             19
       945             10
       946             16
       947             24
       948             12
       949             22
       950             12
       951             18
       952             19
       953             24
       954             17
       955             20
       956             23
       957             19
       958             23
       959             15
       960             26
       961             24
       962             26
       963             28
       964             29
       965             26
       966             35
       967             23
       968             33
       969             31
       970             30
       971             37
       972             30
       973             39
       974             24
       975             31
       976             33
       977             36
       978             40
       979             32
       980             34
       981             50
       982             29
       983             27
       984             46
       985             50
       986             40
       987             51
       988             43
       989             35
       990             46
       991             55
       992             48
       993             28
       994             58
       995             53
       996             40
       997             46
       998             50
       999             46
      1000             56
      1001             54
      1002             38
      1003             46
      1004             36
      1005             45
      1006             34
      1007             38
      1008             41
      1009             46
      1010             38
      1011             41
      1012             38
      1013             46
      1014             43
      1015             48
      1016             33
      1017             49
      1018             40
      1019             35
      1020             48
      1021             32
      1022             34
      1023             25
      1024             38
      1025             30
      1026             38
      1027             36
      1028             28
      1029             30
      1030             25
      1031             29
      1032             20
      1033             19
      1034             27
      1035             23
      1036             30
      1037             17
      1038             34
      1039             20
      1040             20
      1041             22
      1042             20
      1043             13
      1044             19
      1045             17
      1046             10
      1047             10
      1048             17
      1049              6
      1050             10
      1051             11
      1052             15
      1053             18
      1054              7
      1055              9
      1056              5
      1057              5
      1058             16
      1059             10
      1060              6
      1061              4
      1062              5
      1063              8
      1064              8
      1065             13
      1066              5
      1067              1
      1068              3
      1069              9
      1070              4
      1071              7
      1072              2
      1073              9
      1074              7
      1075              6
      1076              5
      1077              3
      1078              1
      1079              7
      1080              8
      1081              6
      1082              5
      1083              4
      1084              4
      1085              6
      1086              3
      1087              4
      1088              4
      1089              9
      1090              6
      1091              2
      1092              3
      1093              2
      1094             10
      1095              1
      1096              4
      1097              7
      1098              6
      1099             10
      1100              5
      1101              3
      1102              2
      1103              3
      1104              5
      1105              5
      1106              8
      1107              7
      1108              4
      1109              4
      1110              2
      1111              7
      1112              5
      1113              4
      1114              1
      1115              4
      1116              4
      1117              9
      1118              2
      1119              3
      1120              5
      1121              8
      1122              5
      1123              5
      1124              3
      1125              2
      1126              5
      1127              4
      1128              5
      1129              5
      1130              2
      1131              8
      1132              4
      1133              3
      1134              2
      1135              5
      1136              6
      1137              4
      1138              3
      1139              8
      1140              4
      1141              5
      1142              2
      1143              5
      1144              4
      1145              9
      1146              6
      1147              4
      1148              2
      1149              2
      1150              7
      1151              2
      1152              3
      1153              2
      1154              3
      1155              4
      1156              5
      1157              5
      1158              5
      1159              4
      1160              4
      1161              3
      1162              4
      1163              6
      1164              7
      1165              2
      1166              3
      1167              5
      1168              6
      1169              3
      1170              2
      1171              1
      1172              5
      1173              4
      1174              1
      1175              3
      1176              3
      1177              4
      1178              3
      1179              4
      1180              2
      1181              4
      1182              6
      1183              3
      1184              4
      1185              1
      1186              3
      1187              6
      1188              6
      1189              3
      1190              2
      1191              2
      1192              2
      1193              2
      1194              6
      1195              5
      1196              5
      1197              5
      1198              4
      1199              7
      1200              2
      1201              6
      1202              4
      1203              3
      1204              9
      1205              3
      1206              1
      1207              9
      1208              3
      1209              7
      1210              4
      1211              2
      1212              4
      1213              5
      1214              0
      1215              2
      1216              3
      1217              4
      1218              4
      1219              4
      1220              2
      1221              5
      1222              7
      1223              5
      1224              3
      1225              3
      1226              4
      1227              5
      1228              7
      1229              1
      1230              4
      1231              2
      1232              4
      1233              4
      1234              3
      1235              1
      1236              0
      1237              1
      1238              5
      1239              4
      1240              3
      1241              5
      1242              2
      1243              2
      1244              1
      1245              1
      1246              5
      1247              4
      1248              5
      1249              2
      1250              3
      1251              5
      1252              5
      1253              4
      1254              6
      1255              2
      1256              1
      1257              3
      1258              5
      1259              6
      1260              3
      1261              2
      1262              3
      1263              4
      1264              1
      1265              5
      1266              3
      1267              5
      1268              2
      1269              1
      1270              5
      1271              4
      1272              4
      1273              7
      1274              4
      1275              4
      1276              4
      1277              6
      1278              0
      1279              3
      1280              1
      1281              2
      1282              3
      1283              5
      1284              7
      1285              5
      1286              4
      1287              3
      1288              0
      1289              4
      1290              3
      1291              1
      1292              4
      1293              5
      1294              4
      1295              5
      1296              5
      1297              3
      1298              3
      1299              3
      1300              6
      1301              4
      1302              3
      1303              3
      1304              5
      1305              2
      1306              4
      1307              2
      1308              3
      1309              3
      1310              6
      1311              4
      1312              2
      1313              2
      1314              6
      1315              4
      1316              1
      1317              1
      1318              1
      1319              1
      1320              4
      1321              6
      1322              2
      1323              3
      1324              5
      1325              6
      1326              1
      1327              1
      1328              3
      1329              6
      1330              2
      1331              5
      1332              5
      1333              0
      1334              2
      1335              8
      1336              4
      1337              2
      1338              1
      1339              6
      1340              3
      1341              6
      1342              2
      1343              3
      1344              2
      1345              0
      1346              5
      1347              3
      1348              1
      1349              3
      1350              4
      1351              4
      1352              6
      1353              2
      1354              4
      1355              4
      1356              2
      1357              2
      1358              4
      1359              1
      1360              2
      1361              2
      1362              1
      1363              3
      1364              3
      1365              5
      1366              6
      1367              4
      1368              5
      1369              4
      1370              4
      1371              5
      1372              3
      1373              4
      1374              2
      1375              4
      1376              3
      1377              3
      1378              2
      1379              8
      1380              8
      1381              1
      1382              2
      1383              5
      1384              0
      1385              2
      1386              4
      1387              2
      1388              3
      1389              4
      1390              2
      1391              3
      1392              3
      1393              7
      1394              2
      1395              4
      1396              4
      1397              5
      1398              4
      1399              6
      1400              4
      1401              4
      1402              2
      1403              4
      1404              4
      1405              4
      1406              3
      1407              3
      1408              4
      1409              4
      1410              5
      1411              1
      1412              2
      1413              1
      1414              3
      1415              1
      1416              3
      1417              4
      1418              2
      1419              2
      1420              5
      1421              5
      1422              3
      1423              4
      1424              2
      1425              4
      1426              6
      1427              2
      1428              5
      1429              1
      1430              2
      1431              2
      1432              4
      1433              4
      1434              6
      1435              3
      1436              5
      1437              3
      1438              4
      1439              0
      1440              2
      1441              6
      1442              3
      1443              4
      1444              5
      1445              2
      1446              2
      1447              0
      1448              4
      1449              3
      1450              6
      1451              3
      1452              5
      1453              1
      1454              3
      1455              4
      1456              2
      1457              6
      1458              0
      1459              1
      1460              2
      1461              3
      1462              3
      1463              4
      1464              5
      1465              4
      1466              2
      1467              5
      1468              4
      1469              4
      1470              2
      1471              6
      1472              2
      1473              1
      1474              1
      1475              1
      1476              2
      1477              2
      1478              4
      1479              3
      1480              1
      1481              3
      1482              1
      1483              2
      1484              1
      1485              5
      1486              4
      1487              4
      1488              2
      1489              0
      1490              3
      1491              3
      1492              1
      1493              2
      1494              1
      1495              3
      1496              1
      1497              1
      1498              6
      1499              2
      1500              5
      1501              2
      1502              3
      1503              3
      1504              3
      1505              0
      1506              2
      1507              3
      1508              1
      1509              3
      1510              1
      1511              1
      1512              2
      1513              1
      1514              4
      1515              4
      1516              3
      1517              1
      1518              3
      1519              0
      1520              3
      1521              1
      1522              1
      1523              2
      1524              3
      1525              4
      1526              1
      1527              5
      1528              3
      1529              2
      1530              1
      1531              1
      1532              2
      1533              5
      1534              1
      1535              1
      1536              5
      1537              4
      1538              2
      1539              5
      1540              2
      1541              4
      1542              2
      1543              3
      1544              1
      1545              3
      1546              3
      1547              2
      1548              1
      1549              0
      1550              3
      1551              1
      1552              4
      1553              5
      1554              3
      1555              1
      1556              1
      1557              2
      1558              4
      1559              3
      1560              2
      1561              1
      1562              3
      1563              3
      1564              4
      1565              1
      1566              2
      1567              1
      1568              1
      1569              4
      1570              1
      1571              1
      1572              0
      1573              5
      1574              0
      1575              2
      1576              6
      1577              2
      1578              2
      1579              3
      1580              3
      1581              1
      1582              2
      1583              3
      1584              3
      1585              2
      1586              1
      1587              1
      1588              3
      1589              0
      1590              3
      1591              2
      1592              3
      1593              3
      1594              3
      1595              4
      1596              0
      1597              2
      1598              3
      1599              5
      1600              2
      1601              3
      1602              4
      1603              2
      1604              2
      1605              5
      1606              4
      1607              0
      1608              0
      1609              4
      1610              4
      1611              4
      1612              1
      1613              0
      1614              1
      1615              2
      1616              2
      1617              0
      1618              2
      1619              5
      1620              3
      1621              4
      1622              1
      1623              0
      1624              1
      1625              2
      1626              3
      1627              5
      1628              3
      1629              1
      1630              0
      1631              5
      1632              4
      1633              3
      1634              3
      1635              1
      1636              3
      1637              6
      1638              2
      1639              4
      1640              3
      1641              4
      1642              0
      1643              2
      1644              3
      1645              3
      1646              6
      1647              4
      1648              2
      1649              4
      1650              2
      1651              2
      1652              4
      1653              6
      1654              3
      1655              0
      1656              5
      1657              4
      1658              2
      1659              1
      1660              3
      1661              2
      1662              5
      1663              5
      1664              6
      1665              3
      1666              1
      1667              0
      1668              4
      1669              3
      1670              3
      1671              4
      1672              3
      1673              1
      1674              3
      1675              1
      1676              5
      1677              1
      1678              2
      1679              1
      1680              1
      1681              1
      1682              2
      1683              3
      1684              2
      1685              2
      1686              4
      1687              3
      1688              3
      1689              2
      1690              1
      1691              1
      1692              1
      1693              1
      1694              3
      1695              3
      1696              5
      1697              3
      1698              2
      1699              3
      1700              1
      1701              1
      1702              3
      1703              5
      1704              3
      1705              1
      1706              3
      1707              0
      1708              3
      1709              0
      1710              1
      1711              0
      1712              2
      1713              3
      1714              0
      1715              2
      1716              1
      1717              1
      1718              1
      1719              1
      1720              2
      1721              2
      1722              3
      1723              1
      1724              2
      1725              3
      1726              3
      1727              1
      1728              1
      1729              6
      1730              1
      1731              4
      1732              0
      1733              1
      1734              3
      1735              1
      1736              2
      1737              2
      1738              2
      1739              3
      1740              0
      1741              0
      1742              2
      1743              2
      1744              4
      1745              1
      1746              2
      1747              3
      1748              3
      1749              1
      1750              3
      1751              8
      1752              0
      1753              2
      1754              1
      1755              0
      1756              1
      1757              7
      1758              2
      1759              1
      1760              2
      1761              1
      1762              4
      1763              0
      1764              6
      1765              1
      1766              4
      1767              0
      1768              1
      1769              2
      1770              2
      1771              4
      1772              1
      1773              2
      1774              2
      1775              0
      1776              4
      1777              6
      1778              2
      1779              5
      1780              3
      1781              0
      1782              2
      1783              3
      1784              0
      1785              1
      1786              2
      1787              6
      1788              1
      1789              3
      1790              4
      1791              1
      1792              0
      1793              3
      1794              1
      1795              3
      1796              0
      1797              4
      1798              1
      1799              2
      1800              2
      1801              1
      1802              5
      1803              0
      1804              2
      1805              1
      1806              1
      1807              2
      1808              0
      1809              1
      1810              3
      1811              2
      1812              0
      1813              0
      1814              3
      1815              1
      1816              1
      1817              4
      1818              1
      1819              2
      1820              2
      1821              3
      1822              1
      1823              2
      1824              1
      1825              1
      1826              1
      1827              1
      1828              2
      1829              4
      1830              1
      1831              3
      1832              1
      1833              1
      1834              3
      1835              0
      1836              1
      1837              0
      1838              1
      1839              1
      1840              0
      1841              3
      1842              0
      1843              1
      1844              1
      1845              4
      1846              2
      1847              0
      1848              2
      1849              3
      1850              0
      1851              3
      1852              2
      1853              0
      1854              1
      1855              0
      1856              3
      1857              0
      1858              0
      1859              0
      1860              0
      1861              3
      1862              3
      1863              1
      1864              3
      1865              2
      1866              0
      1867              3
      1868              3
      1869              1
      1870              1
      1871              1
      1872              0
      1873              1
      1874              1
      1875              1
      1876              0
      1877              2
      1878              2
      1879              0
      1880              0
      1881              2
      1882              1
      1883              2
      1884              1
      1885              2
      1886              1
      1887              1
      1888              1
      1889              0
      1890              0
      1891              1
      1892              0
      1893              1
      1894              1
      1895              1
      1896              3
      1897              0
      1898              2
      1899              1
      1900              0
      1901              0
      1902              1
      1903              1
      1904              1
      1905              1
      1906              2
      1907              2
      1908              1
      1909              1
      1910              0
      1911              1
      1912              1
      1913              1
      1914              0
      1915              0
      1916              0
      1917              2
      1918              1
      1919              1
      1920              2
      1921              0
      1922              1
      1923              1
      1924              0
      1925              0
      1926              0
      1927              1
      1928              1
      1929              2
      1930              1
      1931              1
      1932              2
      1933              1
      1934              2
      1935              0
      1936              0
      1937              1
      1938              2
      1939              0
      1940              1
      1941              2
      1942              0
      1943              2
      1944              1
      1945              0
      1946              0
      1947              0
      1948              0
      1949              1
      1950              0
      1951              0
      1952              0
      1953              0
      1954              1
      1955              1
      1956              1
      1957              0
      1958              2
      1959              0
      1960              2
      1961              0
      1962              0
      1963              0
      1964              1
      1965              2
      1966              0
      1967              1
      1968              0
      1969              0
      1970              1
      1971              1
      1972              0
      1973              1
      1974              0
      1975              0
      1976              1
      1977              0
      1978              2
      1979              0
      1980              0
      1981              1
      1982              1
      1983              2
      1984              0
      1985              1
      1986              4
      1987              0
      1988              1
      1989              1
      1990              2
      1991              0
      1992              1
      1993              1
      1994              1
      1995              0
      1996              1
      1997              1
      1998              0
      1999              0
      2000              0
      2001              1
      2002              0
      2003              0
      2004              1
      2005              1
      2006              1
      2007              0
      2008              1
      2009              0
      2010              0
      2011              0
      2012              0
      2013              2
      2014              2
      2015              0
      2016              0
      2017              1
      2018              0
      2019              0
      2020              0
      2021              0
      2022              0
      2023              0
      2024              0
      2025              0
      2026              0
      2027              0
      2028              0
      2029              0
      2030              0
      2031              0
      2032              0
      2033              0
      2034              0
      2035              0
      2036              0
      2037              0
      2038              0
      2039              0
      2040              0
      2041              0
      2042              0
      2043              0
      2044              0
      2045              0
      2046              0
      2047              0
